#
# There is insufficient memory for the Java Runtime Environment to continue.
# Native memory allocation (malloc) failed to allocate 2097152 bytes for AllocateHeap
# Possible reasons:
#   The system is out of physical RAM or swap space
#   The process is running with CompressedOops enabled, and the Java Heap may be blocking the growth of the native heap
# Possible solutions:
#   Reduce memory load on the system
#   Increase physical memory or swap space
#   Check if swap backing store is full
#   Decrease Java heap size (-Xmx/-Xms)
#   Decrease number of Java threads
#   Decrease Java thread stack sizes (-Xss)
#   Set larger code cache with -XX:ReservedCodeCacheSize=
#   JVM is running with Unscaled Compressed Oops mode in which the Java heap is
#     placed in the first 4GB address space. The Java Heap base address is the
#     maximum limit for the native heap growth. Please use -XX:HeapBaseMinAddress
#     to set the Java Heap base and to place the Java Heap above 4GB virtual address.
# This output file may be truncated or incomplete.
#
#  Out of Memory Error (allocation.cpp:44), pid=14660, tid=8376
#
# JRE version: OpenJDK Runtime Environment Temurin-17.0.7+7 (17.0.7+7) (build 17.0.7+7)
# Java VM: OpenJDK 64-Bit Server VM Temurin-17.0.7+7 (17.0.7+7, mixed mode, emulated-client, tiered, compressed oops, compressed class ptrs, g1 gc, windows-amd64)
# No core dump will be written. Minidumps are not enabled by default on client versions of Windows
#

---------------  S U M M A R Y ------------

Command Line: -XX:+HeapDumpOnOutOfMemoryError -Xmx1024m -Dsts.lsp.client=vscode -Dsts.log.file=/dev/null -XX:TieredStopAtLevel=1 -Xlog:jni+resolve=off -Dspring.config.location=file:c:\Users\frank\.vscode\extensions\vmware.vscode-spring-boot-1.46.0\language-server\BOOT-INF\classes\application.properties org.springframework.ide.vscode.boot.app.BootLanguageServerBootApp

Host: Intel(R) Core(TM) i5-3230M CPU @ 2.60GHz, 4 cores, 3G,  Windows 10 , 64 bit Build 19041 (10.0.19041.2913)
Time: Wed May 10 21:53:26 2023 Hora est. Pacífico, Sudamérica elapsed time: 522.744923 seconds (0d 0h 8m 42s)

---------------  T H R E A D  ---------------

Current thread (0x000001897e25e8b0):  VMThread "VM Thread" [stack: 0x000000447a900000,0x000000447aa00000] [id=8376]

Stack: [0x000000447a900000,0x000000447aa00000]
Native frames: (J=compiled Java code, j=interpreted, Vv=VM code, C=native code)
V  [jvm.dll+0x67754a]
V  [jvm.dll+0x834304]
V  [jvm.dll+0x835aae]
V  [jvm.dll+0x836113]
V  [jvm.dll+0x24696f]
V  [jvm.dll+0xa681f]
V  [jvm.dll+0x2f7481]
V  [jvm.dll+0x2f30f0]
V  [jvm.dll+0x2db6c7]
V  [jvm.dll+0x31e777]
V  [jvm.dll+0x83a5bb]
V  [jvm.dll+0x83b2f4]
V  [jvm.dll+0x83b80c]
V  [jvm.dll+0x83bbe4]
V  [jvm.dll+0x83bcb0]
V  [jvm.dll+0x7e4e7a]
V  [jvm.dll+0x676395]
C  [ucrtbase.dll+0x21bb2]
C  [KERNEL32.DLL+0x17614]
C  [ntdll.dll+0x526a1]

VM_Operation (0x000000447bbfec80): G1CollectFull, mode: safepoint, requested by thread 0x000001890fe8c500


---------------  P R O C E S S  ---------------

Threads class SMR info:
_java_thread_list=0x00000189118a76b0, length=24, elements={
0x000001890a760750, 0x000001890a7614d0, 0x000001890a79c130, 0x000001890a7a0ec0,
0x000001890a7a48a0, 0x000001890a7a5160, 0x000001890a7a5ad0, 0x000001890a7a83e0,
0x000001890aad4000, 0x000001890aae0670, 0x000001890fefc040, 0x000001890fe8c030,
0x000001890fe8c500, 0x000001890fe211b0, 0x000001897e1915e0, 0x000001891008f580,
0x00000189100e2970, 0x00000189100f7ea0, 0x00000189100f8840, 0x00000189102f7b30,
0x00000189102f89a0, 0x00000189102f9340, 0x00000189102f7190, 0x00000189102f9ce0
}

Java Threads: ( => current thread )
  0x000001890a760750 JavaThread "Reference Handler" daemon [_thread_blocked, id=12556, stack(0x000000447aa00000,0x000000447ab00000)]
  0x000001890a7614d0 JavaThread "Finalizer" daemon [_thread_blocked, id=7456, stack(0x000000447ab00000,0x000000447ac00000)]
  0x000001890a79c130 JavaThread "Signal Dispatcher" daemon [_thread_blocked, id=2776, stack(0x000000447ac00000,0x000000447ad00000)]
  0x000001890a7a0ec0 JavaThread "Attach Listener" daemon [_thread_blocked, id=10688, stack(0x000000447ad00000,0x000000447ae00000)]
  0x000001890a7a48a0 JavaThread "Service Thread" daemon [_thread_blocked, id=13832, stack(0x000000447ae00000,0x000000447af00000)]
  0x000001890a7a5160 JavaThread "Monitor Deflation Thread" daemon [_thread_blocked, id=4696, stack(0x000000447af00000,0x000000447b000000)]
  0x000001890a7a5ad0 JavaThread "C1 CompilerThread0" daemon [_thread_blocked, id=13668, stack(0x000000447b000000,0x000000447b100000)]
  0x000001890a7a83e0 JavaThread "Sweeper thread" daemon [_thread_blocked, id=10252, stack(0x000000447b100000,0x000000447b200000)]
  0x000001890aad4000 JavaThread "Notification Thread" daemon [_thread_blocked, id=13328, stack(0x000000447b200000,0x000000447b300000)]
  0x000001890aae0670 JavaThread "Common-Cleaner" daemon [_thread_blocked, id=10432, stack(0x000000447b400000,0x000000447b500000)]
  0x000001890fefc040 JavaThread "boundedElastic-evictor-1" daemon [_thread_blocked, id=14532, stack(0x000000447b900000,0x000000447ba00000)]
  0x000001890fe8c030 JavaThread "boundedElastic-evictor-2" daemon [_thread_blocked, id=2956, stack(0x000000447ba00000,0x000000447bb00000)]
  0x000001890fe8c500 JavaThread "pool-10-thread-1" [_thread_blocked, id=9660, stack(0x000000447bb00000,0x000000447bc00000)]
  0x000001890fe211b0 JavaThread "LanguageServerApp-lifecycle" [_thread_blocked, id=3692, stack(0x000000447bc00000,0x000000447bd00000)]
  0x000001897e1915e0 JavaThread "DestroyJavaVM" [_thread_blocked, id=13004, stack(0x000000447a200000,0x000000447a300000)]
  0x000001891008f580 JavaThread "pool-11-thread-1" [_thread_in_native, id=6692, stack(0x000000447bd00000,0x000000447be00000)]
  0x00000189100e2970 JavaThread "Simple-Language-Server main thread" daemon [_thread_blocked, id=888, stack(0x000000447be00000,0x000000447bf00000)]
  0x00000189100f7ea0 JavaThread "pool-6-thread-1" [_thread_blocked, id=9528, stack(0x000000447c200000,0x000000447c300000)]
  0x00000189100f8840 JavaThread "parallel-1" daemon [_thread_blocked, id=6984, stack(0x000000447cc00000,0x000000447cd00000)]
  0x00000189102f7b30 JavaThread "pool-4-thread-1" [_thread_blocked, id=6068, stack(0x000000447d100000,0x000000447d200000)]
  0x00000189102f89a0 JavaThread "parallel-2" daemon [_thread_blocked, id=5200, stack(0x000000447d200000,0x000000447d300000)]
  0x00000189102f9340 JavaThread "parallel-3" daemon [_thread_blocked, id=14284, stack(0x000000447a300000,0x000000447a400000)]
  0x00000189102f7190 JavaThread "parallel-4" daemon [_thread_blocked, id=4920, stack(0x000000447c400000,0x000000447c500000)]
  0x00000189102f9ce0 JavaThread "Reconciler-1" daemon [_thread_blocked, id=2840, stack(0x000000447c500000,0x000000447c600000)]

Other Threads:
=>0x000001897e25e8b0 VMThread "VM Thread" [stack: 0x000000447a900000,0x000000447aa00000] [id=8376]
  0x000001890aad44d0 WatcherThread [stack: 0x000000447b300000,0x000000447b400000] [id=15324]
  0x000001897e1d1190 GCTaskThread "GC Thread#0" [stack: 0x000000447a400000,0x000000447a500000] [id=14596]
  0x000001890f3c81d0 GCTaskThread "GC Thread#1" [stack: 0x000000447b500000,0x000000447b600000] [id=9072]
  0x000001890f65eb80 GCTaskThread "GC Thread#2" [stack: 0x000000447b600000,0x000000447b700000] [id=16248]
  0x000001890f6548f0 GCTaskThread "GC Thread#3" [stack: 0x000000447b700000,0x000000447b800000] [id=8088]
  0x000001897e1d9fe0 ConcurrentGCThread "G1 Main Marker" [stack: 0x000000447a500000,0x000000447a600000] [id=11016]
  0x000001897e1da900 ConcurrentGCThread "G1 Conc#0" [stack: 0x000000447a600000,0x000000447a700000] [id=11848]
  0x000001897e217600 ConcurrentGCThread "G1 Refine#0" [stack: 0x000000447a700000,0x000000447a800000] [id=15048]
  0x000001890fd3f730 ConcurrentGCThread "G1 Refine#1" [stack: 0x000000447d500000,0x000000447d600000] [id=13496]
  0x00000189111bbb30 ConcurrentGCThread "G1 Refine#2" [stack: 0x000000447b800000,0x000000447b900000] [id=4116]
  0x00000189111ba710 ConcurrentGCThread "G1 Refine#3" [stack: 0x000000447c000000,0x000000447c100000] [id=15976]
  0x000001897e217f30 ConcurrentGCThread "G1 Service" [stack: 0x000000447a800000,0x000000447a900000] [id=5440]

Threads with active compile tasks:

VM state: at safepoint (normal execution)

VM Mutex/Monitor currently owned by a thread:  ([mutex/lock_event])
[0x000001897e099d70] Threads_lock - owner thread: 0x000001897e25e8b0
[0x000001897e18ea60] Heap_lock - owner thread: 0x000001890fe8c500

Heap address: 0x00000000c0000000, size: 1024 MB, Compressed Oops mode: 32-bit

CDS archive(s) not mapped
Compressed class space mapped at: 0x0000000100000000-0x0000000140000000, reserved size: 1073741824
Narrow klass base: 0x0000000000000000, Narrow klass shift: 3, Narrow klass range: 0x140000000

GC Precious Log:
 CPUs: 4 total, 4 available
 Memory: 3659M
 Large Page Support: Disabled
 NUMA Support: Disabled
 Compressed Oops: Enabled (32-bit)
 Heap Region Size: 1M
 Heap Min Capacity: 8M
 Heap Initial Capacity: 58M
 Heap Max Capacity: 1G
 Pre-touch: Disabled
 Parallel Workers: 4
 Concurrent Workers: 1
 Concurrent Refinement Workers: 4
 Periodic GC: Disabled

Heap:
 garbage-first heap   total 280576K, used 83406K [0x00000000c0000000, 0x0000000100000000)
  region size 1024K, 1 young (1024K), 0 survivors (0K)
 Metaspace       used 70902K, committed 71744K, reserved 1114112K
  class space    used 9679K, committed 9984K, reserved 1048576K

Heap Regions: E=young(eden), S=young(survivor), O=old, HS=humongous(starts), HC=humongous(continues), CS=collection set, F=free, OA=open archive, CA=closed archive, TAMS=top-at-mark-start (previous, next)
|   0|0x00000000c0000000, 0x00000000c0100000, 0x00000000c0100000|100%| O|  |TAMS 0x00000000c0100000, 0x00000000c0000000| Untracked 
|   1|0x00000000c0100000, 0x00000000c01fc7e0, 0x00000000c0200000| 98%| O|  |TAMS 0x00000000c01fc7e0, 0x00000000c0100000| Untracked 
|   2|0x00000000c0200000, 0x00000000c0300000, 0x00000000c0300000|100%| O|  |TAMS 0x00000000c0300000, 0x00000000c0200000| Untracked 
|   3|0x00000000c0300000, 0x00000000c0400000, 0x00000000c0400000|100%| O|  |TAMS 0x00000000c0400000, 0x00000000c0300000| Untracked 
|   4|0x00000000c0400000, 0x00000000c04ffff8, 0x00000000c0500000| 99%| O|  |TAMS 0x00000000c04ffff8, 0x00000000c0400000| Untracked 
|   5|0x00000000c0500000, 0x00000000c0600000, 0x00000000c0600000|100%| O|  |TAMS 0x00000000c0600000, 0x00000000c0500000| Untracked 
|   6|0x00000000c0600000, 0x00000000c06ffff0, 0x00000000c0700000| 99%| O|  |TAMS 0x00000000c06ffff0, 0x00000000c0600000| Untracked 
|   7|0x00000000c0700000, 0x00000000c07ffff0, 0x00000000c0800000| 99%| O|  |TAMS 0x00000000c07ffff0, 0x00000000c0700000| Untracked 
|   8|0x00000000c0800000, 0x00000000c08fffd8, 0x00000000c0900000| 99%| O|  |TAMS 0x00000000c08fffd8, 0x00000000c0800000| Untracked 
|   9|0x00000000c0900000, 0x00000000c09fffd8, 0x00000000c0a00000| 99%| O|  |TAMS 0x00000000c09fffd8, 0x00000000c0900000| Untracked 
|  10|0x00000000c0a00000, 0x00000000c0affff8, 0x00000000c0b00000| 99%| O|  |TAMS 0x00000000c0affff8, 0x00000000c0a00000| Untracked 
|  11|0x00000000c0b00000, 0x00000000c0bffff0, 0x00000000c0c00000| 99%| O|  |TAMS 0x00000000c0bffff0, 0x00000000c0b00000| Untracked 
|  12|0x00000000c0c00000, 0x00000000c0cfffe0, 0x00000000c0d00000| 99%| O|  |TAMS 0x00000000c0cfffe0, 0x00000000c0c00000| Untracked 
|  13|0x00000000c0d00000, 0x00000000c0dffff8, 0x00000000c0e00000| 99%| O|  |TAMS 0x00000000c0dffff8, 0x00000000c0d00000| Untracked 
|  14|0x00000000c0e00000, 0x00000000c0efffc0, 0x00000000c0f00000| 99%| O|  |TAMS 0x00000000c0efffc0, 0x00000000c0e00000| Untracked 
|  15|0x00000000c0f00000, 0x00000000c0ff8038, 0x00000000c1000000| 96%| O|  |TAMS 0x00000000c0ff8038, 0x00000000c0f00000| Untracked 
|  16|0x00000000c1000000, 0x00000000c10fffe8, 0x00000000c1100000| 99%| O|  |TAMS 0x00000000c10fffe8, 0x00000000c1000000| Untracked 
|  17|0x00000000c1100000, 0x00000000c1200000, 0x00000000c1200000|100%| O|  |TAMS 0x00000000c1200000, 0x00000000c1100000| Untracked 
|  18|0x00000000c1200000, 0x00000000c12fe620, 0x00000000c1300000| 99%| O|  |TAMS 0x00000000c12fe620, 0x00000000c1200000| Untracked 
|  19|0x00000000c1300000, 0x00000000c1400000, 0x00000000c1400000|100%| O|  |TAMS 0x00000000c1400000, 0x00000000c1300000| Untracked 
|  20|0x00000000c1400000, 0x00000000c14ffff0, 0x00000000c1500000| 99%| O|  |TAMS 0x00000000c14ffff0, 0x00000000c1400000| Untracked 
|  21|0x00000000c1500000, 0x00000000c1600000, 0x00000000c1600000|100%| O|  |TAMS 0x00000000c1600000, 0x00000000c1500000| Untracked 
|  22|0x00000000c1600000, 0x00000000c16ffc40, 0x00000000c1700000| 99%| O|  |TAMS 0x00000000c16ffc40, 0x00000000c1600000| Untracked 
|  23|0x00000000c1700000, 0x00000000c17fffe8, 0x00000000c1800000| 99%| O|  |TAMS 0x00000000c17fffe8, 0x00000000c1700000| Untracked 
|  24|0x00000000c1800000, 0x00000000c1900000, 0x00000000c1900000|100%| O|  |TAMS 0x00000000c1900000, 0x00000000c1800000| Untracked 
|  25|0x00000000c1900000, 0x00000000c1a00000, 0x00000000c1a00000|100%| O|  |TAMS 0x00000000c1a00000, 0x00000000c1900000| Untracked 
|  26|0x00000000c1a00000, 0x00000000c1afffb8, 0x00000000c1b00000| 99%| O|  |TAMS 0x00000000c1afffb8, 0x00000000c1a00000| Untracked 
|  27|0x00000000c1b00000, 0x00000000c1c00000, 0x00000000c1c00000|100%| O|  |TAMS 0x00000000c1c00000, 0x00000000c1b00000| Untracked 
|  28|0x00000000c1c00000, 0x00000000c1cfffa0, 0x00000000c1d00000| 99%| O|  |TAMS 0x00000000c1cfffa0, 0x00000000c1c00000| Untracked 
|  29|0x00000000c1d00000, 0x00000000c1e00000, 0x00000000c1e00000|100%| O|  |TAMS 0x00000000c1e00000, 0x00000000c1d00000| Untracked 
|  30|0x00000000c1e00000, 0x00000000c1f00000, 0x00000000c1f00000|100%| O|  |TAMS 0x00000000c1f00000, 0x00000000c1e00000| Untracked 
|  31|0x00000000c1f00000, 0x00000000c1fffff0, 0x00000000c2000000| 99%| O|  |TAMS 0x00000000c1fffff0, 0x00000000c1f00000| Untracked 
|  32|0x00000000c2000000, 0x00000000c20fffe8, 0x00000000c2100000| 99%| O|  |TAMS 0x00000000c20fffe8, 0x00000000c2000000| Untracked 
|  33|0x00000000c2100000, 0x00000000c21fffc0, 0x00000000c2200000| 99%| O|  |TAMS 0x00000000c21fffc0, 0x00000000c2100000| Untracked 
|  34|0x00000000c2200000, 0x00000000c22ffff8, 0x00000000c2300000| 99%| O|  |TAMS 0x00000000c22ffff8, 0x00000000c2200000| Untracked 
|  35|0x00000000c2300000, 0x00000000c23fffc8, 0x00000000c2400000| 99%| O|  |TAMS 0x00000000c23fffc8, 0x00000000c2300000| Untracked 
|  36|0x00000000c2400000, 0x00000000c24fffd0, 0x00000000c2500000| 99%| O|  |TAMS 0x00000000c24fffd0, 0x00000000c2400000| Untracked 
|  37|0x00000000c2500000, 0x00000000c25ffff8, 0x00000000c2600000| 99%| O|  |TAMS 0x00000000c25ffff8, 0x00000000c2500000| Untracked 
|  38|0x00000000c2600000, 0x00000000c2700000, 0x00000000c2700000|100%| O|  |TAMS 0x00000000c2700000, 0x00000000c2600000| Untracked 
|  39|0x00000000c2700000, 0x00000000c2800000, 0x00000000c2800000|100%|HS|  |TAMS 0x00000000c2800000, 0x00000000c2700000| Untracked 
|  40|0x00000000c2800000, 0x00000000c28ffff8, 0x00000000c2900000| 99%| O|  |TAMS 0x00000000c28ffff8, 0x00000000c2800000| Untracked 
|  41|0x00000000c2900000, 0x00000000c29ffff8, 0x00000000c2a00000| 99%| O|  |TAMS 0x00000000c29ffff8, 0x00000000c2900000| Untracked 
|  42|0x00000000c2a00000, 0x00000000c2af9e78, 0x00000000c2b00000| 97%| O|  |TAMS 0x00000000c2af9e78, 0x00000000c2a00000| Untracked 
|  43|0x00000000c2b00000, 0x00000000c2bfffe8, 0x00000000c2c00000| 99%| O|  |TAMS 0x00000000c2bfffe8, 0x00000000c2b00000| Untracked 
|  44|0x00000000c2c00000, 0x00000000c2cfffe0, 0x00000000c2d00000| 99%| O|  |TAMS 0x00000000c2cfffe0, 0x00000000c2c00000| Untracked 
|  45|0x00000000c2d00000, 0x00000000c2df6e98, 0x00000000c2e00000| 96%| O|  |TAMS 0x00000000c2df6e98, 0x00000000c2d00000| Untracked 
|  46|0x00000000c2e00000, 0x00000000c2f00000, 0x00000000c2f00000|100%| O|  |TAMS 0x00000000c2f00000, 0x00000000c2e00000| Untracked 
|  47|0x00000000c2f00000, 0x00000000c3000000, 0x00000000c3000000|100%| O|  |TAMS 0x00000000c3000000, 0x00000000c2f00000| Untracked 
|  48|0x00000000c3000000, 0x00000000c30fffc8, 0x00000000c3100000| 99%| O|  |TAMS 0x00000000c30fffc8, 0x00000000c3000000| Untracked 
|  49|0x00000000c3100000, 0x00000000c3200000, 0x00000000c3200000|100%| O|  |TAMS 0x00000000c3200000, 0x00000000c3100000| Untracked 
|  50|0x00000000c3200000, 0x00000000c32ffff8, 0x00000000c3300000| 99%| O|  |TAMS 0x00000000c32ffff8, 0x00000000c3200000| Untracked 
|  51|0x00000000c3300000, 0x00000000c3400000, 0x00000000c3400000|100%| O|  |TAMS 0x00000000c3400000, 0x00000000c3300000| Untracked 
|  52|0x00000000c3400000, 0x00000000c34ffff8, 0x00000000c3500000| 99%| O|  |TAMS 0x00000000c34ffff8, 0x00000000c3400000| Untracked 
|  53|0x00000000c3500000, 0x00000000c35fffc8, 0x00000000c3600000| 99%| O|  |TAMS 0x00000000c35fffc8, 0x00000000c3500000| Untracked 
|  54|0x00000000c3600000, 0x00000000c36fe2d8, 0x00000000c3700000| 99%| O|  |TAMS 0x00000000c36fe2d8, 0x00000000c3600000| Untracked 
|  55|0x00000000c3700000, 0x00000000c37f9b90, 0x00000000c3800000| 97%| O|  |TAMS 0x00000000c37f9b90, 0x00000000c3700000| Untracked 
|  56|0x00000000c3800000, 0x00000000c38fea48, 0x00000000c3900000| 99%| O|  |TAMS 0x00000000c38fea48, 0x00000000c3800000| Untracked 
|  57|0x00000000c3900000, 0x00000000c3a00000, 0x00000000c3a00000|100%| O|  |TAMS 0x00000000c3a00000, 0x00000000c3900000| Untracked 
|  58|0x00000000c3a00000, 0x00000000c3affff0, 0x00000000c3b00000| 99%| O|  |TAMS 0x00000000c3affff0, 0x00000000c3a00000| Untracked 
|  59|0x00000000c3b00000, 0x00000000c3bffff8, 0x00000000c3c00000| 99%| O|  |TAMS 0x00000000c3bffff8, 0x00000000c3b00000| Untracked 
|  60|0x00000000c3c00000, 0x00000000c3cffec0, 0x00000000c3d00000| 99%| O|  |TAMS 0x00000000c3cffec0, 0x00000000c3c00000| Untracked 
|  61|0x00000000c3d00000, 0x00000000c3dffff8, 0x00000000c3e00000| 99%| O|  |TAMS 0x00000000c3dffff8, 0x00000000c3d00000| Untracked 
|  62|0x00000000c3e00000, 0x00000000c3effff0, 0x00000000c3f00000| 99%| O|  |TAMS 0x00000000c3effff0, 0x00000000c3e00000| Untracked 
|  63|0x00000000c3f00000, 0x00000000c3ffc530, 0x00000000c4000000| 98%| O|  |TAMS 0x00000000c3ffc530, 0x00000000c3f00000| Untracked 
|  64|0x00000000c4000000, 0x00000000c40ffff8, 0x00000000c4100000| 99%| O|  |TAMS 0x00000000c40ffff8, 0x00000000c4000000| Untracked 
|  65|0x00000000c4100000, 0x00000000c41e7ea0, 0x00000000c4200000| 90%| O|  |TAMS 0x00000000c4100000, 0x00000000c4100000| Untracked 
|  66|0x00000000c4200000, 0x00000000c42c4488, 0x00000000c4300000| 76%| O|  |TAMS 0x00000000c4200000, 0x00000000c4200000| Untracked 
|  67|0x00000000c4300000, 0x00000000c43000b8, 0x00000000c4400000|  0%| O|  |TAMS 0x00000000c4300000, 0x00000000c4300000| Untracked 
|  68|0x00000000c4400000, 0x00000000c44fff68, 0x00000000c4500000| 99%| O|  |TAMS 0x00000000c44fff68, 0x00000000c4400000| Untracked 
|  69|0x00000000c4500000, 0x00000000c45fffd8, 0x00000000c4600000| 99%| O|  |TAMS 0x00000000c45fffd8, 0x00000000c4500000| Untracked 
|  70|0x00000000c4600000, 0x00000000c46fffd8, 0x00000000c4700000| 99%| O|  |TAMS 0x00000000c46fffd8, 0x00000000c4600000| Untracked 
|  71|0x00000000c4700000, 0x00000000c4700000, 0x00000000c4800000|  0%| F|  |TAMS 0x00000000c4700000, 0x00000000c4700000| Untracked 
|  72|0x00000000c4800000, 0x00000000c48fa2c0, 0x00000000c4900000| 97%| O|  |TAMS 0x00000000c48fa2c0, 0x00000000c4800000| Untracked 
|  73|0x00000000c4900000, 0x00000000c49ffff0, 0x00000000c4a00000| 99%| O|  |TAMS 0x00000000c49ffff0, 0x00000000c4900000| Untracked 
|  74|0x00000000c4a00000, 0x00000000c4affa88, 0x00000000c4b00000| 99%| O|  |TAMS 0x00000000c4affa88, 0x00000000c4a00000| Untracked 
|  75|0x00000000c4b00000, 0x00000000c4bffff8, 0x00000000c4c00000| 99%| O|  |TAMS 0x00000000c4bffff8, 0x00000000c4b00000| Untracked 
|  76|0x00000000c4c00000, 0x00000000c4c00000, 0x00000000c4d00000|  0%| F|  |TAMS 0x00000000c4c00000, 0x00000000c4c00000| Untracked 
|  77|0x00000000c4d00000, 0x00000000c4d00000, 0x00000000c4e00000|  0%| F|  |TAMS 0x00000000c4d00000, 0x00000000c4d00000| Untracked 
|  78|0x00000000c4e00000, 0x00000000c4e00000, 0x00000000c4f00000|  0%| F|  |TAMS 0x00000000c4e00000, 0x00000000c4e00000| Untracked 
|  79|0x00000000c4f00000, 0x00000000c5000000, 0x00000000c5000000|100%| O|  |TAMS 0x00000000c5000000, 0x00000000c4f00000| Untracked 
|  80|0x00000000c5000000, 0x00000000c5000000, 0x00000000c5100000|  0%| F|  |TAMS 0x00000000c5000000, 0x00000000c5000000| Untracked 
|  81|0x00000000c5100000, 0x00000000c5100000, 0x00000000c5200000|  0%| F|  |TAMS 0x00000000c5100000, 0x00000000c5100000| Untracked 
|  82|0x00000000c5200000, 0x00000000c52fffc8, 0x00000000c5300000| 99%| O|  |TAMS 0x00000000c52fffc8, 0x00000000c5200000| Untracked 
|  83|0x00000000c5300000, 0x00000000c5300000, 0x00000000c5400000|  0%| F|  |TAMS 0x00000000c5300000, 0x00000000c5300000| Untracked 
|  84|0x00000000c5400000, 0x00000000c5500000, 0x00000000c5500000|100%|HS|  |TAMS 0x00000000c5500000, 0x00000000c5400000| Untracked 
|  85|0x00000000c5500000, 0x00000000c5600000, 0x00000000c5600000|100%|HC|  |TAMS 0x00000000c5600000, 0x00000000c5500000| Untracked 
|  86|0x00000000c5600000, 0x00000000c5600000, 0x00000000c5700000|  0%| F|  |TAMS 0x00000000c5600000, 0x00000000c5600000| Untracked 
|  87|0x00000000c5700000, 0x00000000c5700000, 0x00000000c5800000|  0%| F|  |TAMS 0x00000000c5700000, 0x00000000c5700000| Untracked 
|  88|0x00000000c5800000, 0x00000000c5800000, 0x00000000c5900000|  0%| F|  |TAMS 0x00000000c5800000, 0x00000000c5800000| Untracked 
|  89|0x00000000c5900000, 0x00000000c5900000, 0x00000000c5a00000|  0%| F|  |TAMS 0x00000000c5900000, 0x00000000c5900000| Untracked 
|  90|0x00000000c5a00000, 0x00000000c5a00000, 0x00000000c5b00000|  0%| F|  |TAMS 0x00000000c5a00000, 0x00000000c5a00000| Untracked 
|  91|0x00000000c5b00000, 0x00000000c5b00000, 0x00000000c5c00000|  0%| F|  |TAMS 0x00000000c5b00000, 0x00000000c5b00000| Untracked 
|  92|0x00000000c5c00000, 0x00000000c5c00000, 0x00000000c5d00000|  0%| F|  |TAMS 0x00000000c5c00000, 0x00000000c5c00000| Untracked 
|  93|0x00000000c5d00000, 0x00000000c5d00000, 0x00000000c5e00000|  0%| F|  |TAMS 0x00000000c5d00000, 0x00000000c5d00000| Untracked 
|  94|0x00000000c5e00000, 0x00000000c5e00000, 0x00000000c5f00000|  0%| F|  |TAMS 0x00000000c5e00000, 0x00000000c5e00000| Untracked 
|  95|0x00000000c5f00000, 0x00000000c5f00000, 0x00000000c6000000|  0%| F|  |TAMS 0x00000000c5f00000, 0x00000000c5f00000| Untracked 
|  96|0x00000000c6000000, 0x00000000c6000000, 0x00000000c6100000|  0%| F|  |TAMS 0x00000000c6000000, 0x00000000c6000000| Untracked 
|  97|0x00000000c6100000, 0x00000000c6100000, 0x00000000c6200000|  0%| F|  |TAMS 0x00000000c6100000, 0x00000000c6100000| Untracked 
|  98|0x00000000c6200000, 0x00000000c6200000, 0x00000000c6300000|  0%| F|  |TAMS 0x00000000c6200000, 0x00000000c6200000| Untracked 
|  99|0x00000000c6300000, 0x00000000c6300000, 0x00000000c6400000|  0%| F|  |TAMS 0x00000000c6300000, 0x00000000c6300000| Untracked 
| 100|0x00000000c6400000, 0x00000000c6400000, 0x00000000c6500000|  0%| F|  |TAMS 0x00000000c6400000, 0x00000000c6400000| Untracked 
| 101|0x00000000c6500000, 0x00000000c6500000, 0x00000000c6600000|  0%| F|  |TAMS 0x00000000c6500000, 0x00000000c6500000| Untracked 
| 102|0x00000000c6600000, 0x00000000c6600000, 0x00000000c6700000|  0%| F|  |TAMS 0x00000000c6600000, 0x00000000c6600000| Untracked 
| 103|0x00000000c6700000, 0x00000000c6700000, 0x00000000c6800000|  0%| F|  |TAMS 0x00000000c6700000, 0x00000000c6700000| Untracked 
| 104|0x00000000c6800000, 0x00000000c6900000, 0x00000000c6900000|100%| O|  |TAMS 0x00000000c6900000, 0x00000000c6800000| Untracked 
| 105|0x00000000c6900000, 0x00000000c6900000, 0x00000000c6a00000|  0%| F|  |TAMS 0x00000000c6900000, 0x00000000c6900000| Untracked 
| 106|0x00000000c6a00000, 0x00000000c6a00000, 0x00000000c6b00000|  0%| F|  |TAMS 0x00000000c6a00000, 0x00000000c6a00000| Untracked 
| 107|0x00000000c6b00000, 0x00000000c6b00000, 0x00000000c6c00000|  0%| F|  |TAMS 0x00000000c6b00000, 0x00000000c6b00000| Untracked 
| 108|0x00000000c6c00000, 0x00000000c6c00000, 0x00000000c6d00000|  0%| F|  |TAMS 0x00000000c6c00000, 0x00000000c6c00000| Untracked 
| 109|0x00000000c6d00000, 0x00000000c6d00000, 0x00000000c6e00000|  0%| F|  |TAMS 0x00000000c6d00000, 0x00000000c6d00000| Untracked 
| 110|0x00000000c6e00000, 0x00000000c6ef7b98, 0x00000000c6f00000| 96%| O|  |TAMS 0x00000000c6ef7b98, 0x00000000c6e00000| Untracked 
| 111|0x00000000c6f00000, 0x00000000c6f00000, 0x00000000c7000000|  0%| F|  |TAMS 0x00000000c6f00000, 0x00000000c6f00000| Untracked 
| 112|0x00000000c7000000, 0x00000000c7000000, 0x00000000c7100000|  0%| F|  |TAMS 0x00000000c7000000, 0x00000000c7000000| Untracked 
| 113|0x00000000c7100000, 0x00000000c7100000, 0x00000000c7200000|  0%| F|  |TAMS 0x00000000c7100000, 0x00000000c7100000| Untracked 
| 114|0x00000000c7200000, 0x00000000c7200000, 0x00000000c7300000|  0%| F|  |TAMS 0x00000000c7200000, 0x00000000c7200000| Untracked 
| 115|0x00000000c7300000, 0x00000000c7300000, 0x00000000c7400000|  0%| F|  |TAMS 0x00000000c7300000, 0x00000000c7300000| Untracked 
| 116|0x00000000c7400000, 0x00000000c74fffe8, 0x00000000c7500000| 99%| O|  |TAMS 0x00000000c74fffe8, 0x00000000c7400000| Untracked 
| 117|0x00000000c7500000, 0x00000000c7500000, 0x00000000c7600000|  0%| F|  |TAMS 0x00000000c7500000, 0x00000000c7500000| Untracked 
| 118|0x00000000c7600000, 0x00000000c7600000, 0x00000000c7700000|  0%| F|  |TAMS 0x00000000c7600000, 0x00000000c7600000| Untracked 
| 119|0x00000000c7700000, 0x00000000c7700000, 0x00000000c7800000|  0%| F|  |TAMS 0x00000000c7700000, 0x00000000c7700000| Untracked 
| 120|0x00000000c7800000, 0x00000000c7800000, 0x00000000c7900000|  0%| F|  |TAMS 0x00000000c7800000, 0x00000000c7800000| Untracked 
| 121|0x00000000c7900000, 0x00000000c7900000, 0x00000000c7a00000|  0%| F|  |TAMS 0x00000000c7900000, 0x00000000c7900000| Untracked 
| 122|0x00000000c7a00000, 0x00000000c7a00000, 0x00000000c7b00000|  0%| F|  |TAMS 0x00000000c7a00000, 0x00000000c7a00000| Untracked 
| 123|0x00000000c7b00000, 0x00000000c7c00000, 0x00000000c7c00000|100%|HS|  |TAMS 0x00000000c7c00000, 0x00000000c7b00000| Untracked 
| 124|0x00000000c7c00000, 0x00000000c7c00000, 0x00000000c7d00000|  0%| F|  |TAMS 0x00000000c7c00000, 0x00000000c7c00000| Untracked 
| 125|0x00000000c7d00000, 0x00000000c7d00000, 0x00000000c7e00000|  0%| F|  |TAMS 0x00000000c7d00000, 0x00000000c7d00000| Untracked 
| 126|0x00000000c7e00000, 0x00000000c7e00000, 0x00000000c7f00000|  0%| F|  |TAMS 0x00000000c7e00000, 0x00000000c7e00000| Untracked 
| 127|0x00000000c7f00000, 0x00000000c7f00000, 0x00000000c8000000|  0%| F|  |TAMS 0x00000000c7f00000, 0x00000000c7f00000| Untracked 
| 128|0x00000000c8000000, 0x00000000c8000000, 0x00000000c8100000|  0%| F|  |TAMS 0x00000000c8000000, 0x00000000c8000000| Untracked 
| 129|0x00000000c8100000, 0x00000000c8100000, 0x00000000c8200000|  0%| F|  |TAMS 0x00000000c8100000, 0x00000000c8100000| Untracked 
| 130|0x00000000c8200000, 0x00000000c8200000, 0x00000000c8300000|  0%| F|  |TAMS 0x00000000c8200000, 0x00000000c8200000| Untracked 
| 131|0x00000000c8300000, 0x00000000c8300000, 0x00000000c8400000|  0%| F|  |TAMS 0x00000000c8300000, 0x00000000c8300000| Untracked 
| 132|0x00000000c8400000, 0x00000000c8400000, 0x00000000c8500000|  0%| F|  |TAMS 0x00000000c8400000, 0x00000000c8400000| Untracked 
| 133|0x00000000c8500000, 0x00000000c8500000, 0x00000000c8600000|  0%| F|  |TAMS 0x00000000c8500000, 0x00000000c8500000| Untracked 
| 134|0x00000000c8600000, 0x00000000c8600000, 0x00000000c8700000|  0%| F|  |TAMS 0x00000000c8600000, 0x00000000c8600000| Untracked 
| 135|0x00000000c8700000, 0x00000000c8700000, 0x00000000c8800000|  0%| F|  |TAMS 0x00000000c8700000, 0x00000000c8700000| Untracked 
| 136|0x00000000c8800000, 0x00000000c8800000, 0x00000000c8900000|  0%| F|  |TAMS 0x00000000c8800000, 0x00000000c8800000| Untracked 
| 137|0x00000000c8900000, 0x00000000c8900000, 0x00000000c8a00000|  0%| F|  |TAMS 0x00000000c8900000, 0x00000000c8900000| Untracked 
| 138|0x00000000c8a00000, 0x00000000c8a00000, 0x00000000c8b00000|  0%| F|  |TAMS 0x00000000c8a00000, 0x00000000c8a00000| Untracked 
| 139|0x00000000c8b00000, 0x00000000c8b00000, 0x00000000c8c00000|  0%| F|  |TAMS 0x00000000c8b00000, 0x00000000c8b00000| Untracked 
| 140|0x00000000c8c00000, 0x00000000c8c00000, 0x00000000c8d00000|  0%| F|  |TAMS 0x00000000c8c00000, 0x00000000c8c00000| Untracked 
| 141|0x00000000c8d00000, 0x00000000c8d00000, 0x00000000c8e00000|  0%| F|  |TAMS 0x00000000c8d00000, 0x00000000c8d00000| Untracked 
| 142|0x00000000c8e00000, 0x00000000c8e00000, 0x00000000c8f00000|  0%| F|  |TAMS 0x00000000c8e00000, 0x00000000c8e00000| Untracked 
| 143|0x00000000c8f00000, 0x00000000c8f00000, 0x00000000c9000000|  0%| F|  |TAMS 0x00000000c8f00000, 0x00000000c8f00000| Untracked 
| 144|0x00000000c9000000, 0x00000000c9000000, 0x00000000c9100000|  0%| F|  |TAMS 0x00000000c9000000, 0x00000000c9000000| Untracked 
| 145|0x00000000c9100000, 0x00000000c9100000, 0x00000000c9200000|  0%| F|  |TAMS 0x00000000c9100000, 0x00000000c9100000| Untracked 
| 146|0x00000000c9200000, 0x00000000c9200000, 0x00000000c9300000|  0%| F|  |TAMS 0x00000000c9200000, 0x00000000c9200000| Untracked 
| 147|0x00000000c9300000, 0x00000000c9300000, 0x00000000c9400000|  0%| F|  |TAMS 0x00000000c9300000, 0x00000000c9300000| Untracked 
| 148|0x00000000c9400000, 0x00000000c9400000, 0x00000000c9500000|  0%| F|  |TAMS 0x00000000c9400000, 0x00000000c9400000| Untracked 
| 149|0x00000000c9500000, 0x00000000c9500000, 0x00000000c9600000|  0%| F|  |TAMS 0x00000000c9500000, 0x00000000c9500000| Untracked 
| 150|0x00000000c9600000, 0x00000000c9600000, 0x00000000c9700000|  0%| F|  |TAMS 0x00000000c9600000, 0x00000000c9600000| Untracked 
| 151|0x00000000c9700000, 0x00000000c9700000, 0x00000000c9800000|  0%| F|  |TAMS 0x00000000c9700000, 0x00000000c9700000| Untracked 
| 152|0x00000000c9800000, 0x00000000c9800000, 0x00000000c9900000|  0%| F|  |TAMS 0x00000000c9800000, 0x00000000c9800000| Untracked 
| 153|0x00000000c9900000, 0x00000000c9900000, 0x00000000c9a00000|  0%| F|  |TAMS 0x00000000c9900000, 0x00000000c9900000| Untracked 
| 154|0x00000000c9a00000, 0x00000000c9a00000, 0x00000000c9b00000|  0%| F|  |TAMS 0x00000000c9a00000, 0x00000000c9a00000| Untracked 
| 155|0x00000000c9b00000, 0x00000000c9b00000, 0x00000000c9c00000|  0%| F|  |TAMS 0x00000000c9b00000, 0x00000000c9b00000| Untracked 
| 156|0x00000000c9c00000, 0x00000000c9c00000, 0x00000000c9d00000|  0%| F|  |TAMS 0x00000000c9c00000, 0x00000000c9c00000| Untracked 
| 157|0x00000000c9d00000, 0x00000000c9d00000, 0x00000000c9e00000|  0%| F|  |TAMS 0x00000000c9d00000, 0x00000000c9d00000| Untracked 
| 158|0x00000000c9e00000, 0x00000000c9e00000, 0x00000000c9f00000|  0%| F|  |TAMS 0x00000000c9e00000, 0x00000000c9e00000| Untracked 
| 159|0x00000000c9f00000, 0x00000000c9f00000, 0x00000000ca000000|  0%| F|  |TAMS 0x00000000c9f00000, 0x00000000c9f00000| Untracked 
| 160|0x00000000ca000000, 0x00000000ca000000, 0x00000000ca100000|  0%| F|  |TAMS 0x00000000ca000000, 0x00000000ca000000| Untracked 
| 161|0x00000000ca100000, 0x00000000ca100000, 0x00000000ca200000|  0%| F|  |TAMS 0x00000000ca100000, 0x00000000ca100000| Untracked 
| 162|0x00000000ca200000, 0x00000000ca200000, 0x00000000ca300000|  0%| F|  |TAMS 0x00000000ca200000, 0x00000000ca200000| Untracked 
| 163|0x00000000ca300000, 0x00000000ca300000, 0x00000000ca400000|  0%| F|  |TAMS 0x00000000ca300000, 0x00000000ca300000| Untracked 
| 164|0x00000000ca400000, 0x00000000ca400000, 0x00000000ca500000|  0%| F|  |TAMS 0x00000000ca400000, 0x00000000ca400000| Untracked 
| 165|0x00000000ca500000, 0x00000000ca500000, 0x00000000ca600000|  0%| F|  |TAMS 0x00000000ca500000, 0x00000000ca500000| Untracked 
| 166|0x00000000ca600000, 0x00000000ca600000, 0x00000000ca700000|  0%| F|  |TAMS 0x00000000ca600000, 0x00000000ca600000| Untracked 
| 167|0x00000000ca700000, 0x00000000ca700000, 0x00000000ca800000|  0%| F|  |TAMS 0x00000000ca700000, 0x00000000ca700000| Untracked 
| 168|0x00000000ca800000, 0x00000000ca800000, 0x00000000ca900000|  0%| F|  |TAMS 0x00000000ca800000, 0x00000000ca800000| Untracked 
| 169|0x00000000ca900000, 0x00000000ca900000, 0x00000000caa00000|  0%| F|  |TAMS 0x00000000ca900000, 0x00000000ca900000| Untracked 
| 170|0x00000000caa00000, 0x00000000caa00000, 0x00000000cab00000|  0%| F|  |TAMS 0x00000000caa00000, 0x00000000caa00000| Untracked 
| 171|0x00000000cab00000, 0x00000000cab00000, 0x00000000cac00000|  0%| F|  |TAMS 0x00000000cab00000, 0x00000000cab00000| Untracked 
| 172|0x00000000cac00000, 0x00000000cac00000, 0x00000000cad00000|  0%| F|  |TAMS 0x00000000cac00000, 0x00000000cac00000| Untracked 
| 173|0x00000000cad00000, 0x00000000cad00000, 0x00000000cae00000|  0%| F|  |TAMS 0x00000000cad00000, 0x00000000cad00000| Untracked 
| 174|0x00000000cae00000, 0x00000000cae00000, 0x00000000caf00000|  0%| F|  |TAMS 0x00000000cae00000, 0x00000000cae00000| Untracked 
| 175|0x00000000caf00000, 0x00000000caf00000, 0x00000000cb000000|  0%| F|  |TAMS 0x00000000caf00000, 0x00000000caf00000| Untracked 
| 176|0x00000000cb000000, 0x00000000cb000000, 0x00000000cb100000|  0%| F|  |TAMS 0x00000000cb000000, 0x00000000cb000000| Untracked 
| 177|0x00000000cb100000, 0x00000000cb100000, 0x00000000cb200000|  0%| F|  |TAMS 0x00000000cb100000, 0x00000000cb100000| Untracked 
| 178|0x00000000cb200000, 0x00000000cb200000, 0x00000000cb300000|  0%| F|  |TAMS 0x00000000cb200000, 0x00000000cb200000| Untracked 
| 179|0x00000000cb300000, 0x00000000cb300000, 0x00000000cb400000|  0%| F|  |TAMS 0x00000000cb300000, 0x00000000cb300000| Untracked 
| 180|0x00000000cb400000, 0x00000000cb400000, 0x00000000cb500000|  0%| F|  |TAMS 0x00000000cb400000, 0x00000000cb400000| Untracked 
| 181|0x00000000cb500000, 0x00000000cb500000, 0x00000000cb600000|  0%| F|  |TAMS 0x00000000cb500000, 0x00000000cb500000| Untracked 
| 182|0x00000000cb600000, 0x00000000cb600000, 0x00000000cb700000|  0%| F|  |TAMS 0x00000000cb600000, 0x00000000cb600000| Untracked 
| 183|0x00000000cb700000, 0x00000000cb700000, 0x00000000cb800000|  0%| F|  |TAMS 0x00000000cb700000, 0x00000000cb700000| Untracked 
| 184|0x00000000cb800000, 0x00000000cb800000, 0x00000000cb900000|  0%| F|  |TAMS 0x00000000cb800000, 0x00000000cb800000| Untracked 
| 185|0x00000000cb900000, 0x00000000cb900000, 0x00000000cba00000|  0%| F|  |TAMS 0x00000000cb900000, 0x00000000cb900000| Untracked 
| 186|0x00000000cba00000, 0x00000000cba00000, 0x00000000cbb00000|  0%| F|  |TAMS 0x00000000cba00000, 0x00000000cba00000| Untracked 
| 187|0x00000000cbb00000, 0x00000000cbb00000, 0x00000000cbc00000|  0%| F|  |TAMS 0x00000000cbb00000, 0x00000000cbb00000| Untracked 
| 188|0x00000000cbc00000, 0x00000000cbc00000, 0x00000000cbd00000|  0%| F|  |TAMS 0x00000000cbc00000, 0x00000000cbc00000| Untracked 
| 189|0x00000000cbd00000, 0x00000000cbd00000, 0x00000000cbe00000|  0%| F|  |TAMS 0x00000000cbd00000, 0x00000000cbd00000| Untracked 
| 190|0x00000000cbe00000, 0x00000000cbe00000, 0x00000000cbf00000|  0%| F|  |TAMS 0x00000000cbe00000, 0x00000000cbe00000| Untracked 
| 191|0x00000000cbf00000, 0x00000000cbf00000, 0x00000000cc000000|  0%| F|  |TAMS 0x00000000cbf00000, 0x00000000cbf00000| Untracked 
| 192|0x00000000cc000000, 0x00000000cc000000, 0x00000000cc100000|  0%| F|  |TAMS 0x00000000cc000000, 0x00000000cc000000| Untracked 
| 193|0x00000000cc100000, 0x00000000cc100000, 0x00000000cc200000|  0%| F|  |TAMS 0x00000000cc100000, 0x00000000cc100000| Untracked 
| 194|0x00000000cc200000, 0x00000000cc200000, 0x00000000cc300000|  0%| F|  |TAMS 0x00000000cc200000, 0x00000000cc200000| Untracked 
| 195|0x00000000cc300000, 0x00000000cc300000, 0x00000000cc400000|  0%| F|  |TAMS 0x00000000cc300000, 0x00000000cc300000| Untracked 
| 196|0x00000000cc400000, 0x00000000cc400000, 0x00000000cc500000|  0%| F|  |TAMS 0x00000000cc400000, 0x00000000cc400000| Untracked 
| 197|0x00000000cc500000, 0x00000000cc500000, 0x00000000cc600000|  0%| F|  |TAMS 0x00000000cc500000, 0x00000000cc500000| Untracked 
| 198|0x00000000cc600000, 0x00000000cc600000, 0x00000000cc700000|  0%| F|  |TAMS 0x00000000cc600000, 0x00000000cc600000| Untracked 
| 199|0x00000000cc700000, 0x00000000cc700000, 0x00000000cc800000|  0%| F|  |TAMS 0x00000000cc700000, 0x00000000cc700000| Untracked 
| 200|0x00000000cc800000, 0x00000000cc800000, 0x00000000cc900000|  0%| F|  |TAMS 0x00000000cc800000, 0x00000000cc800000| Untracked 
| 201|0x00000000cc900000, 0x00000000cc900000, 0x00000000cca00000|  0%| F|  |TAMS 0x00000000cc900000, 0x00000000cc900000| Untracked 
| 202|0x00000000cca00000, 0x00000000cca00000, 0x00000000ccb00000|  0%| F|  |TAMS 0x00000000cca00000, 0x00000000cca00000| Untracked 
| 203|0x00000000ccb00000, 0x00000000ccb00000, 0x00000000ccc00000|  0%| F|  |TAMS 0x00000000ccb00000, 0x00000000ccb00000| Untracked 
| 204|0x00000000ccc00000, 0x00000000ccc00000, 0x00000000ccd00000|  0%| F|  |TAMS 0x00000000ccc00000, 0x00000000ccc00000| Untracked 
| 205|0x00000000ccd00000, 0x00000000ccd00000, 0x00000000cce00000|  0%| F|  |TAMS 0x00000000ccd00000, 0x00000000ccd00000| Untracked 
| 206|0x00000000cce00000, 0x00000000cce00000, 0x00000000ccf00000|  0%| F|  |TAMS 0x00000000cce00000, 0x00000000cce00000| Untracked 
| 207|0x00000000ccf00000, 0x00000000ccf00000, 0x00000000cd000000|  0%| F|  |TAMS 0x00000000ccf00000, 0x00000000ccf00000| Untracked 
| 208|0x00000000cd000000, 0x00000000cd000000, 0x00000000cd100000|  0%| F|  |TAMS 0x00000000cd000000, 0x00000000cd000000| Untracked 
| 209|0x00000000cd100000, 0x00000000cd100000, 0x00000000cd200000|  0%| F|  |TAMS 0x00000000cd100000, 0x00000000cd100000| Untracked 
| 210|0x00000000cd200000, 0x00000000cd200000, 0x00000000cd300000|  0%| F|  |TAMS 0x00000000cd200000, 0x00000000cd200000| Untracked 
| 211|0x00000000cd300000, 0x00000000cd300000, 0x00000000cd400000|  0%| F|  |TAMS 0x00000000cd300000, 0x00000000cd300000| Untracked 
| 212|0x00000000cd400000, 0x00000000cd400000, 0x00000000cd500000|  0%| F|  |TAMS 0x00000000cd400000, 0x00000000cd400000| Untracked 
| 213|0x00000000cd500000, 0x00000000cd500000, 0x00000000cd600000|  0%| F|  |TAMS 0x00000000cd500000, 0x00000000cd500000| Untracked 
| 214|0x00000000cd600000, 0x00000000cd600000, 0x00000000cd700000|  0%| F|  |TAMS 0x00000000cd600000, 0x00000000cd600000| Untracked 
| 215|0x00000000cd700000, 0x00000000cd700000, 0x00000000cd800000|  0%| F|  |TAMS 0x00000000cd700000, 0x00000000cd700000| Untracked 
| 216|0x00000000cd800000, 0x00000000cd800000, 0x00000000cd900000|  0%| F|  |TAMS 0x00000000cd800000, 0x00000000cd800000| Untracked 
| 217|0x00000000cd900000, 0x00000000cd900000, 0x00000000cda00000|  0%| F|  |TAMS 0x00000000cd900000, 0x00000000cd900000| Untracked 
| 218|0x00000000cda00000, 0x00000000cda00000, 0x00000000cdb00000|  0%| F|  |TAMS 0x00000000cda00000, 0x00000000cda00000| Untracked 
| 219|0x00000000cdb00000, 0x00000000cdb00000, 0x00000000cdc00000|  0%| F|  |TAMS 0x00000000cdb00000, 0x00000000cdb00000| Untracked 
| 220|0x00000000cdc00000, 0x00000000cdc00000, 0x00000000cdd00000|  0%| F|  |TAMS 0x00000000cdc00000, 0x00000000cdc00000| Untracked 
| 221|0x00000000cdd00000, 0x00000000cdd00000, 0x00000000cde00000|  0%| F|  |TAMS 0x00000000cdd00000, 0x00000000cdd00000| Untracked 
| 222|0x00000000cde00000, 0x00000000cde00000, 0x00000000cdf00000|  0%| F|  |TAMS 0x00000000cde00000, 0x00000000cde00000| Untracked 
| 223|0x00000000cdf00000, 0x00000000cdf00000, 0x00000000ce000000|  0%| F|  |TAMS 0x00000000cdf00000, 0x00000000cdf00000| Untracked 
| 224|0x00000000ce000000, 0x00000000ce000000, 0x00000000ce100000|  0%| F|  |TAMS 0x00000000ce000000, 0x00000000ce000000| Untracked 
| 225|0x00000000ce100000, 0x00000000ce100000, 0x00000000ce200000|  0%| F|  |TAMS 0x00000000ce100000, 0x00000000ce100000| Untracked 
| 226|0x00000000ce200000, 0x00000000ce200000, 0x00000000ce300000|  0%| F|  |TAMS 0x00000000ce200000, 0x00000000ce200000| Untracked 
| 227|0x00000000ce300000, 0x00000000ce300000, 0x00000000ce400000|  0%| F|  |TAMS 0x00000000ce300000, 0x00000000ce300000| Untracked 
| 228|0x00000000ce400000, 0x00000000ce400000, 0x00000000ce500000|  0%| F|  |TAMS 0x00000000ce400000, 0x00000000ce400000| Untracked 
| 229|0x00000000ce500000, 0x00000000ce500000, 0x00000000ce600000|  0%| F|  |TAMS 0x00000000ce500000, 0x00000000ce500000| Untracked 
| 230|0x00000000ce600000, 0x00000000ce600000, 0x00000000ce700000|  0%| F|  |TAMS 0x00000000ce600000, 0x00000000ce600000| Untracked 
| 231|0x00000000ce700000, 0x00000000ce700000, 0x00000000ce800000|  0%| F|  |TAMS 0x00000000ce700000, 0x00000000ce700000| Untracked 
| 232|0x00000000ce800000, 0x00000000ce800000, 0x00000000ce900000|  0%| F|  |TAMS 0x00000000ce800000, 0x00000000ce800000| Untracked 
| 233|0x00000000ce900000, 0x00000000ce900000, 0x00000000cea00000|  0%| F|  |TAMS 0x00000000ce900000, 0x00000000ce900000| Untracked 
| 234|0x00000000cea00000, 0x00000000cea00000, 0x00000000ceb00000|  0%| F|  |TAMS 0x00000000cea00000, 0x00000000cea00000| Untracked 
| 235|0x00000000ceb00000, 0x00000000ceb00000, 0x00000000cec00000|  0%| F|  |TAMS 0x00000000ceb00000, 0x00000000ceb00000| Untracked 
| 236|0x00000000cec00000, 0x00000000cec00000, 0x00000000ced00000|  0%| F|  |TAMS 0x00000000cec00000, 0x00000000cec00000| Untracked 
| 237|0x00000000ced00000, 0x00000000ced00000, 0x00000000cee00000|  0%| F|  |TAMS 0x00000000ced00000, 0x00000000ced00000| Untracked 
| 238|0x00000000cee00000, 0x00000000cee00000, 0x00000000cef00000|  0%| F|  |TAMS 0x00000000cee00000, 0x00000000cee00000| Untracked 
| 239|0x00000000cef00000, 0x00000000cef00000, 0x00000000cf000000|  0%| F|  |TAMS 0x00000000cef00000, 0x00000000cef00000| Untracked 
| 240|0x00000000cf000000, 0x00000000cf000000, 0x00000000cf100000|  0%| F|  |TAMS 0x00000000cf000000, 0x00000000cf000000| Untracked 
| 241|0x00000000cf100000, 0x00000000cf100000, 0x00000000cf200000|  0%| F|  |TAMS 0x00000000cf100000, 0x00000000cf100000| Untracked 
| 242|0x00000000cf200000, 0x00000000cf200000, 0x00000000cf300000|  0%| F|  |TAMS 0x00000000cf200000, 0x00000000cf200000| Untracked 
| 243|0x00000000cf300000, 0x00000000cf300000, 0x00000000cf400000|  0%| F|  |TAMS 0x00000000cf300000, 0x00000000cf300000| Untracked 
| 244|0x00000000cf400000, 0x00000000cf400000, 0x00000000cf500000|  0%| F|  |TAMS 0x00000000cf400000, 0x00000000cf400000| Untracked 
| 245|0x00000000cf500000, 0x00000000cf500000, 0x00000000cf600000|  0%| F|  |TAMS 0x00000000cf500000, 0x00000000cf500000| Untracked 
| 246|0x00000000cf600000, 0x00000000cf600000, 0x00000000cf700000|  0%| F|  |TAMS 0x00000000cf600000, 0x00000000cf600000| Untracked 
| 247|0x00000000cf700000, 0x00000000cf700000, 0x00000000cf800000|  0%| F|  |TAMS 0x00000000cf700000, 0x00000000cf700000| Untracked 
| 248|0x00000000cf800000, 0x00000000cf800000, 0x00000000cf900000|  0%| F|  |TAMS 0x00000000cf800000, 0x00000000cf800000| Untracked 
| 249|0x00000000cf900000, 0x00000000cf900000, 0x00000000cfa00000|  0%| F|  |TAMS 0x00000000cf900000, 0x00000000cf900000| Untracked 
| 250|0x00000000cfa00000, 0x00000000cfa00000, 0x00000000cfb00000|  0%| F|  |TAMS 0x00000000cfa00000, 0x00000000cfa00000| Untracked 
| 251|0x00000000cfb00000, 0x00000000cfb00000, 0x00000000cfc00000|  0%| F|  |TAMS 0x00000000cfb00000, 0x00000000cfb00000| Untracked 
| 252|0x00000000cfc00000, 0x00000000cfc00000, 0x00000000cfd00000|  0%| F|  |TAMS 0x00000000cfc00000, 0x00000000cfc00000| Untracked 
| 253|0x00000000cfd00000, 0x00000000cfd00000, 0x00000000cfe00000|  0%| F|  |TAMS 0x00000000cfd00000, 0x00000000cfd00000| Untracked 
| 254|0x00000000cfe00000, 0x00000000cfe00000, 0x00000000cff00000|  0%| F|  |TAMS 0x00000000cfe00000, 0x00000000cfe00000| Untracked 
| 255|0x00000000cff00000, 0x00000000cff00000, 0x00000000d0000000|  0%| F|  |TAMS 0x00000000cff00000, 0x00000000cff00000| Untracked 
| 256|0x00000000d0000000, 0x00000000d0000000, 0x00000000d0100000|  0%| F|  |TAMS 0x00000000d0000000, 0x00000000d0000000| Untracked 
| 257|0x00000000d0100000, 0x00000000d0100000, 0x00000000d0200000|  0%| F|  |TAMS 0x00000000d0100000, 0x00000000d0100000| Untracked 
| 258|0x00000000d0200000, 0x00000000d0200000, 0x00000000d0300000|  0%| F|  |TAMS 0x00000000d0200000, 0x00000000d0200000| Untracked 
| 259|0x00000000d0300000, 0x00000000d0300000, 0x00000000d0400000|  0%| F|  |TAMS 0x00000000d0300000, 0x00000000d0300000| Untracked 
| 260|0x00000000d0400000, 0x00000000d0400000, 0x00000000d0500000|  0%| F|  |TAMS 0x00000000d0400000, 0x00000000d0400000| Untracked 
| 261|0x00000000d0500000, 0x00000000d0500000, 0x00000000d0600000|  0%| F|  |TAMS 0x00000000d0500000, 0x00000000d0500000| Untracked 
| 262|0x00000000d0600000, 0x00000000d0600000, 0x00000000d0700000|  0%| F|  |TAMS 0x00000000d0600000, 0x00000000d0600000| Untracked 
| 263|0x00000000d0700000, 0x00000000d0700000, 0x00000000d0800000|  0%| F|  |TAMS 0x00000000d0700000, 0x00000000d0700000| Untracked 
| 264|0x00000000d0800000, 0x00000000d0800000, 0x00000000d0900000|  0%| F|  |TAMS 0x00000000d0800000, 0x00000000d0800000| Untracked 
| 265|0x00000000d0900000, 0x00000000d0900000, 0x00000000d0a00000|  0%| F|  |TAMS 0x00000000d0900000, 0x00000000d0900000| Untracked 
| 266|0x00000000d0a00000, 0x00000000d0a00000, 0x00000000d0b00000|  0%| F|  |TAMS 0x00000000d0a00000, 0x00000000d0a00000| Untracked 
| 267|0x00000000d0b00000, 0x00000000d0b00000, 0x00000000d0c00000|  0%| F|  |TAMS 0x00000000d0b00000, 0x00000000d0b00000| Untracked 
| 268|0x00000000d0c00000, 0x00000000d0c00000, 0x00000000d0d00000|  0%| F|  |TAMS 0x00000000d0c00000, 0x00000000d0c00000| Untracked 
| 269|0x00000000d0d00000, 0x00000000d0d00000, 0x00000000d0e00000|  0%| F|  |TAMS 0x00000000d0d00000, 0x00000000d0d00000| Untracked 
| 270|0x00000000d0e00000, 0x00000000d0e00000, 0x00000000d0f00000|  0%| F|  |TAMS 0x00000000d0e00000, 0x00000000d0e00000| Untracked 
| 271|0x00000000d0f00000, 0x00000000d0f00000, 0x00000000d1000000|  0%| F|  |TAMS 0x00000000d0f00000, 0x00000000d0f00000| Untracked 
| 272|0x00000000d1000000, 0x00000000d1000000, 0x00000000d1100000|  0%| F|  |TAMS 0x00000000d1000000, 0x00000000d1000000| Untracked 
| 273|0x00000000d1100000, 0x00000000d1106900, 0x00000000d1200000|  2%| E|  |TAMS 0x00000000d1100000, 0x00000000d1100000| Complete 

Card table byte_map: [0x0000018905dc0000,0x0000018905fc0000] _byte_map_base: 0x00000189057c0000

Marking Bits (Prev, Next): (CMBitMap*) 0x000001897e1d16b0, (CMBitMap*) 0x000001897e1d16f0
 Prev Bits: [0x00000189061c0000, 0x00000189071c0000)
 Next Bits: [0x00000189071c0000, 0x00000189081c0000)

Polling page: 0x000001897fa10000

Metaspace:

Usage:
  Non-class:     59.79 MB used.
      Class:      9.45 MB used.
       Both:     69.24 MB used.

Virtual space:
  Non-class space:       64.00 MB reserved,      60.31 MB ( 94%) committed,  1 nodes.
      Class space:        1.00 GB reserved,       9.75 MB ( <1%) committed,  1 nodes.
             Both:        1.06 GB reserved,      70.06 MB (  6%) committed. 

Chunk freelists:
   Non-Class:  3.61 MB
       Class:  6.36 MB
        Both:  9.97 MB

MaxMetaspaceSize: unlimited
CompressedClassSpaceSize: 1.00 GB
Initial GC threshold: 21.00 MB
Current GC threshold: 116.81 MB
CDS: off
MetaspaceReclaimPolicy: balanced
 - commit_granule_bytes: 65536.
 - commit_granule_words: 8192.
 - virtual_space_node_default_size: 8388608.
 - enlarge_chunks_in_place: 1.
 - new_chunks_are_fully_committed: 0.
 - uncommit_free_chunks: 1.
 - use_allocation_guard: 0.
 - handle_deallocations: 1.


Internal statistics:

num_allocs_failed_limit: 11.
num_arena_births: 694.
num_arena_deaths: 222.
num_vsnodes_births: 2.
num_vsnodes_deaths: 0.
num_space_committed: 1121.
num_space_uncommitted: 0.
num_chunks_returned_to_freelist: 276.
num_chunks_taken_from_freelist: 3103.
num_chunk_merges: 98.
num_chunk_splits: 2157.
num_chunks_enlarged: 1537.
num_inconsistent_stats: 0.

CodeCache: size=49152Kb used=17862Kb max_used=18799Kb free=31289Kb
 bounds [0x0000018902bc0000, 0x0000018903e70000, 0x0000018905bc0000]
 total_blobs=10610 nmethods=9928 adapters=609
 compilation: enabled
              stopped_count=0, restarted_count=0
 full_count=0

Compilation events (20 events):
Event: 325.555 Thread 0x000001890a7a5ad0 10116       1       org.eclipse.jdt.internal.compiler.lookup.SourceTypeBinding::typeVariables (38 bytes)
Event: 325.556 Thread 0x000001890a7a5ad0 nmethod 10116 0x0000018903783f90 code [0x0000018903784140, 0x00000189037842e8]
Event: 325.568 Thread 0x000001890a7a5ad0 10117       1       org.eclipse.jdt.internal.compiler.lookup.ModuleBinding::combineWithPackagesFromOtherRelevantModules (60 bytes)
Event: 325.569 Thread 0x000001890a7a5ad0 nmethod 10117 0x0000018903c7c290 code [0x0000018903c7c480, 0x0000018903c7c6c8]
Event: 325.570 Thread 0x000001890a7a5ad0 10118       1       org.eclipse.jdt.internal.compiler.lookup.ModuleBinding::otherRelevantModules (66 bytes)
Event: 325.575 Thread 0x000001890a7a5ad0 nmethod 10118 0x0000018903c3d090 code [0x0000018903c3d340, 0x0000018903c3de38]
Event: 325.575 Thread 0x000001890a7a5ad0 10119       1       org.eclipse.jdt.internal.compiler.lookup.CompilationUnitScope::recordReference (21 bytes)
Event: 325.575 Thread 0x000001890a7a5ad0 nmethod 10119 0x0000018903783b10 code [0x0000018903783cc0, 0x0000018903783e48]
Event: 325.580 Thread 0x000001890a7a5ad0 10120       1       org.eclipse.jdt.internal.compiler.lookup.TypeBinding::isParameterizedType (2 bytes)
Event: 325.580 Thread 0x000001890a7a5ad0 nmethod 10120 0x0000018903b64090 code [0x0000018903b64220, 0x0000018903b642f8]
Event: 399.261 Thread 0x000001890a7a5ad0 10121       1       java.util.concurrent.ThreadPoolExecutor::getQueue (5 bytes)
Event: 399.268 Thread 0x000001890a7a5ad0 nmethod 10121 0x00000189032db010 code [0x00000189032db1a0, 0x00000189032db278]
Event: 404.622 Thread 0x000001890a7a5ad0 10122       1       java.util.concurrent.ScheduledThreadPoolExecutor$DelayedWorkQueue::setIndex (16 bytes)
Event: 404.631 Thread 0x000001890a7a5ad0 nmethod 10122 0x00000189032daa10 code [0x00000189032daba0, 0x00000189032dacb8]
Event: 419.182 Thread 0x000001890a7a5ad0 10123       1       java.util.concurrent.ScheduledThreadPoolExecutor$ScheduledFutureTask::getDelay (16 bytes)
Event: 419.191 Thread 0x000001890a7a5ad0 nmethod 10123 0x00000189034a3b90 code [0x00000189034a3d20, 0x00000189034a3e48]
Event: 480.782 Thread 0x000001890a7a5ad0 10124       1       java.lang.ProcessImpl::needsEscaping (169 bytes)
Event: 480.818 Thread 0x000001890a7a5ad0 nmethod 10124 0x0000018903c5d710 code [0x0000018903c5d960, 0x0000018903c5e068]
Event: 480.818 Thread 0x000001890a7a5ad0 10125       1       java.lang.ProcessImpl::unQuote (40 bytes)
Event: 480.820 Thread 0x000001890a7a5ad0 nmethod 10125 0x00000189034a3610 code [0x00000189034a37c0, 0x00000189034a3988]

GC Heap History (20 events):
Event: 415.804 GC heap before
{Heap before GC invocations=125 (full 19):
 garbage-first heap   total 283648K, used 83406K [0x00000000c0000000, 0x0000000100000000)
  region size 1024K, 1 young (1024K), 0 survivors (0K)
 Metaspace       used 70902K, committed 71744K, reserved 1114112K
  class space    used 9679K, committed 9984K, reserved 1048576K
}
Event: 415.908 GC heap after
{Heap after GC invocations=126 (full 20):
 garbage-first heap   total 283648K, used 83406K [0x00000000c0000000, 0x0000000100000000)
  region size 1024K, 0 young (0K), 0 survivors (0K)
 Metaspace       used 70902K, committed 71744K, reserved 1114112K
  class space    used 9679K, committed 9984K, reserved 1048576K
}
Event: 426.384 GC heap before
{Heap before GC invocations=126 (full 20):
 garbage-first heap   total 283648K, used 83406K [0x00000000c0000000, 0x0000000100000000)
  region size 1024K, 1 young (1024K), 0 survivors (0K)
 Metaspace       used 70902K, committed 71744K, reserved 1114112K
  class space    used 9679K, committed 9984K, reserved 1048576K
}
Event: 426.499 GC heap after
{Heap after GC invocations=127 (full 21):
 garbage-first heap   total 283648K, used 83406K [0x00000000c0000000, 0x0000000100000000)
  region size 1024K, 0 young (0K), 0 survivors (0K)
 Metaspace       used 70902K, committed 71744K, reserved 1114112K
  class space    used 9679K, committed 9984K, reserved 1048576K
}
Event: 438.313 GC heap before
{Heap before GC invocations=127 (full 21):
 garbage-first heap   total 283648K, used 83406K [0x00000000c0000000, 0x0000000100000000)
  region size 1024K, 1 young (1024K), 0 survivors (0K)
 Metaspace       used 70902K, committed 71744K, reserved 1114112K
  class space    used 9679K, committed 9984K, reserved 1048576K
}
Event: 438.446 GC heap after
{Heap after GC invocations=128 (full 22):
 garbage-first heap   total 283648K, used 83406K [0x00000000c0000000, 0x0000000100000000)
  region size 1024K, 0 young (0K), 0 survivors (0K)
 Metaspace       used 70902K, committed 71744K, reserved 1114112K
  class space    used 9679K, committed 9984K, reserved 1048576K
}
Event: 449.709 GC heap before
{Heap before GC invocations=128 (full 22):
 garbage-first heap   total 283648K, used 83406K [0x00000000c0000000, 0x0000000100000000)
  region size 1024K, 1 young (1024K), 0 survivors (0K)
 Metaspace       used 70902K, committed 71744K, reserved 1114112K
  class space    used 9679K, committed 9984K, reserved 1048576K
}
Event: 449.863 GC heap after
{Heap after GC invocations=129 (full 23):
 garbage-first heap   total 283648K, used 83406K [0x00000000c0000000, 0x0000000100000000)
  region size 1024K, 0 young (0K), 0 survivors (0K)
 Metaspace       used 70902K, committed 71744K, reserved 1114112K
  class space    used 9679K, committed 9984K, reserved 1048576K
}
Event: 460.200 GC heap before
{Heap before GC invocations=129 (full 23):
 garbage-first heap   total 283648K, used 83406K [0x00000000c0000000, 0x0000000100000000)
  region size 1024K, 1 young (1024K), 0 survivors (0K)
 Metaspace       used 70902K, committed 71744K, reserved 1114112K
  class space    used 9679K, committed 9984K, reserved 1048576K
}
Event: 460.330 GC heap after
{Heap after GC invocations=130 (full 24):
 garbage-first heap   total 280576K, used 83406K [0x00000000c0000000, 0x0000000100000000)
  region size 1024K, 0 young (0K), 0 survivors (0K)
 Metaspace       used 70902K, committed 71744K, reserved 1114112K
  class space    used 9679K, committed 9984K, reserved 1048576K
}
Event: 470.665 GC heap before
{Heap before GC invocations=130 (full 24):
 garbage-first heap   total 280576K, used 83406K [0x00000000c0000000, 0x0000000100000000)
  region size 1024K, 1 young (1024K), 0 survivors (0K)
 Metaspace       used 70902K, committed 71744K, reserved 1114112K
  class space    used 9679K, committed 9984K, reserved 1048576K
}
Event: 470.768 GC heap after
{Heap after GC invocations=131 (full 25):
 garbage-first heap   total 280576K, used 83406K [0x00000000c0000000, 0x0000000100000000)
  region size 1024K, 0 young (0K), 0 survivors (0K)
 Metaspace       used 70902K, committed 71744K, reserved 1114112K
  class space    used 9679K, committed 9984K, reserved 1048576K
}
Event: 481.082 GC heap before
{Heap before GC invocations=131 (full 25):
 garbage-first heap   total 280576K, used 83406K [0x00000000c0000000, 0x0000000100000000)
  region size 1024K, 1 young (1024K), 0 survivors (0K)
 Metaspace       used 70902K, committed 71744K, reserved 1114112K
  class space    used 9679K, committed 9984K, reserved 1048576K
}
Event: 481.187 GC heap after
{Heap after GC invocations=132 (full 26):
 garbage-first heap   total 280576K, used 83406K [0x00000000c0000000, 0x0000000100000000)
  region size 1024K, 0 young (0K), 0 survivors (0K)
 Metaspace       used 70902K, committed 71744K, reserved 1114112K
  class space    used 9679K, committed 9984K, reserved 1048576K
}
Event: 491.485 GC heap before
{Heap before GC invocations=132 (full 26):
 garbage-first heap   total 280576K, used 83406K [0x00000000c0000000, 0x0000000100000000)
  region size 1024K, 1 young (1024K), 0 survivors (0K)
 Metaspace       used 70902K, committed 71744K, reserved 1114112K
  class space    used 9679K, committed 9984K, reserved 1048576K
}
Event: 491.582 GC heap after
{Heap after GC invocations=133 (full 27):
 garbage-first heap   total 280576K, used 83406K [0x00000000c0000000, 0x0000000100000000)
  region size 1024K, 0 young (0K), 0 survivors (0K)
 Metaspace       used 70902K, committed 71744K, reserved 1114112K
  class space    used 9679K, committed 9984K, reserved 1048576K
}
Event: 501.837 GC heap before
{Heap before GC invocations=133 (full 27):
 garbage-first heap   total 280576K, used 83406K [0x00000000c0000000, 0x0000000100000000)
  region size 1024K, 1 young (1024K), 0 survivors (0K)
 Metaspace       used 70902K, committed 71744K, reserved 1114112K
  class space    used 9679K, committed 9984K, reserved 1048576K
}
Event: 501.980 GC heap after
{Heap after GC invocations=134 (full 28):
 garbage-first heap   total 280576K, used 83406K [0x00000000c0000000, 0x0000000100000000)
  region size 1024K, 0 young (0K), 0 survivors (0K)
 Metaspace       used 70902K, committed 71744K, reserved 1114112K
  class space    used 9679K, committed 9984K, reserved 1048576K
}
Event: 512.217 GC heap before
{Heap before GC invocations=134 (full 28):
 garbage-first heap   total 280576K, used 83406K [0x00000000c0000000, 0x0000000100000000)
  region size 1024K, 1 young (1024K), 0 survivors (0K)
 Metaspace       used 70902K, committed 71744K, reserved 1114112K
  class space    used 9679K, committed 9984K, reserved 1048576K
}
Event: 512.315 GC heap after
{Heap after GC invocations=135 (full 29):
 garbage-first heap   total 280576K, used 83406K [0x00000000c0000000, 0x0000000100000000)
  region size 1024K, 0 young (0K), 0 survivors (0K)
 Metaspace       used 70902K, committed 71744K, reserved 1114112K
  class space    used 9679K, committed 9984K, reserved 1048576K
}

Dll operation events (10 events):
Event: 0.021 Loaded shared library c:\Users\frank\.vscode\extensions\redhat.java-1.18.0-win32-x64\jre\17.0.7-win32-x86_64\bin\java.dll
Event: 1.845 Loaded shared library C:\Users\frank\.vscode\extensions\redhat.java-1.18.0-win32-x64\jre\17.0.7-win32-x86_64\bin\net.dll
Event: 1.850 Loaded shared library C:\Users\frank\.vscode\extensions\redhat.java-1.18.0-win32-x64\jre\17.0.7-win32-x86_64\bin\nio.dll
Event: 1.872 Loaded shared library C:\Users\frank\.vscode\extensions\redhat.java-1.18.0-win32-x64\jre\17.0.7-win32-x86_64\bin\zip.dll
Event: 3.103 Loaded shared library C:\Users\frank\.vscode\extensions\redhat.java-1.18.0-win32-x64\jre\17.0.7-win32-x86_64\bin\jimage.dll
Event: 9.347 Loaded shared library C:\Users\frank\.vscode\extensions\redhat.java-1.18.0-win32-x64\jre\17.0.7-win32-x86_64\bin\management.dll
Event: 9.356 Loaded shared library C:\Users\frank\.vscode\extensions\redhat.java-1.18.0-win32-x64\jre\17.0.7-win32-x86_64\bin\management_ext.dll
Event: 22.774 Loaded shared library C:\Users\frank\.vscode\extensions\redhat.java-1.18.0-win32-x64\jre\17.0.7-win32-x86_64\bin\sunmscapi.dll
Event: 52.005 Loaded shared library C:\Users\frank\AppData\Local\Temp\snappy-1.1.8-f10601aa-8a39-46bb-915b-09ec1b7be85f-snappyjava.dll
Event: 109.783 Loaded shared library c:\Users\frank\.vscode\extensions\redhat.java-1.18.0-win32-x64\jre\17.0.7-win32-x86_64\bin\verify.dll

Deoptimization events (20 events):
Event: 115.155 Thread 0x00000189100f96b0 DEOPT PACKING pc=0x0000018903b980f4 sp=0x000000447c3fe2a0
Event: 115.155 Thread 0x00000189100f96b0 DEOPT UNPACKING pc=0x0000018902c17143 sp=0x000000447c3fd798 mode 0
Event: 115.155 Thread 0x00000189100f96b0 DEOPT PACKING pc=0x0000018903b951f4 sp=0x000000447c3fe370
Event: 115.155 Thread 0x00000189100f96b0 DEOPT UNPACKING pc=0x0000018902c17143 sp=0x000000447c3fd848 mode 0
Event: 115.155 Thread 0x00000189100f96b0 DEOPT PACKING pc=0x0000018903b71024 sp=0x000000447c3fe420
Event: 115.155 Thread 0x00000189100f96b0 DEOPT UNPACKING pc=0x0000018902c17143 sp=0x000000447c3fd9a0 mode 0
Event: 115.157 Thread 0x00000189100f96b0 DEOPT PACKING pc=0x0000018903c5dc2c sp=0x000000447c3fe740
Event: 115.157 Thread 0x00000189100f96b0 DEOPT UNPACKING pc=0x0000018902c17143 sp=0x000000447c3fdbd0 mode 0
Event: 141.585 Thread 0x00000189102fc360 DEOPT PACKING pc=0x000001890398968c sp=0x000000447c6fd9d0
Event: 141.586 Thread 0x00000189102fc360 DEOPT UNPACKING pc=0x0000018902c17143 sp=0x000000447c6fcf18 mode 0
Event: 141.590 Thread 0x00000189102fc360 DEOPT PACKING pc=0x00000189039896ec sp=0x000000447c6fdd00
Event: 141.590 Thread 0x00000189102fc360 DEOPT UNPACKING pc=0x0000018902c17143 sp=0x000000447c6fd250 mode 0
Event: 141.590 Thread 0x00000189102fc360 DEOPT PACKING pc=0x00000189039896ec sp=0x000000447c6fdf10
Event: 141.590 Thread 0x00000189102fc360 DEOPT UNPACKING pc=0x0000018902c17143 sp=0x000000447c6fd460 mode 0
Event: 141.590 Thread 0x00000189102fc360 DEOPT PACKING pc=0x00000189039896ec sp=0x000000447c6fe240
Event: 141.590 Thread 0x00000189102fc360 DEOPT UNPACKING pc=0x0000018902c17143 sp=0x000000447c6fd790 mode 0
Event: 141.591 Thread 0x00000189102fc360 DEOPT PACKING pc=0x00000189039896ec sp=0x000000447c6fe540
Event: 141.591 Thread 0x00000189102fc360 DEOPT UNPACKING pc=0x0000018902c17143 sp=0x000000447c6fda90 mode 0
Event: 325.457 Thread 0x000001891008f580 DEOPT PACKING pc=0x00000189030a0c54 sp=0x000000447bdfee00
Event: 325.458 Thread 0x000001891008f580 DEOPT UNPACKING pc=0x0000018902c17143 sp=0x000000447bdfe288 mode 0

Classes unloaded (20 events):
Event: 362.749 Thread 0x000001897e25e8b0 Unloading class 0x0000000100089400 'java/lang/invoke/LambdaForm$MH+0x0000000100089400'
Event: 362.749 Thread 0x000001897e25e8b0 Unloading class 0x0000000100088c00 'java/lang/invoke/LambdaForm$MH+0x0000000100088c00'
Event: 373.337 Thread 0x000001897e25e8b0 Unloading class 0x00000001009b9800 'java/lang/invoke/LambdaForm$MH+0x00000001009b9800'
Event: 373.337 Thread 0x000001897e25e8b0 Unloading class 0x00000001009b9400 'java/lang/invoke/LambdaForm$MH+0x00000001009b9400'
Event: 373.337 Thread 0x000001897e25e8b0 Unloading class 0x00000001009b9000 'java/lang/invoke/LambdaForm$MH+0x00000001009b9000'
Event: 373.337 Thread 0x000001897e25e8b0 Unloading class 0x00000001009b8c00 'java/lang/invoke/LambdaForm$MH+0x00000001009b8c00'
Event: 373.337 Thread 0x000001897e25e8b0 Unloading class 0x00000001009b8800 'java/lang/invoke/LambdaForm$MH+0x00000001009b8800'
Event: 373.337 Thread 0x000001897e25e8b0 Unloading class 0x00000001009b8400 'java/lang/invoke/LambdaForm$MH+0x00000001009b8400'
Event: 373.337 Thread 0x000001897e25e8b0 Unloading class 0x00000001009b8000 'java/lang/invoke/LambdaForm$MH+0x00000001009b8000'
Event: 373.337 Thread 0x000001897e25e8b0 Unloading class 0x00000001009a8c00 'java/lang/invoke/LambdaForm$MH+0x00000001009a8c00'
Event: 373.337 Thread 0x000001897e25e8b0 Unloading class 0x000000010039c400 'java/lang/invoke/LambdaForm$MH+0x000000010039c400'
Event: 373.337 Thread 0x000001897e25e8b0 Unloading class 0x0000000100355400 'java/lang/invoke/LambdaForm$MH+0x0000000100355400'
Event: 373.337 Thread 0x000001897e25e8b0 Unloading class 0x0000000100355000 'java/lang/invoke/LambdaForm$MH+0x0000000100355000'
Event: 373.337 Thread 0x000001897e25e8b0 Unloading class 0x000000010008b800 'java/lang/invoke/LambdaForm$MH+0x000000010008b800'
Event: 373.337 Thread 0x000001897e25e8b0 Unloading class 0x000000010008b400 'java/lang/invoke/LambdaForm$MH+0x000000010008b400'
Event: 373.337 Thread 0x000001897e25e8b0 Unloading class 0x000000010008b000 'java/lang/invoke/LambdaForm$MH+0x000000010008b000'
Event: 373.337 Thread 0x000001897e25e8b0 Unloading class 0x000000010008ac00 'java/lang/invoke/LambdaForm$MH+0x000000010008ac00'
Event: 373.337 Thread 0x000001897e25e8b0 Unloading class 0x000000010008a800 'java/lang/invoke/LambdaForm$MH+0x000000010008a800'
Event: 373.337 Thread 0x000001897e25e8b0 Unloading class 0x000000010008a400 'java/lang/invoke/LambdaForm$MH+0x000000010008a400'
Event: 373.337 Thread 0x000001897e25e8b0 Unloading class 0x0000000100088400 'java/lang/invoke/LambdaForm$MH+0x0000000100088400'

Classes redefined (0 events):
No events

Internal exceptions (20 events):
Event: 145.813 Thread 0x00000189102fc360 Exception <a 'sun/nio/fs/WindowsException'{0x00000000f9fcab08}> (0x00000000f9fcab08) 
thrown [s\src\hotspot\share\prims\jni.cpp, line 516]
Event: 145.813 Thread 0x00000189102fc360 Exception <a 'sun/nio/fs/WindowsException'{0x00000000f9fcae60}> (0x00000000f9fcae60) 
thrown [s\src\hotspot\share\prims\jni.cpp, line 516]
Event: 145.816 Thread 0x00000189102fc360 Exception <a 'sun/nio/fs/WindowsException'{0x00000000f9ffb6b8}> (0x00000000f9ffb6b8) 
thrown [s\src\hotspot\share\prims\jni.cpp, line 516]
Event: 145.816 Thread 0x00000189102fc360 Exception <a 'sun/nio/fs/WindowsException'{0x00000000f9ffb9d8}> (0x00000000f9ffb9d8) 
thrown [s\src\hotspot\share\prims\jni.cpp, line 516]
Event: 145.816 Thread 0x00000189102fc360 Exception <a 'sun/nio/fs/WindowsException'{0x00000000f9ffc8e8}> (0x00000000f9ffc8e8) 
thrown [s\src\hotspot\share\prims\jni.cpp, line 516]
Event: 145.816 Thread 0x00000189102fc360 Exception <a 'sun/nio/fs/WindowsException'{0x00000000f9ffcc18}> (0x00000000f9ffcc18) 
thrown [s\src\hotspot\share\prims\jni.cpp, line 516]
Event: 145.818 Thread 0x00000189102fc360 Exception <a 'sun/nio/fs/WindowsException'{0x00000000f9e1df48}> (0x00000000f9e1df48) 
thrown [s\src\hotspot\share\prims\jni.cpp, line 516]
Event: 145.818 Thread 0x00000189102fc360 Exception <a 'sun/nio/fs/WindowsException'{0x00000000f9e1e260}> (0x00000000f9e1e260) 
thrown [s\src\hotspot\share\prims\jni.cpp, line 516]
Event: 145.818 Thread 0x00000189102fc360 Exception <a 'sun/nio/fs/WindowsException'{0x00000000f9e1f160}> (0x00000000f9e1f160) 
thrown [s\src\hotspot\share\prims\jni.cpp, line 516]
Event: 145.819 Thread 0x00000189102fc360 Exception <a 'sun/nio/fs/WindowsException'{0x00000000f9e1f490}> (0x00000000f9e1f490) 
thrown [s\src\hotspot\share\prims\jni.cpp, line 516]
Event: 145.823 Thread 0x00000189102fc360 Exception <a 'sun/nio/fs/WindowsException'{0x00000000f9e56738}> (0x00000000f9e56738) 
thrown [s\src\hotspot\share\prims\jni.cpp, line 516]
Event: 145.823 Thread 0x00000189102fc360 Exception <a 'sun/nio/fs/WindowsException'{0x00000000f9e56a68}> (0x00000000f9e56a68) 
thrown [s\src\hotspot\share\prims\jni.cpp, line 516]
Event: 145.823 Thread 0x00000189102fc360 Exception <a 'sun/nio/fs/WindowsException'{0x00000000f9e57ee0}> (0x00000000f9e57ee0) 
thrown [s\src\hotspot\share\prims\jni.cpp, line 516]
Event: 145.824 Thread 0x00000189102fc360 Exception <a 'sun/nio/fs/WindowsException'{0x00000000f9e58238}> (0x00000000f9e58238) 
thrown [s\src\hotspot\share\prims\jni.cpp, line 516]
Event: 145.826 Thread 0x00000189102fc360 Exception <a 'sun/nio/fs/WindowsException'{0x00000000f9e80700}> (0x00000000f9e80700) 
thrown [s\src\hotspot\share\prims\jni.cpp, line 516]
Event: 145.826 Thread 0x00000189102fc360 Exception <a 'sun/nio/fs/WindowsException'{0x00000000f9e80a88}> (0x00000000f9e80a88) 
thrown [s\src\hotspot\share\prims\jni.cpp, line 516]
Event: 145.827 Thread 0x00000189102fc360 Exception <a 'sun/nio/fs/WindowsException'{0x00000000f9e81f00}> (0x00000000f9e81f00) 
thrown [s\src\hotspot\share\prims\jni.cpp, line 516]
Event: 145.827 Thread 0x00000189102fc360 Exception <a 'sun/nio/fs/WindowsException'{0x00000000f9e82250}> (0x00000000f9e82250) 
thrown [s\src\hotspot\share\prims\jni.cpp, line 516]
Event: 180.284 Thread 0x000001890fe8c500 Exception <a 'java/lang/NoSuchMethodError'{0x00000000f9c97168}: 'void java.lang.invoke.DirectMethodHandle$Holder.invokeStatic(java.lang.Object, long)'> (0x00000000f9c97168) 
thrown [s\src\hotspot\share\interpreter\linkResolver.cpp, line 759]
Event: 180.286 Thread 0x000001890fe8c500 Exception <a 'java/lang/NoSuchMethodError'{0x00000000f9c9c690}: 'java.lang.Object java.lang.invoke.DirectMethodHandle$Holder.newInvokeSpecial(java.lang.Object, long)'> (0x00000000f9c9c690) 
thrown [s\src\hotspot\share\interpreter\linkResolver.cpp, line 759]

VM Operations (20 events):
Event: 415.908 Executing VM operation: G1CollectFull done
Event: 426.381 Executing VM operation: G1CollectFull
Event: 426.499 Executing VM operation: G1CollectFull done
Event: 438.313 Executing VM operation: G1CollectFull
Event: 438.447 Executing VM operation: G1CollectFull done
Event: 449.707 Executing VM operation: G1CollectFull
Event: 449.863 Executing VM operation: G1CollectFull done
Event: 460.199 Executing VM operation: G1CollectFull
Event: 460.330 Executing VM operation: G1CollectFull done
Event: 470.664 Executing VM operation: G1CollectFull
Event: 470.768 Executing VM operation: G1CollectFull done
Event: 481.081 Executing VM operation: G1CollectFull
Event: 481.187 Executing VM operation: G1CollectFull done
Event: 491.484 Executing VM operation: G1CollectFull
Event: 491.582 Executing VM operation: G1CollectFull done
Event: 501.836 Executing VM operation: G1CollectFull
Event: 501.981 Executing VM operation: G1CollectFull done
Event: 512.216 Executing VM operation: G1CollectFull
Event: 512.315 Executing VM operation: G1CollectFull done
Event: 522.725 Executing VM operation: G1CollectFull

Events (20 events):
Event: 180.316 Thread 0x000001890a7a83e0 flushing nmethod 0x00000189039bdc10
Event: 180.316 Thread 0x000001890a7a83e0 flushing nmethod 0x00000189039c5e90
Event: 180.316 Thread 0x000001890a7a83e0 flushing nmethod 0x00000189039c9490
Event: 180.317 Thread 0x000001890a7a83e0 flushing nmethod 0x0000018903ab0e10
Event: 180.317 Thread 0x000001890a7a83e0 flushing nmethod 0x0000018903abb110
Event: 180.318 Thread 0x000001890a7a83e0 flushing nmethod 0x0000018903b64090
Event: 180.318 Thread 0x000001890a7a83e0 flushing nmethod 0x0000018903b70810
Event: 180.318 Thread 0x000001890a7a83e0 flushing nmethod 0x0000018903b94b10
Event: 180.318 Thread 0x000001890a7a83e0 flushing nmethod 0x0000018903b97a90
Event: 180.319 Thread 0x000001890a7a83e0 flushing nmethod 0x0000018903c12310
Event: 180.319 Thread 0x000001890a7a83e0 flushing nmethod 0x0000018903c2c810
Event: 180.320 Thread 0x000001890a7a83e0 flushing nmethod 0x0000018903c3d090
Event: 180.320 Thread 0x000001890a7a83e0 flushing nmethod 0x0000018903c5d710
Event: 180.320 Thread 0x000001890a7a83e0 flushing nmethod 0x0000018903c7c290
Event: 238.844 Thread 0x00000189102f7660 Thread exited: 0x00000189102f7660
Event: 298.857 Thread 0x00000189102f6320 Thread exited: 0x00000189102f6320
Event: 325.462 Thread 0x00000189102fb9c0 Thread added: 0x00000189102fb9c0
Event: 325.482 Thread 0x00000189102f8e70 Thread added: 0x00000189102f8e70
Event: 385.626 Thread 0x00000189102f8e70 Thread exited: 0x00000189102f8e70
Event: 385.626 Thread 0x00000189102fb9c0 Thread exited: 0x00000189102fb9c0


Dynamic libraries:
0x00007ff6e9a80000 - 0x00007ff6e9a8e000 	c:\Users\frank\.vscode\extensions\redhat.java-1.18.0-win32-x64\jre\17.0.7-win32-x86_64\bin\java.exe
0x00007fffed710000 - 0x00007fffed908000 	C:\Windows\SYSTEM32\ntdll.dll
0x00007fffec130000 - 0x00007fffec1ef000 	C:\Windows\System32\KERNEL32.DLL
0x00007fffeaef0000 - 0x00007fffeb1e6000 	C:\Windows\System32\KERNELBASE.dll
0x00007fffeadf0000 - 0x00007fffeaef0000 	C:\Windows\System32\ucrtbase.dll
0x00007fffddba0000 - 0x00007fffddbb7000 	c:\Users\frank\.vscode\extensions\redhat.java-1.18.0-win32-x64\jre\17.0.7-win32-x86_64\bin\jli.dll
0x00007fffebe20000 - 0x00007fffebfbd000 	C:\Windows\System32\USER32.dll
0x00007fffeb530000 - 0x00007fffeb552000 	C:\Windows\System32\win32u.dll
0x00007fffebdf0000 - 0x00007fffebe1c000 	C:\Windows\System32\GDI32.dll
0x00007fffeb330000 - 0x00007fffeb445000 	C:\Windows\System32\gdi32full.dll
0x00007fffeb220000 - 0x00007fffeb2bd000 	C:\Windows\System32\msvcp_win.dll
0x00007fffceda0000 - 0x00007fffcedb9000 	c:\Users\frank\.vscode\extensions\redhat.java-1.18.0-win32-x64\jre\17.0.7-win32-x86_64\bin\VCRUNTIME140.dll
0x00007fffd8ae0000 - 0x00007fffd8d7a000 	C:\Windows\WinSxS\amd64_microsoft.windows.common-controls_6595b64144ccf1df_6.0.19041.1110_none_60b5254171f9507e\COMCTL32.dll
0x00007fffec5c0000 - 0x00007fffec65e000 	C:\Windows\System32\msvcrt.dll
0x00007fffebdc0000 - 0x00007fffebdf0000 	C:\Windows\System32\IMM32.DLL
0x00007fffcf6f0000 - 0x00007fffcf6fc000 	c:\Users\frank\.vscode\extensions\redhat.java-1.18.0-win32-x64\jre\17.0.7-win32-x86_64\bin\vcruntime140_1.dll
0x00007fffa7c40000 - 0x00007fffa7cd1000 	c:\Users\frank\.vscode\extensions\redhat.java-1.18.0-win32-x64\jre\17.0.7-win32-x86_64\bin\msvcp140.dll
0x00007fff9ae80000 - 0x00007fff9bac8000 	c:\Users\frank\.vscode\extensions\redhat.java-1.18.0-win32-x64\jre\17.0.7-win32-x86_64\bin\server\jvm.dll
0x00007fffebbe0000 - 0x00007fffebc8f000 	C:\Windows\System32\ADVAPI32.dll
0x00007fffed510000 - 0x00007fffed5ac000 	C:\Windows\System32\sechost.dll
0x00007fffeb780000 - 0x00007fffeb8a6000 	C:\Windows\System32\RPCRT4.dll
0x00007fffdfc90000 - 0x00007fffdfc99000 	C:\Windows\SYSTEM32\WSOCK32.dll
0x00007fffebd50000 - 0x00007fffebdbb000 	C:\Windows\System32\WS2_32.dll
0x00007fffd4e50000 - 0x00007fffd4e77000 	C:\Windows\SYSTEM32\WINMM.dll
0x00007fffdad00000 - 0x00007fffdad0a000 	C:\Windows\SYSTEM32\VERSION.dll
0x00007fffe9600000 - 0x00007fffe9612000 	C:\Windows\SYSTEM32\kernel.appcore.dll
0x00007fffc6e20000 - 0x00007fffc6e2a000 	c:\Users\frank\.vscode\extensions\redhat.java-1.18.0-win32-x64\jre\17.0.7-win32-x86_64\bin\jimage.dll
0x00007fffe1c10000 - 0x00007fffe1df4000 	C:\Windows\SYSTEM32\DBGHELP.DLL
0x00007fffe1ba0000 - 0x00007fffe1bd4000 	C:\Windows\SYSTEM32\dbgcore.DLL
0x00007fffeb450000 - 0x00007fffeb4d2000 	C:\Windows\System32\bcryptPrimitives.dll
0x00007fffbdbc0000 - 0x00007fffbdbe5000 	c:\Users\frank\.vscode\extensions\redhat.java-1.18.0-win32-x64\jre\17.0.7-win32-x86_64\bin\java.dll
0x00007fffc3010000 - 0x00007fffc3028000 	c:\Users\frank\.vscode\extensions\redhat.java-1.18.0-win32-x64\jre\17.0.7-win32-x86_64\bin\zip.dll
0x00007fffec660000 - 0x00007fffecda4000 	C:\Windows\System32\SHELL32.dll
0x00007fffe8ca0000 - 0x00007fffe9433000 	C:\Windows\SYSTEM32\windows.storage.dll
0x00007fffec260000 - 0x00007fffec5b4000 	C:\Windows\System32\combase.dll
0x00007fffea690000 - 0x00007fffea6be000 	C:\Windows\SYSTEM32\Wldp.dll
0x00007fffeb8b0000 - 0x00007fffeb95d000 	C:\Windows\System32\SHCORE.dll
0x00007fffec1f0000 - 0x00007fffec245000 	C:\Windows\System32\shlwapi.dll
0x00007fffead30000 - 0x00007fffead4f000 	C:\Windows\SYSTEM32\profapi.dll
0x00007fffc2fb0000 - 0x00007fffc2fc9000 	C:\Users\frank\.vscode\extensions\redhat.java-1.18.0-win32-x64\jre\17.0.7-win32-x86_64\bin\net.dll
0x00007fffdf250000 - 0x00007fffdf35a000 	C:\Windows\SYSTEM32\WINHTTP.dll
0x00007fffea470000 - 0x00007fffea4da000 	C:\Windows\system32\mswsock.dll
0x00007fffc2880000 - 0x00007fffc2895000 	C:\Users\frank\.vscode\extensions\redhat.java-1.18.0-win32-x64\jre\17.0.7-win32-x86_64\bin\nio.dll
0x00007fffeaa70000 - 0x00007fffeaa88000 	C:\Windows\SYSTEM32\CRYPTSP.dll
0x00007fffe9db0000 - 0x00007fffe9de4000 	C:\Windows\system32\rsaenh.dll
0x00007fffeb1f0000 - 0x00007fffeb217000 	C:\Windows\System32\bcrypt.dll
0x00007fffeacb0000 - 0x00007fffeacde000 	C:\Windows\SYSTEM32\USERENV.dll
0x00007fffea600000 - 0x00007fffea60c000 	C:\Windows\SYSTEM32\CRYPTBASE.dll
0x00007fffea180000 - 0x00007fffea1bc000 	C:\Windows\SYSTEM32\IPHLPAPI.DLL
0x00007fffeb770000 - 0x00007fffeb778000 	C:\Windows\System32\NSI.dll
0x00007fffe04e0000 - 0x00007fffe04f7000 	C:\Windows\SYSTEM32\dhcpcsvc6.DLL
0x00007fffe04c0000 - 0x00007fffe04dd000 	C:\Windows\SYSTEM32\dhcpcsvc.DLL
0x00007fffea1c0000 - 0x00007fffea28b000 	C:\Windows\SYSTEM32\DNSAPI.dll
0x00007fffcf6e0000 - 0x00007fffcf6e9000 	C:\Users\frank\.vscode\extensions\redhat.java-1.18.0-win32-x64\jre\17.0.7-win32-x86_64\bin\management.dll
0x00007fffc0460000 - 0x00007fffc046b000 	C:\Users\frank\.vscode\extensions\redhat.java-1.18.0-win32-x64\jre\17.0.7-win32-x86_64\bin\management_ext.dll
0x00007fffec250000 - 0x00007fffec258000 	C:\Windows\System32\PSAPI.DLL
0x00007fffc0490000 - 0x00007fffc049e000 	C:\Users\frank\.vscode\extensions\redhat.java-1.18.0-win32-x64\jre\17.0.7-win32-x86_64\bin\sunmscapi.dll
0x00007fffeb560000 - 0x00007fffeb6be000 	C:\Windows\System32\CRYPT32.dll
0x00007fffea700000 - 0x00007fffea728000 	C:\Windows\SYSTEM32\ncrypt.dll
0x00007fffea6c0000 - 0x00007fffea6fb000 	C:\Windows\SYSTEM32\NTASN1.dll
0x00007fffded70000 - 0x00007fffded7a000 	C:\Windows\System32\rasadhlp.dll
0x00007fffdee00000 - 0x00007fffdee82000 	C:\Windows\System32\fwpuclnt.dll
0x000000006c500000 - 0x000000006c5c7000 	C:\Users\frank\AppData\Local\Temp\snappy-1.1.8-f10601aa-8a39-46bb-915b-09ec1b7be85f-snappyjava.dll
0x00007fffc25d0000 - 0x00007fffc25e0000 	c:\Users\frank\.vscode\extensions\redhat.java-1.18.0-win32-x64\jre\17.0.7-win32-x86_64\bin\verify.dll

dbghelp: loaded successfully - version: 4.0.5 - missing functions: none
symbol engine: initialized successfully - sym options: 0x614 - pdb path: .;c:\Users\frank\.vscode\extensions\redhat.java-1.18.0-win32-x64\jre\17.0.7-win32-x86_64\bin;C:\Windows\SYSTEM32;C:\Windows\WinSxS\amd64_microsoft.windows.common-controls_6595b64144ccf1df_6.0.19041.1110_none_60b5254171f9507e;c:\Users\frank\.vscode\extensions\redhat.java-1.18.0-win32-x64\jre\17.0.7-win32-x86_64\bin\server;C:\Users\frank\AppData\Local\Temp

VM Arguments:
jvm_args: -XX:+HeapDumpOnOutOfMemoryError -Xmx1024m -Dsts.lsp.client=vscode -Dsts.log.file=/dev/null -XX:TieredStopAtLevel=1 -Xlog:jni+resolve=off -Dspring.config.location=file:c:\Users\frank\.vscode\extensions\vmware.vscode-spring-boot-1.46.0\language-server\BOOT-INF\classes\application.properties 
java_command: org.springframework.ide.vscode.boot.app.BootLanguageServerBootApp
java_class_path (initial): c:\Users\frank\.vscode\extensions\vmware.vscode-spring-boot-1.46.0\language-server\BOOT-INF\classes;c:\Users\frank\.vscode\extensions\vmware.vscode-spring-boot-1.46.0\language-server\BOOT-INF\lib\annotations-24.0.1.jar;c:\Users\frank\.vscode\extensions\vmware.vscode-spring-boot-1.46.0\language-server\BOOT-INF\lib\antlr-runtime-3.5.3.jar;c:\Users\frank\.vscode\extensions\vmware.vscode-spring-boot-1.46.0\language-server\BOOT-INF\lib\antlr4-4.11.1.jar;c:\Users\frank\.vscode\extensions\vmware.vscode-spring-boot-1.46.0\language-server\BOOT-INF\lib\antlr4-runtime-4.11.1.jar;c:\Users\frank\.vscode\extensions\vmware.vscode-spring-boot-1.46.0\language-server\BOOT-INF\lib\asm-9.5.jar;c:\Users\frank\.vscode\extensions\vmware.vscode-spring-boot-1.46.0\language-server\BOOT-INF\lib\asm-analysis-9.5.jar;c:\Users\frank\.vscode\extensions\vmware.vscode-spring-boot-1.46.0\language-server\BOOT-INF\lib\asm-tree-9.5.jar;c:\Users\frank\.vscode\extensions\vmware.vscode-spring-boot-1.46.0\language-server\BOOT-INF\lib\asm-util-9.5.jar;c:\Users\frank\.vscode\extensions\vmware.vscode-spring-boot-1.46.0\language-server\BOOT-INF\lib\caffeine-3.1.2.jar;c:\Users\frank\.vscode\extensions\vmware.vscode-spring-boot-1.46.0\language-server\BOOT-INF\lib\checker-qual-3.12.0.jar;c:\Users\frank\.vscode\extensions\vmware.vscode-spring-boot-1.46.0\language-server\BOOT-INF\lib\classgraph-4.8.149.jar;c:\Users\frank\.vscode\extensions\vmware.vscode-spring-boot-1.46.0\language-server\BOOT-INF\lib\commons-codec-1.15.jar;c:\Users\frank\.vscode\extensions\vmware.vscode-spring-boot-1.46.0\language-server\BOOT-INF\lib\commons-compress-1.23.0.jar;c:\Users\frank\.vscode\extensions\vmware.vscode-spring-boot-1.46.0\language-server\BOOT-INF\lib\commons-io-2.4.jar;c:\Users\frank\.vscode\extensions\vmware.vscode-spring-boot-1.46.0\language-server\BOOT-INF\lib\commons-java-1.46.0-SNAPSHOT.jar;c:\Users\frank\.vscode\extensions\vmware.vscode-spring-boot-1.46.0\language-server\BOOT-INF\lib\commons-
Launcher Type: SUN_STANDARD

[Global flags]
     intx CICompilerCount                          = 3                                         {product} {ergonomic}
     uint ConcGCThreads                            = 1                                         {product} {ergonomic}
     uint G1ConcRefinementThreads                  = 4                                         {product} {ergonomic}
   size_t G1HeapRegionSize                         = 1048576                                   {product} {ergonomic}
    uintx GCDrainStackTargetSize                   = 64                                        {product} {ergonomic}
     bool HeapDumpOnOutOfMemoryError               = true                                   {manageable} {command line}
   size_t InitialHeapSize                          = 60817408                                  {product} {ergonomic}
   size_t MarkStackSize                            = 4194304                                   {product} {ergonomic}
   size_t MaxHeapSize                              = 1073741824                                {product} {command line}
   size_t MaxNewSize                               = 643825664                                 {product} {ergonomic}
   size_t MinHeapDeltaBytes                        = 1048576                                   {product} {ergonomic}
   size_t MinHeapSize                              = 8388608                                   {product} {ergonomic}
    uintx NonProfiledCodeHeapSize                  = 0                                      {pd product} {ergonomic}
     bool ProfileInterpreter                       = false                                  {pd product} {command line}
    uintx ProfiledCodeHeapSize                     = 0                                      {pd product} {ergonomic}
   size_t SoftMaxHeapSize                          = 1073741824                             {manageable} {ergonomic}
     intx TieredStopAtLevel                        = 1                                         {product} {command line}
     bool UseCompressedClassPointers               = true                           {product lp64_product} {ergonomic}
     bool UseCompressedOops                        = true                           {product lp64_product} {ergonomic}
     bool UseG1GC                                  = true                                      {product} {ergonomic}
     bool UseLargePagesIndividualAllocation        = false                                  {pd product} {ergonomic}

Logging:
Log output configuration:
 #0: stdout all=warning,jni+resolve=off uptime,level,tags
 #1: stderr all=off uptime,level,tags

Environment Variables:
JAVA_HOME=C:\Program Files\Java\jdk-19
PATH=C:\Program Files\Common Files\Oracle\Java\javapath;C:\Program Files (x86)\Common Files\Oracle\Java\javapath;C:\app\frank\product\21c\dbhomeXE\bin;C:\Windows\system32;C:\Windows;C:\Windows\System32\Wbem;C:\Windows\System32\WindowsPowerShell\v1.0\;C:\Windows\System32\OpenSSH\;C:\xampp\php;C:\composer;C:\Program Files\wureset;C:\Users\frank\AppData\Local\Android\Sdk\platform-tools;C:\ProgramData\chocolatey\bin;C:\Program Files (x86)\Microchip\MPLAB C32 Suite\bin;C:\Program Files\Maven\apache-maven-3.9.1\bin;C:\Program Files\Java\jdk-19\bin;C:\Program Files\nodejs\;C:\Program Files\Git\cmd;C:\Program Files\Docker\Docker\resources\bin;C:\Users\frank\AppData\Local\Microsoft\WindowsApps;C:\Users\frank\AppData\Local\Programs\Microsoft VS Code\bin;C:\Users\frank\AppData\Roaming\Composer\vendor\bin;C:\Users\frank\AppData\Roaming\npm;
USERNAME=frank
OS=Windows_NT
PROCESSOR_IDENTIFIER=Intel64 Family 6 Model 58 Stepping 9, GenuineIntel
TMP=C:\Users\frank\AppData\Local\Temp
TEMP=C:\Users\frank\AppData\Local\Temp



---------------  S Y S T E M  ---------------

OS:
 Windows 10 , 64 bit Build 19041 (10.0.19041.2913)
OS uptime: 0 days 22:33 hours
Hyper-V role detected

CPU: total 4 (initial active 4) (2 cores per cpu, 2 threads per core) family 6 model 58 stepping 9 microcode 0x21, cx8, cmov, fxsr, ht, mmx, sse, sse2, sse3, ssse3, sse4.1, sse4.2, popcnt, tsc, tscinvbit, avx, erms, clmul, vzeroupper, clflush, hv

Memory: 4k page, system-wide physical 3659M (252M free)
TotalPageFile size 11851M (AvailPageFile size 8M)
current process WorkingSet (physical memory assigned to process): 128M, peak: 774M
current process commit charge ("private bytes"): 467M, peak: 1209M

vm_info: OpenJDK 64-Bit Server VM (17.0.7+7) for windows-amd64 JRE (17.0.7+7), built on Apr 18 2023 22:10:42 by "temurin" with MS VC++ 16.7 (VS2019)

END.
