#
# There is insufficient memory for the Java Runtime Environment to continue.
# Native memory allocation (malloc) failed to allocate 1048576 bytes for AllocateHeap
# Possible reasons:
#   The system is out of physical RAM or swap space
#   The process is running with CompressedOops enabled, and the Java Heap may be blocking the growth of the native heap
# Possible solutions:
#   Reduce memory load on the system
#   Increase physical memory or swap space
#   Check if swap backing store is full
#   Decrease Java heap size (-Xmx/-Xms)
#   Decrease number of Java threads
#   Decrease Java thread stack sizes (-Xss)
#   Set larger code cache with -XX:ReservedCodeCacheSize=
#   JVM is running with Unscaled Compressed Oops mode in which the Java heap is
#     placed in the first 4GB address space. The Java Heap base address is the
#     maximum limit for the native heap growth. Please use -XX:HeapBaseMinAddress
#     to set the Java Heap base and to place the Java Heap above 4GB virtual address.
# This output file may be truncated or incomplete.
#
#  Out of Memory Error (allocation.cpp:44), pid=11180, tid=13180
#
# JRE version: OpenJDK Runtime Environment Temurin-17.0.7+7 (17.0.7+7) (build 17.0.7+7)
# Java VM: OpenJDK 64-Bit Server VM Temurin-17.0.7+7 (17.0.7+7, mixed mode, emulated-client, tiered, compressed oops, compressed class ptrs, g1 gc, windows-amd64)
# No core dump will be written. Minidumps are not enabled by default on client versions of Windows
#

---------------  S U M M A R Y ------------

Command Line: -XX:+HeapDumpOnOutOfMemoryError -Xmx1024m -Dsts.lsp.client=vscode -Dsts.log.file=/dev/null -XX:TieredStopAtLevel=1 -Xlog:jni+resolve=off -Dspring.config.location=file:c:\Users\frank\.vscode\extensions\vmware.vscode-spring-boot-1.46.0\language-server\BOOT-INF\classes\application.properties org.springframework.ide.vscode.boot.app.BootLanguageServerBootApp

Host: Intel(R) Core(TM) i5-3230M CPU @ 2.60GHz, 4 cores, 3G,  Windows 10 , 64 bit Build 19041 (10.0.19041.2913)
Time: Mon May  8 19:07:58 2023 Hora est. Pacífico, Sudamérica elapsed time: 621.050396 seconds (0d 0h 10m 21s)

---------------  T H R E A D  ---------------

Current thread (0x0000025a7c42e900):  VMThread "VM Thread" [stack: 0x000000b27e100000,0x000000b27e200000] [id=13180]

Stack: [0x000000b27e100000,0x000000b27e200000]
Native frames: (J=compiled Java code, j=interpreted, Vv=VM code, C=native code)
V  [jvm.dll+0x67754a]
V  [jvm.dll+0x834304]
V  [jvm.dll+0x835aae]
V  [jvm.dll+0x836113]
V  [jvm.dll+0x24696f]
V  [jvm.dll+0xa681f]
V  [jvm.dll+0x2f73f3]
V  [jvm.dll+0x2f30f0]
V  [jvm.dll+0x2db6c7]
V  [jvm.dll+0x31e777]
V  [jvm.dll+0x83a5bb]
V  [jvm.dll+0x83b2f4]
V  [jvm.dll+0x83b80c]
V  [jvm.dll+0x83bbe4]
V  [jvm.dll+0x83bcb0]
V  [jvm.dll+0x7e4e7a]
V  [jvm.dll+0x676395]
C  [ucrtbase.dll+0x21bb2]
C  [KERNEL32.DLL+0x17614]
C  [ntdll.dll+0x526a1]

VM_Operation (0x000000b27f3fed10): G1CollectFull, mode: safepoint, requested by thread 0x0000025a0d005310


---------------  P R O C E S S  ---------------

Threads class SMR info:
_java_thread_list=0x0000025a0e343950, length=18, elements={
0x0000025a7fc5f750, 0x0000025a7fc604d0, 0x0000025a7fc9b130, 0x0000025a7fc9fec0,
0x0000025a7fca38a0, 0x0000025a7fca4160, 0x0000025a7fca4ad0, 0x0000025a7fca73e0,
0x0000025a0d1a0d50, 0x0000025a0d1a2670, 0x0000025a0db8e310, 0x0000025a0e125740,
0x0000025a0d005310, 0x0000025a0dba6150, 0x0000025a7c3615e0, 0x0000025a0e1ecac0,
0x0000025a0e13f6c0, 0x0000025a0e13fb90
}

Java Threads: ( => current thread )
  0x0000025a7fc5f750 JavaThread "Reference Handler" daemon [_thread_blocked, id=13272, stack(0x000000b27e200000,0x000000b27e300000)]
  0x0000025a7fc604d0 JavaThread "Finalizer" daemon [_thread_blocked, id=2988, stack(0x000000b27e300000,0x000000b27e400000)]
  0x0000025a7fc9b130 JavaThread "Signal Dispatcher" daemon [_thread_blocked, id=14528, stack(0x000000b27e400000,0x000000b27e500000)]
  0x0000025a7fc9fec0 JavaThread "Attach Listener" daemon [_thread_blocked, id=12756, stack(0x000000b27e500000,0x000000b27e600000)]
  0x0000025a7fca38a0 JavaThread "Service Thread" daemon [_thread_blocked, id=12388, stack(0x000000b27e600000,0x000000b27e700000)]
  0x0000025a7fca4160 JavaThread "Monitor Deflation Thread" daemon [_thread_blocked, id=15628, stack(0x000000b27e700000,0x000000b27e800000)]
  0x0000025a7fca4ad0 JavaThread "C1 CompilerThread0" daemon [_thread_blocked, id=2648, stack(0x000000b27e800000,0x000000b27e900000)]
  0x0000025a7fca73e0 JavaThread "Sweeper thread" daemon [_thread_blocked, id=14764, stack(0x000000b27e900000,0x000000b27ea00000)]
  0x0000025a0d1a0d50 JavaThread "Notification Thread" daemon [_thread_blocked, id=10140, stack(0x000000b27ea00000,0x000000b27eb00000)]
  0x0000025a0d1a2670 JavaThread "Common-Cleaner" daemon [_thread_blocked, id=4988, stack(0x000000b27ec00000,0x000000b27ed00000)]
  0x0000025a0db8e310 JavaThread "boundedElastic-evictor-1" daemon [_thread_blocked, id=13576, stack(0x000000b27f100000,0x000000b27f200000)]
  0x0000025a0e125740 JavaThread "boundedElastic-evictor-2" daemon [_thread_blocked, id=10804, stack(0x000000b27f200000,0x000000b27f300000)]
  0x0000025a0d005310 JavaThread "pool-10-thread-1" [_thread_blocked, id=11076, stack(0x000000b27f300000,0x000000b27f400000)]
  0x0000025a0dba6150 JavaThread "LanguageServerApp-lifecycle" [_thread_blocked, id=16960, stack(0x000000b27f400000,0x000000b27f500000)]
  0x0000025a7c3615e0 JavaThread "DestroyJavaVM" [_thread_blocked, id=9528, stack(0x000000b27da00000,0x000000b27db00000)]
  0x0000025a0e1ecac0 JavaThread "pool-11-thread-1" [_thread_in_native, id=3524, stack(0x000000b27f500000,0x000000b27f600000)]
  0x0000025a0e13f6c0 JavaThread "Simple-Language-Server main thread" daemon [_thread_blocked, id=15252, stack(0x000000b27f600000,0x000000b27f700000)]
  0x0000025a0e13fb90 JavaThread "pool-6-thread-1" [_thread_blocked, id=11992, stack(0x000000b27f700000,0x000000b27f800000)]

Other Threads:
=>0x0000025a7c42e900 VMThread "VM Thread" [stack: 0x000000b27e100000,0x000000b27e200000] [id=13180]
  0x0000025a0d1a1220 WatcherThread [stack: 0x000000b27eb00000,0x000000b27ec00000] [id=14432]
  0x0000025a7c3a1190 GCTaskThread "GC Thread#0" [stack: 0x000000b27dc00000,0x000000b27dd00000] [id=13540]
  0x0000025a0d8e6540 GCTaskThread "GC Thread#1" [stack: 0x000000b27ee00000,0x000000b27ef00000] [id=3004]
  0x0000025a0da58430 GCTaskThread "GC Thread#2" [stack: 0x000000b27ef00000,0x000000b27f000000] [id=17360]
  0x0000025a0db234a0 GCTaskThread "GC Thread#3" [stack: 0x000000b27f000000,0x000000b27f100000] [id=14140]
  0x0000025a7c3a9fe0 ConcurrentGCThread "G1 Main Marker" [stack: 0x000000b27dd00000,0x000000b27de00000] [id=4524]
  0x0000025a7c3aa900 ConcurrentGCThread "G1 Conc#0" [stack: 0x000000b27de00000,0x000000b27df00000] [id=11356]
  0x0000025a7c3e7600 ConcurrentGCThread "G1 Refine#0" [stack: 0x000000b27df00000,0x000000b27e000000] [id=13704]
  0x0000025a7c3e7f30 ConcurrentGCThread "G1 Service" [stack: 0x000000b27e000000,0x000000b27e100000] [id=12732]

Threads with active compile tasks:

VM state: at safepoint (normal execution)

VM Mutex/Monitor currently owned by a thread:  ([mutex/lock_event])
[0x0000025a7c26a4c0] Threads_lock - owner thread: 0x0000025a7c42e900
[0x0000025a7c35f630] Heap_lock - owner thread: 0x0000025a0d005310

Heap address: 0x00000000c0000000, size: 1024 MB, Compressed Oops mode: 32-bit

CDS archive(s) not mapped
Compressed class space mapped at: 0x0000000100000000-0x0000000140000000, reserved size: 1073741824
Narrow klass base: 0x0000000000000000, Narrow klass shift: 3, Narrow klass range: 0x140000000

GC Precious Log:
 CPUs: 4 total, 4 available
 Memory: 3659M
 Large Page Support: Disabled
 NUMA Support: Disabled
 Compressed Oops: Enabled (32-bit)
 Heap Region Size: 1M
 Heap Min Capacity: 8M
 Heap Initial Capacity: 58M
 Heap Max Capacity: 1G
 Pre-touch: Disabled
 Parallel Workers: 4
 Concurrent Workers: 1
 Concurrent Refinement Workers: 4
 Periodic GC: Disabled

Heap:
 garbage-first heap   total 45056K, used 13988K [0x00000000c0000000, 0x0000000100000000)
  region size 1024K, 1 young (1024K), 0 survivors (0K)
 Metaspace       used 34487K, committed 35008K, reserved 1114112K
  class space    used 4468K, committed 4672K, reserved 1048576K

Heap Regions: E=young(eden), S=young(survivor), O=old, HS=humongous(starts), HC=humongous(continues), CS=collection set, F=free, OA=open archive, CA=closed archive, TAMS=top-at-mark-start (previous, next)
|   0|0x00000000c0000000, 0x00000000c0100000, 0x00000000c0100000|100%| O|  |TAMS 0x00000000c0100000, 0x00000000c0000000| Untracked 
|   1|0x00000000c0100000, 0x00000000c01fcc30, 0x00000000c0200000| 98%| O|  |TAMS 0x00000000c01fcc30, 0x00000000c0100000| Untracked 
|   2|0x00000000c0200000, 0x00000000c0300000, 0x00000000c0300000|100%| O|  |TAMS 0x00000000c0300000, 0x00000000c0200000| Untracked 
|   3|0x00000000c0300000, 0x00000000c0400000, 0x00000000c0400000|100%| O|  |TAMS 0x00000000c0400000, 0x00000000c0300000| Untracked 
|   4|0x00000000c0400000, 0x00000000c0500000, 0x00000000c0500000|100%| O|  |TAMS 0x00000000c0500000, 0x00000000c0400000| Untracked 
|   5|0x00000000c0500000, 0x00000000c0600000, 0x00000000c0600000|100%| O|  |TAMS 0x00000000c0600000, 0x00000000c0500000| Untracked 
|   6|0x00000000c0600000, 0x00000000c0700000, 0x00000000c0700000|100%| O|  |TAMS 0x00000000c0700000, 0x00000000c0600000| Untracked 
|   7|0x00000000c0700000, 0x00000000c0800000, 0x00000000c0800000|100%| O|  |TAMS 0x00000000c0800000, 0x00000000c0700000| Untracked 
|   8|0x00000000c0800000, 0x00000000c08ffff8, 0x00000000c0900000| 99%| O|  |TAMS 0x00000000c08ffff8, 0x00000000c0800000| Untracked 
|   9|0x00000000c0900000, 0x00000000c0a00000, 0x00000000c0a00000|100%| O|  |TAMS 0x00000000c0a00000, 0x00000000c0900000| Untracked 
|  10|0x00000000c0a00000, 0x00000000c0affff0, 0x00000000c0b00000| 99%| O|  |TAMS 0x00000000c0affff0, 0x00000000c0a00000| Untracked 
|  11|0x00000000c0b00000, 0x00000000c0bfffa8, 0x00000000c0c00000| 99%| O|  |TAMS 0x00000000c0bfffa8, 0x00000000c0b00000| Untracked 
|  12|0x00000000c0c00000, 0x00000000c0cfffe8, 0x00000000c0d00000| 99%| O|  |TAMS 0x00000000c0cfffe8, 0x00000000c0c00000| Untracked 
|  13|0x00000000c0d00000, 0x00000000c0da7cd8, 0x00000000c0e00000| 65%| O|  |TAMS 0x00000000c0d00000, 0x00000000c0d00000| Untracked 
|  14|0x00000000c0e00000, 0x00000000c0e048c8, 0x00000000c0f00000|  1%| O|  |TAMS 0x00000000c0e00000, 0x00000000c0e00000| Untracked 
|  15|0x00000000c0f00000, 0x00000000c0f00000, 0x00000000c1000000|  0%| F|  |TAMS 0x00000000c0f00000, 0x00000000c0f00000| Untracked 
|  16|0x00000000c1000000, 0x00000000c1000000, 0x00000000c1100000|  0%| F|  |TAMS 0x00000000c1000000, 0x00000000c1000000| Untracked 
|  17|0x00000000c1100000, 0x00000000c1100000, 0x00000000c1200000|  0%| F|  |TAMS 0x00000000c1100000, 0x00000000c1100000| Untracked 
|  18|0x00000000c1200000, 0x00000000c1200000, 0x00000000c1300000|  0%| F|  |TAMS 0x00000000c1200000, 0x00000000c1200000| Untracked 
|  19|0x00000000c1300000, 0x00000000c1300000, 0x00000000c1400000|  0%| F|  |TAMS 0x00000000c1300000, 0x00000000c1300000| Untracked 
|  20|0x00000000c1400000, 0x00000000c1400000, 0x00000000c1500000|  0%| F|  |TAMS 0x00000000c1400000, 0x00000000c1400000| Untracked 
|  21|0x00000000c1500000, 0x00000000c1500000, 0x00000000c1600000|  0%| F|  |TAMS 0x00000000c1500000, 0x00000000c1500000| Untracked 
|  22|0x00000000c1600000, 0x00000000c1600000, 0x00000000c1700000|  0%| F|  |TAMS 0x00000000c1600000, 0x00000000c1600000| Untracked 
|  23|0x00000000c1700000, 0x00000000c1700000, 0x00000000c1800000|  0%| F|  |TAMS 0x00000000c1700000, 0x00000000c1700000| Untracked 
|  24|0x00000000c1800000, 0x00000000c1800000, 0x00000000c1900000|  0%| F|  |TAMS 0x00000000c1800000, 0x00000000c1800000| Untracked 
|  25|0x00000000c1900000, 0x00000000c1900000, 0x00000000c1a00000|  0%| F|  |TAMS 0x00000000c1900000, 0x00000000c1900000| Untracked 
|  26|0x00000000c1a00000, 0x00000000c1a00000, 0x00000000c1b00000|  0%| F|  |TAMS 0x00000000c1a00000, 0x00000000c1a00000| Untracked 
|  27|0x00000000c1b00000, 0x00000000c1b00000, 0x00000000c1c00000|  0%| F|  |TAMS 0x00000000c1b00000, 0x00000000c1b00000| Untracked 
|  28|0x00000000c1c00000, 0x00000000c1c00000, 0x00000000c1d00000|  0%| F|  |TAMS 0x00000000c1c00000, 0x00000000c1c00000| Untracked 
|  29|0x00000000c1d00000, 0x00000000c1d00000, 0x00000000c1e00000|  0%| F|  |TAMS 0x00000000c1d00000, 0x00000000c1d00000| Untracked 
|  30|0x00000000c1e00000, 0x00000000c1e00000, 0x00000000c1f00000|  0%| F|  |TAMS 0x00000000c1e00000, 0x00000000c1e00000| Untracked 
|  31|0x00000000c1f00000, 0x00000000c1f00000, 0x00000000c2000000|  0%| F|  |TAMS 0x00000000c1f00000, 0x00000000c1f00000| Untracked 
|  32|0x00000000c2000000, 0x00000000c2000000, 0x00000000c2100000|  0%| F|  |TAMS 0x00000000c2000000, 0x00000000c2000000| Untracked 
|  33|0x00000000c2100000, 0x00000000c2100000, 0x00000000c2200000|  0%| F|  |TAMS 0x00000000c2100000, 0x00000000c2100000| Untracked 
|  34|0x00000000c2200000, 0x00000000c2200000, 0x00000000c2300000|  0%| F|  |TAMS 0x00000000c2200000, 0x00000000c2200000| Untracked 
|  35|0x00000000c2300000, 0x00000000c2300000, 0x00000000c2400000|  0%| F|  |TAMS 0x00000000c2300000, 0x00000000c2300000| Untracked 
|  36|0x00000000c2400000, 0x00000000c2400000, 0x00000000c2500000|  0%| F|  |TAMS 0x00000000c2400000, 0x00000000c2400000| Untracked 
|  37|0x00000000c2500000, 0x00000000c2500000, 0x00000000c2600000|  0%| F|  |TAMS 0x00000000c2500000, 0x00000000c2500000| Untracked 
|  38|0x00000000c2600000, 0x00000000c2600000, 0x00000000c2700000|  0%| F|  |TAMS 0x00000000c2600000, 0x00000000c2600000| Untracked 
|  39|0x00000000c2700000, 0x00000000c2700000, 0x00000000c2800000|  0%| F|  |TAMS 0x00000000c2700000, 0x00000000c2700000| Untracked 
|  48|0x00000000c3000000, 0x00000000c3000000, 0x00000000c3100000|  0%| F|  |TAMS 0x00000000c3000000, 0x00000000c3000000| Untracked 
|  49|0x00000000c3100000, 0x00000000c3100000, 0x00000000c3200000|  0%| F|  |TAMS 0x00000000c3100000, 0x00000000c3100000| Untracked 
|  50|0x00000000c3200000, 0x00000000c3200000, 0x00000000c3300000|  0%| F|  |TAMS 0x00000000c3200000, 0x00000000c3200000| Untracked 
|  57|0x00000000c3900000, 0x00000000c392b898, 0x00000000c3a00000| 17%| E|  |TAMS 0x00000000c3900000, 0x00000000c3900000| Complete 

Card table byte_map: [0x0000025a7e2c0000,0x0000025a7e4c0000] _byte_map_base: 0x0000025a7dcc0000

Marking Bits (Prev, Next): (CMBitMap*) 0x0000025a7c3a16b0, (CMBitMap*) 0x0000025a7c3a16f0
 Prev Bits: [0x0000025a7e6c0000, 0x0000025a7f6c0000)
 Next Bits: [0x0000025a05bc0000, 0x0000025a06bc0000)

Polling page: 0x0000025a7c210000

Metaspace:

Usage:
  Non-class:     29.32 MB used.
      Class:      4.36 MB used.
       Both:     33.68 MB used.

Virtual space:
  Non-class space:       64.00 MB reserved,      29.62 MB ( 46%) committed,  1 nodes.
      Class space:        1.00 GB reserved,       4.56 MB ( <1%) committed,  1 nodes.
             Both:        1.06 GB reserved,      34.19 MB (  3%) committed. 

Chunk freelists:
   Non-Class:  1.94 MB
       Class:  11.35 MB
        Both:  13.29 MB

MaxMetaspaceSize: unlimited
CompressedClassSpaceSize: 1.00 GB
Initial GC threshold: 21.00 MB
Current GC threshold: 57.00 MB
CDS: off
MetaspaceReclaimPolicy: balanced
 - commit_granule_bytes: 65536.
 - commit_granule_words: 8192.
 - virtual_space_node_default_size: 8388608.
 - enlarge_chunks_in_place: 1.
 - new_chunks_are_fully_committed: 0.
 - uncommit_free_chunks: 1.
 - use_allocation_guard: 0.
 - handle_deallocations: 1.


Internal statistics:

num_allocs_failed_limit: 3.
num_arena_births: 448.
num_arena_deaths: 130.
num_vsnodes_births: 2.
num_vsnodes_deaths: 0.
num_space_committed: 547.
num_space_uncommitted: 0.
num_chunks_returned_to_freelist: 149.
num_chunks_taken_from_freelist: 1458.
num_chunk_merges: 46.
num_chunk_splits: 994.
num_chunks_enlarged: 732.
num_inconsistent_stats: 0.

CodeCache: size=49152Kb used=6144Kb max_used=6673Kb free=43007Kb
 bounds [0x0000025a02bc0000, 0x0000025a03250000, 0x0000025a05bc0000]
 total_blobs=3746 nmethods=3215 adapters=458
 compilation: enabled
              stopped_count=0, restarted_count=0
 full_count=0

Compilation events (20 events):
Event: 415.050 Thread 0x0000025a7fca4ad0 3214       1       jdk.internal.misc.Unsafe::putReferenceOpaque (9 bytes)
Event: 415.051 Thread 0x0000025a7fca4ad0 nmethod 3214 0x0000025a02d73190 code [0x0000025a02d73320, 0x0000025a02d73438]
Event: 424.771 Thread 0x0000025a7fca4ad0 3215       1       java.util.concurrent.locks.LockSupport::setBlocker (12 bytes)
Event: 424.773 Thread 0x0000025a7fca4ad0 nmethod 3215 0x0000025a02d72e90 code [0x0000025a02d73020, 0x0000025a02d73118]
Event: 434.515 Thread 0x0000025a7fca4ad0 3216       1       java.lang.System::getProperty (25 bytes)
Event: 434.519 Thread 0x0000025a7fca4ad0 nmethod 3216 0x0000025a02d72890 code [0x0000025a02d72a60, 0x0000025a02d72cd8]
Event: 434.920 Thread 0x0000025a7fca4ad0 3217       1       java.util.concurrent.locks.ReentrantLock$Sync::isHeldExclusively (16 bytes)
Event: 434.921 Thread 0x0000025a7fca4ad0 nmethod 3217 0x0000025a02d72590 code [0x0000025a02d72720, 0x0000025a02d72818]
Event: 444.801 Thread 0x0000025a7fca4ad0 3218       1       java.util.concurrent.locks.AbstractQueuedSynchronizer$ConditionObject::canReacquire (28 bytes)
Event: 444.804 Thread 0x0000025a7fca4ad0 nmethod 3218 0x0000025a02d72190 code [0x0000025a02d72320, 0x0000025a02d72478]
Event: 451.935 Thread 0x0000025a7fca4ad0 3219       1       java.util.concurrent.ThreadPoolExecutor::getQueue (5 bytes)
Event: 451.937 Thread 0x0000025a7fca4ad0 nmethod 3219 0x0000025a02d71e90 code [0x0000025a02d72020, 0x0000025a02d720f8]
Event: 455.034 Thread 0x0000025a7fca4ad0 3220       1       java.util.concurrent.ScheduledThreadPoolExecutor$DelayedWorkQueue::setIndex (16 bytes)
Event: 455.035 Thread 0x0000025a7fca4ad0 nmethod 3220 0x0000025a02d71b10 code [0x0000025a02d71ca0, 0x0000025a02d71db8]
Event: 455.035 Thread 0x0000025a7fca4ad0 3221       1       java.util.concurrent.ScheduledThreadPoolExecutor$ScheduledFutureTask::getDelay (16 bytes)
Event: 455.036 Thread 0x0000025a7fca4ad0 nmethod 3221 0x0000025a02d71790 code [0x0000025a02d71920, 0x0000025a02d71a48]
Event: 455.036 Thread 0x0000025a7fca4ad0 3222       1       java.util.concurrent.TimeUnit::convert (77 bytes)
Event: 455.039 Thread 0x0000025a7fca4ad0 nmethod 3222 0x0000025a02d71190 code [0x0000025a02d71380, 0x0000025a02d71608]
Event: 524.482 Thread 0x0000025a7fca4ad0 3223       1       java.lang.invoke.LambdaForm$MH/0x000000010008bc00::invoke (148 bytes)
Event: 524.486 Thread 0x0000025a7fca4ad0 nmethod 3223 0x0000025a02d70710 code [0x0000025a02d70940, 0x0000025a02d70d48]

GC Heap History (20 events):
Event: 514.437 GC heap before
{Heap before GC invocations=51 (full 41):
 garbage-first heap   total 45056K, used 13988K [0x00000000c0000000, 0x0000000100000000)
  region size 1024K, 1 young (1024K), 0 survivors (0K)
 Metaspace       used 34487K, committed 35008K, reserved 1114112K
  class space    used 4468K, committed 4672K, reserved 1048576K
}
Event: 514.472 GC heap after
{Heap after GC invocations=52 (full 42):
 garbage-first heap   total 45056K, used 13988K [0x00000000c0000000, 0x0000000100000000)
  region size 1024K, 0 young (0K), 0 survivors (0K)
 Metaspace       used 34487K, committed 35008K, reserved 1114112K
  class space    used 4468K, committed 4672K, reserved 1048576K
}
Event: 524.752 GC heap before
{Heap before GC invocations=52 (full 42):
 garbage-first heap   total 45056K, used 13988K [0x00000000c0000000, 0x0000000100000000)
  region size 1024K, 1 young (1024K), 0 survivors (0K)
 Metaspace       used 34487K, committed 35008K, reserved 1114112K
  class space    used 4468K, committed 4672K, reserved 1048576K
}
Event: 524.783 GC heap after
{Heap after GC invocations=53 (full 43):
 garbage-first heap   total 45056K, used 13988K [0x00000000c0000000, 0x0000000100000000)
  region size 1024K, 0 young (0K), 0 survivors (0K)
 Metaspace       used 34487K, committed 35008K, reserved 1114112K
  class space    used 4468K, committed 4672K, reserved 1048576K
}
Event: 535.264 GC heap before
{Heap before GC invocations=53 (full 43):
 garbage-first heap   total 45056K, used 13988K [0x00000000c0000000, 0x0000000100000000)
  region size 1024K, 1 young (1024K), 0 survivors (0K)
 Metaspace       used 34487K, committed 35008K, reserved 1114112K
  class space    used 4468K, committed 4672K, reserved 1048576K
}
Event: 535.302 GC heap after
{Heap after GC invocations=54 (full 44):
 garbage-first heap   total 45056K, used 13988K [0x00000000c0000000, 0x0000000100000000)
  region size 1024K, 0 young (0K), 0 survivors (0K)
 Metaspace       used 34487K, committed 35008K, reserved 1114112K
  class space    used 4468K, committed 4672K, reserved 1048576K
}
Event: 545.593 GC heap before
{Heap before GC invocations=54 (full 44):
 garbage-first heap   total 45056K, used 13988K [0x00000000c0000000, 0x0000000100000000)
  region size 1024K, 1 young (1024K), 0 survivors (0K)
 Metaspace       used 34487K, committed 35008K, reserved 1114112K
  class space    used 4468K, committed 4672K, reserved 1048576K
}
Event: 545.624 GC heap after
{Heap after GC invocations=55 (full 45):
 garbage-first heap   total 45056K, used 13988K [0x00000000c0000000, 0x0000000100000000)
  region size 1024K, 0 young (0K), 0 survivors (0K)
 Metaspace       used 34487K, committed 35008K, reserved 1114112K
  class space    used 4468K, committed 4672K, reserved 1048576K
}
Event: 555.926 GC heap before
{Heap before GC invocations=55 (full 45):
 garbage-first heap   total 45056K, used 13988K [0x00000000c0000000, 0x0000000100000000)
  region size 1024K, 1 young (1024K), 0 survivors (0K)
 Metaspace       used 34487K, committed 35008K, reserved 1114112K
  class space    used 4468K, committed 4672K, reserved 1048576K
}
Event: 555.965 GC heap after
{Heap after GC invocations=56 (full 46):
 garbage-first heap   total 45056K, used 13988K [0x00000000c0000000, 0x0000000100000000)
  region size 1024K, 0 young (0K), 0 survivors (0K)
 Metaspace       used 34487K, committed 35008K, reserved 1114112K
  class space    used 4468K, committed 4672K, reserved 1048576K
}
Event: 566.477 GC heap before
{Heap before GC invocations=56 (full 46):
 garbage-first heap   total 45056K, used 13988K [0x00000000c0000000, 0x0000000100000000)
  region size 1024K, 1 young (1024K), 0 survivors (0K)
 Metaspace       used 34487K, committed 35008K, reserved 1114112K
  class space    used 4468K, committed 4672K, reserved 1048576K
}
Event: 566.511 GC heap after
{Heap after GC invocations=57 (full 47):
 garbage-first heap   total 45056K, used 13988K [0x00000000c0000000, 0x0000000100000000)
  region size 1024K, 0 young (0K), 0 survivors (0K)
 Metaspace       used 34487K, committed 35008K, reserved 1114112K
  class space    used 4468K, committed 4672K, reserved 1048576K
}
Event: 576.843 GC heap before
{Heap before GC invocations=57 (full 47):
 garbage-first heap   total 45056K, used 13988K [0x00000000c0000000, 0x0000000100000000)
  region size 1024K, 1 young (1024K), 0 survivors (0K)
 Metaspace       used 34487K, committed 35008K, reserved 1114112K
  class space    used 4468K, committed 4672K, reserved 1048576K
}
Event: 576.873 GC heap after
{Heap after GC invocations=58 (full 48):
 garbage-first heap   total 45056K, used 13988K [0x00000000c0000000, 0x0000000100000000)
  region size 1024K, 0 young (0K), 0 survivors (0K)
 Metaspace       used 34487K, committed 35008K, reserved 1114112K
  class space    used 4468K, committed 4672K, reserved 1048576K
}
Event: 587.303 GC heap before
{Heap before GC invocations=58 (full 48):
 garbage-first heap   total 45056K, used 13988K [0x00000000c0000000, 0x0000000100000000)
  region size 1024K, 1 young (1024K), 0 survivors (0K)
 Metaspace       used 34487K, committed 35008K, reserved 1114112K
  class space    used 4468K, committed 4672K, reserved 1048576K
}
Event: 587.342 GC heap after
{Heap after GC invocations=59 (full 49):
 garbage-first heap   total 45056K, used 13988K [0x00000000c0000000, 0x0000000100000000)
  region size 1024K, 0 young (0K), 0 survivors (0K)
 Metaspace       used 34487K, committed 35008K, reserved 1114112K
  class space    used 4468K, committed 4672K, reserved 1048576K
}
Event: 597.793 GC heap before
{Heap before GC invocations=59 (full 49):
 garbage-first heap   total 45056K, used 13988K [0x00000000c0000000, 0x0000000100000000)
  region size 1024K, 1 young (1024K), 0 survivors (0K)
 Metaspace       used 34487K, committed 35008K, reserved 1114112K
  class space    used 4468K, committed 4672K, reserved 1048576K
}
Event: 597.822 GC heap after
{Heap after GC invocations=60 (full 50):
 garbage-first heap   total 45056K, used 13988K [0x00000000c0000000, 0x0000000100000000)
  region size 1024K, 0 young (0K), 0 survivors (0K)
 Metaspace       used 34487K, committed 35008K, reserved 1114112K
  class space    used 4468K, committed 4672K, reserved 1048576K
}
Event: 610.713 GC heap before
{Heap before GC invocations=60 (full 50):
 garbage-first heap   total 45056K, used 13988K [0x00000000c0000000, 0x0000000100000000)
  region size 1024K, 1 young (1024K), 0 survivors (0K)
 Metaspace       used 34487K, committed 35008K, reserved 1114112K
  class space    used 4468K, committed 4672K, reserved 1048576K
}
Event: 610.753 GC heap after
{Heap after GC invocations=61 (full 51):
 garbage-first heap   total 45056K, used 13988K [0x00000000c0000000, 0x0000000100000000)
  region size 1024K, 0 young (0K), 0 survivors (0K)
 Metaspace       used 34487K, committed 35008K, reserved 1114112K
  class space    used 4468K, committed 4672K, reserved 1048576K
}

Dll operation events (7 events):
Event: 0.027 Loaded shared library c:\Users\frank\.vscode\extensions\redhat.java-1.18.0-win32-x64\jre\17.0.7-win32-x86_64\bin\java.dll
Event: 2.367 Loaded shared library C:\Users\frank\.vscode\extensions\redhat.java-1.18.0-win32-x64\jre\17.0.7-win32-x86_64\bin\net.dll
Event: 2.372 Loaded shared library C:\Users\frank\.vscode\extensions\redhat.java-1.18.0-win32-x64\jre\17.0.7-win32-x86_64\bin\nio.dll
Event: 2.395 Loaded shared library C:\Users\frank\.vscode\extensions\redhat.java-1.18.0-win32-x64\jre\17.0.7-win32-x86_64\bin\zip.dll
Event: 4.251 Loaded shared library C:\Users\frank\.vscode\extensions\redhat.java-1.18.0-win32-x64\jre\17.0.7-win32-x86_64\bin\jimage.dll
Event: 25.468 Loaded shared library C:\Users\frank\.vscode\extensions\redhat.java-1.18.0-win32-x64\jre\17.0.7-win32-x86_64\bin\management.dll
Event: 25.474 Loaded shared library C:\Users\frank\.vscode\extensions\redhat.java-1.18.0-win32-x64\jre\17.0.7-win32-x86_64\bin\management_ext.dll

Deoptimization events (4 events):
Event: 15.117 Thread 0x0000025a7c3615e0 DEOPT PACKING pc=0x0000025a03037519 sp=0x000000b27dafd5d0
Event: 15.118 Thread 0x0000025a7c3615e0 DEOPT UNPACKING pc=0x0000025a02c17143 sp=0x000000b27dafcab0 mode 3
Event: 27.748 Thread 0x0000025a0e13f6c0 DEOPT PACKING pc=0x0000025a0323e835 sp=0x000000b27f6fdf90
Event: 27.748 Thread 0x0000025a0e13f6c0 DEOPT UNPACKING pc=0x0000025a02c17143 sp=0x000000b27f6fd4b8 mode 3

Classes unloaded (20 events):
Event: 86.140 Thread 0x0000025a7c42e900 Unloading class 0x0000000100220800 'java/lang/invoke/LambdaForm$MH+0x0000000100220800'
Event: 86.140 Thread 0x0000025a7c42e900 Unloading class 0x0000000100215000 'java/lang/invoke/LambdaForm$DMH+0x0000000100215000'
Event: 86.141 Thread 0x0000025a7c42e900 Unloading class 0x0000000100091c00 'java/lang/invoke/LambdaForm$MH+0x0000000100091c00'
Event: 86.141 Thread 0x0000025a7c42e900 Unloading class 0x0000000100091800 'java/lang/invoke/LambdaForm$MH+0x0000000100091800'
Event: 86.141 Thread 0x0000025a7c42e900 Unloading class 0x0000000100091400 'java/lang/invoke/LambdaForm$MH+0x0000000100091400'
Event: 86.141 Thread 0x0000025a7c42e900 Unloading class 0x0000000100091000 'java/lang/invoke/LambdaForm$MH+0x0000000100091000'
Event: 86.141 Thread 0x0000025a7c42e900 Unloading class 0x0000000100090c00 'java/lang/invoke/LambdaForm$MH+0x0000000100090c00'
Event: 86.141 Thread 0x0000025a7c42e900 Unloading class 0x0000000100090800 'java/lang/invoke/LambdaForm$MH+0x0000000100090800'
Event: 86.141 Thread 0x0000025a7c42e900 Unloading class 0x0000000100090400 'java/lang/invoke/LambdaForm$MH+0x0000000100090400'
Event: 86.141 Thread 0x0000025a7c42e900 Unloading class 0x0000000100090000 'java/lang/invoke/LambdaForm$MH+0x0000000100090000'
Event: 86.141 Thread 0x0000025a7c42e900 Unloading class 0x000000010008b800 'java/lang/invoke/LambdaForm$MH+0x000000010008b800'
Event: 86.141 Thread 0x0000025a7c42e900 Unloading class 0x000000010008b400 'java/lang/invoke/LambdaForm$MH+0x000000010008b400'
Event: 86.141 Thread 0x0000025a7c42e900 Unloading class 0x000000010008b000 'java/lang/invoke/LambdaForm$MH+0x000000010008b000'
Event: 86.141 Thread 0x0000025a7c42e900 Unloading class 0x000000010008ac00 'java/lang/invoke/LambdaForm$MH+0x000000010008ac00'
Event: 86.141 Thread 0x0000025a7c42e900 Unloading class 0x000000010008a800 'java/lang/invoke/LambdaForm$MH+0x000000010008a800'
Event: 86.141 Thread 0x0000025a7c42e900 Unloading class 0x000000010008a400 'java/lang/invoke/LambdaForm$MH+0x000000010008a400'
Event: 86.141 Thread 0x0000025a7c42e900 Unloading class 0x0000000100089c00 'java/lang/invoke/LambdaForm$MH+0x0000000100089c00'
Event: 86.141 Thread 0x0000025a7c42e900 Unloading class 0x0000000100089400 'java/lang/invoke/LambdaForm$MH+0x0000000100089400'
Event: 86.141 Thread 0x0000025a7c42e900 Unloading class 0x0000000100088c00 'java/lang/invoke/LambdaForm$MH+0x0000000100088c00'
Event: 86.141 Thread 0x0000025a7c42e900 Unloading class 0x0000000100088400 'java/lang/invoke/LambdaForm$MH+0x0000000100088400'

Classes redefined (0 events):
No events

Internal exceptions (20 events):
Event: 19.965 Thread 0x0000025a7c3615e0 Exception <a 'java/lang/NoSuchMethodError'{0x00000000c26ac328}: 'int java.lang.invoke.Invokers$Holder.linkToTargetMethod(java.lang.Object, java.lang.Object)'> (0x00000000c26ac328) 
thrown [s\src\hotspot\share\interpreter\linkResolver.cpp, line 759]
Event: 20.121 Thread 0x0000025a7c3615e0 Exception <a 'java/lang/NoSuchMethodError'{0x00000000c2577d60}: 'java.lang.Object java.lang.invoke.DirectMethodHandle$Holder.invokeSpecial(java.lang.Object, java.lang.Object, java.lang.Object, java.lang.Object, java.lang.Object, java.lang.Object, java.lang.Object, java.lang.Object, java.lang.Object, java.lang.Object)'> (0x00000000c2577d60) 
thrown [s\src\hotspot\share\interpreter\linkResolver.cpp, line 759]
Event: 20.122 Thread 0x0000025a7c3615e0 Exception <a 'java/lang/NoSuchMethodError'{0x00000000c257c348}: 'java.lang.Object java.lang.invoke.Invokers$Holder.invoke_MT(java.lang.Object, java.lang.Object, java.lang.Object, java.lang.Object, java.lang.Object, java.lang.Object, java.lang.Object, java.lang.Object, java.lang.Object, java.lang.Object)'> (0x00000000c257c348) 
thrown [s\src\hotspot\share\interpreter\linkResolver.cpp, line 759]
Event: 20.190 Thread 0x0000025a7c3615e0 Exception <a 'java/lang/NoSuchMethodError'{0x00000000c25c0b10}: 'java.lang.Object java.lang.invoke.DirectMethodHandle$Holder.invokeSpecial(java.lang.Object, java.lang.Object, int, java.lang.Object, java.lang.Object)'> (0x00000000c25c0b10) 
thrown [s\src\hotspot\share\interpreter\linkResolver.cpp, line 759]
Event: 20.190 Thread 0x0000025a7c3615e0 Exception <a 'java/lang/NoSuchMethodError'{0x00000000c25c47b8}: 'java.lang.Object java.lang.invoke.DelegatingMethodHandle$Holder.delegate(java.lang.Object, int, java.lang.Object, java.lang.Object)'> (0x00000000c25c47b8) 
thrown [s\src\hotspot\share\interpreter\linkResolver.cpp, line 759]
Event: 20.197 Thread 0x0000025a7c3615e0 Exception <a 'java/lang/NoSuchMethodError'{0x00000000c25d56d8}: 'int java.lang.invoke.Invokers$Holder.linkToTargetMethod(java.lang.Object, java.lang.Object, java.lang.Object)'> (0x00000000c25d56d8) 
thrown [s\src\hotspot\share\interpreter\linkResolver.cpp, line 759]
Event: 20.819 Thread 0x0000025a7c3615e0 Exception <a 'java/lang/NoSuchMethodError'{0x00000000c222bbf8}: 'void java.lang.invoke.DirectMethodHandle$Holder.invokeSpecial(java.lang.Object, java.lang.Object, java.lang.Object, java.lang.Object, java.lang.Object, java.lang.Object)'> (0x00000000c222bbf8) 
thrown [s\src\hotspot\share\interpreter\linkResolver.cpp, line 759]
Event: 21.032 Thread 0x0000025a7c3615e0 Exception <a 'java/lang/NoSuchMethodError'{0x00000000c21c0328}: 'java.lang.Object java.lang.invoke.DirectMethodHandle$Holder.invokeStaticInit(java.lang.Object, int, int, int, int)'> (0x00000000c21c0328) 
thrown [s\src\hotspot\share\interpreter\linkResolver.cpp, line 759]
Event: 21.614 Thread 0x0000025a7c3615e0 Exception <a 'java/lang/NoSuchMethodError'{0x00000000c202d840}: 'java.lang.Object java.lang.invoke.DirectMethodHandle$Holder.invokeStaticInit(java.lang.Object, java.lang.Object, int, int, int, int)'> (0x00000000c202d840) 
thrown [s\src\hotspot\share\interpreter\linkResolver.cpp, line 759]
Event: 22.525 Thread 0x0000025a7c3615e0 Exception <a 'java/lang/NoSuchMethodError'{0x00000000c3178138}: 'void java.lang.invoke.DirectMethodHandle$Holder.invokeSpecialIFC(java.lang.Object, java.lang.Object, java.lang.Object)'> (0x00000000c3178138) 
thrown [s\src\hotspot\share\interpreter\linkResolver.cpp, line 759]
Event: 24.564 Thread 0x0000025a7c3615e0 Exception <a 'java/lang/NoSuchMethodError'{0x00000000c25dd858}: 'java.lang.Object java.lang.invoke.DirectMethodHandle$Holder.invokeInterface(java.lang.Object, java.lang.Object, int)'> (0x00000000c25dd858) 
thrown [s\src\hotspot\share\interpreter\linkResolver.cpp, line 759]
Event: 24.575 Thread 0x0000025a7c3615e0 Exception <a 'java/lang/IncompatibleClassChangeError'{0x00000000c25f0808}: Found class java.lang.Object, but interface was expected> (0x00000000c25f0808) 
thrown [s\src\hotspot\share\interpreter\linkResolver.cpp, line 826]
Event: 25.368 Thread 0x0000025a7c3615e0 Exception <a 'java/lang/NoSuchMethodError'{0x00000000c21b8f68}: 'java.lang.Object java.lang.invoke.DirectMethodHandle$Holder.newInvokeSpecial(java.lang.Object, java.lang.Object, int, java.lang.Object, java.lang.Object)'> (0x00000000c21b8f68) 
thrown [s\src\hotspot\share\interpreter\linkResolver.cpp, line 759]
Event: 25.430 Thread 0x0000025a7c3615e0 Exception <a 'java/lang/NoSuchMethodError'{0x00000000c21cac30}: 'java.lang.Object java.lang.invoke.DirectMethodHandle$Holder.invokeSpecial(java.lang.Object, java.lang.Object, int, java.lang.Object, int, java.lang.Object)'> (0x00000000c21cac30) 
thrown [s\src\hotspot\share\interpreter\linkResolver.cpp, line 759]
Event: 25.431 Thread 0x0000025a7c3615e0 Exception <a 'java/lang/NoSuchMethodError'{0x00000000c21d2a38}: 'java.lang.Object java.lang.invoke.DirectMethodHandle$Holder.newInvokeSpecial(java.lang.Object, java.lang.Object, int, java.lang.Object, int)'> (0x00000000c21d2a38) 
thrown [s\src\hotspot\share\interpreter\linkResolver.cpp, line 759]
Event: 25.432 Thread 0x0000025a7c3615e0 Exception <a 'java/lang/NoSuchMethodError'{0x00000000c21d6b38}: 'java.lang.Object java.lang.invoke.DirectMethodHandle$Holder.invokeSpecial(java.lang.Object, java.lang.Object, java.lang.Object, int, java.lang.Object, int)'> (0x00000000c21d6b38) 
thrown [s\src\hotspot\share\interpreter\linkResolver.cpp, line 759]
Event: 27.632 Thread 0x0000025a0e1ecac0 Exception <a 'java/lang/NoSuchMethodError'{0x00000000c271aa40}: 'java.lang.Object java.lang.invoke.DirectMethodHandle$Holder.invokeStatic(java.lang.Object, java.lang.Object, java.lang.Object, int, java.lang.Object, java.lang.Object)'> (0x00000000c271aa40) 
thrown [s\src\hotspot\share\interpreter\linkResolver.cpp, line 759]
Event: 27.743 Thread 0x0000025a0e13f6c0 Exception <a 'java/lang/NoSuchMethodError'{0x00000000c26347f0}: 'java.lang.Object java.lang.invoke.DirectMethodHandle$Holder.invokeStatic(java.lang.Object, int, java.lang.Object)'> (0x00000000c26347f0) 
thrown [s\src\hotspot\share\interpreter\linkResolver.cpp, line 759]
Event: 75.300 Thread 0x0000025a0d005310 Exception <a 'java/lang/NoSuchMethodError'{0x00000000c26f29b0}: 'void java.lang.invoke.DirectMethodHandle$Holder.invokeStatic(java.lang.Object, long)'> (0x00000000c26f29b0) 
thrown [s\src\hotspot\share\interpreter\linkResolver.cpp, line 759]
Event: 75.303 Thread 0x0000025a0d005310 Exception <a 'java/lang/NoSuchMethodError'{0x00000000c26f7d58}: 'java.lang.Object java.lang.invoke.DirectMethodHandle$Holder.newInvokeSpecial(java.lang.Object, long)'> (0x00000000c26f7d58) 
thrown [s\src\hotspot\share\interpreter\linkResolver.cpp, line 759]

VM Operations (20 events):
Event: 514.472 Executing VM operation: G1CollectFull done
Event: 524.751 Executing VM operation: G1CollectFull
Event: 524.783 Executing VM operation: G1CollectFull done
Event: 535.264 Executing VM operation: G1CollectFull
Event: 535.302 Executing VM operation: G1CollectFull done
Event: 545.593 Executing VM operation: G1CollectFull
Event: 545.624 Executing VM operation: G1CollectFull done
Event: 555.926 Executing VM operation: G1CollectFull
Event: 555.965 Executing VM operation: G1CollectFull done
Event: 566.477 Executing VM operation: G1CollectFull
Event: 566.511 Executing VM operation: G1CollectFull done
Event: 576.843 Executing VM operation: G1CollectFull
Event: 576.873 Executing VM operation: G1CollectFull done
Event: 587.303 Executing VM operation: G1CollectFull
Event: 587.343 Executing VM operation: G1CollectFull done
Event: 597.793 Executing VM operation: G1CollectFull
Event: 597.822 Executing VM operation: G1CollectFull done
Event: 610.712 Executing VM operation: G1CollectFull
Event: 610.753 Executing VM operation: G1CollectFull done
Event: 621.038 Executing VM operation: G1CollectFull

Events (20 events):
Event: 27.749 loading class java/util/stream/Streams$2
Event: 27.749 loading class java/util/stream/Streams$2 done
Event: 28.077 loading class java/util/concurrent/ForkJoinWorkerThread
Event: 28.077 loading class java/util/concurrent/ForkJoinWorkerThread done
Event: 33.080 Thread 0x0000025a0d1bb9d0 Thread exited: 0x0000025a0d1bb9d0
Event: 75.275 loading class java/lang/ProcessBuilder
Event: 75.276 loading class java/lang/ProcessBuilder done
Event: 75.277 loading class java/lang/ProcessImpl
Event: 75.278 loading class java/lang/Process
Event: 75.278 loading class java/lang/Process done
Event: 75.278 loading class java/lang/ProcessImpl done
Event: 75.305 loading class java/lang/ProcessImpl$2
Event: 75.305 loading class java/lang/ProcessImpl$2 done
Event: 75.306 loading class java/lang/Process$PipeInputStream
Event: 75.306 loading class java/lang/Process$PipeInputStream done
Event: 75.327 loading class jdk/internal/event/ProcessStartEvent
Event: 75.327 loading class jdk/internal/event/ProcessStartEvent done
Event: 75.780 loading class java/io/FileOutputStream$1
Event: 75.780 loading class java/io/FileOutputStream$1 done
Event: 99.556 Thread 0x0000025a0e2ccd40 Thread exited: 0x0000025a0e2ccd40


Dynamic libraries:
0x00007ff602200000 - 0x00007ff60220e000 	c:\Users\frank\.vscode\extensions\redhat.java-1.18.0-win32-x64\jre\17.0.7-win32-x86_64\bin\java.exe
0x00007ffcf93d0000 - 0x00007ffcf95c8000 	C:\Windows\SYSTEM32\ntdll.dll
0x00007ffcf74b0000 - 0x00007ffcf756f000 	C:\Windows\System32\KERNEL32.DLL
0x00007ffcf7090000 - 0x00007ffcf7386000 	C:\Windows\System32\KERNELBASE.dll
0x00007ffcf6ab0000 - 0x00007ffcf6bb0000 	C:\Windows\System32\ucrtbase.dll
0x00007ffcefe80000 - 0x00007ffcefe97000 	c:\Users\frank\.vscode\extensions\redhat.java-1.18.0-win32-x64\jre\17.0.7-win32-x86_64\bin\jli.dll
0x00007ffcf7c20000 - 0x00007ffcf7dbd000 	C:\Windows\System32\USER32.dll
0x00007ffcf7060000 - 0x00007ffcf7082000 	C:\Windows\System32\win32u.dll
0x00007ffcf7dc0000 - 0x00007ffcf7dec000 	C:\Windows\System32\GDI32.dll
0x00007ffcf6d30000 - 0x00007ffcf6e45000 	C:\Windows\System32\gdi32full.dll
0x00007ffcf6c00000 - 0x00007ffcf6c9d000 	C:\Windows\System32\msvcp_win.dll
0x00007ffceae60000 - 0x00007ffceae79000 	c:\Users\frank\.vscode\extensions\redhat.java-1.18.0-win32-x64\jre\17.0.7-win32-x86_64\bin\VCRUNTIME140.dll
0x00007ffce6470000 - 0x00007ffce670a000 	C:\Windows\WinSxS\amd64_microsoft.windows.common-controls_6595b64144ccf1df_6.0.19041.1110_none_60b5254171f9507e\COMCTL32.dll
0x00007ffcf9080000 - 0x00007ffcf911e000 	C:\Windows\System32\msvcrt.dll
0x00007ffcf7570000 - 0x00007ffcf75a0000 	C:\Windows\System32\IMM32.DLL
0x00007ffcf22d0000 - 0x00007ffcf22dc000 	c:\Users\frank\.vscode\extensions\redhat.java-1.18.0-win32-x64\jre\17.0.7-win32-x86_64\bin\vcruntime140_1.dll
0x00007ffceadc0000 - 0x00007ffceae51000 	c:\Users\frank\.vscode\extensions\redhat.java-1.18.0-win32-x64\jre\17.0.7-win32-x86_64\bin\msvcp140.dll
0x00007ffcc5580000 - 0x00007ffcc61c8000 	c:\Users\frank\.vscode\extensions\redhat.java-1.18.0-win32-x64\jre\17.0.7-win32-x86_64\bin\server\jvm.dll
0x00007ffcf8f20000 - 0x00007ffcf8fcf000 	C:\Windows\System32\ADVAPI32.dll
0x00007ffcf7b80000 - 0x00007ffcf7c1c000 	C:\Windows\System32\sechost.dll
0x00007ffcf91f0000 - 0x00007ffcf9316000 	C:\Windows\System32\RPCRT4.dll
0x00007ffce39b0000 - 0x00007ffce39b9000 	C:\Windows\SYSTEM32\WSOCK32.dll
0x00007ffcf9320000 - 0x00007ffcf938b000 	C:\Windows\System32\WS2_32.dll
0x00007ffce32d0000 - 0x00007ffce32f7000 	C:\Windows\SYSTEM32\WINMM.dll
0x00007ffce9210000 - 0x00007ffce921a000 	C:\Windows\SYSTEM32\VERSION.dll
0x00007ffcf4930000 - 0x00007ffcf4942000 	C:\Windows\SYSTEM32\kernel.appcore.dll
0x00007ffcf0200000 - 0x00007ffcf020a000 	c:\Users\frank\.vscode\extensions\redhat.java-1.18.0-win32-x64\jre\17.0.7-win32-x86_64\bin\jimage.dll
0x00007ffce6710000 - 0x00007ffce68f4000 	C:\Windows\SYSTEM32\DBGHELP.DLL
0x00007ffce9080000 - 0x00007ffce90b4000 	C:\Windows\SYSTEM32\dbgcore.DLL
0x00007ffcf6ca0000 - 0x00007ffcf6d22000 	C:\Windows\System32\bcryptPrimitives.dll
0x00007ffcead90000 - 0x00007ffceadb5000 	c:\Users\frank\.vscode\extensions\redhat.java-1.18.0-win32-x64\jre\17.0.7-win32-x86_64\bin\java.dll
0x00007ffceacf0000 - 0x00007ffcead08000 	c:\Users\frank\.vscode\extensions\redhat.java-1.18.0-win32-x64\jre\17.0.7-win32-x86_64\bin\zip.dll
0x00007ffcf7e70000 - 0x00007ffcf85b4000 	C:\Windows\System32\SHELL32.dll
0x00007ffcf4b30000 - 0x00007ffcf52c3000 	C:\Windows\SYSTEM32\windows.storage.dll
0x00007ffcf7810000 - 0x00007ffcf7b64000 	C:\Windows\System32\combase.dll
0x00007ffcf6350000 - 0x00007ffcf637e000 	C:\Windows\SYSTEM32\Wldp.dll
0x00007ffcf75a0000 - 0x00007ffcf764d000 	C:\Windows\System32\SHCORE.dll
0x00007ffcf8ce0000 - 0x00007ffcf8d35000 	C:\Windows\System32\shlwapi.dll
0x00007ffcf69f0000 - 0x00007ffcf6a0f000 	C:\Windows\SYSTEM32\profapi.dll
0x00007ffceacd0000 - 0x00007ffceace9000 	C:\Users\frank\.vscode\extensions\redhat.java-1.18.0-win32-x64\jre\17.0.7-win32-x86_64\bin\net.dll
0x00007ffcebe00000 - 0x00007ffcebf0a000 	C:\Windows\SYSTEM32\WINHTTP.dll
0x00007ffcf6130000 - 0x00007ffcf619a000 	C:\Windows\system32\mswsock.dll
0x00007ffce8950000 - 0x00007ffce8965000 	C:\Users\frank\.vscode\extensions\redhat.java-1.18.0-win32-x64\jre\17.0.7-win32-x86_64\bin\nio.dll
0x00007ffcf6690000 - 0x00007ffcf66a8000 	C:\Windows\SYSTEM32\CRYPTSP.dll
0x00007ffcf5a70000 - 0x00007ffcf5aa4000 	C:\Windows\system32\rsaenh.dll
0x00007ffcf7390000 - 0x00007ffcf73b7000 	C:\Windows\System32\bcrypt.dll
0x00007ffcf6970000 - 0x00007ffcf699e000 	C:\Windows\SYSTEM32\USERENV.dll
0x00007ffcf62c0000 - 0x00007ffcf62cc000 	C:\Windows\SYSTEM32\CRYPTBASE.dll
0x00007ffcf5e40000 - 0x00007ffcf5e7c000 	C:\Windows\SYSTEM32\IPHLPAPI.DLL
0x00007ffcf7b70000 - 0x00007ffcf7b78000 	C:\Windows\System32\NSI.dll
0x00007ffcec7b0000 - 0x00007ffcec7c7000 	C:\Windows\SYSTEM32\dhcpcsvc6.DLL
0x00007ffcec510000 - 0x00007ffcec52d000 	C:\Windows\SYSTEM32\dhcpcsvc.DLL
0x00007ffcf5e80000 - 0x00007ffcf5f4b000 	C:\Windows\SYSTEM32\DNSAPI.dll
0x00007ffcf23c0000 - 0x00007ffcf23c9000 	C:\Users\frank\.vscode\extensions\redhat.java-1.18.0-win32-x64\jre\17.0.7-win32-x86_64\bin\management.dll
0x00007ffcf2380000 - 0x00007ffcf238b000 	C:\Users\frank\.vscode\extensions\redhat.java-1.18.0-win32-x64\jre\17.0.7-win32-x86_64\bin\management_ext.dll
0x00007ffcf8d40000 - 0x00007ffcf8d48000 	C:\Windows\System32\PSAPI.DLL

dbghelp: loaded successfully - version: 4.0.5 - missing functions: none
symbol engine: initialized successfully - sym options: 0x614 - pdb path: .;c:\Users\frank\.vscode\extensions\redhat.java-1.18.0-win32-x64\jre\17.0.7-win32-x86_64\bin;C:\Windows\SYSTEM32;C:\Windows\WinSxS\amd64_microsoft.windows.common-controls_6595b64144ccf1df_6.0.19041.1110_none_60b5254171f9507e;c:\Users\frank\.vscode\extensions\redhat.java-1.18.0-win32-x64\jre\17.0.7-win32-x86_64\bin\server

VM Arguments:
jvm_args: -XX:+HeapDumpOnOutOfMemoryError -Xmx1024m -Dsts.lsp.client=vscode -Dsts.log.file=/dev/null -XX:TieredStopAtLevel=1 -Xlog:jni+resolve=off -Dspring.config.location=file:c:\Users\frank\.vscode\extensions\vmware.vscode-spring-boot-1.46.0\language-server\BOOT-INF\classes\application.properties 
java_command: org.springframework.ide.vscode.boot.app.BootLanguageServerBootApp
java_class_path (initial): c:\Users\frank\.vscode\extensions\vmware.vscode-spring-boot-1.46.0\language-server\BOOT-INF\classes;c:\Users\frank\.vscode\extensions\vmware.vscode-spring-boot-1.46.0\language-server\BOOT-INF\lib\annotations-24.0.1.jar;c:\Users\frank\.vscode\extensions\vmware.vscode-spring-boot-1.46.0\language-server\BOOT-INF\lib\antlr-runtime-3.5.3.jar;c:\Users\frank\.vscode\extensions\vmware.vscode-spring-boot-1.46.0\language-server\BOOT-INF\lib\antlr4-4.11.1.jar;c:\Users\frank\.vscode\extensions\vmware.vscode-spring-boot-1.46.0\language-server\BOOT-INF\lib\antlr4-runtime-4.11.1.jar;c:\Users\frank\.vscode\extensions\vmware.vscode-spring-boot-1.46.0\language-server\BOOT-INF\lib\asm-9.5.jar;c:\Users\frank\.vscode\extensions\vmware.vscode-spring-boot-1.46.0\language-server\BOOT-INF\lib\asm-analysis-9.5.jar;c:\Users\frank\.vscode\extensions\vmware.vscode-spring-boot-1.46.0\language-server\BOOT-INF\lib\asm-tree-9.5.jar;c:\Users\frank\.vscode\extensions\vmware.vscode-spring-boot-1.46.0\language-server\BOOT-INF\lib\asm-util-9.5.jar;c:\Users\frank\.vscode\extensions\vmware.vscode-spring-boot-1.46.0\language-server\BOOT-INF\lib\caffeine-3.1.2.jar;c:\Users\frank\.vscode\extensions\vmware.vscode-spring-boot-1.46.0\language-server\BOOT-INF\lib\checker-qual-3.12.0.jar;c:\Users\frank\.vscode\extensions\vmware.vscode-spring-boot-1.46.0\language-server\BOOT-INF\lib\classgraph-4.8.149.jar;c:\Users\frank\.vscode\extensions\vmware.vscode-spring-boot-1.46.0\language-server\BOOT-INF\lib\commons-codec-1.15.jar;c:\Users\frank\.vscode\extensions\vmware.vscode-spring-boot-1.46.0\language-server\BOOT-INF\lib\commons-compress-1.23.0.jar;c:\Users\frank\.vscode\extensions\vmware.vscode-spring-boot-1.46.0\language-server\BOOT-INF\lib\commons-io-2.4.jar;c:\Users\frank\.vscode\extensions\vmware.vscode-spring-boot-1.46.0\language-server\BOOT-INF\lib\commons-java-1.46.0-SNAPSHOT.jar;c:\Users\frank\.vscode\extensions\vmware.vscode-spring-boot-1.46.0\language-server\BOOT-INF\lib\commons-
Launcher Type: SUN_STANDARD

[Global flags]
     intx CICompilerCount                          = 3                                         {product} {ergonomic}
     uint ConcGCThreads                            = 1                                         {product} {ergonomic}
     uint G1ConcRefinementThreads                  = 4                                         {product} {ergonomic}
   size_t G1HeapRegionSize                         = 1048576                                   {product} {ergonomic}
    uintx GCDrainStackTargetSize                   = 64                                        {product} {ergonomic}
     bool HeapDumpOnOutOfMemoryError               = true                                   {manageable} {command line}
   size_t InitialHeapSize                          = 60817408                                  {product} {ergonomic}
   size_t MarkStackSize                            = 4194304                                   {product} {ergonomic}
   size_t MaxHeapSize                              = 1073741824                                {product} {command line}
   size_t MaxNewSize                               = 643825664                                 {product} {ergonomic}
   size_t MinHeapDeltaBytes                        = 1048576                                   {product} {ergonomic}
   size_t MinHeapSize                              = 8388608                                   {product} {ergonomic}
    uintx NonProfiledCodeHeapSize                  = 0                                      {pd product} {ergonomic}
     bool ProfileInterpreter                       = false                                  {pd product} {command line}
    uintx ProfiledCodeHeapSize                     = 0                                      {pd product} {ergonomic}
   size_t SoftMaxHeapSize                          = 1073741824                             {manageable} {ergonomic}
     intx TieredStopAtLevel                        = 1                                         {product} {command line}
     bool UseCompressedClassPointers               = true                           {product lp64_product} {ergonomic}
     bool UseCompressedOops                        = true                           {product lp64_product} {ergonomic}
     bool UseG1GC                                  = true                                      {product} {ergonomic}
     bool UseLargePagesIndividualAllocation        = false                                  {pd product} {ergonomic}

Logging:
Log output configuration:
 #0: stdout all=warning,jni+resolve=off uptime,level,tags
 #1: stderr all=off uptime,level,tags

Environment Variables:
JAVA_HOME=C:\Program Files\Java\jdk-19
PATH=C:\Program Files\Common Files\Oracle\Java\javapath;C:\Program Files (x86)\Common Files\Oracle\Java\javapath;C:\app\frank\product\21c\dbhomeXE\bin;C:\Windows\system32;C:\Windows;C:\Windows\System32\Wbem;C:\Windows\System32\WindowsPowerShell\v1.0\;C:\Windows\System32\OpenSSH\;C:\xampp\php;C:\composer;C:\Program Files\wureset;C:\Users\frank\AppData\Local\Android\Sdk\platform-tools;C:\ProgramData\chocolatey\bin;C:\Program Files (x86)\Microchip\MPLAB C32 Suite\bin;C:\Program Files\Maven\apache-maven-3.9.1\bin;C:\Program Files\Java\jdk-19\bin;C:\Program Files\nodejs\;C:\Program Files\Git\cmd;C:\Program Files\Docker\Docker\resources\bin;C:\Users\frank\AppData\Local\Microsoft\WindowsApps;C:\Users\frank\AppData\Local\Programs\Microsoft VS Code\bin;C:\Users\frank\AppData\Roaming\Composer\vendor\bin;C:\Users\frank\AppData\Roaming\npm;
USERNAME=frank
OS=Windows_NT
PROCESSOR_IDENTIFIER=Intel64 Family 6 Model 58 Stepping 9, GenuineIntel
TMP=C:\Users\frank\AppData\Local\Temp
TEMP=C:\Users\frank\AppData\Local\Temp



---------------  S Y S T E M  ---------------

OS:
 Windows 10 , 64 bit Build 19041 (10.0.19041.2913)
OS uptime: 0 days 4:34 hours
Hyper-V role detected

CPU: total 4 (initial active 4) (2 cores per cpu, 2 threads per core) family 6 model 58 stepping 9 microcode 0x21, cx8, cmov, fxsr, ht, mmx, sse, sse2, sse3, ssse3, sse4.1, sse4.2, popcnt, tsc, tscinvbit, avx, erms, clmul, vzeroupper, clflush, hv

Memory: 4k page, system-wide physical 3659M (41M free)
TotalPageFile size 11851M (AvailPageFile size 7M)
current process WorkingSet (physical memory assigned to process): 33M, peak: 125M
current process commit charge ("private bytes"): 155M, peak: 164M

vm_info: OpenJDK 64-Bit Server VM (17.0.7+7) for windows-amd64 JRE (17.0.7+7), built on Apr 18 2023 22:10:42 by "temurin" with MS VC++ 16.7 (VS2019)

END.
