#
# There is insufficient memory for the Java Runtime Environment to continue.
# Native memory allocation (malloc) failed to allocate 1048576 bytes for AllocateHeap
# Possible reasons:
#   The system is out of physical RAM or swap space
#   The process is running with CompressedOops enabled, and the Java Heap may be blocking the growth of the native heap
# Possible solutions:
#   Reduce memory load on the system
#   Increase physical memory or swap space
#   Check if swap backing store is full
#   Decrease Java heap size (-Xmx/-Xms)
#   Decrease number of Java threads
#   Decrease Java thread stack sizes (-Xss)
#   Set larger code cache with -XX:ReservedCodeCacheSize=
#   JVM is running with Unscaled Compressed Oops mode in which the Java heap is
#     placed in the first 4GB address space. The Java Heap base address is the
#     maximum limit for the native heap growth. Please use -XX:HeapBaseMinAddress
#     to set the Java Heap base and to place the Java Heap above 4GB virtual address.
# This output file may be truncated or incomplete.
#
#  Out of Memory Error (allocation.cpp:44), pid=9268, tid=14728
#
# JRE version: OpenJDK Runtime Environment Temurin-17.0.7+7 (17.0.7+7) (build 17.0.7+7)
# Java VM: OpenJDK 64-Bit Server VM Temurin-17.0.7+7 (17.0.7+7, mixed mode, emulated-client, tiered, compressed oops, compressed class ptrs, g1 gc, windows-amd64)
# No core dump will be written. Minidumps are not enabled by default on client versions of Windows
#

---------------  S U M M A R Y ------------

Command Line: -XX:+HeapDumpOnOutOfMemoryError -Xmx1024m -Dsts.lsp.client=vscode -Dsts.log.file=/dev/null -XX:TieredStopAtLevel=1 -Xlog:jni+resolve=off -Dspring.config.location=file:c:\Users\frank\.vscode\extensions\vmware.vscode-spring-boot-1.46.0\language-server\BOOT-INF\classes\application.properties org.springframework.ide.vscode.boot.app.BootLanguageServerBootApp

Host: Intel(R) Core(TM) i5-3230M CPU @ 2.60GHz, 4 cores, 3G,  Windows 10 , 64 bit Build 19041 (10.0.19041.2913)
Time: Sun May 21 14:29:10 2023 Hora est. Pacífico, Sudamérica elapsed time: 2457.759333 seconds (0d 0h 40m 57s)

---------------  T H R E A D  ---------------

Current thread (0x000002eafcafd330):  VMThread "VM Thread" [stack: 0x000000ff05d00000,0x000000ff05e00000] [id=14728]

Stack: [0x000000ff05d00000,0x000000ff05e00000]
Native frames: (J=compiled Java code, j=interpreted, Vv=VM code, C=native code)
V  [jvm.dll+0x67754a]
V  [jvm.dll+0x834304]
V  [jvm.dll+0x835aae]
V  [jvm.dll+0x836113]
V  [jvm.dll+0x24696f]
V  [jvm.dll+0xa681f]
V  [jvm.dll+0x2f73f3]
V  [jvm.dll+0x2f30f0]
V  [jvm.dll+0x2db6c7]
V  [jvm.dll+0x31e777]
V  [jvm.dll+0x83a5bb]
V  [jvm.dll+0x83b2f4]
V  [jvm.dll+0x83b80c]
V  [jvm.dll+0x83bbe4]
V  [jvm.dll+0x83bcb0]
V  [jvm.dll+0x7e4e7a]
V  [jvm.dll+0x676395]
C  [ucrtbase.dll+0x21bb2]
C  [KERNEL32.DLL+0x17614]
C  [ntdll.dll+0x526a1]

VM_Operation (0x000000ff06ffed50): G1CollectFull, mode: safepoint, requested by thread 0x000002ea8c5eb7c0


---------------  P R O C E S S  ---------------

Threads class SMR info:
_java_thread_list=0x000002ea8b3f2f00, length=25, elements={
0x000002eafff4f140, 0x000002eafff4ffb0, 0x000002eafff7ca70, 0x000002eafff7e0f0,
0x000002eafff80450, 0x000002eafff82f10, 0x000002eafffa8870, 0x000002eafffaee20,
0x000002ea8b2c7b40, 0x000002ea8b2cbae0, 0x000002ea8c42e020, 0x000002ea8b7f46c0,
0x000002ea8c5eb7c0, 0x000002ea8c5ebf30, 0x000002eafca30ae0, 0x000002ea8b27d2f0,
0x000002ea8c0d8030, 0x000002ea8c25b390, 0x000002ea8c93fcb0, 0x000002ea8c93cc90,
0x000002ea8c93f7e0, 0x000002ea8c940b20, 0x000002ea8c93b480, 0x000002ea8c93c2f0,
0x000002ea8c941990
}

Java Threads: ( => current thread )
  0x000002eafff4f140 JavaThread "Reference Handler" daemon [_thread_blocked, id=11076, stack(0x000000ff05e00000,0x000000ff05f00000)]
  0x000002eafff4ffb0 JavaThread "Finalizer" daemon [_thread_blocked, id=14664, stack(0x000000ff05f00000,0x000000ff06000000)]
  0x000002eafff7ca70 JavaThread "Signal Dispatcher" daemon [_thread_blocked, id=10172, stack(0x000000ff06100000,0x000000ff06200000)]
  0x000002eafff7e0f0 JavaThread "Attach Listener" daemon [_thread_blocked, id=224, stack(0x000000ff06200000,0x000000ff06300000)]
  0x000002eafff80450 JavaThread "Service Thread" daemon [_thread_blocked, id=13516, stack(0x000000ff06300000,0x000000ff06400000)]
  0x000002eafff82f10 JavaThread "Monitor Deflation Thread" daemon [_thread_blocked, id=10260, stack(0x000000ff06400000,0x000000ff06500000)]
  0x000002eafffa8870 JavaThread "C1 CompilerThread0" daemon [_thread_blocked, id=13036, stack(0x000000ff06500000,0x000000ff06600000)]
  0x000002eafffaee20 JavaThread "Sweeper thread" daemon [_thread_blocked, id=9752, stack(0x000000ff06600000,0x000000ff06700000)]
  0x000002ea8b2c7b40 JavaThread "Notification Thread" daemon [_thread_blocked, id=15336, stack(0x000000ff06700000,0x000000ff06800000)]
  0x000002ea8b2cbae0 JavaThread "Common-Cleaner" daemon [_thread_blocked, id=12504, stack(0x000000ff06900000,0x000000ff06a00000)]
  0x000002ea8c42e020 JavaThread "boundedElastic-evictor-1" daemon [_thread_blocked, id=5600, stack(0x000000ff06b00000,0x000000ff06c00000)]
  0x000002ea8b7f46c0 JavaThread "boundedElastic-evictor-2" daemon [_thread_blocked, id=5432, stack(0x000000ff06a00000,0x000000ff06b00000)]
  0x000002ea8c5eb7c0 JavaThread "pool-10-thread-1" [_thread_blocked, id=9792, stack(0x000000ff06f00000,0x000000ff07000000)]
  0x000002ea8c5ebf30 JavaThread "LanguageServerApp-lifecycle" [_thread_blocked, id=9176, stack(0x000000ff07000000,0x000000ff07100000)]
  0x000002eafca30ae0 JavaThread "DestroyJavaVM" [_thread_blocked, id=5440, stack(0x000000ff05700000,0x000000ff05800000)]
  0x000002ea8b27d2f0 JavaThread "pool-11-thread-1" [_thread_in_native, id=15292, stack(0x000000ff07100000,0x000000ff07200000)]
  0x000002ea8c0d8030 JavaThread "Simple-Language-Server main thread" daemon [_thread_blocked, id=9620, stack(0x000000ff07200000,0x000000ff07300000)]
  0x000002ea8c25b390 JavaThread "pool-6-thread-1" [_thread_blocked, id=9728, stack(0x000000ff07600000,0x000000ff07700000)]
  0x000002ea8c93fcb0 JavaThread "parallel-1" daemon [_thread_blocked, id=932, stack(0x000000ff07c00000,0x000000ff07d00000)]
  0x000002ea8c93cc90 JavaThread "pool-4-thread-1" [_thread_blocked, id=15036, stack(0x000000ff08600000,0x000000ff08700000)]
  0x000002ea8c93f7e0 JavaThread "parallel-2" daemon [_thread_blocked, id=4184, stack(0x000000ff08700000,0x000000ff08800000)]
  0x000002ea8c940b20 JavaThread "parallel-3" daemon [_thread_blocked, id=2704, stack(0x000000ff07d00000,0x000000ff07e00000)]
  0x000002ea8c93b480 JavaThread "parallel-4" daemon [_thread_blocked, id=3408, stack(0x000000ff07e00000,0x000000ff07f00000)]
  0x000002ea8c93c2f0 JavaThread "Reconciler-1" daemon [_thread_blocked, id=13804, stack(0x000000ff07f00000,0x000000ff08000000)]
  0x000002ea8c941990 JavaThread "ForkJoinPool.commonPool-worker-13" daemon [_thread_blocked, id=7628, stack(0x000000ff07a00000,0x000000ff07b00000)]

Other Threads:
=>0x000002eafcafd330 VMThread "VM Thread" [stack: 0x000000ff05d00000,0x000000ff05e00000] [id=14728]
  0x000002ea8b2c9840 WatcherThread [stack: 0x000000ff06800000,0x000000ff06900000] [id=11588]
  0x000002eafca70a10 GCTaskThread "GC Thread#0" [stack: 0x000000ff05800000,0x000000ff05900000] [id=4108]
  0x000002ea8b8eabe0 GCTaskThread "GC Thread#1" [stack: 0x000000ff06c00000,0x000000ff06d00000] [id=4508]
  0x000002ea8bb8d580 GCTaskThread "GC Thread#2" [stack: 0x000000ff06d00000,0x000000ff06e00000] [id=14564]
  0x000002ea8bc8a4c0 GCTaskThread "GC Thread#3" [stack: 0x000000ff06e00000,0x000000ff06f00000] [id=6800]
  0x000002eafca79950 ConcurrentGCThread "G1 Main Marker" [stack: 0x000000ff05900000,0x000000ff05a00000] [id=7880]
  0x000002eafca7a360 ConcurrentGCThread "G1 Conc#0" [stack: 0x000000ff05a00000,0x000000ff05b00000] [id=10396]
  0x000002eafcab7230 ConcurrentGCThread "G1 Refine#0" [stack: 0x000000ff05b00000,0x000000ff05c00000] [id=2396]
  0x000002ea8cc31010 ConcurrentGCThread "G1 Refine#1" [stack: 0x000000ff08500000,0x000000ff08600000] [id=10500]
  0x000002ea8cdfcf40 ConcurrentGCThread "G1 Refine#2" [stack: 0x000000ff07b00000,0x000000ff07c00000] [id=5668]
  0x000002ea8cdfd220 ConcurrentGCThread "G1 Refine#3" [stack: 0x000000ff08900000,0x000000ff08a00000] [id=1064]
  0x000002eafcab8c60 ConcurrentGCThread "G1 Service" [stack: 0x000000ff05c00000,0x000000ff05d00000] [id=13268]

Threads with active compile tasks:

VM state: at safepoint (normal execution)

VM Mutex/Monitor currently owned by a thread:  ([mutex/lock_event])
[0x000002eafa96a280] Threads_lock - owner thread: 0x000002eafcafd330
[0x000002eafca2e350] Heap_lock - owner thread: 0x000002ea8c5eb7c0

Heap address: 0x00000000c0000000, size: 1024 MB, Compressed Oops mode: 32-bit

CDS archive(s) not mapped
Compressed class space mapped at: 0x0000000100000000-0x0000000140000000, reserved size: 1073741824
Narrow klass base: 0x0000000000000000, Narrow klass shift: 3, Narrow klass range: 0x140000000

GC Precious Log:
 CPUs: 4 total, 4 available
 Memory: 3659M
 Large Page Support: Disabled
 NUMA Support: Disabled
 Compressed Oops: Enabled (32-bit)
 Heap Region Size: 1M
 Heap Min Capacity: 8M
 Heap Initial Capacity: 58M
 Heap Max Capacity: 1G
 Pre-touch: Disabled
 Parallel Workers: 4
 Concurrent Workers: 1
 Concurrent Refinement Workers: 4
 Periodic GC: Disabled

Heap:
 garbage-first heap   total 286720K, used 102533K [0x00000000c0000000, 0x0000000100000000)
  region size 1024K, 1 young (1024K), 0 survivors (0K)
 Metaspace       used 71511K, committed 71936K, reserved 1114112K
  class space    used 9794K, committed 9984K, reserved 1048576K

Heap Regions: E=young(eden), S=young(survivor), O=old, HS=humongous(starts), HC=humongous(continues), CS=collection set, F=free, OA=open archive, CA=closed archive, TAMS=top-at-mark-start (previous, next)
|   0|0x00000000c0000000, 0x00000000c0100000, 0x00000000c0100000|100%| O|  |TAMS 0x00000000c0100000, 0x00000000c0000000| Untracked 
|   1|0x00000000c0100000, 0x00000000c0200000, 0x00000000c0200000|100%| O|  |TAMS 0x00000000c0200000, 0x00000000c0100000| Untracked 
|   2|0x00000000c0200000, 0x00000000c0300000, 0x00000000c0300000|100%| O|  |TAMS 0x00000000c0300000, 0x00000000c0200000| Untracked 
|   3|0x00000000c0300000, 0x00000000c0400000, 0x00000000c0400000|100%| O|  |TAMS 0x00000000c0400000, 0x00000000c0300000| Untracked 
|   4|0x00000000c0400000, 0x00000000c04ffff8, 0x00000000c0500000| 99%| O|  |TAMS 0x00000000c04ffff8, 0x00000000c0400000| Untracked 
|   5|0x00000000c0500000, 0x00000000c0600000, 0x00000000c0600000|100%| O|  |TAMS 0x00000000c0600000, 0x00000000c0500000| Untracked 
|   6|0x00000000c0600000, 0x00000000c06fff80, 0x00000000c0700000| 99%| O|  |TAMS 0x00000000c06fff80, 0x00000000c0600000| Untracked 
|   7|0x00000000c0700000, 0x00000000c07fffe8, 0x00000000c0800000| 99%| O|  |TAMS 0x00000000c07fffe8, 0x00000000c0700000| Untracked 
|   8|0x00000000c0800000, 0x00000000c08fffb8, 0x00000000c0900000| 99%| O|  |TAMS 0x00000000c08fffb8, 0x00000000c0800000| Untracked 
|   9|0x00000000c0900000, 0x00000000c09ffff8, 0x00000000c0a00000| 99%| O|  |TAMS 0x00000000c09ffff8, 0x00000000c0900000| Untracked 
|  10|0x00000000c0a00000, 0x00000000c0affff8, 0x00000000c0b00000| 99%| O|  |TAMS 0x00000000c0affff8, 0x00000000c0a00000| Untracked 
|  11|0x00000000c0b00000, 0x00000000c0bfffa8, 0x00000000c0c00000| 99%| O|  |TAMS 0x00000000c0bfffa8, 0x00000000c0b00000| Untracked 
|  12|0x00000000c0c00000, 0x00000000c0d00000, 0x00000000c0d00000|100%| O|  |TAMS 0x00000000c0d00000, 0x00000000c0c00000| Untracked 
|  13|0x00000000c0d00000, 0x00000000c0dfffe8, 0x00000000c0e00000| 99%| O|  |TAMS 0x00000000c0dfffe8, 0x00000000c0d00000| Untracked 
|  14|0x00000000c0e00000, 0x00000000c0efee58, 0x00000000c0f00000| 99%| O|  |TAMS 0x00000000c0efee58, 0x00000000c0e00000| Untracked 
|  15|0x00000000c0f00000, 0x00000000c0fffff0, 0x00000000c1000000| 99%| O|  |TAMS 0x00000000c0fffff0, 0x00000000c0f00000| Untracked 
|  16|0x00000000c1000000, 0x00000000c10fdf00, 0x00000000c1100000| 99%| O|  |TAMS 0x00000000c10fdf00, 0x00000000c1000000| Untracked 
|  17|0x00000000c1100000, 0x00000000c11fffd8, 0x00000000c1200000| 99%| O|  |TAMS 0x00000000c11fffd8, 0x00000000c1100000| Untracked 
|  18|0x00000000c1200000, 0x00000000c1300000, 0x00000000c1300000|100%| O|  |TAMS 0x00000000c1300000, 0x00000000c1200000| Untracked 
|  19|0x00000000c1300000, 0x00000000c13fffc0, 0x00000000c1400000| 99%| O|  |TAMS 0x00000000c13fffc0, 0x00000000c1300000| Untracked 
|  20|0x00000000c1400000, 0x00000000c1500000, 0x00000000c1500000|100%| O|  |TAMS 0x00000000c1500000, 0x00000000c1400000| Untracked 
|  21|0x00000000c1500000, 0x00000000c15fffd0, 0x00000000c1600000| 99%| O|  |TAMS 0x00000000c15fffd0, 0x00000000c1500000| Untracked 
|  22|0x00000000c1600000, 0x00000000c16ffff0, 0x00000000c1700000| 99%| O|  |TAMS 0x00000000c16ffff0, 0x00000000c1600000| Untracked 
|  23|0x00000000c1700000, 0x00000000c17ffff8, 0x00000000c1800000| 99%| O|  |TAMS 0x00000000c17ffff8, 0x00000000c1700000| Untracked 
|  24|0x00000000c1800000, 0x00000000c18fffe0, 0x00000000c1900000| 99%| O|  |TAMS 0x00000000c18fffe0, 0x00000000c1800000| Untracked 
|  25|0x00000000c1900000, 0x00000000c19f62f0, 0x00000000c1a00000| 96%| O|  |TAMS 0x00000000c19f62f0, 0x00000000c1900000| Untracked 
|  26|0x00000000c1a00000, 0x00000000c1afffb8, 0x00000000c1b00000| 99%| O|  |TAMS 0x00000000c1afffb8, 0x00000000c1a00000| Untracked 
|  27|0x00000000c1b00000, 0x00000000c1bffff8, 0x00000000c1c00000| 99%| O|  |TAMS 0x00000000c1bffff8, 0x00000000c1b00000| Untracked 
|  28|0x00000000c1c00000, 0x00000000c1d00000, 0x00000000c1d00000|100%|HS|  |TAMS 0x00000000c1d00000, 0x00000000c1c00000| Untracked 
|  29|0x00000000c1d00000, 0x00000000c1df5400, 0x00000000c1e00000| 95%| O|  |TAMS 0x00000000c1df5400, 0x00000000c1d00000| Untracked 
|  30|0x00000000c1e00000, 0x00000000c1effff8, 0x00000000c1f00000| 99%| O|  |TAMS 0x00000000c1effff8, 0x00000000c1e00000| Untracked 
|  31|0x00000000c1f00000, 0x00000000c1ffffc8, 0x00000000c2000000| 99%| O|  |TAMS 0x00000000c1ffffc8, 0x00000000c1f00000| Untracked 
|  32|0x00000000c2000000, 0x00000000c20ffff8, 0x00000000c2100000| 99%| O|  |TAMS 0x00000000c20ffff8, 0x00000000c2000000| Untracked 
|  33|0x00000000c2100000, 0x00000000c2200000, 0x00000000c2200000|100%| O|  |TAMS 0x00000000c2200000, 0x00000000c2100000| Untracked 
|  34|0x00000000c2200000, 0x00000000c22ffed0, 0x00000000c2300000| 99%| O|  |TAMS 0x00000000c22ffed0, 0x00000000c2200000| Untracked 
|  35|0x00000000c2300000, 0x00000000c2400000, 0x00000000c2400000|100%| O|  |TAMS 0x00000000c2400000, 0x00000000c2300000| Untracked 
|  36|0x00000000c2400000, 0x00000000c24fffe8, 0x00000000c2500000| 99%| O|  |TAMS 0x00000000c24fffe8, 0x00000000c2400000| Untracked 
|  37|0x00000000c2500000, 0x00000000c25ffff8, 0x00000000c2600000| 99%| O|  |TAMS 0x00000000c25ffff8, 0x00000000c2500000| Untracked 
|  38|0x00000000c2600000, 0x00000000c2700000, 0x00000000c2700000|100%| O|  |TAMS 0x00000000c2700000, 0x00000000c2600000| Untracked 
|  39|0x00000000c2700000, 0x00000000c27ffff0, 0x00000000c2800000| 99%| O|  |TAMS 0x00000000c27ffff0, 0x00000000c2700000| Untracked 
|  40|0x00000000c2800000, 0x00000000c28fffe0, 0x00000000c2900000| 99%| O|  |TAMS 0x00000000c28fffe0, 0x00000000c2800000| Untracked 
|  41|0x00000000c2900000, 0x00000000c29fffe8, 0x00000000c2a00000| 99%| O|  |TAMS 0x00000000c29fffe8, 0x00000000c2900000| Untracked 
|  42|0x00000000c2a00000, 0x00000000c2affff8, 0x00000000c2b00000| 99%| O|  |TAMS 0x00000000c2affff8, 0x00000000c2a00000| Untracked 
|  43|0x00000000c2b00000, 0x00000000c2c00000, 0x00000000c2c00000|100%| O|  |TAMS 0x00000000c2c00000, 0x00000000c2b00000| Untracked 
|  44|0x00000000c2c00000, 0x00000000c2cfffd8, 0x00000000c2d00000| 99%| O|  |TAMS 0x00000000c2cfffd8, 0x00000000c2c00000| Untracked 
|  45|0x00000000c2d00000, 0x00000000c2e00000, 0x00000000c2e00000|100%|HS|  |TAMS 0x00000000c2e00000, 0x00000000c2d00000| Untracked 
|  46|0x00000000c2e00000, 0x00000000c2efffd0, 0x00000000c2f00000| 99%| O|  |TAMS 0x00000000c2efffd0, 0x00000000c2e00000| Untracked 
|  47|0x00000000c2f00000, 0x00000000c3000000, 0x00000000c3000000|100%| O|  |TAMS 0x00000000c3000000, 0x00000000c2f00000| Untracked 
|  48|0x00000000c3000000, 0x00000000c30ffdd0, 0x00000000c3100000| 99%| O|  |TAMS 0x00000000c30ffdd0, 0x00000000c3000000| Untracked 
|  49|0x00000000c3100000, 0x00000000c31ffff0, 0x00000000c3200000| 99%| O|  |TAMS 0x00000000c31ffff0, 0x00000000c3100000| Untracked 
|  50|0x00000000c3200000, 0x00000000c32ffff0, 0x00000000c3300000| 99%| O|  |TAMS 0x00000000c32ffff0, 0x00000000c3200000| Untracked 
|  51|0x00000000c3300000, 0x00000000c33ffff8, 0x00000000c3400000| 99%| O|  |TAMS 0x00000000c33ffff8, 0x00000000c3300000| Untracked 
|  52|0x00000000c3400000, 0x00000000c3500000, 0x00000000c3500000|100%| O|  |TAMS 0x00000000c3500000, 0x00000000c3400000| Untracked 
|  53|0x00000000c3500000, 0x00000000c3600000, 0x00000000c3600000|100%| O|  |TAMS 0x00000000c3600000, 0x00000000c3500000| Untracked 
|  54|0x00000000c3600000, 0x00000000c36ffff8, 0x00000000c3700000| 99%| O|  |TAMS 0x00000000c36ffff8, 0x00000000c3600000| Untracked 
|  55|0x00000000c3700000, 0x00000000c37fffb8, 0x00000000c3800000| 99%| O|  |TAMS 0x00000000c37fffb8, 0x00000000c3700000| Untracked 
|  56|0x00000000c3800000, 0x00000000c38fffc8, 0x00000000c3900000| 99%| O|  |TAMS 0x00000000c38fffc8, 0x00000000c3800000| Untracked 
|  57|0x00000000c3900000, 0x00000000c3a00000, 0x00000000c3a00000|100%| O|  |TAMS 0x00000000c3a00000, 0x00000000c3900000| Untracked 
|  58|0x00000000c3a00000, 0x00000000c3affff8, 0x00000000c3b00000| 99%| O|  |TAMS 0x00000000c3affff8, 0x00000000c3a00000| Untracked 
|  59|0x00000000c3b00000, 0x00000000c3bfffe8, 0x00000000c3c00000| 99%| O|  |TAMS 0x00000000c3bfffe8, 0x00000000c3b00000| Untracked 
|  60|0x00000000c3c00000, 0x00000000c3cffff0, 0x00000000c3d00000| 99%| O|  |TAMS 0x00000000c3cffff0, 0x00000000c3c00000| Untracked 
|  61|0x00000000c3d00000, 0x00000000c3dffff0, 0x00000000c3e00000| 99%| O|  |TAMS 0x00000000c3dffff0, 0x00000000c3d00000| Untracked 
|  62|0x00000000c3e00000, 0x00000000c3effff8, 0x00000000c3f00000| 99%| O|  |TAMS 0x00000000c3effff8, 0x00000000c3e00000| Untracked 
|  63|0x00000000c3f00000, 0x00000000c3fffff0, 0x00000000c4000000| 99%| O|  |TAMS 0x00000000c3fffff0, 0x00000000c3f00000| Untracked 
|  64|0x00000000c4000000, 0x00000000c40ffff8, 0x00000000c4100000| 99%| O|  |TAMS 0x00000000c40ffff8, 0x00000000c4000000| Untracked 
|  65|0x00000000c4100000, 0x00000000c41ffff0, 0x00000000c4200000| 99%| O|  |TAMS 0x00000000c41ffff0, 0x00000000c4100000| Untracked 
|  66|0x00000000c4200000, 0x00000000c42fffe8, 0x00000000c4300000| 99%| O|  |TAMS 0x00000000c42fffe8, 0x00000000c4200000| Untracked 
|  67|0x00000000c4300000, 0x00000000c4400000, 0x00000000c4400000|100%| O|  |TAMS 0x00000000c4400000, 0x00000000c4300000| Untracked 
|  68|0x00000000c4400000, 0x00000000c4500000, 0x00000000c4500000|100%| O|  |TAMS 0x00000000c4500000, 0x00000000c4400000| Untracked 
|  69|0x00000000c4500000, 0x00000000c45ffff8, 0x00000000c4600000| 99%| O|  |TAMS 0x00000000c45ffff8, 0x00000000c4500000| Untracked 
|  70|0x00000000c4600000, 0x00000000c46fffd8, 0x00000000c4700000| 99%| O|  |TAMS 0x00000000c46fffd8, 0x00000000c4600000| Untracked 
|  71|0x00000000c4700000, 0x00000000c4800000, 0x00000000c4800000|100%| O|  |TAMS 0x00000000c4800000, 0x00000000c4700000| Untracked 
|  72|0x00000000c4800000, 0x00000000c4900000, 0x00000000c4900000|100%| O|  |TAMS 0x00000000c4900000, 0x00000000c4800000| Untracked 
|  73|0x00000000c4900000, 0x00000000c49fffa8, 0x00000000c4a00000| 99%| O|  |TAMS 0x00000000c49fffa8, 0x00000000c4900000| Untracked 
|  74|0x00000000c4a00000, 0x00000000c4b00000, 0x00000000c4b00000|100%| O|  |TAMS 0x00000000c4b00000, 0x00000000c4a00000| Untracked 
|  75|0x00000000c4b00000, 0x00000000c4bfffd8, 0x00000000c4c00000| 99%| O|  |TAMS 0x00000000c4bfffd8, 0x00000000c4b00000| Untracked 
|  76|0x00000000c4c00000, 0x00000000c4d00000, 0x00000000c4d00000|100%|HS|  |TAMS 0x00000000c4d00000, 0x00000000c4c00000| Untracked 
|  77|0x00000000c4d00000, 0x00000000c4e00000, 0x00000000c4e00000|100%|HC|  |TAMS 0x00000000c4e00000, 0x00000000c4d00000| Untracked 
|  78|0x00000000c4e00000, 0x00000000c4f00000, 0x00000000c4f00000|100%|HC|  |TAMS 0x00000000c4f00000, 0x00000000c4e00000| Untracked 
|  79|0x00000000c4f00000, 0x00000000c4ffffe8, 0x00000000c5000000| 99%| O|  |TAMS 0x00000000c4ffffe8, 0x00000000c4f00000| Untracked 
|  80|0x00000000c5000000, 0x00000000c50ffff8, 0x00000000c5100000| 99%| O|  |TAMS 0x00000000c50ffff8, 0x00000000c5000000| Untracked 
|  81|0x00000000c5100000, 0x00000000c51ffff0, 0x00000000c5200000| 99%| O|  |TAMS 0x00000000c51ffff0, 0x00000000c5100000| Untracked 
|  82|0x00000000c5200000, 0x00000000c5300000, 0x00000000c5300000|100%| O|  |TAMS 0x00000000c5300000, 0x00000000c5200000| Untracked 
|  83|0x00000000c5300000, 0x00000000c5400000, 0x00000000c5400000|100%| O|  |TAMS 0x00000000c5400000, 0x00000000c5300000| Untracked 
|  84|0x00000000c5400000, 0x00000000c5500000, 0x00000000c5500000|100%| O|  |TAMS 0x00000000c5500000, 0x00000000c5400000| Untracked 
|  85|0x00000000c5500000, 0x00000000c55fffc8, 0x00000000c5600000| 99%| O|  |TAMS 0x00000000c55fffc8, 0x00000000c5500000| Untracked 
|  86|0x00000000c5600000, 0x00000000c56ffff0, 0x00000000c5700000| 99%| O|  |TAMS 0x00000000c56ffff0, 0x00000000c5600000| Untracked 
|  87|0x00000000c5700000, 0x00000000c5800000, 0x00000000c5800000|100%| O|  |TAMS 0x00000000c5800000, 0x00000000c5700000| Untracked 
|  88|0x00000000c5800000, 0x00000000c58fb2d0, 0x00000000c5900000| 98%| O|  |TAMS 0x00000000c58fb2d0, 0x00000000c5800000| Untracked 
|  89|0x00000000c5900000, 0x00000000c59ffff8, 0x00000000c5a00000| 99%| O|  |TAMS 0x00000000c59ffff8, 0x00000000c5900000| Untracked 
|  90|0x00000000c5a00000, 0x00000000c5a9b860, 0x00000000c5b00000| 60%| O|  |TAMS 0x00000000c5a00000, 0x00000000c5a00000| Untracked 
|  91|0x00000000c5b00000, 0x00000000c5bd2a80, 0x00000000c5c00000| 82%| O|  |TAMS 0x00000000c5b00000, 0x00000000c5b00000| Untracked 
|  92|0x00000000c5c00000, 0x00000000c5c00000, 0x00000000c5d00000|  0%| F|  |TAMS 0x00000000c5c00000, 0x00000000c5c00000| Untracked 
|  93|0x00000000c5d00000, 0x00000000c5dd0480, 0x00000000c5e00000| 81%| O|  |TAMS 0x00000000c5d00000, 0x00000000c5d00000| Untracked 
|  94|0x00000000c5e00000, 0x00000000c5e00000, 0x00000000c5f00000|  0%| F|  |TAMS 0x00000000c5e00000, 0x00000000c5e00000| Untracked 
|  95|0x00000000c5f00000, 0x00000000c5f00000, 0x00000000c6000000|  0%| F|  |TAMS 0x00000000c5f00000, 0x00000000c5f00000| Untracked 
|  96|0x00000000c6000000, 0x00000000c6000000, 0x00000000c6100000|  0%| F|  |TAMS 0x00000000c6000000, 0x00000000c6000000| Untracked 
|  97|0x00000000c6100000, 0x00000000c6100000, 0x00000000c6200000|  0%| F|  |TAMS 0x00000000c6100000, 0x00000000c6100000| Untracked 
|  98|0x00000000c6200000, 0x00000000c6200000, 0x00000000c6300000|  0%| F|  |TAMS 0x00000000c6200000, 0x00000000c6200000| Untracked 
|  99|0x00000000c6300000, 0x00000000c6300000, 0x00000000c6400000|  0%| F|  |TAMS 0x00000000c6300000, 0x00000000c6300000| Untracked 
| 100|0x00000000c6400000, 0x00000000c6400000, 0x00000000c6500000|  0%| F|  |TAMS 0x00000000c6400000, 0x00000000c6400000| Untracked 
| 101|0x00000000c6500000, 0x00000000c6500000, 0x00000000c6600000|  0%| F|  |TAMS 0x00000000c6500000, 0x00000000c6500000| Untracked 
| 102|0x00000000c6600000, 0x00000000c6600000, 0x00000000c6700000|  0%| F|  |TAMS 0x00000000c6600000, 0x00000000c6600000| Untracked 
| 103|0x00000000c6700000, 0x00000000c6700000, 0x00000000c6800000|  0%| F|  |TAMS 0x00000000c6700000, 0x00000000c6700000| Untracked 
| 104|0x00000000c6800000, 0x00000000c6800000, 0x00000000c6900000|  0%| F|  |TAMS 0x00000000c6800000, 0x00000000c6800000| Untracked 
| 105|0x00000000c6900000, 0x00000000c6900000, 0x00000000c6a00000|  0%| F|  |TAMS 0x00000000c6900000, 0x00000000c6900000| Untracked 
| 106|0x00000000c6a00000, 0x00000000c6a00000, 0x00000000c6b00000|  0%| F|  |TAMS 0x00000000c6a00000, 0x00000000c6a00000| Untracked 
| 107|0x00000000c6b00000, 0x00000000c6b00000, 0x00000000c6c00000|  0%| F|  |TAMS 0x00000000c6b00000, 0x00000000c6b00000| Untracked 
| 108|0x00000000c6c00000, 0x00000000c6c00000, 0x00000000c6d00000|  0%| F|  |TAMS 0x00000000c6c00000, 0x00000000c6c00000| Untracked 
| 109|0x00000000c6d00000, 0x00000000c6d00000, 0x00000000c6e00000|  0%| F|  |TAMS 0x00000000c6d00000, 0x00000000c6d00000| Untracked 
| 110|0x00000000c6e00000, 0x00000000c6e00000, 0x00000000c6f00000|  0%| F|  |TAMS 0x00000000c6e00000, 0x00000000c6e00000| Untracked 
| 111|0x00000000c6f00000, 0x00000000c6f00000, 0x00000000c7000000|  0%| F|  |TAMS 0x00000000c6f00000, 0x00000000c6f00000| Untracked 
| 112|0x00000000c7000000, 0x00000000c7000000, 0x00000000c7100000|  0%| F|  |TAMS 0x00000000c7000000, 0x00000000c7000000| Untracked 
| 113|0x00000000c7100000, 0x00000000c7100000, 0x00000000c7200000|  0%| F|  |TAMS 0x00000000c7100000, 0x00000000c7100000| Untracked 
| 114|0x00000000c7200000, 0x00000000c7200000, 0x00000000c7300000|  0%| F|  |TAMS 0x00000000c7200000, 0x00000000c7200000| Untracked 
| 115|0x00000000c7300000, 0x00000000c7300000, 0x00000000c7400000|  0%| F|  |TAMS 0x00000000c7300000, 0x00000000c7300000| Untracked 
| 116|0x00000000c7400000, 0x00000000c7400000, 0x00000000c7500000|  0%| F|  |TAMS 0x00000000c7400000, 0x00000000c7400000| Untracked 
| 117|0x00000000c7500000, 0x00000000c7500000, 0x00000000c7600000|  0%| F|  |TAMS 0x00000000c7500000, 0x00000000c7500000| Untracked 
| 118|0x00000000c7600000, 0x00000000c7600000, 0x00000000c7700000|  0%| F|  |TAMS 0x00000000c7600000, 0x00000000c7600000| Untracked 
| 119|0x00000000c7700000, 0x00000000c7700000, 0x00000000c7800000|  0%| F|  |TAMS 0x00000000c7700000, 0x00000000c7700000| Untracked 
| 120|0x00000000c7800000, 0x00000000c7800000, 0x00000000c7900000|  0%| F|  |TAMS 0x00000000c7800000, 0x00000000c7800000| Untracked 
| 121|0x00000000c7900000, 0x00000000c7900000, 0x00000000c7a00000|  0%| F|  |TAMS 0x00000000c7900000, 0x00000000c7900000| Untracked 
| 122|0x00000000c7a00000, 0x00000000c7a00000, 0x00000000c7b00000|  0%| F|  |TAMS 0x00000000c7a00000, 0x00000000c7a00000| Untracked 
| 123|0x00000000c7b00000, 0x00000000c7b00000, 0x00000000c7c00000|  0%| F|  |TAMS 0x00000000c7b00000, 0x00000000c7b00000| Untracked 
| 124|0x00000000c7c00000, 0x00000000c7c00000, 0x00000000c7d00000|  0%| F|  |TAMS 0x00000000c7c00000, 0x00000000c7c00000| Untracked 
| 125|0x00000000c7d00000, 0x00000000c7d00000, 0x00000000c7e00000|  0%| F|  |TAMS 0x00000000c7d00000, 0x00000000c7d00000| Untracked 
| 126|0x00000000c7e00000, 0x00000000c7e00000, 0x00000000c7f00000|  0%| F|  |TAMS 0x00000000c7e00000, 0x00000000c7e00000| Untracked 
| 127|0x00000000c7f00000, 0x00000000c7f00000, 0x00000000c8000000|  0%| F|  |TAMS 0x00000000c7f00000, 0x00000000c7f00000| Untracked 
| 128|0x00000000c8000000, 0x00000000c8000000, 0x00000000c8100000|  0%| F|  |TAMS 0x00000000c8000000, 0x00000000c8000000| Untracked 
| 129|0x00000000c8100000, 0x00000000c8100000, 0x00000000c8200000|  0%| F|  |TAMS 0x00000000c8100000, 0x00000000c8100000| Untracked 
| 130|0x00000000c8200000, 0x00000000c8300000, 0x00000000c8300000|100%| O|  |TAMS 0x00000000c8300000, 0x00000000c8200000| Untracked 
| 131|0x00000000c8300000, 0x00000000c8400000, 0x00000000c8400000|100%| O|  |TAMS 0x00000000c8400000, 0x00000000c8300000| Untracked 
| 132|0x00000000c8400000, 0x00000000c8500000, 0x00000000c8500000|100%| O|  |TAMS 0x00000000c8500000, 0x00000000c8400000| Untracked 
| 133|0x00000000c8500000, 0x00000000c8600000, 0x00000000c8600000|100%| O|  |TAMS 0x00000000c8600000, 0x00000000c8500000| Untracked 
| 134|0x00000000c8600000, 0x00000000c8600000, 0x00000000c8700000|  0%| F|  |TAMS 0x00000000c8600000, 0x00000000c8600000| Untracked 
| 135|0x00000000c8700000, 0x00000000c8700000, 0x00000000c8800000|  0%| F|  |TAMS 0x00000000c8700000, 0x00000000c8700000| Untracked 
| 136|0x00000000c8800000, 0x00000000c8800000, 0x00000000c8900000|  0%| F|  |TAMS 0x00000000c8800000, 0x00000000c8800000| Untracked 
| 137|0x00000000c8900000, 0x00000000c8900000, 0x00000000c8a00000|  0%| F|  |TAMS 0x00000000c8900000, 0x00000000c8900000| Untracked 
| 138|0x00000000c8a00000, 0x00000000c8a00000, 0x00000000c8b00000|  0%| F|  |TAMS 0x00000000c8a00000, 0x00000000c8a00000| Untracked 
| 139|0x00000000c8b00000, 0x00000000c8b00000, 0x00000000c8c00000|  0%| F|  |TAMS 0x00000000c8b00000, 0x00000000c8b00000| Untracked 
| 140|0x00000000c8c00000, 0x00000000c8c00000, 0x00000000c8d00000|  0%| F|  |TAMS 0x00000000c8c00000, 0x00000000c8c00000| Untracked 
| 141|0x00000000c8d00000, 0x00000000c8d00000, 0x00000000c8e00000|  0%| F|  |TAMS 0x00000000c8d00000, 0x00000000c8d00000| Untracked 
| 142|0x00000000c8e00000, 0x00000000c8e00000, 0x00000000c8f00000|  0%| F|  |TAMS 0x00000000c8e00000, 0x00000000c8e00000| Untracked 
| 143|0x00000000c8f00000, 0x00000000c8f00000, 0x00000000c9000000|  0%| F|  |TAMS 0x00000000c8f00000, 0x00000000c8f00000| Untracked 
| 144|0x00000000c9000000, 0x00000000c9000000, 0x00000000c9100000|  0%| F|  |TAMS 0x00000000c9000000, 0x00000000c9000000| Untracked 
| 145|0x00000000c9100000, 0x00000000c9100000, 0x00000000c9200000|  0%| F|  |TAMS 0x00000000c9100000, 0x00000000c9100000| Untracked 
| 146|0x00000000c9200000, 0x00000000c9200000, 0x00000000c9300000|  0%| F|  |TAMS 0x00000000c9200000, 0x00000000c9200000| Untracked 
| 147|0x00000000c9300000, 0x00000000c9300000, 0x00000000c9400000|  0%| F|  |TAMS 0x00000000c9300000, 0x00000000c9300000| Untracked 
| 148|0x00000000c9400000, 0x00000000c9400000, 0x00000000c9500000|  0%| F|  |TAMS 0x00000000c9400000, 0x00000000c9400000| Untracked 
| 149|0x00000000c9500000, 0x00000000c9500000, 0x00000000c9600000|  0%| F|  |TAMS 0x00000000c9500000, 0x00000000c9500000| Untracked 
| 150|0x00000000c9600000, 0x00000000c9600000, 0x00000000c9700000|  0%| F|  |TAMS 0x00000000c9600000, 0x00000000c9600000| Untracked 
| 151|0x00000000c9700000, 0x00000000c9700000, 0x00000000c9800000|  0%| F|  |TAMS 0x00000000c9700000, 0x00000000c9700000| Untracked 
| 152|0x00000000c9800000, 0x00000000c9800000, 0x00000000c9900000|  0%| F|  |TAMS 0x00000000c9800000, 0x00000000c9800000| Untracked 
| 153|0x00000000c9900000, 0x00000000c9900000, 0x00000000c9a00000|  0%| F|  |TAMS 0x00000000c9900000, 0x00000000c9900000| Untracked 
| 154|0x00000000c9a00000, 0x00000000c9a00000, 0x00000000c9b00000|  0%| F|  |TAMS 0x00000000c9a00000, 0x00000000c9a00000| Untracked 
| 155|0x00000000c9b00000, 0x00000000c9b00000, 0x00000000c9c00000|  0%| F|  |TAMS 0x00000000c9b00000, 0x00000000c9b00000| Untracked 
| 156|0x00000000c9c00000, 0x00000000c9c00000, 0x00000000c9d00000|  0%| F|  |TAMS 0x00000000c9c00000, 0x00000000c9c00000| Untracked 
| 157|0x00000000c9d00000, 0x00000000c9d00000, 0x00000000c9e00000|  0%| F|  |TAMS 0x00000000c9d00000, 0x00000000c9d00000| Untracked 
| 158|0x00000000c9e00000, 0x00000000c9e00000, 0x00000000c9f00000|  0%| F|  |TAMS 0x00000000c9e00000, 0x00000000c9e00000| Untracked 
| 159|0x00000000c9f00000, 0x00000000c9f00000, 0x00000000ca000000|  0%| F|  |TAMS 0x00000000c9f00000, 0x00000000c9f00000| Untracked 
| 160|0x00000000ca000000, 0x00000000ca000000, 0x00000000ca100000|  0%| F|  |TAMS 0x00000000ca000000, 0x00000000ca000000| Untracked 
| 161|0x00000000ca100000, 0x00000000ca100000, 0x00000000ca200000|  0%| F|  |TAMS 0x00000000ca100000, 0x00000000ca100000| Untracked 
| 162|0x00000000ca200000, 0x00000000ca200000, 0x00000000ca300000|  0%| F|  |TAMS 0x00000000ca200000, 0x00000000ca200000| Untracked 
| 163|0x00000000ca300000, 0x00000000ca300000, 0x00000000ca400000|  0%| F|  |TAMS 0x00000000ca300000, 0x00000000ca300000| Untracked 
| 164|0x00000000ca400000, 0x00000000ca400000, 0x00000000ca500000|  0%| F|  |TAMS 0x00000000ca400000, 0x00000000ca400000| Untracked 
| 165|0x00000000ca500000, 0x00000000ca500000, 0x00000000ca600000|  0%| F|  |TAMS 0x00000000ca500000, 0x00000000ca500000| Untracked 
| 166|0x00000000ca600000, 0x00000000ca600000, 0x00000000ca700000|  0%| F|  |TAMS 0x00000000ca600000, 0x00000000ca600000| Untracked 
| 167|0x00000000ca700000, 0x00000000ca700000, 0x00000000ca800000|  0%| F|  |TAMS 0x00000000ca700000, 0x00000000ca700000| Untracked 
| 168|0x00000000ca800000, 0x00000000ca800000, 0x00000000ca900000|  0%| F|  |TAMS 0x00000000ca800000, 0x00000000ca800000| Untracked 
| 169|0x00000000ca900000, 0x00000000ca900000, 0x00000000caa00000|  0%| F|  |TAMS 0x00000000ca900000, 0x00000000ca900000| Untracked 
| 170|0x00000000caa00000, 0x00000000caa00000, 0x00000000cab00000|  0%| F|  |TAMS 0x00000000caa00000, 0x00000000caa00000| Untracked 
| 171|0x00000000cab00000, 0x00000000cab00000, 0x00000000cac00000|  0%| F|  |TAMS 0x00000000cab00000, 0x00000000cab00000| Untracked 
| 172|0x00000000cac00000, 0x00000000cac00000, 0x00000000cad00000|  0%| F|  |TAMS 0x00000000cac00000, 0x00000000cac00000| Untracked 
| 173|0x00000000cad00000, 0x00000000cad00000, 0x00000000cae00000|  0%| F|  |TAMS 0x00000000cad00000, 0x00000000cad00000| Untracked 
| 174|0x00000000cae00000, 0x00000000cae00000, 0x00000000caf00000|  0%| F|  |TAMS 0x00000000cae00000, 0x00000000cae00000| Untracked 
| 175|0x00000000caf00000, 0x00000000caf00000, 0x00000000cb000000|  0%| F|  |TAMS 0x00000000caf00000, 0x00000000caf00000| Untracked 
| 176|0x00000000cb000000, 0x00000000cb000000, 0x00000000cb100000|  0%| F|  |TAMS 0x00000000cb000000, 0x00000000cb000000| Untracked 
| 177|0x00000000cb100000, 0x00000000cb100000, 0x00000000cb200000|  0%| F|  |TAMS 0x00000000cb100000, 0x00000000cb100000| Untracked 
| 178|0x00000000cb200000, 0x00000000cb200000, 0x00000000cb300000|  0%| F|  |TAMS 0x00000000cb200000, 0x00000000cb200000| Untracked 
| 179|0x00000000cb300000, 0x00000000cb300000, 0x00000000cb400000|  0%| F|  |TAMS 0x00000000cb300000, 0x00000000cb300000| Untracked 
| 180|0x00000000cb400000, 0x00000000cb400000, 0x00000000cb500000|  0%| F|  |TAMS 0x00000000cb400000, 0x00000000cb400000| Untracked 
| 181|0x00000000cb500000, 0x00000000cb500000, 0x00000000cb600000|  0%| F|  |TAMS 0x00000000cb500000, 0x00000000cb500000| Untracked 
| 182|0x00000000cb600000, 0x00000000cb600000, 0x00000000cb700000|  0%| F|  |TAMS 0x00000000cb600000, 0x00000000cb600000| Untracked 
| 183|0x00000000cb700000, 0x00000000cb700000, 0x00000000cb800000|  0%| F|  |TAMS 0x00000000cb700000, 0x00000000cb700000| Untracked 
| 184|0x00000000cb800000, 0x00000000cb800000, 0x00000000cb900000|  0%| F|  |TAMS 0x00000000cb800000, 0x00000000cb800000| Untracked 
| 185|0x00000000cb900000, 0x00000000cb900000, 0x00000000cba00000|  0%| F|  |TAMS 0x00000000cb900000, 0x00000000cb900000| Untracked 
| 186|0x00000000cba00000, 0x00000000cba00000, 0x00000000cbb00000|  0%| F|  |TAMS 0x00000000cba00000, 0x00000000cba00000| Untracked 
| 187|0x00000000cbb00000, 0x00000000cbb00000, 0x00000000cbc00000|  0%| F|  |TAMS 0x00000000cbb00000, 0x00000000cbb00000| Untracked 
| 188|0x00000000cbc00000, 0x00000000cbc00000, 0x00000000cbd00000|  0%| F|  |TAMS 0x00000000cbc00000, 0x00000000cbc00000| Untracked 
| 189|0x00000000cbd00000, 0x00000000cbd00000, 0x00000000cbe00000|  0%| F|  |TAMS 0x00000000cbd00000, 0x00000000cbd00000| Untracked 
| 190|0x00000000cbe00000, 0x00000000cbe00000, 0x00000000cbf00000|  0%| F|  |TAMS 0x00000000cbe00000, 0x00000000cbe00000| Untracked 
| 191|0x00000000cbf00000, 0x00000000cbf00000, 0x00000000cc000000|  0%| F|  |TAMS 0x00000000cbf00000, 0x00000000cbf00000| Untracked 
| 192|0x00000000cc000000, 0x00000000cc000000, 0x00000000cc100000|  0%| F|  |TAMS 0x00000000cc000000, 0x00000000cc000000| Untracked 
| 193|0x00000000cc100000, 0x00000000cc100000, 0x00000000cc200000|  0%| F|  |TAMS 0x00000000cc100000, 0x00000000cc100000| Untracked 
| 194|0x00000000cc200000, 0x00000000cc200000, 0x00000000cc300000|  0%| F|  |TAMS 0x00000000cc200000, 0x00000000cc200000| Untracked 
| 195|0x00000000cc300000, 0x00000000cc300000, 0x00000000cc400000|  0%| F|  |TAMS 0x00000000cc300000, 0x00000000cc300000| Untracked 
| 196|0x00000000cc400000, 0x00000000cc400000, 0x00000000cc500000|  0%| F|  |TAMS 0x00000000cc400000, 0x00000000cc400000| Untracked 
| 197|0x00000000cc500000, 0x00000000cc500000, 0x00000000cc600000|  0%| F|  |TAMS 0x00000000cc500000, 0x00000000cc500000| Untracked 
| 198|0x00000000cc600000, 0x00000000cc600000, 0x00000000cc700000|  0%| F|  |TAMS 0x00000000cc600000, 0x00000000cc600000| Untracked 
| 199|0x00000000cc700000, 0x00000000cc700000, 0x00000000cc800000|  0%| F|  |TAMS 0x00000000cc700000, 0x00000000cc700000| Untracked 
| 200|0x00000000cc800000, 0x00000000cc800000, 0x00000000cc900000|  0%| F|  |TAMS 0x00000000cc800000, 0x00000000cc800000| Untracked 
| 201|0x00000000cc900000, 0x00000000cc900000, 0x00000000cca00000|  0%| F|  |TAMS 0x00000000cc900000, 0x00000000cc900000| Untracked 
| 202|0x00000000cca00000, 0x00000000cca00000, 0x00000000ccb00000|  0%| F|  |TAMS 0x00000000cca00000, 0x00000000cca00000| Untracked 
| 203|0x00000000ccb00000, 0x00000000ccb00000, 0x00000000ccc00000|  0%| F|  |TAMS 0x00000000ccb00000, 0x00000000ccb00000| Untracked 
| 204|0x00000000ccc00000, 0x00000000ccc00000, 0x00000000ccd00000|  0%| F|  |TAMS 0x00000000ccc00000, 0x00000000ccc00000| Untracked 
| 205|0x00000000ccd00000, 0x00000000ccd00000, 0x00000000cce00000|  0%| F|  |TAMS 0x00000000ccd00000, 0x00000000ccd00000| Untracked 
| 206|0x00000000cce00000, 0x00000000cce00000, 0x00000000ccf00000|  0%| F|  |TAMS 0x00000000cce00000, 0x00000000cce00000| Untracked 
| 207|0x00000000ccf00000, 0x00000000ccf00000, 0x00000000cd000000|  0%| F|  |TAMS 0x00000000ccf00000, 0x00000000ccf00000| Untracked 
| 208|0x00000000cd000000, 0x00000000cd000000, 0x00000000cd100000|  0%| F|  |TAMS 0x00000000cd000000, 0x00000000cd000000| Untracked 
| 209|0x00000000cd100000, 0x00000000cd100000, 0x00000000cd200000|  0%| F|  |TAMS 0x00000000cd100000, 0x00000000cd100000| Untracked 
| 210|0x00000000cd200000, 0x00000000cd200000, 0x00000000cd300000|  0%| F|  |TAMS 0x00000000cd200000, 0x00000000cd200000| Untracked 
| 211|0x00000000cd300000, 0x00000000cd300000, 0x00000000cd400000|  0%| F|  |TAMS 0x00000000cd300000, 0x00000000cd300000| Untracked 
| 212|0x00000000cd400000, 0x00000000cd400000, 0x00000000cd500000|  0%| F|  |TAMS 0x00000000cd400000, 0x00000000cd400000| Untracked 
| 213|0x00000000cd500000, 0x00000000cd500000, 0x00000000cd600000|  0%| F|  |TAMS 0x00000000cd500000, 0x00000000cd500000| Untracked 
| 214|0x00000000cd600000, 0x00000000cd600000, 0x00000000cd700000|  0%| F|  |TAMS 0x00000000cd600000, 0x00000000cd600000| Untracked 
| 215|0x00000000cd700000, 0x00000000cd700000, 0x00000000cd800000|  0%| F|  |TAMS 0x00000000cd700000, 0x00000000cd700000| Untracked 
| 216|0x00000000cd800000, 0x00000000cd800000, 0x00000000cd900000|  0%| F|  |TAMS 0x00000000cd800000, 0x00000000cd800000| Untracked 
| 217|0x00000000cd900000, 0x00000000cd900000, 0x00000000cda00000|  0%| F|  |TAMS 0x00000000cd900000, 0x00000000cd900000| Untracked 
| 218|0x00000000cda00000, 0x00000000cda00000, 0x00000000cdb00000|  0%| F|  |TAMS 0x00000000cda00000, 0x00000000cda00000| Untracked 
| 219|0x00000000cdb00000, 0x00000000cdb00000, 0x00000000cdc00000|  0%| F|  |TAMS 0x00000000cdb00000, 0x00000000cdb00000| Untracked 
| 220|0x00000000cdc00000, 0x00000000cdc00000, 0x00000000cdd00000|  0%| F|  |TAMS 0x00000000cdc00000, 0x00000000cdc00000| Untracked 
| 221|0x00000000cdd00000, 0x00000000cdd00000, 0x00000000cde00000|  0%| F|  |TAMS 0x00000000cdd00000, 0x00000000cdd00000| Untracked 
| 222|0x00000000cde00000, 0x00000000cde00000, 0x00000000cdf00000|  0%| F|  |TAMS 0x00000000cde00000, 0x00000000cde00000| Untracked 
| 223|0x00000000cdf00000, 0x00000000cdf00000, 0x00000000ce000000|  0%| F|  |TAMS 0x00000000cdf00000, 0x00000000cdf00000| Untracked 
| 224|0x00000000ce000000, 0x00000000ce0fffd0, 0x00000000ce100000| 99%| O|  |TAMS 0x00000000ce0fffd0, 0x00000000ce000000| Untracked 
| 225|0x00000000ce100000, 0x00000000ce100000, 0x00000000ce200000|  0%| F|  |TAMS 0x00000000ce100000, 0x00000000ce100000| Untracked 
| 226|0x00000000ce200000, 0x00000000ce200000, 0x00000000ce300000|  0%| F|  |TAMS 0x00000000ce200000, 0x00000000ce200000| Untracked 
| 227|0x00000000ce300000, 0x00000000ce300000, 0x00000000ce400000|  0%| F|  |TAMS 0x00000000ce300000, 0x00000000ce300000| Untracked 
| 228|0x00000000ce400000, 0x00000000ce4ffff0, 0x00000000ce500000| 99%| O|  |TAMS 0x00000000ce4ffff0, 0x00000000ce400000| Untracked 
| 229|0x00000000ce500000, 0x00000000ce500000, 0x00000000ce600000|  0%| F|  |TAMS 0x00000000ce500000, 0x00000000ce500000| Untracked 
| 230|0x00000000ce600000, 0x00000000ce600000, 0x00000000ce700000|  0%| F|  |TAMS 0x00000000ce600000, 0x00000000ce600000| Untracked 
| 231|0x00000000ce700000, 0x00000000ce700000, 0x00000000ce800000|  0%| F|  |TAMS 0x00000000ce700000, 0x00000000ce700000| Untracked 
| 232|0x00000000ce800000, 0x00000000ce800000, 0x00000000ce900000|  0%| F|  |TAMS 0x00000000ce800000, 0x00000000ce800000| Untracked 
| 233|0x00000000ce900000, 0x00000000ce900000, 0x00000000cea00000|  0%| F|  |TAMS 0x00000000ce900000, 0x00000000ce900000| Untracked 
| 234|0x00000000cea00000, 0x00000000cea00000, 0x00000000ceb00000|  0%| F|  |TAMS 0x00000000cea00000, 0x00000000cea00000| Untracked 
| 235|0x00000000ceb00000, 0x00000000ceb00000, 0x00000000cec00000|  0%| F|  |TAMS 0x00000000ceb00000, 0x00000000ceb00000| Untracked 
| 236|0x00000000cec00000, 0x00000000ced00000, 0x00000000ced00000|100%| O|  |TAMS 0x00000000ced00000, 0x00000000cec00000| Untracked 
| 237|0x00000000ced00000, 0x00000000ced00000, 0x00000000cee00000|  0%| F|  |TAMS 0x00000000ced00000, 0x00000000ced00000| Untracked 
| 238|0x00000000cee00000, 0x00000000cee00000, 0x00000000cef00000|  0%| F|  |TAMS 0x00000000cee00000, 0x00000000cee00000| Untracked 
| 239|0x00000000cef00000, 0x00000000cef00000, 0x00000000cf000000|  0%| F|  |TAMS 0x00000000cef00000, 0x00000000cef00000| Untracked 
| 240|0x00000000cf000000, 0x00000000cf000000, 0x00000000cf100000|  0%| F|  |TAMS 0x00000000cf000000, 0x00000000cf000000| Untracked 
| 241|0x00000000cf100000, 0x00000000cf100000, 0x00000000cf200000|  0%| F|  |TAMS 0x00000000cf100000, 0x00000000cf100000| Untracked 
| 242|0x00000000cf200000, 0x00000000cf200000, 0x00000000cf300000|  0%| F|  |TAMS 0x00000000cf200000, 0x00000000cf200000| Untracked 
| 243|0x00000000cf300000, 0x00000000cf300000, 0x00000000cf400000|  0%| F|  |TAMS 0x00000000cf300000, 0x00000000cf300000| Untracked 
| 244|0x00000000cf400000, 0x00000000cf400000, 0x00000000cf500000|  0%| F|  |TAMS 0x00000000cf400000, 0x00000000cf400000| Untracked 
| 245|0x00000000cf500000, 0x00000000cf500000, 0x00000000cf600000|  0%| F|  |TAMS 0x00000000cf500000, 0x00000000cf500000| Untracked 
| 246|0x00000000cf600000, 0x00000000cf600000, 0x00000000cf700000|  0%| F|  |TAMS 0x00000000cf600000, 0x00000000cf600000| Untracked 
| 247|0x00000000cf700000, 0x00000000cf700000, 0x00000000cf800000|  0%| F|  |TAMS 0x00000000cf700000, 0x00000000cf700000| Untracked 
| 248|0x00000000cf800000, 0x00000000cf800000, 0x00000000cf900000|  0%| F|  |TAMS 0x00000000cf800000, 0x00000000cf800000| Untracked 
| 249|0x00000000cf900000, 0x00000000cf900000, 0x00000000cfa00000|  0%| F|  |TAMS 0x00000000cf900000, 0x00000000cf900000| Untracked 
| 250|0x00000000cfa00000, 0x00000000cfa00000, 0x00000000cfb00000|  0%| F|  |TAMS 0x00000000cfa00000, 0x00000000cfa00000| Untracked 
| 251|0x00000000cfb00000, 0x00000000cfb00000, 0x00000000cfc00000|  0%| F|  |TAMS 0x00000000cfb00000, 0x00000000cfb00000| Untracked 
| 252|0x00000000cfc00000, 0x00000000cfc00000, 0x00000000cfd00000|  0%| F|  |TAMS 0x00000000cfc00000, 0x00000000cfc00000| Untracked 
| 253|0x00000000cfd00000, 0x00000000cfe00000, 0x00000000cfe00000|100%| O|  |TAMS 0x00000000cfe00000, 0x00000000cfd00000| Untracked 
| 254|0x00000000cfe00000, 0x00000000cfe00000, 0x00000000cff00000|  0%| F|  |TAMS 0x00000000cfe00000, 0x00000000cfe00000| Untracked 
| 255|0x00000000cff00000, 0x00000000cff00000, 0x00000000d0000000|  0%| F|  |TAMS 0x00000000cff00000, 0x00000000cff00000| Untracked 
| 256|0x00000000d0000000, 0x00000000d0000000, 0x00000000d0100000|  0%| F|  |TAMS 0x00000000d0000000, 0x00000000d0000000| Untracked 
| 257|0x00000000d0100000, 0x00000000d0100000, 0x00000000d0200000|  0%| F|  |TAMS 0x00000000d0100000, 0x00000000d0100000| Untracked 
| 258|0x00000000d0200000, 0x00000000d0200000, 0x00000000d0300000|  0%| F|  |TAMS 0x00000000d0200000, 0x00000000d0200000| Untracked 
| 259|0x00000000d0300000, 0x00000000d0300000, 0x00000000d0400000|  0%| F|  |TAMS 0x00000000d0300000, 0x00000000d0300000| Untracked 
| 260|0x00000000d0400000, 0x00000000d0400000, 0x00000000d0500000|  0%| F|  |TAMS 0x00000000d0400000, 0x00000000d0400000| Untracked 
| 261|0x00000000d0500000, 0x00000000d0500000, 0x00000000d0600000|  0%| F|  |TAMS 0x00000000d0500000, 0x00000000d0500000| Untracked 
| 262|0x00000000d0600000, 0x00000000d0600000, 0x00000000d0700000|  0%| F|  |TAMS 0x00000000d0600000, 0x00000000d0600000| Untracked 
| 263|0x00000000d0700000, 0x00000000d0700000, 0x00000000d0800000|  0%| F|  |TAMS 0x00000000d0700000, 0x00000000d0700000| Untracked 
| 264|0x00000000d0800000, 0x00000000d0800000, 0x00000000d0900000|  0%| F|  |TAMS 0x00000000d0800000, 0x00000000d0800000| Untracked 
| 265|0x00000000d0900000, 0x00000000d0900000, 0x00000000d0a00000|  0%| F|  |TAMS 0x00000000d0900000, 0x00000000d0900000| Untracked 
| 266|0x00000000d0a00000, 0x00000000d0a00000, 0x00000000d0b00000|  0%| F|  |TAMS 0x00000000d0a00000, 0x00000000d0a00000| Untracked 
| 267|0x00000000d0b00000, 0x00000000d0b00000, 0x00000000d0c00000|  0%| F|  |TAMS 0x00000000d0b00000, 0x00000000d0b00000| Untracked 
| 268|0x00000000d0c00000, 0x00000000d0c00000, 0x00000000d0d00000|  0%| F|  |TAMS 0x00000000d0c00000, 0x00000000d0c00000| Untracked 
| 269|0x00000000d0d00000, 0x00000000d0d00000, 0x00000000d0e00000|  0%| F|  |TAMS 0x00000000d0d00000, 0x00000000d0d00000| Untracked 
| 270|0x00000000d0e00000, 0x00000000d0e00000, 0x00000000d0f00000|  0%| F|  |TAMS 0x00000000d0e00000, 0x00000000d0e00000| Untracked 
| 271|0x00000000d0f00000, 0x00000000d0f00000, 0x00000000d1000000|  0%| F|  |TAMS 0x00000000d0f00000, 0x00000000d0f00000| Untracked 
| 272|0x00000000d1000000, 0x00000000d1000000, 0x00000000d1100000|  0%| F|  |TAMS 0x00000000d1000000, 0x00000000d1000000| Untracked 
| 273|0x00000000d1100000, 0x00000000d1100000, 0x00000000d1200000|  0%| F|  |TAMS 0x00000000d1100000, 0x00000000d1100000| Untracked 
| 274|0x00000000d1200000, 0x00000000d1200000, 0x00000000d1300000|  0%| F|  |TAMS 0x00000000d1200000, 0x00000000d1200000| Untracked 
| 275|0x00000000d1300000, 0x00000000d1300000, 0x00000000d1400000|  0%| F|  |TAMS 0x00000000d1300000, 0x00000000d1300000| Untracked 
| 276|0x00000000d1400000, 0x00000000d1400000, 0x00000000d1500000|  0%| F|  |TAMS 0x00000000d1400000, 0x00000000d1400000| Untracked 
| 277|0x00000000d1500000, 0x00000000d1500000, 0x00000000d1600000|  0%| F|  |TAMS 0x00000000d1500000, 0x00000000d1500000| Untracked 
| 278|0x00000000d1600000, 0x00000000d1600000, 0x00000000d1700000|  0%| F|  |TAMS 0x00000000d1600000, 0x00000000d1600000| Untracked 
| 279|0x00000000d1700000, 0x00000000d176cdb8, 0x00000000d1800000| 42%| E|  |TAMS 0x00000000d1700000, 0x00000000d1700000| Complete 

Card table byte_map: [0x000002eaff6c0000,0x000002eaff8c0000] _byte_map_base: 0x000002eaff0c0000

Marking Bits (Prev, Next): (CMBitMap*) 0x000002eafca71020, (CMBitMap*) 0x000002eafca71060
 Prev Bits: [0x000002ea83000000, 0x000002ea84000000)
 Next Bits: [0x000002ea84000000, 0x000002ea85000000)

Polling page: 0x000002eafabc0000

Metaspace:

Usage:
  Non-class:     60.27 MB used.
      Class:      9.56 MB used.
       Both:     69.84 MB used.

Virtual space:
  Non-class space:       64.00 MB reserved,      60.50 MB ( 95%) committed,  1 nodes.
      Class space:        1.00 GB reserved,       9.75 MB ( <1%) committed,  1 nodes.
             Both:        1.06 GB reserved,      70.25 MB (  6%) committed. 

Chunk freelists:
   Non-Class:  3.44 MB
       Class:  6.28 MB
        Both:  9.72 MB

MaxMetaspaceSize: unlimited
CompressedClassSpaceSize: 1.00 GB
Initial GC threshold: 21.00 MB
Current GC threshold: 117.12 MB
CDS: off
MetaspaceReclaimPolicy: balanced
 - commit_granule_bytes: 65536.
 - commit_granule_words: 8192.
 - virtual_space_node_default_size: 8388608.
 - enlarge_chunks_in_place: 1.
 - new_chunks_are_fully_committed: 0.
 - uncommit_free_chunks: 1.
 - use_allocation_guard: 0.
 - handle_deallocations: 1.


Internal statistics:

num_allocs_failed_limit: 6.
num_arena_births: 742.
num_arena_deaths: 236.
num_vsnodes_births: 2.
num_vsnodes_deaths: 0.
num_space_committed: 1124.
num_space_uncommitted: 0.
num_chunks_returned_to_freelist: 289.
num_chunks_taken_from_freelist: 3124.
num_chunk_merges: 95.
num_chunk_splits: 2164.
num_chunks_enlarged: 1664.
num_inconsistent_stats: 0.

CodeCache: size=49152Kb used=21881Kb max_used=22717Kb free=27270Kb
 bounds [0x000002ea80000000, 0x000002ea81690000, 0x000002ea83000000]
 total_blobs=12550 nmethods=11859 adapters=616
 compilation: enabled
              stopped_count=0, restarted_count=0
 full_count=0

Compilation events (20 events):
Event: 2390.219 Thread 0x000002eafffa8870 12041       1       java.net.URI::decode (380 bytes)
Event: 2390.235 Thread 0x000002eafffa8870 nmethod 12041 0x000002ea81456a10 code [0x000002ea81456de0, 0x000002ea814583b8]
Event: 2391.064 Thread 0x000002eafffa8870 12042       1       com.google.gson.internal.bind.TreeTypeAdapter$SingleTypeFactory::create (86 bytes)
Event: 2391.066 Thread 0x000002eafffa8870 nmethod 12042 0x000002ea81456390 code [0x000002ea81456560, 0x000002ea81456868]
Event: 2391.066 Thread 0x000002eafffa8870 12044       1       com.google.gson.internal.bind.TypeAdapters$28::write (256 bytes)
Event: 2391.071 Thread 0x000002eafffa8870 nmethod 12044 0x000002ea81454990 code [0x000002ea81454d60, 0x000002ea81455c58]
Event: 2391.071 Thread 0x000002eafffa8870 12043       1       com.google.gson.internal.bind.JsonTreeWriter::peek (24 bytes)
Event: 2391.071 Thread 0x000002eafffa8870 nmethod 12043 0x000002ea81454590 code [0x000002ea81454740, 0x000002ea81454898]
Event: 2391.541 Thread 0x000002eafffa8870 12045       1       java.lang.ReflectiveOperationException::<init> (6 bytes)
Event: 2391.541 Thread 0x000002eafffa8870 nmethod 12045 0x000002ea81454290 code [0x000002ea81454420, 0x000002ea81454508]
Event: 2391.550 Thread 0x000002eafffa8870 12046       1       java.lang.ThreadLocal$ThreadLocalMap::remove (68 bytes)
Event: 2391.552 Thread 0x000002eafffa8870 nmethod 12046 0x000002ea81453c90 code [0x000002ea81453e60, 0x000002ea81454088]
Event: 2391.552 Thread 0x000002eafffa8870 12047       1       java.lang.ThreadLocal$ThreadLocalMap::expungeStaleEntry (146 bytes)
Event: 2391.553 Thread 0x000002eafffa8870 nmethod 12047 0x000002ea81453510 code [0x000002ea814536c0, 0x000002ea81453ab8]
Event: 2391.553 Thread 0x000002eafffa8870 12048       1       java.lang.Long::toString (8 bytes)
Event: 2391.553 Thread 0x000002eafffa8870 nmethod 12048 0x000002ea81453210 code [0x000002ea814533a0, 0x000002ea81453488]
Event: 2391.553 Thread 0x000002eafffa8870 12049       1       com.google.gson.internal.bind.TypeAdapters$11::write (10 bytes)
Event: 2391.553 Thread 0x000002eafffa8870 nmethod 12049 0x000002ea81452e90 code [0x000002ea81453020, 0x000002ea81453148]
Event: 2391.553 Thread 0x000002eafffa8870 12050       1       com.google.gson.internal.bind.TypeAdapters$11::write (7 bytes)
Event: 2391.553 Thread 0x000002eafffa8870 nmethod 12050 0x000002ea81452b90 code [0x000002ea81452d20, 0x000002ea81452e08]

GC Heap History (20 events):
Event: 2314.891 GC heap before
{Heap before GC invocations=301 (full 175):
 garbage-first heap   total 286720K, used 100305K [0x00000000c0000000, 0x0000000100000000)
  region size 1024K, 1 young (1024K), 0 survivors (0K)
 Metaspace       used 71419K, committed 71872K, reserved 1114112K
  class space    used 9775K, committed 9984K, reserved 1048576K
}
Event: 2315.011 GC heap after
{Heap after GC invocations=302 (full 176):
 garbage-first heap   total 286720K, used 100305K [0x00000000c0000000, 0x0000000100000000)
  region size 1024K, 0 young (0K), 0 survivors (0K)
 Metaspace       used 71419K, committed 71872K, reserved 1114112K
  class space    used 9775K, committed 9984K, reserved 1048576K
}
Event: 2325.229 GC heap before
{Heap before GC invocations=302 (full 176):
 garbage-first heap   total 286720K, used 100305K [0x00000000c0000000, 0x0000000100000000)
  region size 1024K, 1 young (1024K), 0 survivors (0K)
 Metaspace       used 71419K, committed 71872K, reserved 1114112K
  class space    used 9775K, committed 9984K, reserved 1048576K
}
Event: 2325.355 GC heap after
{Heap after GC invocations=303 (full 177):
 garbage-first heap   total 286720K, used 100305K [0x00000000c0000000, 0x0000000100000000)
  region size 1024K, 0 young (0K), 0 survivors (0K)
 Metaspace       used 71419K, committed 71872K, reserved 1114112K
  class space    used 9775K, committed 9984K, reserved 1048576K
}
Event: 2336.736 GC heap before
{Heap before GC invocations=303 (full 177):
 garbage-first heap   total 286720K, used 106449K [0x00000000c0000000, 0x0000000100000000)
  region size 1024K, 7 young (7168K), 0 survivors (0K)
 Metaspace       used 71419K, committed 71872K, reserved 1114112K
  class space    used 9775K, committed 9984K, reserved 1048576K
}
Event: 2336.739 GC heap after
{Heap after GC invocations=304 (full 177):
 garbage-first heap   total 286720K, used 101978K [0x00000000c0000000, 0x0000000100000000)
  region size 1024K, 2 young (2048K), 2 survivors (2048K)
 Metaspace       used 71419K, committed 71872K, reserved 1114112K
  class space    used 9775K, committed 9984K, reserved 1048576K
}
Event: 2372.788 GC heap before
{Heap before GC invocations=305 (full 177):
 garbage-first heap   total 286720K, used 143962K [0x00000000c0000000, 0x0000000100000000)
  region size 1024K, 43 young (44032K), 2 survivors (2048K)
 Metaspace       used 71441K, committed 71936K, reserved 1114112K
  class space    used 9777K, committed 9984K, reserved 1048576K
}
Event: 2372.795 GC heap after
{Heap after GC invocations=306 (full 177):
 garbage-first heap   total 286720K, used 102136K [0x00000000c0000000, 0x0000000100000000)
  region size 1024K, 2 young (2048K), 2 survivors (2048K)
 Metaspace       used 71441K, committed 71936K, reserved 1114112K
  class space    used 9777K, committed 9984K, reserved 1048576K
}
Event: 2374.936 GC heap before
{Heap before GC invocations=307 (full 177):
 garbage-first heap   total 286720K, used 117496K [0x00000000c0000000, 0x0000000100000000)
  region size 1024K, 17 young (17408K), 2 survivors (2048K)
 Metaspace       used 71495K, committed 71936K, reserved 1114112K
  class space    used 9791K, committed 9984K, reserved 1048576K
}
Event: 2374.942 GC heap after
{Heap after GC invocations=308 (full 177):
 garbage-first heap   total 286720K, used 102436K [0x00000000c0000000, 0x0000000100000000)
  region size 1024K, 3 young (3072K), 3 survivors (3072K)
 Metaspace       used 71495K, committed 71936K, reserved 1114112K
  class space    used 9791K, committed 9984K, reserved 1048576K
}
Event: 2377.112 GC heap before
{Heap before GC invocations=309 (full 177):
 garbage-first heap   total 286720K, used 146468K [0x00000000c0000000, 0x0000000100000000)
  region size 1024K, 47 young (48128K), 3 survivors (3072K)
 Metaspace       used 71495K, committed 71936K, reserved 1114112K
  class space    used 9791K, committed 9984K, reserved 1048576K
}
Event: 2377.133 GC heap after
{Heap after GC invocations=310 (full 177):
 garbage-first heap   total 286720K, used 104780K [0x00000000c0000000, 0x0000000100000000)
  region size 1024K, 5 young (5120K), 5 survivors (5120K)
 Metaspace       used 71495K, committed 71936K, reserved 1114112K
  class space    used 9791K, committed 9984K, reserved 1048576K
}
Event: 2378.975 GC heap before
{Heap before GC invocations=311 (full 177):
 garbage-first heap   total 286720K, used 131404K [0x00000000c0000000, 0x0000000100000000)
  region size 1024K, 31 young (31744K), 5 survivors (5120K)
 Metaspace       used 71495K, committed 71936K, reserved 1114112K
  class space    used 9791K, committed 9984K, reserved 1048576K
}
Event: 2378.983 GC heap after
{Heap after GC invocations=312 (full 177):
 garbage-first heap   total 286720K, used 104758K [0x00000000c0000000, 0x0000000100000000)
  region size 1024K, 5 young (5120K), 5 survivors (5120K)
 Metaspace       used 71495K, committed 71936K, reserved 1114112K
  class space    used 9791K, committed 9984K, reserved 1048576K
}
Event: 2426.177 GC heap before
{Heap before GC invocations=313 (full 177):
 garbage-first heap   total 286720K, used 151862K [0x00000000c0000000, 0x0000000100000000)
  region size 1024K, 51 young (52224K), 5 survivors (5120K)
 Metaspace       used 71511K, committed 71936K, reserved 1114112K
  class space    used 9794K, committed 9984K, reserved 1048576K
}
Event: 2426.393 GC heap after
{Heap after GC invocations=314 (full 178):
 garbage-first heap   total 286720K, used 103735K [0x00000000c0000000, 0x0000000100000000)
  region size 1024K, 0 young (0K), 0 survivors (0K)
 Metaspace       used 71511K, committed 71936K, reserved 1114112K
  class space    used 9794K, committed 9984K, reserved 1048576K
}
Event: 2436.636 GC heap before
{Heap before GC invocations=314 (full 178):
 garbage-first heap   total 286720K, used 103735K [0x00000000c0000000, 0x0000000100000000)
  region size 1024K, 1 young (1024K), 0 survivors (0K)
 Metaspace       used 71511K, committed 71936K, reserved 1114112K
  class space    used 9794K, committed 9984K, reserved 1048576K
}
Event: 2436.791 GC heap after
{Heap after GC invocations=315 (full 179):
 garbage-first heap   total 286720K, used 102533K [0x00000000c0000000, 0x0000000100000000)
  region size 1024K, 0 young (0K), 0 survivors (0K)
 Metaspace       used 71511K, committed 71936K, reserved 1114112K
  class space    used 9794K, committed 9984K, reserved 1048576K
}
Event: 2447.062 GC heap before
{Heap before GC invocations=315 (full 179):
 garbage-first heap   total 286720K, used 102533K [0x00000000c0000000, 0x0000000100000000)
  region size 1024K, 1 young (1024K), 0 survivors (0K)
 Metaspace       used 71511K, committed 71936K, reserved 1114112K
  class space    used 9794K, committed 9984K, reserved 1048576K
}
Event: 2447.194 GC heap after
{Heap after GC invocations=316 (full 180):
 garbage-first heap   total 286720K, used 102533K [0x00000000c0000000, 0x0000000100000000)
  region size 1024K, 0 young (0K), 0 survivors (0K)
 Metaspace       used 71511K, committed 71936K, reserved 1114112K
  class space    used 9794K, committed 9984K, reserved 1048576K
}

Dll operation events (10 events):
Event: 0.032 Loaded shared library c:\Users\frank\.vscode\extensions\redhat.java-1.18.0-win32-x64\jre\17.0.7-win32-x86_64\bin\java.dll
Event: 0.916 Loaded shared library C:\Users\frank\.vscode\extensions\redhat.java-1.18.0-win32-x64\jre\17.0.7-win32-x86_64\bin\net.dll
Event: 0.920 Loaded shared library C:\Users\frank\.vscode\extensions\redhat.java-1.18.0-win32-x64\jre\17.0.7-win32-x86_64\bin\nio.dll
Event: 0.946 Loaded shared library C:\Users\frank\.vscode\extensions\redhat.java-1.18.0-win32-x64\jre\17.0.7-win32-x86_64\bin\zip.dll
Event: 2.035 Loaded shared library C:\Users\frank\.vscode\extensions\redhat.java-1.18.0-win32-x64\jre\17.0.7-win32-x86_64\bin\jimage.dll
Event: 27.800 Loaded shared library C:\Users\frank\.vscode\extensions\redhat.java-1.18.0-win32-x64\jre\17.0.7-win32-x86_64\bin\management.dll
Event: 27.960 Loaded shared library C:\Users\frank\.vscode\extensions\redhat.java-1.18.0-win32-x64\jre\17.0.7-win32-x86_64\bin\management_ext.dll
Event: 36.464 Loaded shared library C:\Users\frank\.vscode\extensions\redhat.java-1.18.0-win32-x64\jre\17.0.7-win32-x86_64\bin\sunmscapi.dll
Event: 80.279 Loaded shared library c:\Users\frank\.vscode\extensions\redhat.java-1.18.0-win32-x64\jre\17.0.7-win32-x86_64\bin\verify.dll
Event: 91.841 Loaded shared library C:\Users\frank\AppData\Local\Temp\snappy-1.1.8-71da327e-0d59-473e-8e48-97fc87176087-snappyjava.dll

Deoptimization events (20 events):
Event: 83.529 Thread 0x000002ea8c25a9f0 DEOPT PACKING pc=0x000002ea80f50b9c sp=0x000000ff077fdc40
Event: 83.529 Thread 0x000002ea8c25a9f0 DEOPT UNPACKING pc=0x000002ea80057143 sp=0x000000ff077fd148 mode 0
Event: 83.529 Thread 0x000002ea8c25a9f0 DEOPT PACKING pc=0x000002ea80cbf6f4 sp=0x000000ff077fdd30
Event: 83.529 Thread 0x000002ea8c25a9f0 DEOPT UNPACKING pc=0x000002ea80057143 sp=0x000000ff077fd228 mode 0
Event: 83.529 Thread 0x000002ea8c25a9f0 DEOPT PACKING pc=0x000002ea80cc8774 sp=0x000000ff077fde00
Event: 83.529 Thread 0x000002ea8c25a9f0 DEOPT UNPACKING pc=0x000002ea80057143 sp=0x000000ff077fd2d8 mode 0
Event: 83.529 Thread 0x000002ea8c25a9f0 DEOPT PACKING pc=0x000002ea80cee4a4 sp=0x000000ff077fdeb0
Event: 83.529 Thread 0x000002ea8c25a9f0 DEOPT UNPACKING pc=0x000002ea80057143 sp=0x000000ff077fd430 mode 0
Event: 83.531 Thread 0x000002ea8c25a9f0 DEOPT PACKING pc=0x000002ea80f740ac sp=0x000000ff077fe1d0
Event: 83.531 Thread 0x000002ea8c25a9f0 DEOPT UNPACKING pc=0x000002ea80057143 sp=0x000000ff077fd660 mode 0
Event: 91.148 Thread 0x000002ea8c25a9f0 DEOPT PACKING pc=0x000002ea81128cfc sp=0x000000ff077fcf00
Event: 91.148 Thread 0x000002ea8c25a9f0 DEOPT UNPACKING pc=0x000002ea80057143 sp=0x000000ff077fc498 mode 0
Event: 260.576 Thread 0x000002ea8b27d2f0 DEOPT PACKING pc=0x000002ea802db254 sp=0x000000ff071fed90
Event: 260.576 Thread 0x000002ea8b27d2f0 DEOPT UNPACKING pc=0x000002ea80057143 sp=0x000000ff071fe218 mode 0
Event: 1183.273 Thread 0x000002ea8c93f310 DEOPT PACKING pc=0x000002ea8136f8e6 sp=0x000000ff056fda30
Event: 1183.274 Thread 0x000002ea8c93f310 DEOPT UNPACKING pc=0x000002ea80057143 sp=0x000000ff056fcef0 mode 3
Event: 1276.721 Thread 0x000002ea8c93f310 DEOPT PACKING pc=0x000002ea812fb620 sp=0x000000ff060fd700
Event: 1276.721 Thread 0x000002ea8c93f310 DEOPT UNPACKING pc=0x000002ea80057143 sp=0x000000ff060fcb80 mode 3
Event: 1330.829 Thread 0x000002ea8c93d160 DEOPT PACKING pc=0x000002ea813ba9b6 sp=0x000000ff078fc8e0
Event: 1330.831 Thread 0x000002ea8c93d160 DEOPT UNPACKING pc=0x000002ea80057143 sp=0x000000ff078fbdd8 mode 3

Classes unloaded (20 events):
Event: 388.915 Thread 0x000002eafcafd330 Unloading class 0x0000000100090000 'java/lang/invoke/LambdaForm$MH+0x0000000100090000'
Event: 388.916 Thread 0x000002eafcafd330 Unloading class 0x000000010008b800 'java/lang/invoke/LambdaForm$MH+0x000000010008b800'
Event: 388.916 Thread 0x000002eafcafd330 Unloading class 0x000000010008b400 'java/lang/invoke/LambdaForm$MH+0x000000010008b400'
Event: 388.916 Thread 0x000002eafcafd330 Unloading class 0x000000010008b000 'java/lang/invoke/LambdaForm$MH+0x000000010008b000'
Event: 388.916 Thread 0x000002eafcafd330 Unloading class 0x000000010008ac00 'java/lang/invoke/LambdaForm$MH+0x000000010008ac00'
Event: 388.916 Thread 0x000002eafcafd330 Unloading class 0x000000010008a800 'java/lang/invoke/LambdaForm$MH+0x000000010008a800'
Event: 388.916 Thread 0x000002eafcafd330 Unloading class 0x000000010008a400 'java/lang/invoke/LambdaForm$MH+0x000000010008a400'
Event: 388.916 Thread 0x000002eafcafd330 Unloading class 0x0000000100089c00 'java/lang/invoke/LambdaForm$MH+0x0000000100089c00'
Event: 388.916 Thread 0x000002eafcafd330 Unloading class 0x0000000100089400 'java/lang/invoke/LambdaForm$MH+0x0000000100089400'
Event: 388.916 Thread 0x000002eafcafd330 Unloading class 0x0000000100088c00 'java/lang/invoke/LambdaForm$MH+0x0000000100088c00'
Event: 388.916 Thread 0x000002eafcafd330 Unloading class 0x0000000100088400 'java/lang/invoke/LambdaForm$MH+0x0000000100088400'
Event: 1541.905 Thread 0x000002eafcafd330 Unloading class 0x000000010053a400 'java/lang/invoke/LambdaForm$MH+0x000000010053a400'
Event: 1541.905 Thread 0x000002eafcafd330 Unloading class 0x00000001006e0000 'java/lang/invoke/LambdaForm$MH+0x00000001006e0000'
Event: 1552.524 Thread 0x000002eafcafd330 Unloading class 0x00000001004b4400 'java/lang/invoke/LambdaForm$MH+0x00000001004b4400'
Event: 1552.524 Thread 0x000002eafcafd330 Unloading class 0x0000000100355c00 'java/lang/invoke/LambdaForm$MH+0x0000000100355c00'
Event: 1552.524 Thread 0x000002eafcafd330 Unloading class 0x0000000100356c00 'java/lang/invoke/LambdaForm$MH+0x0000000100356c00'
Event: 1552.524 Thread 0x000002eafcafd330 Unloading class 0x0000000100360c00 'java/lang/invoke/LambdaForm$MH+0x0000000100360c00'
Event: 1552.524 Thread 0x000002eafcafd330 Unloading class 0x00000001004a8400 'java/lang/invoke/LambdaForm$MH+0x00000001004a8400'
Event: 1552.524 Thread 0x000002eafcafd330 Unloading class 0x00000001004a9800 'java/lang/invoke/LambdaForm$MH+0x00000001004a9800'
Event: 1552.525 Thread 0x000002eafcafd330 Unloading class 0x000000010087c400 'java/lang/invoke/LambdaForm$MH+0x000000010087c400'

Classes redefined (0 events):
No events

Internal exceptions (20 events):
Event: 2375.786 Thread 0x000002ea8c940ff0 Exception <a 'sun/nio/fs/WindowsException'{0x00000000cf287ae8}> (0x00000000cf287ae8) 
thrown [s\src\hotspot\share\prims\jni.cpp, line 516]
Event: 2375.786 Thread 0x000002ea8c940ff0 Exception <a 'sun/nio/fs/WindowsException'{0x00000000cf287de8}> (0x00000000cf287de8) 
thrown [s\src\hotspot\share\prims\jni.cpp, line 516]
Event: 2375.786 Thread 0x000002ea8c940ff0 Exception <a 'sun/nio/fs/WindowsException'{0x00000000cf289228}> (0x00000000cf289228) 
thrown [s\src\hotspot\share\prims\jni.cpp, line 516]
Event: 2375.786 Thread 0x000002ea8c940ff0 Exception <a 'sun/nio/fs/WindowsException'{0x00000000cf289548}> (0x00000000cf289548) 
thrown [s\src\hotspot\share\prims\jni.cpp, line 516]
Event: 2375.795 Thread 0x000002ea8c940ff0 Exception <a 'sun/nio/fs/WindowsException'{0x00000000cf196cb8}> (0x00000000cf196cb8) 
thrown [s\src\hotspot\share\prims\jni.cpp, line 516]
Event: 2375.796 Thread 0x000002ea8c940ff0 Exception <a 'sun/nio/fs/WindowsException'{0x00000000cf196fd8}> (0x00000000cf196fd8) 
thrown [s\src\hotspot\share\prims\jni.cpp, line 516]
Event: 2375.796 Thread 0x000002ea8c940ff0 Exception <a 'sun/nio/fs/WindowsException'{0x00000000cf198438}> (0x00000000cf198438) 
thrown [s\src\hotspot\share\prims\jni.cpp, line 516]
Event: 2375.796 Thread 0x000002ea8c940ff0 Exception <a 'sun/nio/fs/WindowsException'{0x00000000cf198778}> (0x00000000cf198778) 
thrown [s\src\hotspot\share\prims\jni.cpp, line 516]
Event: 2375.806 Thread 0x000002ea8c940ff0 Exception <a 'sun/nio/fs/WindowsException'{0x00000000cf063120}> (0x00000000cf063120) 
thrown [s\src\hotspot\share\prims\jni.cpp, line 516]
Event: 2375.806 Thread 0x000002ea8c940ff0 Exception <a 'sun/nio/fs/WindowsException'{0x00000000cf063480}> (0x00000000cf063480) 
thrown [s\src\hotspot\share\prims\jni.cpp, line 516]
Event: 2375.806 Thread 0x000002ea8c940ff0 Exception <a 'sun/nio/fs/WindowsException'{0x00000000cf064920}> (0x00000000cf064920) 
thrown [s\src\hotspot\share\prims\jni.cpp, line 516]
Event: 2375.806 Thread 0x000002ea8c940ff0 Exception <a 'sun/nio/fs/WindowsException'{0x00000000cf064ca0}> (0x00000000cf064ca0) 
thrown [s\src\hotspot\share\prims\jni.cpp, line 516]
Event: 2375.810 Thread 0x000002ea8c940ff0 Exception <a 'sun/nio/fs/WindowsException'{0x00000000cf0b75f0}> (0x00000000cf0b75f0) 
thrown [s\src\hotspot\share\prims\jni.cpp, line 516]
Event: 2375.810 Thread 0x000002ea8c940ff0 Exception <a 'sun/nio/fs/WindowsException'{0x00000000cf0b78f0}> (0x00000000cf0b78f0) 
thrown [s\src\hotspot\share\prims\jni.cpp, line 516]
Event: 2375.810 Thread 0x000002ea8c940ff0 Exception <a 'sun/nio/fs/WindowsException'{0x00000000cf0b8d30}> (0x00000000cf0b8d30) 
thrown [s\src\hotspot\share\prims\jni.cpp, line 516]
Event: 2375.810 Thread 0x000002ea8c940ff0 Exception <a 'sun/nio/fs/WindowsException'{0x00000000cf0b9050}> (0x00000000cf0b9050) 
thrown [s\src\hotspot\share\prims\jni.cpp, line 516]
Event: 2376.807 Thread 0x000002ea8c940ff0 Exception <a 'sun/nio/fs/WindowsException'{0x00000000cedbd9d0}> (0x00000000cedbd9d0) 
thrown [s\src\hotspot\share\prims\jni.cpp, line 516]
Event: 2376.808 Thread 0x000002ea8c940ff0 Exception <a 'sun/nio/fs/WindowsException'{0x00000000cedbe918}> (0x00000000cedbe918) 
thrown [s\src\hotspot\share\prims\jni.cpp, line 516]
Event: 2378.747 Thread 0x000002ea8c940ff0 Exception <a 'sun/nio/fs/WindowsException'{0x00000000d0285ea8}> (0x00000000d0285ea8) 
thrown [s\src\hotspot\share\prims\jni.cpp, line 516]
Event: 2378.748 Thread 0x000002ea8c940ff0 Exception <a 'sun/nio/fs/WindowsException'{0x00000000d0286df0}> (0x00000000d0286df0) 
thrown [s\src\hotspot\share\prims\jni.cpp, line 516]

VM Operations (20 events):
Event: 2377.137 Executing VM operation: G1TryInitiateConcMark done
Event: 2377.499 Executing VM operation: G1Concurrent
Event: 2377.515 Executing VM operation: G1Concurrent done
Event: 2377.667 Executing VM operation: G1Concurrent
Event: 2377.667 Executing VM operation: G1Concurrent done
Event: 2378.682 Executing VM operation: Cleanup
Event: 2378.682 Executing VM operation: Cleanup done
Event: 2378.975 Executing VM operation: G1TryInitiateConcMark
Event: 2378.983 Executing VM operation: G1TryInitiateConcMark done
Event: 2379.337 Executing VM operation: G1Concurrent
Event: 2379.350 Executing VM operation: G1Concurrent done
Event: 2379.489 Executing VM operation: G1Concurrent
Event: 2379.489 Executing VM operation: G1Concurrent done
Event: 2426.175 Executing VM operation: G1CollectFull
Event: 2426.394 Executing VM operation: G1CollectFull done
Event: 2436.636 Executing VM operation: G1CollectFull
Event: 2436.792 Executing VM operation: G1CollectFull done
Event: 2447.061 Executing VM operation: G1CollectFull
Event: 2447.194 Executing VM operation: G1CollectFull done
Event: 2457.749 Executing VM operation: G1CollectFull

Events (20 events):
Event: 2235.704 Thread 0x000002ea8cd4a830 Thread added: 0x000002ea8cd4a830
Event: 2235.705 Thread 0x000002ea8cd4ad40 Thread added: 0x000002ea8cd4ad40
Event: 2236.072 Thread 0x000002ea8c941990 Thread added: 0x000002ea8c941990
Event: 2237.017 Thread 0x000002ea8c941e60 Thread added: 0x000002ea8c941e60
Event: 2239.559 Thread 0x000002ea8cd4ad40 Thread exited: 0x000002ea8cd4ad40
Event: 2239.678 Thread 0x000002ea8cd4a830 Thread exited: 0x000002ea8cd4a830
Event: 2297.251 Thread 0x000002ea8c940650 Thread exited: 0x000002ea8c940650
Event: 2297.440 Thread 0x000002ea8c93d160 Thread exited: 0x000002ea8c93d160
Event: 2301.974 Thread 0x000002ea8c940180 Thread exited: 0x000002ea8c940180
Event: 2301.974 Thread 0x000002ea8c9414c0 Thread exited: 0x000002ea8c9414c0
Event: 2301.974 Thread 0x000002ea8c93f310 Thread exited: 0x000002ea8c93f310
Event: 2302.302 Thread 0x000002ea8c93ee40 Thread exited: 0x000002ea8c93ee40
Event: 2305.555 Thread 0x000002ea8c941e60 Thread exited: 0x000002ea8c941e60
Event: 2334.941 Thread 0x000002ea8c9414c0 Thread added: 0x000002ea8c9414c0
Event: 2374.763 Thread 0x000002ea8c941e60 Thread added: 0x000002ea8c941e60
Event: 2389.964 Thread 0x000002ea8c93a610 Thread added: 0x000002ea8c93a610
Event: 2439.322 Thread 0x000002ea8c9414c0 Thread exited: 0x000002ea8c9414c0
Event: 2448.534 Thread 0x000002ea8c940ff0 Thread exited: 0x000002ea8c940ff0
Event: 2448.975 Thread 0x000002ea8c941e60 Thread exited: 0x000002ea8c941e60
Event: 2450.134 Thread 0x000002ea8c93a610 Thread exited: 0x000002ea8c93a610


Dynamic libraries:
0x00007ff697320000 - 0x00007ff69732e000 	c:\Users\frank\.vscode\extensions\redhat.java-1.18.0-win32-x64\jre\17.0.7-win32-x86_64\bin\java.exe
0x00007fff41670000 - 0x00007fff41868000 	C:\Windows\SYSTEM32\ntdll.dll
0x00007fff3f8a0000 - 0x00007fff3f95f000 	C:\Windows\System32\KERNEL32.DLL
0x00007fff3f050000 - 0x00007fff3f346000 	C:\Windows\System32\KERNELBASE.dll
0x00007fff3ed50000 - 0x00007fff3ee50000 	C:\Windows\System32\ucrtbase.dll
0x00007fff2c920000 - 0x00007fff2c937000 	c:\Users\frank\.vscode\extensions\redhat.java-1.18.0-win32-x64\jre\17.0.7-win32-x86_64\bin\jli.dll
0x00007fff40950000 - 0x00007fff40aed000 	C:\Windows\System32\USER32.dll
0x00007fff3eea0000 - 0x00007fff3eec2000 	C:\Windows\System32\win32u.dll
0x00007fff40590000 - 0x00007fff405bc000 	C:\Windows\System32\GDI32.dll
0x00007fff3f4b0000 - 0x00007fff3f5c5000 	C:\Windows\System32\gdi32full.dll
0x00007fff3ef80000 - 0x00007fff3f01d000 	C:\Windows\System32\msvcp_win.dll
0x00007fff262c0000 - 0x00007fff262d9000 	c:\Users\frank\.vscode\extensions\redhat.java-1.18.0-win32-x64\jre\17.0.7-win32-x86_64\bin\VCRUNTIME140.dll
0x00007fff30430000 - 0x00007fff306ca000 	C:\Windows\WinSxS\amd64_microsoft.windows.common-controls_6595b64144ccf1df_6.0.19041.1110_none_60b5254171f9507e\COMCTL32.dll
0x00007fff3f6d0000 - 0x00007fff3f76e000 	C:\Windows\System32\msvcrt.dll
0x00007fff40920000 - 0x00007fff40950000 	C:\Windows\System32\IMM32.DLL
0x00007fff3a5a0000 - 0x00007fff3a5ac000 	c:\Users\frank\.vscode\extensions\redhat.java-1.18.0-win32-x64\jre\17.0.7-win32-x86_64\bin\vcruntime140_1.dll
0x00007fff11790000 - 0x00007fff11821000 	c:\Users\frank\.vscode\extensions\redhat.java-1.18.0-win32-x64\jre\17.0.7-win32-x86_64\bin\msvcp140.dll
0x00007fff0b960000 - 0x00007fff0c5a8000 	c:\Users\frank\.vscode\extensions\redhat.java-1.18.0-win32-x64\jre\17.0.7-win32-x86_64\bin\server\jvm.dll
0x00007fff3f960000 - 0x00007fff3fa0f000 	C:\Windows\System32\ADVAPI32.dll
0x00007fff40af0000 - 0x00007fff40b8c000 	C:\Windows\System32\sechost.dll
0x00007fff41360000 - 0x00007fff41486000 	C:\Windows\System32\RPCRT4.dll
0x00007fff25fb0000 - 0x00007fff25fb9000 	C:\Windows\SYSTEM32\WSOCK32.dll
0x00007fff41490000 - 0x00007fff414fb000 	C:\Windows\System32\WS2_32.dll
0x00007fff27c20000 - 0x00007fff27c47000 	C:\Windows\SYSTEM32\WINMM.dll
0x00007fff2cfe0000 - 0x00007fff2cfea000 	C:\Windows\SYSTEM32\VERSION.dll
0x00007fff3cbd0000 - 0x00007fff3cbe2000 	C:\Windows\SYSTEM32\kernel.appcore.dll
0x00007fff3a580000 - 0x00007fff3a58a000 	c:\Users\frank\.vscode\extensions\redhat.java-1.18.0-win32-x64\jre\17.0.7-win32-x86_64\bin\jimage.dll
0x00007fff2a390000 - 0x00007fff2a574000 	C:\Windows\SYSTEM32\DBGHELP.DLL
0x00007fff2a320000 - 0x00007fff2a354000 	C:\Windows\SYSTEM32\dbgcore.DLL
0x00007fff3f5d0000 - 0x00007fff3f652000 	C:\Windows\System32\bcryptPrimitives.dll
0x00007fff2eba0000 - 0x00007fff2ebc5000 	c:\Users\frank\.vscode\extensions\redhat.java-1.18.0-win32-x64\jre\17.0.7-win32-x86_64\bin\java.dll
0x00007fff3a550000 - 0x00007fff3a568000 	c:\Users\frank\.vscode\extensions\redhat.java-1.18.0-win32-x64\jre\17.0.7-win32-x86_64\bin\zip.dll
0x00007fff3fc90000 - 0x00007fff403d4000 	C:\Windows\System32\SHELL32.dll
0x00007fff3cdd0000 - 0x00007fff3d563000 	C:\Windows\SYSTEM32\windows.storage.dll
0x00007fff40b90000 - 0x00007fff40ee4000 	C:\Windows\System32\combase.dll
0x00007fff3e5f0000 - 0x00007fff3e61e000 	C:\Windows\SYSTEM32\Wldp.dll
0x00007fff40870000 - 0x00007fff4091d000 	C:\Windows\System32\SHCORE.dll
0x00007fff3fb50000 - 0x00007fff3fba5000 	C:\Windows\System32\shlwapi.dll
0x00007fff3ec90000 - 0x00007fff3ecaf000 	C:\Windows\SYSTEM32\profapi.dll
0x00007fff2fe60000 - 0x00007fff2fe79000 	C:\Users\frank\.vscode\extensions\redhat.java-1.18.0-win32-x64\jre\17.0.7-win32-x86_64\bin\net.dll
0x00007fff340a0000 - 0x00007fff341aa000 	C:\Windows\SYSTEM32\WINHTTP.dll
0x00007fff3e3d0000 - 0x00007fff3e43a000 	C:\Windows\system32\mswsock.dll
0x00007fff26050000 - 0x00007fff26065000 	C:\Users\frank\.vscode\extensions\redhat.java-1.18.0-win32-x64\jre\17.0.7-win32-x86_64\bin\nio.dll
0x00007fff3e930000 - 0x00007fff3e948000 	C:\Windows\SYSTEM32\CRYPTSP.dll
0x00007fff3dd10000 - 0x00007fff3dd44000 	C:\Windows\system32\rsaenh.dll
0x00007fff3f020000 - 0x00007fff3f047000 	C:\Windows\System32\bcrypt.dll
0x00007fff3ec10000 - 0x00007fff3ec3e000 	C:\Windows\SYSTEM32\USERENV.dll
0x00007fff3e560000 - 0x00007fff3e56c000 	C:\Windows\SYSTEM32\CRYPTBASE.dll
0x00007fff3e0e0000 - 0x00007fff3e11c000 	C:\Windows\SYSTEM32\IPHLPAPI.DLL
0x00007fff3fa10000 - 0x00007fff3fa18000 	C:\Windows\System32\NSI.dll
0x00007fff34c40000 - 0x00007fff34c57000 	C:\Windows\SYSTEM32\dhcpcsvc6.DLL
0x00007fff34870000 - 0x00007fff3488d000 	C:\Windows\SYSTEM32\dhcpcsvc.DLL
0x00007fff3e120000 - 0x00007fff3e1eb000 	C:\Windows\SYSTEM32\DNSAPI.dll
0x00007fff3a590000 - 0x00007fff3a599000 	C:\Users\frank\.vscode\extensions\redhat.java-1.18.0-win32-x64\jre\17.0.7-win32-x86_64\bin\management.dll
0x00007fff390f0000 - 0x00007fff390fb000 	C:\Users\frank\.vscode\extensions\redhat.java-1.18.0-win32-x64\jre\17.0.7-win32-x86_64\bin\management_ext.dll
0x00007fff41620000 - 0x00007fff41628000 	C:\Windows\System32\PSAPI.DLL
0x00007fff39050000 - 0x00007fff3905e000 	C:\Users\frank\.vscode\extensions\redhat.java-1.18.0-win32-x64\jre\17.0.7-win32-x86_64\bin\sunmscapi.dll
0x00007fff3f350000 - 0x00007fff3f4ae000 	C:\Windows\System32\CRYPT32.dll
0x00007fff3e660000 - 0x00007fff3e688000 	C:\Windows\SYSTEM32\ncrypt.dll
0x00007fff3e620000 - 0x00007fff3e65b000 	C:\Windows\SYSTEM32\NTASN1.dll
0x00007fff31fe0000 - 0x00007fff31fea000 	C:\Windows\System32\rasadhlp.dll
0x00007fff31990000 - 0x00007fff31a12000 	C:\Windows\System32\fwpuclnt.dll
0x00007fff39380000 - 0x00007fff39390000 	c:\Users\frank\.vscode\extensions\redhat.java-1.18.0-win32-x64\jre\17.0.7-win32-x86_64\bin\verify.dll
0x000000006c500000 - 0x000000006c5c7000 	C:\Users\frank\AppData\Local\Temp\snappy-1.1.8-71da327e-0d59-473e-8e48-97fc87176087-snappyjava.dll

dbghelp: loaded successfully - version: 4.0.5 - missing functions: none
symbol engine: initialized successfully - sym options: 0x614 - pdb path: .;c:\Users\frank\.vscode\extensions\redhat.java-1.18.0-win32-x64\jre\17.0.7-win32-x86_64\bin;C:\Windows\SYSTEM32;C:\Windows\WinSxS\amd64_microsoft.windows.common-controls_6595b64144ccf1df_6.0.19041.1110_none_60b5254171f9507e;c:\Users\frank\.vscode\extensions\redhat.java-1.18.0-win32-x64\jre\17.0.7-win32-x86_64\bin\server;C:\Users\frank\AppData\Local\Temp

VM Arguments:
jvm_args: -XX:+HeapDumpOnOutOfMemoryError -Xmx1024m -Dsts.lsp.client=vscode -Dsts.log.file=/dev/null -XX:TieredStopAtLevel=1 -Xlog:jni+resolve=off -Dspring.config.location=file:c:\Users\frank\.vscode\extensions\vmware.vscode-spring-boot-1.46.0\language-server\BOOT-INF\classes\application.properties 
java_command: org.springframework.ide.vscode.boot.app.BootLanguageServerBootApp
java_class_path (initial): c:\Users\frank\.vscode\extensions\vmware.vscode-spring-boot-1.46.0\language-server\BOOT-INF\classes;c:\Users\frank\.vscode\extensions\vmware.vscode-spring-boot-1.46.0\language-server\BOOT-INF\lib\annotations-24.0.1.jar;c:\Users\frank\.vscode\extensions\vmware.vscode-spring-boot-1.46.0\language-server\BOOT-INF\lib\antlr-runtime-3.5.3.jar;c:\Users\frank\.vscode\extensions\vmware.vscode-spring-boot-1.46.0\language-server\BOOT-INF\lib\antlr4-4.11.1.jar;c:\Users\frank\.vscode\extensions\vmware.vscode-spring-boot-1.46.0\language-server\BOOT-INF\lib\antlr4-runtime-4.11.1.jar;c:\Users\frank\.vscode\extensions\vmware.vscode-spring-boot-1.46.0\language-server\BOOT-INF\lib\asm-9.5.jar;c:\Users\frank\.vscode\extensions\vmware.vscode-spring-boot-1.46.0\language-server\BOOT-INF\lib\asm-analysis-9.5.jar;c:\Users\frank\.vscode\extensions\vmware.vscode-spring-boot-1.46.0\language-server\BOOT-INF\lib\asm-tree-9.5.jar;c:\Users\frank\.vscode\extensions\vmware.vscode-spring-boot-1.46.0\language-server\BOOT-INF\lib\asm-util-9.5.jar;c:\Users\frank\.vscode\extensions\vmware.vscode-spring-boot-1.46.0\language-server\BOOT-INF\lib\caffeine-3.1.2.jar;c:\Users\frank\.vscode\extensions\vmware.vscode-spring-boot-1.46.0\language-server\BOOT-INF\lib\checker-qual-3.12.0.jar;c:\Users\frank\.vscode\extensions\vmware.vscode-spring-boot-1.46.0\language-server\BOOT-INF\lib\classgraph-4.8.149.jar;c:\Users\frank\.vscode\extensions\vmware.vscode-spring-boot-1.46.0\language-server\BOOT-INF\lib\commons-codec-1.15.jar;c:\Users\frank\.vscode\extensions\vmware.vscode-spring-boot-1.46.0\language-server\BOOT-INF\lib\commons-compress-1.23.0.jar;c:\Users\frank\.vscode\extensions\vmware.vscode-spring-boot-1.46.0\language-server\BOOT-INF\lib\commons-io-2.4.jar;c:\Users\frank\.vscode\extensions\vmware.vscode-spring-boot-1.46.0\language-server\BOOT-INF\lib\commons-java-1.46.0-SNAPSHOT.jar;c:\Users\frank\.vscode\extensions\vmware.vscode-spring-boot-1.46.0\language-server\BOOT-INF\lib\commons-
Launcher Type: SUN_STANDARD

[Global flags]
     intx CICompilerCount                          = 3                                         {product} {ergonomic}
     uint ConcGCThreads                            = 1                                         {product} {ergonomic}
     uint G1ConcRefinementThreads                  = 4                                         {product} {ergonomic}
   size_t G1HeapRegionSize                         = 1048576                                   {product} {ergonomic}
    uintx GCDrainStackTargetSize                   = 64                                        {product} {ergonomic}
     bool HeapDumpOnOutOfMemoryError               = true                                   {manageable} {command line}
   size_t InitialHeapSize                          = 60817408                                  {product} {ergonomic}
   size_t MarkStackSize                            = 4194304                                   {product} {ergonomic}
   size_t MaxHeapSize                              = 1073741824                                {product} {command line}
   size_t MaxNewSize                               = 643825664                                 {product} {ergonomic}
   size_t MinHeapDeltaBytes                        = 1048576                                   {product} {ergonomic}
   size_t MinHeapSize                              = 8388608                                   {product} {ergonomic}
    uintx NonProfiledCodeHeapSize                  = 0                                      {pd product} {ergonomic}
     bool ProfileInterpreter                       = false                                  {pd product} {command line}
    uintx ProfiledCodeHeapSize                     = 0                                      {pd product} {ergonomic}
   size_t SoftMaxHeapSize                          = 1073741824                             {manageable} {ergonomic}
     intx TieredStopAtLevel                        = 1                                         {product} {command line}
     bool UseCompressedClassPointers               = true                           {product lp64_product} {ergonomic}
     bool UseCompressedOops                        = true                           {product lp64_product} {ergonomic}
     bool UseG1GC                                  = true                                      {product} {ergonomic}
     bool UseLargePagesIndividualAllocation        = false                                  {pd product} {ergonomic}

Logging:
Log output configuration:
 #0: stdout all=warning,jni+resolve=off uptime,level,tags
 #1: stderr all=off uptime,level,tags

Environment Variables:
JAVA_HOME=C:\Program Files\Java\jdk-19
PATH=C:\Program Files\Common Files\Oracle\Java\javapath;C:\Program Files (x86)\Common Files\Oracle\Java\javapath;C:\app\frank\product\21c\dbhomeXE\bin;C:\Windows\system32;C:\Windows;C:\Windows\System32\Wbem;C:\Windows\System32\WindowsPowerShell\v1.0\;C:\Windows\System32\OpenSSH\;C:\xampp\php;C:\composer;C:\Program Files\wureset;C:\Users\frank\AppData\Local\Android\Sdk\platform-tools;C:\ProgramData\chocolatey\bin;C:\Program Files (x86)\Microchip\MPLAB C32 Suite\bin;C:\Program Files\Maven\apache-maven-3.9.1\bin;C:\Program Files\Java\jdk-19\bin;C:\Program Files\nodejs\;C:\Program Files\Git\cmd;C:\Program Files\Docker\Docker\resources\bin;C:\Users\frank\AppData\Local\Microsoft\WindowsApps;C:\Users\frank\AppData\Local\Programs\Microsoft VS Code\bin;C:\Users\frank\AppData\Roaming\Composer\vendor\bin;C:\Users\frank\AppData\Roaming\npm;
USERNAME=frank
OS=Windows_NT
PROCESSOR_IDENTIFIER=Intel64 Family 6 Model 58 Stepping 9, GenuineIntel
TMP=C:\Users\frank\AppData\Local\Temp
TEMP=C:\Users\frank\AppData\Local\Temp



---------------  S Y S T E M  ---------------

OS:
 Windows 10 , 64 bit Build 19041 (10.0.19041.2913)
OS uptime: 0 days 6:52 hours
Hyper-V role detected

CPU: total 4 (initial active 4) (2 cores per cpu, 2 threads per core) family 6 model 58 stepping 9 microcode 0x21, cx8, cmov, fxsr, ht, mmx, sse, sse2, sse3, ssse3, sse4.1, sse4.2, popcnt, tsc, tscinvbit, avx, erms, clmul, vzeroupper, clflush, hv

Memory: 4k page, system-wide physical 3659M (305M free)
TotalPageFile size 11851M (AvailPageFile size 7M)
current process WorkingSet (physical memory assigned to process): 230M, peak: 1064M
current process commit charge ("private bytes"): 490M, peak: 1169M

vm_info: OpenJDK 64-Bit Server VM (17.0.7+7) for windows-amd64 JRE (17.0.7+7), built on Apr 18 2023 22:10:42 by "temurin" with MS VC++ 16.7 (VS2019)

END.
