#
# There is insufficient memory for the Java Runtime Environment to continue.
# Native memory allocation (malloc) failed to allocate 2097152 bytes for AllocateHeap
# Possible reasons:
#   The system is out of physical RAM or swap space
#   The process is running with CompressedOops enabled, and the Java Heap may be blocking the growth of the native heap
# Possible solutions:
#   Reduce memory load on the system
#   Increase physical memory or swap space
#   Check if swap backing store is full
#   Decrease Java heap size (-Xmx/-Xms)
#   Decrease number of Java threads
#   Decrease Java thread stack sizes (-Xss)
#   Set larger code cache with -XX:ReservedCodeCacheSize=
#   JVM is running with Unscaled Compressed Oops mode in which the Java heap is
#     placed in the first 4GB address space. The Java Heap base address is the
#     maximum limit for the native heap growth. Please use -XX:HeapBaseMinAddress
#     to set the Java Heap base and to place the Java Heap above 4GB virtual address.
# This output file may be truncated or incomplete.
#
#  Out of Memory Error (allocation.cpp:44), pid=10644, tid=3380
#
# JRE version: OpenJDK Runtime Environment Temurin-17.0.7+7 (17.0.7+7) (build 17.0.7+7)
# Java VM: OpenJDK 64-Bit Server VM Temurin-17.0.7+7 (17.0.7+7, mixed mode, emulated-client, tiered, compressed oops, compressed class ptrs, g1 gc, windows-amd64)
# No core dump will be written. Minidumps are not enabled by default on client versions of Windows
#

---------------  S U M M A R Y ------------

Command Line: -XX:+HeapDumpOnOutOfMemoryError -Xmx1024m -Dsts.lsp.client=vscode -Dsts.log.file=/dev/null -XX:TieredStopAtLevel=1 -Xlog:jni+resolve=off -Dspring.config.location=file:c:\Users\frank\.vscode\extensions\vmware.vscode-spring-boot-1.46.0\language-server\BOOT-INF\classes\application.properties org.springframework.ide.vscode.boot.app.BootLanguageServerBootApp

Host: Intel(R) Core(TM) i5-3230M CPU @ 2.60GHz, 4 cores, 3G,  Windows 10 , 64 bit Build 19041 (10.0.19041.2913)
Time: Wed May 10 20:40:59 2023 Hora est. Pacífico, Sudamérica elapsed time: 3038.902855 seconds (0d 0h 50m 38s)

---------------  T H R E A D  ---------------

Current thread (0x0000018fbd3c8e70):  VMThread "VM Thread" [stack: 0x00000024b3c00000,0x00000024b3d00000] [id=3380]

Stack: [0x00000024b3c00000,0x00000024b3d00000]
Native frames: (J=compiled Java code, j=interpreted, Vv=VM code, C=native code)
V  [jvm.dll+0x67754a]
V  [jvm.dll+0x834304]
V  [jvm.dll+0x835aae]
V  [jvm.dll+0x836113]
V  [jvm.dll+0x24696f]
V  [jvm.dll+0xa681f]
V  [jvm.dll+0x2f7481]
V  [jvm.dll+0x2f30f0]
V  [jvm.dll+0x2db6c7]
V  [jvm.dll+0x31e777]
V  [jvm.dll+0x83a5bb]
V  [jvm.dll+0x83b2f4]
V  [jvm.dll+0x83b80c]
V  [jvm.dll+0x83bbe4]
V  [jvm.dll+0x83bcb0]
V  [jvm.dll+0x7e4e7a]
V  [jvm.dll+0x676395]
C  [ucrtbase.dll+0x21bb2]
C  [KERNEL32.DLL+0x17614]
C  [ntdll.dll+0x526a1]

VM_Operation (0x00000024b4efeb00): G1CollectFull, mode: safepoint, requested by thread 0x0000018fc25c6030


---------------  P R O C E S S  ---------------

Threads class SMR info:
_java_thread_list=0x0000018fc4540280, length=24, elements={
0x0000018fbd3de740, 0x0000018fbd3df5b0, 0x0000018fbd40aa40, 0x0000018fbd40b8b0,
0x0000018fbd413290, 0x0000018fbd413c40, 0x0000018fbd4146a0, 0x0000018fbd415090,
0x0000018fbd749410, 0x0000018fbd74dd30, 0x0000018fc2f6b340, 0x0000018fc2524480,
0x0000018fc25c6030, 0x0000018fc25c6500, 0x0000018fb2ec2860, 0x0000018fbd6d1330,
0x0000018fc2fc2060, 0x0000018fc2fe4070, 0x0000018fc2fe5d50, 0x0000018fc2f63340,
0x0000018fc2f641b0, 0x0000018fc2f66830, 0x0000018fc2f624d0, 0x0000018fc2f629a0
}

Java Threads: ( => current thread )
  0x0000018fbd3de740 JavaThread "Reference Handler" daemon [_thread_blocked, id=3024, stack(0x00000024b3d00000,0x00000024b3e00000)]
  0x0000018fbd3df5b0 JavaThread "Finalizer" daemon [_thread_blocked, id=2496, stack(0x00000024b3e00000,0x00000024b3f00000)]
  0x0000018fbd40aa40 JavaThread "Signal Dispatcher" daemon [_thread_blocked, id=10796, stack(0x00000024b3f00000,0x00000024b4000000)]
  0x0000018fbd40b8b0 JavaThread "Attach Listener" daemon [_thread_blocked, id=12004, stack(0x00000024b4000000,0x00000024b4100000)]
  0x0000018fbd413290 JavaThread "Service Thread" daemon [_thread_blocked, id=3872, stack(0x00000024b4100000,0x00000024b4200000)]
  0x0000018fbd413c40 JavaThread "Monitor Deflation Thread" daemon [_thread_blocked, id=8892, stack(0x00000024b4200000,0x00000024b4300000)]
  0x0000018fbd4146a0 JavaThread "C1 CompilerThread0" daemon [_thread_blocked, id=10976, stack(0x00000024b4300000,0x00000024b4400000)]
  0x0000018fbd415090 JavaThread "Sweeper thread" daemon [_thread_blocked, id=9960, stack(0x00000024b4400000,0x00000024b4500000)]
  0x0000018fbd749410 JavaThread "Notification Thread" daemon [_thread_blocked, id=14388, stack(0x00000024b4500000,0x00000024b4600000)]
  0x0000018fbd74dd30 JavaThread "Common-Cleaner" daemon [_thread_blocked, id=5080, stack(0x00000024b4700000,0x00000024b4800000)]
  0x0000018fc2f6b340 JavaThread "boundedElastic-evictor-1" daemon [_thread_blocked, id=9848, stack(0x00000024b4c00000,0x00000024b4d00000)]
  0x0000018fc2524480 JavaThread "boundedElastic-evictor-2" daemon [_thread_blocked, id=8816, stack(0x00000024b4d00000,0x00000024b4e00000)]
  0x0000018fc25c6030 JavaThread "pool-10-thread-1" [_thread_blocked, id=8772, stack(0x00000024b4e00000,0x00000024b4f00000)]
  0x0000018fc25c6500 JavaThread "LanguageServerApp-lifecycle" [_thread_blocked, id=13372, stack(0x00000024b4f00000,0x00000024b5000000)]
  0x0000018fb2ec2860 JavaThread "DestroyJavaVM" [_thread_blocked, id=14964, stack(0x00000024b3600000,0x00000024b3700000)]
  0x0000018fbd6d1330 JavaThread "pool-11-thread-1" [_thread_in_native, id=4424, stack(0x00000024b5000000,0x00000024b5100000)]
  0x0000018fc2fc2060 JavaThread "Simple-Language-Server main thread" daemon [_thread_blocked, id=3812, stack(0x00000024b5100000,0x00000024b5200000)]
  0x0000018fc2fe4070 JavaThread "pool-6-thread-1" [_thread_blocked, id=4920, stack(0x00000024b5400000,0x00000024b5500000)]
  0x0000018fc2fe5d50 JavaThread "parallel-1" daemon [_thread_blocked, id=10140, stack(0x00000024b5700000,0x00000024b5800000)]
  0x0000018fc2f63340 JavaThread "pool-4-thread-1" [_thread_blocked, id=12620, stack(0x00000024b6700000,0x00000024b6800000)]
  0x0000018fc2f641b0 JavaThread "parallel-2" daemon [_thread_blocked, id=8452, stack(0x00000024b6800000,0x00000024b6900000)]
  0x0000018fc2f66830 JavaThread "parallel-3" daemon [_thread_blocked, id=15232, stack(0x00000024b6c00000,0x00000024b6d00000)]
  0x0000018fc2f624d0 JavaThread "parallel-4" daemon [_thread_blocked, id=9884, stack(0x00000024b3500000,0x00000024b3600000)]
  0x0000018fc2f629a0 JavaThread "Reconciler-1" daemon [_thread_blocked, id=8020, stack(0x00000024b4800000,0x00000024b4900000)]

Other Threads:
=>0x0000018fbd3c8e70 VMThread "VM Thread" [stack: 0x00000024b3c00000,0x00000024b3d00000] [id=3380]
  0x0000018fbd7498e0 WatcherThread [stack: 0x00000024b4600000,0x00000024b4700000] [id=3076]
  0x0000018fb2f01360 GCTaskThread "GC Thread#0" [stack: 0x00000024b3700000,0x00000024b3800000] [id=2060]
  0x0000018fc24bcf90 GCTaskThread "GC Thread#1" [stack: 0x00000024b4900000,0x00000024b4a00000] [id=13532]
  0x0000018fc2670c00 GCTaskThread "GC Thread#2" [stack: 0x00000024b4a00000,0x00000024b4b00000] [id=7900]
  0x0000018fc269f6f0 GCTaskThread "GC Thread#3" [stack: 0x00000024b4b00000,0x00000024b4c00000] [id=12716]
  0x0000018fb2f0b2b0 ConcurrentGCThread "G1 Main Marker" [stack: 0x00000024b3800000,0x00000024b3900000] [id=12860]
  0x0000018fb2f0bcc0 ConcurrentGCThread "G1 Conc#0" [stack: 0x00000024b3900000,0x00000024b3a00000] [id=1112]
  0x0000018fb2f48900 ConcurrentGCThread "G1 Refine#0" [stack: 0x00000024b3a00000,0x00000024b3b00000] [id=12544]
  0x0000018fc240ca60 ConcurrentGCThread "G1 Refine#1" [stack: 0x00000024b6600000,0x00000024b6700000] [id=6692]
  0x0000018fc3943db0 ConcurrentGCThread "G1 Refine#2" [stack: 0x00000024b6b00000,0x00000024b6c00000] [id=9496]
  0x0000018fc3944090 ConcurrentGCThread "G1 Refine#3" [stack: 0x00000024b6d00000,0x00000024b6e00000] [id=15240]
  0x0000018fb2f49320 ConcurrentGCThread "G1 Service" [stack: 0x00000024b3b00000,0x00000024b3c00000] [id=1376]

Threads with active compile tasks:
C1 CompilerThread0  3039011 10755       1       ch.qos.logback.core.pattern.SpacePadder::spacePad (53 bytes)

VM state: at safepoint (normal execution)

VM Mutex/Monitor currently owned by a thread:  ([mutex/lock_event])
[0x0000018fb0daa980] Threads_lock - owner thread: 0x0000018fbd3c8e70
[0x0000018fb2ebf3e0] Heap_lock - owner thread: 0x0000018fc25c6030

Heap address: 0x00000000c0000000, size: 1024 MB, Compressed Oops mode: 32-bit

CDS archive(s) not mapped
Compressed class space mapped at: 0x0000000100000000-0x0000000140000000, reserved size: 1073741824
Narrow klass base: 0x0000000000000000, Narrow klass shift: 3, Narrow klass range: 0x140000000

GC Precious Log:
 CPUs: 4 total, 4 available
 Memory: 3659M
 Large Page Support: Disabled
 NUMA Support: Disabled
 Compressed Oops: Enabled (32-bit)
 Heap Region Size: 1M
 Heap Min Capacity: 8M
 Heap Initial Capacity: 58M
 Heap Max Capacity: 1G
 Pre-touch: Disabled
 Parallel Workers: 4
 Concurrent Workers: 1
 Concurrent Refinement Workers: 4
 Periodic GC: Disabled

Heap:
 garbage-first heap   total 324608K, used 98106K [0x00000000c0000000, 0x0000000100000000)
  region size 1024K, 1 young (1024K), 0 survivors (0K)
 Metaspace       used 71054K, committed 71488K, reserved 1114112K
  class space    used 9715K, committed 9920K, reserved 1048576K

Heap Regions: E=young(eden), S=young(survivor), O=old, HS=humongous(starts), HC=humongous(continues), CS=collection set, F=free, OA=open archive, CA=closed archive, TAMS=top-at-mark-start (previous, next)
|   0|0x00000000c0000000, 0x00000000c0100000, 0x00000000c0100000|100%| O|  |TAMS 0x00000000c0100000, 0x00000000c0000000| Untracked 
|   1|0x00000000c0100000, 0x00000000c0200000, 0x00000000c0200000|100%| O|  |TAMS 0x00000000c0200000, 0x00000000c0100000| Untracked 
|   2|0x00000000c0200000, 0x00000000c02ffff0, 0x00000000c0300000| 99%| O|  |TAMS 0x00000000c02ffff0, 0x00000000c0200000| Untracked 
|   3|0x00000000c0300000, 0x00000000c0400000, 0x00000000c0400000|100%| O|  |TAMS 0x00000000c0400000, 0x00000000c0300000| Untracked 
|   4|0x00000000c0400000, 0x00000000c04ff8d0, 0x00000000c0500000| 99%| O|  |TAMS 0x00000000c04ff8d0, 0x00000000c0400000| Untracked 
|   5|0x00000000c0500000, 0x00000000c05fffe0, 0x00000000c0600000| 99%| O|  |TAMS 0x00000000c05fffe0, 0x00000000c0500000| Untracked 
|   6|0x00000000c0600000, 0x00000000c06ffff8, 0x00000000c0700000| 99%| O|  |TAMS 0x00000000c06ffff8, 0x00000000c0600000| Untracked 
|   7|0x00000000c0700000, 0x00000000c07fffe8, 0x00000000c0800000| 99%| O|  |TAMS 0x00000000c07fffe8, 0x00000000c0700000| Untracked 
|   8|0x00000000c0800000, 0x00000000c08fffd8, 0x00000000c0900000| 99%| O|  |TAMS 0x00000000c08fffd8, 0x00000000c0800000| Untracked 
|   9|0x00000000c0900000, 0x00000000c09ffff8, 0x00000000c0a00000| 99%| O|  |TAMS 0x00000000c09ffff8, 0x00000000c0900000| Untracked 
|  10|0x00000000c0a00000, 0x00000000c0afffe8, 0x00000000c0b00000| 99%| O|  |TAMS 0x00000000c0afffe8, 0x00000000c0a00000| Untracked 
|  11|0x00000000c0b00000, 0x00000000c0bfff90, 0x00000000c0c00000| 99%| O|  |TAMS 0x00000000c0bfff90, 0x00000000c0b00000| Untracked 
|  12|0x00000000c0c00000, 0x00000000c0cffff0, 0x00000000c0d00000| 99%| O|  |TAMS 0x00000000c0cffff0, 0x00000000c0c00000| Untracked 
|  13|0x00000000c0d00000, 0x00000000c0dffff8, 0x00000000c0e00000| 99%| O|  |TAMS 0x00000000c0dffff8, 0x00000000c0d00000| Untracked 
|  14|0x00000000c0e00000, 0x00000000c0efffd8, 0x00000000c0f00000| 99%| O|  |TAMS 0x00000000c0efffd8, 0x00000000c0e00000| Untracked 
|  15|0x00000000c0f00000, 0x00000000c0ffffc8, 0x00000000c1000000| 99%| O|  |TAMS 0x00000000c0ffffc8, 0x00000000c0f00000| Untracked 
|  16|0x00000000c1000000, 0x00000000c10fffe0, 0x00000000c1100000| 99%| O|  |TAMS 0x00000000c10fffe0, 0x00000000c1000000| Untracked 
|  17|0x00000000c1100000, 0x00000000c11ffff8, 0x00000000c1200000| 99%| O|  |TAMS 0x00000000c11ffff8, 0x00000000c1100000| Untracked 
|  18|0x00000000c1200000, 0x00000000c12fffe8, 0x00000000c1300000| 99%| O|  |TAMS 0x00000000c12fffe8, 0x00000000c1200000| Untracked 
|  19|0x00000000c1300000, 0x00000000c13f8868, 0x00000000c1400000| 97%| O|  |TAMS 0x00000000c13f8868, 0x00000000c1300000| Untracked 
|  20|0x00000000c1400000, 0x00000000c14ffff0, 0x00000000c1500000| 99%| O|  |TAMS 0x00000000c14ffff0, 0x00000000c1400000| Untracked 
|  21|0x00000000c1500000, 0x00000000c1600000, 0x00000000c1600000|100%|HS|  |TAMS 0x00000000c1600000, 0x00000000c1500000| Untracked 
|  22|0x00000000c1600000, 0x00000000c16f50e8, 0x00000000c1700000| 95%| O|  |TAMS 0x00000000c16f50e8, 0x00000000c1600000| Untracked 
|  23|0x00000000c1700000, 0x00000000c17fffe0, 0x00000000c1800000| 99%| O|  |TAMS 0x00000000c17fffe0, 0x00000000c1700000| Untracked 
|  24|0x00000000c1800000, 0x00000000c18ffff0, 0x00000000c1900000| 99%| O|  |TAMS 0x00000000c18ffff0, 0x00000000c1800000| Untracked 
|  25|0x00000000c1900000, 0x00000000c19ffff8, 0x00000000c1a00000| 99%| O|  |TAMS 0x00000000c19ffff8, 0x00000000c1900000| Untracked 
|  26|0x00000000c1a00000, 0x00000000c1affff8, 0x00000000c1b00000| 99%| O|  |TAMS 0x00000000c1affff8, 0x00000000c1a00000| Untracked 
|  27|0x00000000c1b00000, 0x00000000c1bffff8, 0x00000000c1c00000| 99%| O|  |TAMS 0x00000000c1bffff8, 0x00000000c1b00000| Untracked 
|  28|0x00000000c1c00000, 0x00000000c1cffff8, 0x00000000c1d00000| 99%| O|  |TAMS 0x00000000c1cffff8, 0x00000000c1c00000| Untracked 
|  29|0x00000000c1d00000, 0x00000000c1dffff8, 0x00000000c1e00000| 99%| O|  |TAMS 0x00000000c1dffff8, 0x00000000c1d00000| Untracked 
|  30|0x00000000c1e00000, 0x00000000c1efff88, 0x00000000c1f00000| 99%| O|  |TAMS 0x00000000c1efff88, 0x00000000c1e00000| Untracked 
|  31|0x00000000c1f00000, 0x00000000c1ffffe8, 0x00000000c2000000| 99%| O|  |TAMS 0x00000000c1ffffe8, 0x00000000c1f00000| Untracked 
|  32|0x00000000c2000000, 0x00000000c20ffc98, 0x00000000c2100000| 99%| O|  |TAMS 0x00000000c20ffc98, 0x00000000c2000000| Untracked 
|  33|0x00000000c2100000, 0x00000000c21fffc8, 0x00000000c2200000| 99%| O|  |TAMS 0x00000000c21fffc8, 0x00000000c2100000| Untracked 
|  34|0x00000000c2200000, 0x00000000c2300000, 0x00000000c2300000|100%| O|  |TAMS 0x00000000c2300000, 0x00000000c2200000| Untracked 
|  35|0x00000000c2300000, 0x00000000c23fffe8, 0x00000000c2400000| 99%| O|  |TAMS 0x00000000c23fffe8, 0x00000000c2300000| Untracked 
|  36|0x00000000c2400000, 0x00000000c24fffe8, 0x00000000c2500000| 99%| O|  |TAMS 0x00000000c24fffe8, 0x00000000c2400000| Untracked 
|  37|0x00000000c2500000, 0x00000000c25ff920, 0x00000000c2600000| 99%| O|  |TAMS 0x00000000c25ff920, 0x00000000c2500000| Untracked 
|  38|0x00000000c2600000, 0x00000000c26ffff0, 0x00000000c2700000| 99%| O|  |TAMS 0x00000000c26ffff0, 0x00000000c2600000| Untracked 
|  39|0x00000000c2700000, 0x00000000c27ffc70, 0x00000000c2800000| 99%| O|  |TAMS 0x00000000c27ffc70, 0x00000000c2700000| Untracked 
|  40|0x00000000c2800000, 0x00000000c2900000, 0x00000000c2900000|100%| O|  |TAMS 0x00000000c2900000, 0x00000000c2800000| Untracked 
|  41|0x00000000c2900000, 0x00000000c29fffe0, 0x00000000c2a00000| 99%| O|  |TAMS 0x00000000c29fffe0, 0x00000000c2900000| Untracked 
|  42|0x00000000c2a00000, 0x00000000c2af4918, 0x00000000c2b00000| 95%| O|  |TAMS 0x00000000c2af4918, 0x00000000c2a00000| Untracked 
|  43|0x00000000c2b00000, 0x00000000c2bffff0, 0x00000000c2c00000| 99%| O|  |TAMS 0x00000000c2bffff0, 0x00000000c2b00000| Untracked 
|  44|0x00000000c2c00000, 0x00000000c2cffff0, 0x00000000c2d00000| 99%| O|  |TAMS 0x00000000c2cffff0, 0x00000000c2c00000| Untracked 
|  45|0x00000000c2d00000, 0x00000000c2dfffe0, 0x00000000c2e00000| 99%| O|  |TAMS 0x00000000c2dfffe0, 0x00000000c2d00000| Untracked 
|  46|0x00000000c2e00000, 0x00000000c2efffd0, 0x00000000c2f00000| 99%| O|  |TAMS 0x00000000c2efffd0, 0x00000000c2e00000| Untracked 
|  47|0x00000000c2f00000, 0x00000000c2fffff0, 0x00000000c3000000| 99%| O|  |TAMS 0x00000000c2fffff0, 0x00000000c2f00000| Untracked 
|  48|0x00000000c3000000, 0x00000000c30fffd0, 0x00000000c3100000| 99%| O|  |TAMS 0x00000000c30fffd0, 0x00000000c3000000| Untracked 
|  49|0x00000000c3100000, 0x00000000c31fffd0, 0x00000000c3200000| 99%| O|  |TAMS 0x00000000c31fffd0, 0x00000000c3100000| Untracked 
|  50|0x00000000c3200000, 0x00000000c32ffff0, 0x00000000c3300000| 99%| O|  |TAMS 0x00000000c32ffff0, 0x00000000c3200000| Untracked 
|  51|0x00000000c3300000, 0x00000000c3400000, 0x00000000c3400000|100%| O|  |TAMS 0x00000000c3400000, 0x00000000c3300000| Untracked 
|  52|0x00000000c3400000, 0x00000000c34ffff8, 0x00000000c3500000| 99%| O|  |TAMS 0x00000000c34ffff8, 0x00000000c3400000| Untracked 
|  53|0x00000000c3500000, 0x00000000c3600000, 0x00000000c3600000|100%| O|  |TAMS 0x00000000c3600000, 0x00000000c3500000| Untracked 
|  54|0x00000000c3600000, 0x00000000c36fffe8, 0x00000000c3700000| 99%| O|  |TAMS 0x00000000c36fffe8, 0x00000000c3600000| Untracked 
|  55|0x00000000c3700000, 0x00000000c37fffd0, 0x00000000c3800000| 99%| O|  |TAMS 0x00000000c37fffd0, 0x00000000c3700000| Untracked 
|  56|0x00000000c3800000, 0x00000000c3900000, 0x00000000c3900000|100%| O|  |TAMS 0x00000000c3900000, 0x00000000c3800000| Untracked 
|  57|0x00000000c3900000, 0x00000000c3a00000, 0x00000000c3a00000|100%| O|  |TAMS 0x00000000c3a00000, 0x00000000c3900000| Untracked 
|  58|0x00000000c3a00000, 0x00000000c3afffd8, 0x00000000c3b00000| 99%| O|  |TAMS 0x00000000c3afffd8, 0x00000000c3a00000| Untracked 
|  59|0x00000000c3b00000, 0x00000000c3c00000, 0x00000000c3c00000|100%| O|  |TAMS 0x00000000c3c00000, 0x00000000c3b00000| Untracked 
|  60|0x00000000c3c00000, 0x00000000c3d00000, 0x00000000c3d00000|100%| O|  |TAMS 0x00000000c3d00000, 0x00000000c3c00000| Untracked 
|  61|0x00000000c3d00000, 0x00000000c3dffff0, 0x00000000c3e00000| 99%| O|  |TAMS 0x00000000c3dffff0, 0x00000000c3d00000| Untracked 
|  62|0x00000000c3e00000, 0x00000000c3efffd8, 0x00000000c3f00000| 99%| O|  |TAMS 0x00000000c3efffd8, 0x00000000c3e00000| Untracked 
|  63|0x00000000c3f00000, 0x00000000c3ffffe8, 0x00000000c4000000| 99%| O|  |TAMS 0x00000000c3ffffe8, 0x00000000c3f00000| Untracked 
|  64|0x00000000c4000000, 0x00000000c40ffff8, 0x00000000c4100000| 99%| O|  |TAMS 0x00000000c40ffff8, 0x00000000c4000000| Untracked 
|  65|0x00000000c4100000, 0x00000000c41ffff0, 0x00000000c4200000| 99%| O|  |TAMS 0x00000000c41ffff0, 0x00000000c4100000| Untracked 
|  66|0x00000000c4200000, 0x00000000c42ffff8, 0x00000000c4300000| 99%| O|  |TAMS 0x00000000c42ffff8, 0x00000000c4200000| Untracked 
|  67|0x00000000c4300000, 0x00000000c43fffe0, 0x00000000c4400000| 99%| O|  |TAMS 0x00000000c43fffe0, 0x00000000c4300000| Untracked 
|  68|0x00000000c4400000, 0x00000000c44fff50, 0x00000000c4500000| 99%| O|  |TAMS 0x00000000c44fff50, 0x00000000c4400000| Untracked 
|  69|0x00000000c4500000, 0x00000000c45fff78, 0x00000000c4600000| 99%| O|  |TAMS 0x00000000c45fff78, 0x00000000c4500000| Untracked 
|  70|0x00000000c4600000, 0x00000000c4700000, 0x00000000c4700000|100%| O|  |TAMS 0x00000000c4700000, 0x00000000c4600000| Untracked 
|  71|0x00000000c4700000, 0x00000000c47ffff8, 0x00000000c4800000| 99%| O|  |TAMS 0x00000000c47ffff8, 0x00000000c4700000| Untracked 
|  72|0x00000000c4800000, 0x00000000c48fffd8, 0x00000000c4900000| 99%| O|  |TAMS 0x00000000c48fffd8, 0x00000000c4800000| Untracked 
|  73|0x00000000c4900000, 0x00000000c4a00000, 0x00000000c4a00000|100%|HS|  |TAMS 0x00000000c4a00000, 0x00000000c4900000| Untracked 
|  74|0x00000000c4a00000, 0x00000000c4b00000, 0x00000000c4b00000|100%|HC|  |TAMS 0x00000000c4b00000, 0x00000000c4a00000| Untracked 
|  75|0x00000000c4b00000, 0x00000000c4c00000, 0x00000000c4c00000|100%|HC|  |TAMS 0x00000000c4c00000, 0x00000000c4b00000| Untracked 
|  76|0x00000000c4c00000, 0x00000000c4cfffd0, 0x00000000c4d00000| 99%| O|  |TAMS 0x00000000c4cfffd0, 0x00000000c4c00000| Untracked 
|  77|0x00000000c4d00000, 0x00000000c4e00000, 0x00000000c4e00000|100%| O|  |TAMS 0x00000000c4e00000, 0x00000000c4d00000| Untracked 
|  78|0x00000000c4e00000, 0x00000000c4f00000, 0x00000000c4f00000|100%| O|  |TAMS 0x00000000c4f00000, 0x00000000c4e00000| Untracked 
|  79|0x00000000c4f00000, 0x00000000c4fc9290, 0x00000000c5000000| 78%| O|  |TAMS 0x00000000c4f00000, 0x00000000c4f00000| Untracked 
|  80|0x00000000c5000000, 0x00000000c502b5f8, 0x00000000c5100000| 16%| O|  |TAMS 0x00000000c5000000, 0x00000000c5000000| Untracked 
|  81|0x00000000c5100000, 0x00000000c5100000, 0x00000000c5200000|  0%| F|  |TAMS 0x00000000c5100000, 0x00000000c5100000| Untracked 
|  82|0x00000000c5200000, 0x00000000c5200000, 0x00000000c5300000|  0%| F|  |TAMS 0x00000000c5200000, 0x00000000c5200000| Untracked 
|  83|0x00000000c5300000, 0x00000000c5400000, 0x00000000c5400000|100%| O|  |TAMS 0x00000000c5400000, 0x00000000c5300000| Untracked 
|  84|0x00000000c5400000, 0x00000000c5400000, 0x00000000c5500000|  0%| F|  |TAMS 0x00000000c5400000, 0x00000000c5400000| Untracked 
|  85|0x00000000c5500000, 0x00000000c5500000, 0x00000000c5600000|  0%| F|  |TAMS 0x00000000c5500000, 0x00000000c5500000| Untracked 
|  86|0x00000000c5600000, 0x00000000c5600000, 0x00000000c5700000|  0%| F|  |TAMS 0x00000000c5600000, 0x00000000c5600000| Untracked 
|  87|0x00000000c5700000, 0x00000000c5700000, 0x00000000c5800000|  0%| F|  |TAMS 0x00000000c5700000, 0x00000000c5700000| Untracked 
|  88|0x00000000c5800000, 0x00000000c5800000, 0x00000000c5900000|  0%| F|  |TAMS 0x00000000c5800000, 0x00000000c5800000| Untracked 
|  89|0x00000000c5900000, 0x00000000c5a00000, 0x00000000c5a00000|100%| O|  |TAMS 0x00000000c5a00000, 0x00000000c5900000| Untracked 
|  90|0x00000000c5a00000, 0x00000000c5a00000, 0x00000000c5b00000|  0%| F|  |TAMS 0x00000000c5a00000, 0x00000000c5a00000| Untracked 
|  91|0x00000000c5b00000, 0x00000000c5bfffd8, 0x00000000c5c00000| 99%| O|  |TAMS 0x00000000c5bfffd8, 0x00000000c5b00000| Untracked 
|  92|0x00000000c5c00000, 0x00000000c5c00000, 0x00000000c5d00000|  0%| F|  |TAMS 0x00000000c5c00000, 0x00000000c5c00000| Untracked 
|  93|0x00000000c5d00000, 0x00000000c5dffff8, 0x00000000c5e00000| 99%| O|  |TAMS 0x00000000c5dffff8, 0x00000000c5d00000| Untracked 
|  94|0x00000000c5e00000, 0x00000000c5e00000, 0x00000000c5f00000|  0%| F|  |TAMS 0x00000000c5e00000, 0x00000000c5e00000| Untracked 
|  95|0x00000000c5f00000, 0x00000000c5f00000, 0x00000000c6000000|  0%| F|  |TAMS 0x00000000c5f00000, 0x00000000c5f00000| Untracked 
|  96|0x00000000c6000000, 0x00000000c60f9ab0, 0x00000000c6100000| 97%| O|  |TAMS 0x00000000c60f9ab0, 0x00000000c6000000| Untracked 
|  97|0x00000000c6100000, 0x00000000c6100000, 0x00000000c6200000|  0%| F|  |TAMS 0x00000000c6100000, 0x00000000c6100000| Untracked 
|  98|0x00000000c6200000, 0x00000000c6200000, 0x00000000c6300000|  0%| F|  |TAMS 0x00000000c6200000, 0x00000000c6200000| Untracked 
|  99|0x00000000c6300000, 0x00000000c6300000, 0x00000000c6400000|  0%| F|  |TAMS 0x00000000c6300000, 0x00000000c6300000| Untracked 
| 100|0x00000000c6400000, 0x00000000c6400000, 0x00000000c6500000|  0%| F|  |TAMS 0x00000000c6400000, 0x00000000c6400000| Untracked 
| 101|0x00000000c6500000, 0x00000000c6500000, 0x00000000c6600000|  0%| F|  |TAMS 0x00000000c6500000, 0x00000000c6500000| Untracked 
| 102|0x00000000c6600000, 0x00000000c6600000, 0x00000000c6700000|  0%| F|  |TAMS 0x00000000c6600000, 0x00000000c6600000| Untracked 
| 103|0x00000000c6700000, 0x00000000c6700000, 0x00000000c6800000|  0%| F|  |TAMS 0x00000000c6700000, 0x00000000c6700000| Untracked 
| 104|0x00000000c6800000, 0x00000000c6800000, 0x00000000c6900000|  0%| F|  |TAMS 0x00000000c6800000, 0x00000000c6800000| Untracked 
| 105|0x00000000c6900000, 0x00000000c6900000, 0x00000000c6a00000|  0%| F|  |TAMS 0x00000000c6900000, 0x00000000c6900000| Untracked 
| 106|0x00000000c6a00000, 0x00000000c6a00000, 0x00000000c6b00000|  0%| F|  |TAMS 0x00000000c6a00000, 0x00000000c6a00000| Untracked 
| 107|0x00000000c6b00000, 0x00000000c6b00000, 0x00000000c6c00000|  0%| F|  |TAMS 0x00000000c6b00000, 0x00000000c6b00000| Untracked 
| 108|0x00000000c6c00000, 0x00000000c6c00000, 0x00000000c6d00000|  0%| F|  |TAMS 0x00000000c6c00000, 0x00000000c6c00000| Untracked 
| 109|0x00000000c6d00000, 0x00000000c6d00000, 0x00000000c6e00000|  0%| F|  |TAMS 0x00000000c6d00000, 0x00000000c6d00000| Untracked 
| 110|0x00000000c6e00000, 0x00000000c6e00000, 0x00000000c6f00000|  0%| F|  |TAMS 0x00000000c6e00000, 0x00000000c6e00000| Untracked 
| 111|0x00000000c6f00000, 0x00000000c6f00000, 0x00000000c7000000|  0%| F|  |TAMS 0x00000000c6f00000, 0x00000000c6f00000| Untracked 
| 112|0x00000000c7000000, 0x00000000c7000000, 0x00000000c7100000|  0%| F|  |TAMS 0x00000000c7000000, 0x00000000c7000000| Untracked 
| 113|0x00000000c7100000, 0x00000000c7100000, 0x00000000c7200000|  0%| F|  |TAMS 0x00000000c7100000, 0x00000000c7100000| Untracked 
| 114|0x00000000c7200000, 0x00000000c7200000, 0x00000000c7300000|  0%| F|  |TAMS 0x00000000c7200000, 0x00000000c7200000| Untracked 
| 115|0x00000000c7300000, 0x00000000c7300000, 0x00000000c7400000|  0%| F|  |TAMS 0x00000000c7300000, 0x00000000c7300000| Untracked 
| 116|0x00000000c7400000, 0x00000000c7400000, 0x00000000c7500000|  0%| F|  |TAMS 0x00000000c7400000, 0x00000000c7400000| Untracked 
| 117|0x00000000c7500000, 0x00000000c7500000, 0x00000000c7600000|  0%| F|  |TAMS 0x00000000c7500000, 0x00000000c7500000| Untracked 
| 118|0x00000000c7600000, 0x00000000c7600000, 0x00000000c7700000|  0%| F|  |TAMS 0x00000000c7600000, 0x00000000c7600000| Untracked 
| 119|0x00000000c7700000, 0x00000000c7700000, 0x00000000c7800000|  0%| F|  |TAMS 0x00000000c7700000, 0x00000000c7700000| Untracked 
| 120|0x00000000c7800000, 0x00000000c7800000, 0x00000000c7900000|  0%| F|  |TAMS 0x00000000c7800000, 0x00000000c7800000| Untracked 
| 121|0x00000000c7900000, 0x00000000c7900000, 0x00000000c7a00000|  0%| F|  |TAMS 0x00000000c7900000, 0x00000000c7900000| Untracked 
| 122|0x00000000c7a00000, 0x00000000c7b00000, 0x00000000c7b00000|100%|HS|  |TAMS 0x00000000c7b00000, 0x00000000c7a00000| Untracked 
| 123|0x00000000c7b00000, 0x00000000c7b00000, 0x00000000c7c00000|  0%| F|  |TAMS 0x00000000c7b00000, 0x00000000c7b00000| Untracked 
| 124|0x00000000c7c00000, 0x00000000c7c00000, 0x00000000c7d00000|  0%| F|  |TAMS 0x00000000c7c00000, 0x00000000c7c00000| Untracked 
| 125|0x00000000c7d00000, 0x00000000c7d00000, 0x00000000c7e00000|  0%| F|  |TAMS 0x00000000c7d00000, 0x00000000c7d00000| Untracked 
| 126|0x00000000c7e00000, 0x00000000c7e00000, 0x00000000c7f00000|  0%| F|  |TAMS 0x00000000c7e00000, 0x00000000c7e00000| Untracked 
| 127|0x00000000c7f00000, 0x00000000c7f00000, 0x00000000c8000000|  0%| F|  |TAMS 0x00000000c7f00000, 0x00000000c7f00000| Untracked 
| 128|0x00000000c8000000, 0x00000000c8000000, 0x00000000c8100000|  0%| F|  |TAMS 0x00000000c8000000, 0x00000000c8000000| Untracked 
| 129|0x00000000c8100000, 0x00000000c8100000, 0x00000000c8200000|  0%| F|  |TAMS 0x00000000c8100000, 0x00000000c8100000| Untracked 
| 130|0x00000000c8200000, 0x00000000c8200000, 0x00000000c8300000|  0%| F|  |TAMS 0x00000000c8200000, 0x00000000c8200000| Untracked 
| 131|0x00000000c8300000, 0x00000000c8300000, 0x00000000c8400000|  0%| F|  |TAMS 0x00000000c8300000, 0x00000000c8300000| Untracked 
| 132|0x00000000c8400000, 0x00000000c8400000, 0x00000000c8500000|  0%| F|  |TAMS 0x00000000c8400000, 0x00000000c8400000| Untracked 
| 133|0x00000000c8500000, 0x00000000c8500000, 0x00000000c8600000|  0%| F|  |TAMS 0x00000000c8500000, 0x00000000c8500000| Untracked 
| 134|0x00000000c8600000, 0x00000000c8600000, 0x00000000c8700000|  0%| F|  |TAMS 0x00000000c8600000, 0x00000000c8600000| Untracked 
| 135|0x00000000c8700000, 0x00000000c8700000, 0x00000000c8800000|  0%| F|  |TAMS 0x00000000c8700000, 0x00000000c8700000| Untracked 
| 136|0x00000000c8800000, 0x00000000c8800000, 0x00000000c8900000|  0%| F|  |TAMS 0x00000000c8800000, 0x00000000c8800000| Untracked 
| 137|0x00000000c8900000, 0x00000000c8900000, 0x00000000c8a00000|  0%| F|  |TAMS 0x00000000c8900000, 0x00000000c8900000| Untracked 
| 138|0x00000000c8a00000, 0x00000000c8a00000, 0x00000000c8b00000|  0%| F|  |TAMS 0x00000000c8a00000, 0x00000000c8a00000| Untracked 
| 139|0x00000000c8b00000, 0x00000000c8b00000, 0x00000000c8c00000|  0%| F|  |TAMS 0x00000000c8b00000, 0x00000000c8b00000| Untracked 
| 140|0x00000000c8c00000, 0x00000000c8c00000, 0x00000000c8d00000|  0%| F|  |TAMS 0x00000000c8c00000, 0x00000000c8c00000| Untracked 
| 141|0x00000000c8d00000, 0x00000000c8d00000, 0x00000000c8e00000|  0%| F|  |TAMS 0x00000000c8d00000, 0x00000000c8d00000| Untracked 
| 142|0x00000000c8e00000, 0x00000000c8e00000, 0x00000000c8f00000|  0%| F|  |TAMS 0x00000000c8e00000, 0x00000000c8e00000| Untracked 
| 143|0x00000000c8f00000, 0x00000000c8f00000, 0x00000000c9000000|  0%| F|  |TAMS 0x00000000c8f00000, 0x00000000c8f00000| Untracked 
| 144|0x00000000c9000000, 0x00000000c9000000, 0x00000000c9100000|  0%| F|  |TAMS 0x00000000c9000000, 0x00000000c9000000| Untracked 
| 145|0x00000000c9100000, 0x00000000c9100000, 0x00000000c9200000|  0%| F|  |TAMS 0x00000000c9100000, 0x00000000c9100000| Untracked 
| 146|0x00000000c9200000, 0x00000000c9200000, 0x00000000c9300000|  0%| F|  |TAMS 0x00000000c9200000, 0x00000000c9200000| Untracked 
| 147|0x00000000c9300000, 0x00000000c9300000, 0x00000000c9400000|  0%| F|  |TAMS 0x00000000c9300000, 0x00000000c9300000| Untracked 
| 148|0x00000000c9400000, 0x00000000c9400000, 0x00000000c9500000|  0%| F|  |TAMS 0x00000000c9400000, 0x00000000c9400000| Untracked 
| 149|0x00000000c9500000, 0x00000000c9500000, 0x00000000c9600000|  0%| F|  |TAMS 0x00000000c9500000, 0x00000000c9500000| Untracked 
| 150|0x00000000c9600000, 0x00000000c9600000, 0x00000000c9700000|  0%| F|  |TAMS 0x00000000c9600000, 0x00000000c9600000| Untracked 
| 151|0x00000000c9700000, 0x00000000c9700000, 0x00000000c9800000|  0%| F|  |TAMS 0x00000000c9700000, 0x00000000c9700000| Untracked 
| 152|0x00000000c9800000, 0x00000000c9800000, 0x00000000c9900000|  0%| F|  |TAMS 0x00000000c9800000, 0x00000000c9800000| Untracked 
| 153|0x00000000c9900000, 0x00000000c9a00000, 0x00000000c9a00000|100%| O|  |TAMS 0x00000000c9a00000, 0x00000000c9900000| Untracked 
| 154|0x00000000c9a00000, 0x00000000c9a00000, 0x00000000c9b00000|  0%| F|  |TAMS 0x00000000c9a00000, 0x00000000c9a00000| Untracked 
| 155|0x00000000c9b00000, 0x00000000c9b00000, 0x00000000c9c00000|  0%| F|  |TAMS 0x00000000c9b00000, 0x00000000c9b00000| Untracked 
| 156|0x00000000c9c00000, 0x00000000c9c00000, 0x00000000c9d00000|  0%| F|  |TAMS 0x00000000c9c00000, 0x00000000c9c00000| Untracked 
| 157|0x00000000c9d00000, 0x00000000c9d00000, 0x00000000c9e00000|  0%| F|  |TAMS 0x00000000c9d00000, 0x00000000c9d00000| Untracked 
| 158|0x00000000c9e00000, 0x00000000c9e00000, 0x00000000c9f00000|  0%| F|  |TAMS 0x00000000c9e00000, 0x00000000c9e00000| Untracked 
| 159|0x00000000c9f00000, 0x00000000c9f00000, 0x00000000ca000000|  0%| F|  |TAMS 0x00000000c9f00000, 0x00000000c9f00000| Untracked 
| 160|0x00000000ca000000, 0x00000000ca000000, 0x00000000ca100000|  0%| F|  |TAMS 0x00000000ca000000, 0x00000000ca000000| Untracked 
| 161|0x00000000ca100000, 0x00000000ca100000, 0x00000000ca200000|  0%| F|  |TAMS 0x00000000ca100000, 0x00000000ca100000| Untracked 
| 162|0x00000000ca200000, 0x00000000ca200000, 0x00000000ca300000|  0%| F|  |TAMS 0x00000000ca200000, 0x00000000ca200000| Untracked 
| 163|0x00000000ca300000, 0x00000000ca300000, 0x00000000ca400000|  0%| F|  |TAMS 0x00000000ca300000, 0x00000000ca300000| Untracked 
| 164|0x00000000ca400000, 0x00000000ca400000, 0x00000000ca500000|  0%| F|  |TAMS 0x00000000ca400000, 0x00000000ca400000| Untracked 
| 165|0x00000000ca500000, 0x00000000ca500000, 0x00000000ca600000|  0%| F|  |TAMS 0x00000000ca500000, 0x00000000ca500000| Untracked 
| 166|0x00000000ca600000, 0x00000000ca600000, 0x00000000ca700000|  0%| F|  |TAMS 0x00000000ca600000, 0x00000000ca600000| Untracked 
| 167|0x00000000ca700000, 0x00000000ca700000, 0x00000000ca800000|  0%| F|  |TAMS 0x00000000ca700000, 0x00000000ca700000| Untracked 
| 168|0x00000000ca800000, 0x00000000ca800000, 0x00000000ca900000|  0%| F|  |TAMS 0x00000000ca800000, 0x00000000ca800000| Untracked 
| 169|0x00000000ca900000, 0x00000000ca900000, 0x00000000caa00000|  0%| F|  |TAMS 0x00000000ca900000, 0x00000000ca900000| Untracked 
| 170|0x00000000caa00000, 0x00000000caa00000, 0x00000000cab00000|  0%| F|  |TAMS 0x00000000caa00000, 0x00000000caa00000| Untracked 
| 171|0x00000000cab00000, 0x00000000cab00000, 0x00000000cac00000|  0%| F|  |TAMS 0x00000000cab00000, 0x00000000cab00000| Untracked 
| 172|0x00000000cac00000, 0x00000000cac00000, 0x00000000cad00000|  0%| F|  |TAMS 0x00000000cac00000, 0x00000000cac00000| Untracked 
| 173|0x00000000cad00000, 0x00000000cad00000, 0x00000000cae00000|  0%| F|  |TAMS 0x00000000cad00000, 0x00000000cad00000| Untracked 
| 174|0x00000000cae00000, 0x00000000cae00000, 0x00000000caf00000|  0%| F|  |TAMS 0x00000000cae00000, 0x00000000cae00000| Untracked 
| 175|0x00000000caf00000, 0x00000000caf00000, 0x00000000cb000000|  0%| F|  |TAMS 0x00000000caf00000, 0x00000000caf00000| Untracked 
| 176|0x00000000cb000000, 0x00000000cb000000, 0x00000000cb100000|  0%| F|  |TAMS 0x00000000cb000000, 0x00000000cb000000| Untracked 
| 177|0x00000000cb100000, 0x00000000cb100000, 0x00000000cb200000|  0%| F|  |TAMS 0x00000000cb100000, 0x00000000cb100000| Untracked 
| 178|0x00000000cb200000, 0x00000000cb200000, 0x00000000cb300000|  0%| F|  |TAMS 0x00000000cb200000, 0x00000000cb200000| Untracked 
| 179|0x00000000cb300000, 0x00000000cb300000, 0x00000000cb400000|  0%| F|  |TAMS 0x00000000cb300000, 0x00000000cb300000| Untracked 
| 180|0x00000000cb400000, 0x00000000cb400000, 0x00000000cb500000|  0%| F|  |TAMS 0x00000000cb400000, 0x00000000cb400000| Untracked 
| 181|0x00000000cb500000, 0x00000000cb500000, 0x00000000cb600000|  0%| F|  |TAMS 0x00000000cb500000, 0x00000000cb500000| Untracked 
| 182|0x00000000cb600000, 0x00000000cb600000, 0x00000000cb700000|  0%| F|  |TAMS 0x00000000cb600000, 0x00000000cb600000| Untracked 
| 183|0x00000000cb700000, 0x00000000cb700000, 0x00000000cb800000|  0%| F|  |TAMS 0x00000000cb700000, 0x00000000cb700000| Untracked 
| 184|0x00000000cb800000, 0x00000000cb800000, 0x00000000cb900000|  0%| F|  |TAMS 0x00000000cb800000, 0x00000000cb800000| Untracked 
| 185|0x00000000cb900000, 0x00000000cb900000, 0x00000000cba00000|  0%| F|  |TAMS 0x00000000cb900000, 0x00000000cb900000| Untracked 
| 186|0x00000000cba00000, 0x00000000cba00000, 0x00000000cbb00000|  0%| F|  |TAMS 0x00000000cba00000, 0x00000000cba00000| Untracked 
| 187|0x00000000cbb00000, 0x00000000cbb00000, 0x00000000cbc00000|  0%| F|  |TAMS 0x00000000cbb00000, 0x00000000cbb00000| Untracked 
| 188|0x00000000cbc00000, 0x00000000cbc00000, 0x00000000cbd00000|  0%| F|  |TAMS 0x00000000cbc00000, 0x00000000cbc00000| Untracked 
| 189|0x00000000cbd00000, 0x00000000cbd00000, 0x00000000cbe00000|  0%| F|  |TAMS 0x00000000cbd00000, 0x00000000cbd00000| Untracked 
| 190|0x00000000cbe00000, 0x00000000cbe00000, 0x00000000cbf00000|  0%| F|  |TAMS 0x00000000cbe00000, 0x00000000cbe00000| Untracked 
| 191|0x00000000cbf00000, 0x00000000cbf00000, 0x00000000cc000000|  0%| F|  |TAMS 0x00000000cbf00000, 0x00000000cbf00000| Untracked 
| 192|0x00000000cc000000, 0x00000000cc100000, 0x00000000cc100000|100%| O|  |TAMS 0x00000000cc100000, 0x00000000cc000000| Untracked 
| 193|0x00000000cc100000, 0x00000000cc100000, 0x00000000cc200000|  0%| F|  |TAMS 0x00000000cc100000, 0x00000000cc100000| Untracked 
| 194|0x00000000cc200000, 0x00000000cc200000, 0x00000000cc300000|  0%| F|  |TAMS 0x00000000cc200000, 0x00000000cc200000| Untracked 
| 195|0x00000000cc300000, 0x00000000cc400000, 0x00000000cc400000|100%| O|  |TAMS 0x00000000cc400000, 0x00000000cc300000| Untracked 
| 196|0x00000000cc400000, 0x00000000cc400000, 0x00000000cc500000|  0%| F|  |TAMS 0x00000000cc400000, 0x00000000cc400000| Untracked 
| 197|0x00000000cc500000, 0x00000000cc500000, 0x00000000cc600000|  0%| F|  |TAMS 0x00000000cc500000, 0x00000000cc500000| Untracked 
| 198|0x00000000cc600000, 0x00000000cc600000, 0x00000000cc700000|  0%| F|  |TAMS 0x00000000cc600000, 0x00000000cc600000| Untracked 
| 199|0x00000000cc700000, 0x00000000cc800000, 0x00000000cc800000|100%| O|  |TAMS 0x00000000cc800000, 0x00000000cc700000| Untracked 
| 200|0x00000000cc800000, 0x00000000cc900000, 0x00000000cc900000|100%| O|  |TAMS 0x00000000cc900000, 0x00000000cc800000| Untracked 
| 201|0x00000000cc900000, 0x00000000cca00000, 0x00000000cca00000|100%| O|  |TAMS 0x00000000cca00000, 0x00000000cc900000| Untracked 
| 202|0x00000000cca00000, 0x00000000ccb00000, 0x00000000ccb00000|100%| O|  |TAMS 0x00000000ccb00000, 0x00000000cca00000| Untracked 
| 203|0x00000000ccb00000, 0x00000000ccb00000, 0x00000000ccc00000|  0%| F|  |TAMS 0x00000000ccb00000, 0x00000000ccb00000| Untracked 
| 204|0x00000000ccc00000, 0x00000000ccc00000, 0x00000000ccd00000|  0%| F|  |TAMS 0x00000000ccc00000, 0x00000000ccc00000| Untracked 
| 205|0x00000000ccd00000, 0x00000000ccd00000, 0x00000000cce00000|  0%| F|  |TAMS 0x00000000ccd00000, 0x00000000ccd00000| Untracked 
| 206|0x00000000cce00000, 0x00000000cce00000, 0x00000000ccf00000|  0%| F|  |TAMS 0x00000000cce00000, 0x00000000cce00000| Untracked 
| 207|0x00000000ccf00000, 0x00000000ccf00000, 0x00000000cd000000|  0%| F|  |TAMS 0x00000000ccf00000, 0x00000000ccf00000| Untracked 
| 208|0x00000000cd000000, 0x00000000cd000000, 0x00000000cd100000|  0%| F|  |TAMS 0x00000000cd000000, 0x00000000cd000000| Untracked 
| 209|0x00000000cd100000, 0x00000000cd100000, 0x00000000cd200000|  0%| F|  |TAMS 0x00000000cd100000, 0x00000000cd100000| Untracked 
| 210|0x00000000cd200000, 0x00000000cd200000, 0x00000000cd300000|  0%| F|  |TAMS 0x00000000cd200000, 0x00000000cd200000| Untracked 
| 211|0x00000000cd300000, 0x00000000cd300000, 0x00000000cd400000|  0%| F|  |TAMS 0x00000000cd300000, 0x00000000cd300000| Untracked 
| 212|0x00000000cd400000, 0x00000000cd400000, 0x00000000cd500000|  0%| F|  |TAMS 0x00000000cd400000, 0x00000000cd400000| Untracked 
| 213|0x00000000cd500000, 0x00000000cd500000, 0x00000000cd600000|  0%| F|  |TAMS 0x00000000cd500000, 0x00000000cd500000| Untracked 
| 214|0x00000000cd600000, 0x00000000cd600000, 0x00000000cd700000|  0%| F|  |TAMS 0x00000000cd600000, 0x00000000cd600000| Untracked 
| 215|0x00000000cd700000, 0x00000000cd700000, 0x00000000cd800000|  0%| F|  |TAMS 0x00000000cd700000, 0x00000000cd700000| Untracked 
| 216|0x00000000cd800000, 0x00000000cd800000, 0x00000000cd900000|  0%| F|  |TAMS 0x00000000cd800000, 0x00000000cd800000| Untracked 
| 217|0x00000000cd900000, 0x00000000cd900000, 0x00000000cda00000|  0%| F|  |TAMS 0x00000000cd900000, 0x00000000cd900000| Untracked 
| 218|0x00000000cda00000, 0x00000000cda00000, 0x00000000cdb00000|  0%| F|  |TAMS 0x00000000cda00000, 0x00000000cda00000| Untracked 
| 219|0x00000000cdb00000, 0x00000000cdc00000, 0x00000000cdc00000|100%| O|  |TAMS 0x00000000cdc00000, 0x00000000cdb00000| Untracked 
| 220|0x00000000cdc00000, 0x00000000cdd00000, 0x00000000cdd00000|100%| O|  |TAMS 0x00000000cdd00000, 0x00000000cdc00000| Untracked 
| 221|0x00000000cdd00000, 0x00000000cdd00000, 0x00000000cde00000|  0%| F|  |TAMS 0x00000000cdd00000, 0x00000000cdd00000| Untracked 
| 222|0x00000000cde00000, 0x00000000cdf00000, 0x00000000cdf00000|100%| O|  |TAMS 0x00000000cdf00000, 0x00000000cde00000| Untracked 
| 223|0x00000000cdf00000, 0x00000000cdf00000, 0x00000000ce000000|  0%| F|  |TAMS 0x00000000cdf00000, 0x00000000cdf00000| Untracked 
| 224|0x00000000ce000000, 0x00000000ce000000, 0x00000000ce100000|  0%| F|  |TAMS 0x00000000ce000000, 0x00000000ce000000| Untracked 
| 225|0x00000000ce100000, 0x00000000ce100000, 0x00000000ce200000|  0%| F|  |TAMS 0x00000000ce100000, 0x00000000ce100000| Untracked 
| 226|0x00000000ce200000, 0x00000000ce200000, 0x00000000ce300000|  0%| F|  |TAMS 0x00000000ce200000, 0x00000000ce200000| Untracked 
| 227|0x00000000ce300000, 0x00000000ce300000, 0x00000000ce400000|  0%| F|  |TAMS 0x00000000ce300000, 0x00000000ce300000| Untracked 
| 228|0x00000000ce400000, 0x00000000ce400000, 0x00000000ce500000|  0%| F|  |TAMS 0x00000000ce400000, 0x00000000ce400000| Untracked 
| 229|0x00000000ce500000, 0x00000000ce500000, 0x00000000ce600000|  0%| F|  |TAMS 0x00000000ce500000, 0x00000000ce500000| Untracked 
| 230|0x00000000ce600000, 0x00000000ce600000, 0x00000000ce700000|  0%| F|  |TAMS 0x00000000ce600000, 0x00000000ce600000| Untracked 
| 231|0x00000000ce700000, 0x00000000ce700000, 0x00000000ce800000|  0%| F|  |TAMS 0x00000000ce700000, 0x00000000ce700000| Untracked 
| 232|0x00000000ce800000, 0x00000000ce800000, 0x00000000ce900000|  0%| F|  |TAMS 0x00000000ce800000, 0x00000000ce800000| Untracked 
| 233|0x00000000ce900000, 0x00000000ce900000, 0x00000000cea00000|  0%| F|  |TAMS 0x00000000ce900000, 0x00000000ce900000| Untracked 
| 234|0x00000000cea00000, 0x00000000cea00000, 0x00000000ceb00000|  0%| F|  |TAMS 0x00000000cea00000, 0x00000000cea00000| Untracked 
| 235|0x00000000ceb00000, 0x00000000ceb00000, 0x00000000cec00000|  0%| F|  |TAMS 0x00000000ceb00000, 0x00000000ceb00000| Untracked 
| 236|0x00000000cec00000, 0x00000000cec00000, 0x00000000ced00000|  0%| F|  |TAMS 0x00000000cec00000, 0x00000000cec00000| Untracked 
| 237|0x00000000ced00000, 0x00000000ced00000, 0x00000000cee00000|  0%| F|  |TAMS 0x00000000ced00000, 0x00000000ced00000| Untracked 
| 238|0x00000000cee00000, 0x00000000cee00000, 0x00000000cef00000|  0%| F|  |TAMS 0x00000000cee00000, 0x00000000cee00000| Untracked 
| 239|0x00000000cef00000, 0x00000000cef00000, 0x00000000cf000000|  0%| F|  |TAMS 0x00000000cef00000, 0x00000000cef00000| Untracked 
| 240|0x00000000cf000000, 0x00000000cf000000, 0x00000000cf100000|  0%| F|  |TAMS 0x00000000cf000000, 0x00000000cf000000| Untracked 
| 241|0x00000000cf100000, 0x00000000cf100000, 0x00000000cf200000|  0%| F|  |TAMS 0x00000000cf100000, 0x00000000cf100000| Untracked 
| 242|0x00000000cf200000, 0x00000000cf200000, 0x00000000cf300000|  0%| F|  |TAMS 0x00000000cf200000, 0x00000000cf200000| Untracked 
| 243|0x00000000cf300000, 0x00000000cf300000, 0x00000000cf400000|  0%| F|  |TAMS 0x00000000cf300000, 0x00000000cf300000| Untracked 
| 244|0x00000000cf400000, 0x00000000cf400000, 0x00000000cf500000|  0%| F|  |TAMS 0x00000000cf400000, 0x00000000cf400000| Untracked 
| 245|0x00000000cf500000, 0x00000000cf500000, 0x00000000cf600000|  0%| F|  |TAMS 0x00000000cf500000, 0x00000000cf500000| Untracked 
| 246|0x00000000cf600000, 0x00000000cf600000, 0x00000000cf700000|  0%| F|  |TAMS 0x00000000cf600000, 0x00000000cf600000| Untracked 
| 247|0x00000000cf700000, 0x00000000cf700000, 0x00000000cf800000|  0%| F|  |TAMS 0x00000000cf700000, 0x00000000cf700000| Untracked 
| 248|0x00000000cf800000, 0x00000000cf800000, 0x00000000cf900000|  0%| F|  |TAMS 0x00000000cf800000, 0x00000000cf800000| Untracked 
| 249|0x00000000cf900000, 0x00000000cf900000, 0x00000000cfa00000|  0%| F|  |TAMS 0x00000000cf900000, 0x00000000cf900000| Untracked 
| 250|0x00000000cfa00000, 0x00000000cfa00000, 0x00000000cfb00000|  0%| F|  |TAMS 0x00000000cfa00000, 0x00000000cfa00000| Untracked 
| 251|0x00000000cfb00000, 0x00000000cfb00000, 0x00000000cfc00000|  0%| F|  |TAMS 0x00000000cfb00000, 0x00000000cfb00000| Untracked 
| 252|0x00000000cfc00000, 0x00000000cfc00000, 0x00000000cfd00000|  0%| F|  |TAMS 0x00000000cfc00000, 0x00000000cfc00000| Untracked 
| 253|0x00000000cfd00000, 0x00000000cfd00000, 0x00000000cfe00000|  0%| F|  |TAMS 0x00000000cfd00000, 0x00000000cfd00000| Untracked 
| 254|0x00000000cfe00000, 0x00000000cfe00000, 0x00000000cff00000|  0%| F|  |TAMS 0x00000000cfe00000, 0x00000000cfe00000| Untracked 
| 255|0x00000000cff00000, 0x00000000cff00000, 0x00000000d0000000|  0%| F|  |TAMS 0x00000000cff00000, 0x00000000cff00000| Untracked 
| 256|0x00000000d0000000, 0x00000000d0000000, 0x00000000d0100000|  0%| F|  |TAMS 0x00000000d0000000, 0x00000000d0000000| Untracked 
| 257|0x00000000d0100000, 0x00000000d0100000, 0x00000000d0200000|  0%| F|  |TAMS 0x00000000d0100000, 0x00000000d0100000| Untracked 
| 258|0x00000000d0200000, 0x00000000d0200000, 0x00000000d0300000|  0%| F|  |TAMS 0x00000000d0200000, 0x00000000d0200000| Untracked 
| 259|0x00000000d0300000, 0x00000000d0300000, 0x00000000d0400000|  0%| F|  |TAMS 0x00000000d0300000, 0x00000000d0300000| Untracked 
| 260|0x00000000d0400000, 0x00000000d0400000, 0x00000000d0500000|  0%| F|  |TAMS 0x00000000d0400000, 0x00000000d0400000| Untracked 
| 261|0x00000000d0500000, 0x00000000d0500000, 0x00000000d0600000|  0%| F|  |TAMS 0x00000000d0500000, 0x00000000d0500000| Untracked 
| 262|0x00000000d0600000, 0x00000000d0600000, 0x00000000d0700000|  0%| F|  |TAMS 0x00000000d0600000, 0x00000000d0600000| Untracked 
| 263|0x00000000d0700000, 0x00000000d0700000, 0x00000000d0800000|  0%| F|  |TAMS 0x00000000d0700000, 0x00000000d0700000| Untracked 
| 264|0x00000000d0800000, 0x00000000d0800000, 0x00000000d0900000|  0%| F|  |TAMS 0x00000000d0800000, 0x00000000d0800000| Untracked 
| 265|0x00000000d0900000, 0x00000000d0900000, 0x00000000d0a00000|  0%| F|  |TAMS 0x00000000d0900000, 0x00000000d0900000| Untracked 
| 266|0x00000000d0a00000, 0x00000000d0a00000, 0x00000000d0b00000|  0%| F|  |TAMS 0x00000000d0a00000, 0x00000000d0a00000| Untracked 
| 267|0x00000000d0b00000, 0x00000000d0b00000, 0x00000000d0c00000|  0%| F|  |TAMS 0x00000000d0b00000, 0x00000000d0b00000| Untracked 
| 268|0x00000000d0c00000, 0x00000000d0c00000, 0x00000000d0d00000|  0%| F|  |TAMS 0x00000000d0c00000, 0x00000000d0c00000| Untracked 
| 269|0x00000000d0d00000, 0x00000000d0d00000, 0x00000000d0e00000|  0%| F|  |TAMS 0x00000000d0d00000, 0x00000000d0d00000| Untracked 
| 270|0x00000000d0e00000, 0x00000000d0e00000, 0x00000000d0f00000|  0%| F|  |TAMS 0x00000000d0e00000, 0x00000000d0e00000| Untracked 
| 271|0x00000000d0f00000, 0x00000000d0f00000, 0x00000000d1000000|  0%| F|  |TAMS 0x00000000d0f00000, 0x00000000d0f00000| Untracked 
| 272|0x00000000d1000000, 0x00000000d1000000, 0x00000000d1100000|  0%| F|  |TAMS 0x00000000d1000000, 0x00000000d1000000| Untracked 
| 273|0x00000000d1100000, 0x00000000d1100000, 0x00000000d1200000|  0%| F|  |TAMS 0x00000000d1100000, 0x00000000d1100000| Untracked 
| 274|0x00000000d1200000, 0x00000000d1200000, 0x00000000d1300000|  0%| F|  |TAMS 0x00000000d1200000, 0x00000000d1200000| Untracked 
| 275|0x00000000d1300000, 0x00000000d1300000, 0x00000000d1400000|  0%| F|  |TAMS 0x00000000d1300000, 0x00000000d1300000| Untracked 
| 276|0x00000000d1400000, 0x00000000d1400000, 0x00000000d1500000|  0%| F|  |TAMS 0x00000000d1400000, 0x00000000d1400000| Untracked 
| 277|0x00000000d1500000, 0x00000000d1500000, 0x00000000d1600000|  0%| F|  |TAMS 0x00000000d1500000, 0x00000000d1500000| Untracked 
| 278|0x00000000d1600000, 0x00000000d1600000, 0x00000000d1700000|  0%| F|  |TAMS 0x00000000d1600000, 0x00000000d1600000| Untracked 
| 279|0x00000000d1700000, 0x00000000d1700000, 0x00000000d1800000|  0%| F|  |TAMS 0x00000000d1700000, 0x00000000d1700000| Untracked 
| 280|0x00000000d1800000, 0x00000000d1800000, 0x00000000d1900000|  0%| F|  |TAMS 0x00000000d1800000, 0x00000000d1800000| Untracked 
| 281|0x00000000d1900000, 0x00000000d1900000, 0x00000000d1a00000|  0%| F|  |TAMS 0x00000000d1900000, 0x00000000d1900000| Untracked 
| 282|0x00000000d1a00000, 0x00000000d1a00000, 0x00000000d1b00000|  0%| F|  |TAMS 0x00000000d1a00000, 0x00000000d1a00000| Untracked 
| 283|0x00000000d1b00000, 0x00000000d1b00000, 0x00000000d1c00000|  0%| F|  |TAMS 0x00000000d1b00000, 0x00000000d1b00000| Untracked 
| 284|0x00000000d1c00000, 0x00000000d1c00000, 0x00000000d1d00000|  0%| F|  |TAMS 0x00000000d1c00000, 0x00000000d1c00000| Untracked 
| 285|0x00000000d1d00000, 0x00000000d1d00000, 0x00000000d1e00000|  0%| F|  |TAMS 0x00000000d1d00000, 0x00000000d1d00000| Untracked 
| 286|0x00000000d1e00000, 0x00000000d1e00000, 0x00000000d1f00000|  0%| F|  |TAMS 0x00000000d1e00000, 0x00000000d1e00000| Untracked 
| 287|0x00000000d1f00000, 0x00000000d1f00000, 0x00000000d2000000|  0%| F|  |TAMS 0x00000000d1f00000, 0x00000000d1f00000| Untracked 
| 288|0x00000000d2000000, 0x00000000d2000000, 0x00000000d2100000|  0%| F|  |TAMS 0x00000000d2000000, 0x00000000d2000000| Untracked 
| 289|0x00000000d2100000, 0x00000000d2100000, 0x00000000d2200000|  0%| F|  |TAMS 0x00000000d2100000, 0x00000000d2100000| Untracked 
| 290|0x00000000d2200000, 0x00000000d2200000, 0x00000000d2300000|  0%| F|  |TAMS 0x00000000d2200000, 0x00000000d2200000| Untracked 
| 291|0x00000000d2300000, 0x00000000d2300000, 0x00000000d2400000|  0%| F|  |TAMS 0x00000000d2300000, 0x00000000d2300000| Untracked 
| 292|0x00000000d2400000, 0x00000000d2400000, 0x00000000d2500000|  0%| F|  |TAMS 0x00000000d2400000, 0x00000000d2400000| Untracked 
| 293|0x00000000d2500000, 0x00000000d2500000, 0x00000000d2600000|  0%| F|  |TAMS 0x00000000d2500000, 0x00000000d2500000| Untracked 
| 294|0x00000000d2600000, 0x00000000d2600000, 0x00000000d2700000|  0%| F|  |TAMS 0x00000000d2600000, 0x00000000d2600000| Untracked 
| 295|0x00000000d2700000, 0x00000000d2700000, 0x00000000d2800000|  0%| F|  |TAMS 0x00000000d2700000, 0x00000000d2700000| Untracked 
| 296|0x00000000d2800000, 0x00000000d2800000, 0x00000000d2900000|  0%| F|  |TAMS 0x00000000d2800000, 0x00000000d2800000| Untracked 
| 297|0x00000000d2900000, 0x00000000d2900000, 0x00000000d2a00000|  0%| F|  |TAMS 0x00000000d2900000, 0x00000000d2900000| Untracked 
| 298|0x00000000d2a00000, 0x00000000d2a00000, 0x00000000d2b00000|  0%| F|  |TAMS 0x00000000d2a00000, 0x00000000d2a00000| Untracked 
| 299|0x00000000d2b00000, 0x00000000d2b00000, 0x00000000d2c00000|  0%| F|  |TAMS 0x00000000d2b00000, 0x00000000d2b00000| Untracked 
| 300|0x00000000d2c00000, 0x00000000d2c00000, 0x00000000d2d00000|  0%| F|  |TAMS 0x00000000d2c00000, 0x00000000d2c00000| Untracked 
| 301|0x00000000d2d00000, 0x00000000d2d00000, 0x00000000d2e00000|  0%| F|  |TAMS 0x00000000d2d00000, 0x00000000d2d00000| Untracked 
| 302|0x00000000d2e00000, 0x00000000d2e00000, 0x00000000d2f00000|  0%| F|  |TAMS 0x00000000d2e00000, 0x00000000d2e00000| Untracked 
| 303|0x00000000d2f00000, 0x00000000d2f00000, 0x00000000d3000000|  0%| F|  |TAMS 0x00000000d2f00000, 0x00000000d2f00000| Untracked 
| 304|0x00000000d3000000, 0x00000000d3000000, 0x00000000d3100000|  0%| F|  |TAMS 0x00000000d3000000, 0x00000000d3000000| Untracked 
| 305|0x00000000d3100000, 0x00000000d3100000, 0x00000000d3200000|  0%| F|  |TAMS 0x00000000d3100000, 0x00000000d3100000| Untracked 
| 306|0x00000000d3200000, 0x00000000d3200000, 0x00000000d3300000|  0%| F|  |TAMS 0x00000000d3200000, 0x00000000d3200000| Untracked 
| 307|0x00000000d3300000, 0x00000000d3300000, 0x00000000d3400000|  0%| F|  |TAMS 0x00000000d3300000, 0x00000000d3300000| Untracked 
| 308|0x00000000d3400000, 0x00000000d3400000, 0x00000000d3500000|  0%| F|  |TAMS 0x00000000d3400000, 0x00000000d3400000| Untracked 
| 309|0x00000000d3500000, 0x00000000d3500000, 0x00000000d3600000|  0%| F|  |TAMS 0x00000000d3500000, 0x00000000d3500000| Untracked 
| 310|0x00000000d3600000, 0x00000000d3600000, 0x00000000d3700000|  0%| F|  |TAMS 0x00000000d3600000, 0x00000000d3600000| Untracked 
| 311|0x00000000d3700000, 0x00000000d3700000, 0x00000000d3800000|  0%| F|  |TAMS 0x00000000d3700000, 0x00000000d3700000| Untracked 
| 312|0x00000000d3800000, 0x00000000d3800000, 0x00000000d3900000|  0%| F|  |TAMS 0x00000000d3800000, 0x00000000d3800000| Untracked 
| 313|0x00000000d3900000, 0x00000000d3900000, 0x00000000d3a00000|  0%| F|  |TAMS 0x00000000d3900000, 0x00000000d3900000| Untracked 
| 314|0x00000000d3a00000, 0x00000000d3a00000, 0x00000000d3b00000|  0%| F|  |TAMS 0x00000000d3a00000, 0x00000000d3a00000| Untracked 
| 315|0x00000000d3b00000, 0x00000000d3b00000, 0x00000000d3c00000|  0%| F|  |TAMS 0x00000000d3b00000, 0x00000000d3b00000| Untracked 
| 316|0x00000000d3c00000, 0x00000000d3c06900, 0x00000000d3d00000|  2%| E|  |TAMS 0x00000000d3c00000, 0x00000000d3c00000| Complete 

Card table byte_map: [0x0000018fb8b50000,0x0000018fb8d50000] _byte_map_base: 0x0000018fb8550000

Marking Bits (Prev, Next): (CMBitMap*) 0x0000018fb2f02980, (CMBitMap*) 0x0000018fb2f029c0
 Prev Bits: [0x0000018fb8f50000, 0x0000018fb9f50000)
 Next Bits: [0x0000018fb9f50000, 0x0000018fbaf50000)

Polling page: 0x0000018fb0ec0000

Metaspace:

Usage:
  Non-class:     59.90 MB used.
      Class:      9.49 MB used.
       Both:     69.39 MB used.

Virtual space:
  Non-class space:       64.00 MB reserved,      60.12 MB ( 94%) committed,  1 nodes.
      Class space:        1.00 GB reserved,       9.69 MB ( <1%) committed,  1 nodes.
             Both:        1.06 GB reserved,      69.81 MB (  6%) committed. 

Chunk freelists:
   Non-Class:  3.71 MB
       Class:  6.34 MB
        Both:  10.05 MB

MaxMetaspaceSize: unlimited
CompressedClassSpaceSize: 1.00 GB
Initial GC threshold: 21.00 MB
Current GC threshold: 116.25 MB
CDS: off
MetaspaceReclaimPolicy: balanced
 - commit_granule_bytes: 65536.
 - commit_granule_words: 8192.
 - virtual_space_node_default_size: 8388608.
 - enlarge_chunks_in_place: 1.
 - new_chunks_are_fully_committed: 0.
 - uncommit_free_chunks: 1.
 - use_allocation_guard: 0.
 - handle_deallocations: 1.


Internal statistics:

num_allocs_failed_limit: 6.
num_arena_births: 716.
num_arena_deaths: 224.
num_vsnodes_births: 2.
num_vsnodes_deaths: 0.
num_space_committed: 1117.
num_space_uncommitted: 0.
num_chunks_returned_to_freelist: 268.
num_chunks_taken_from_freelist: 3059.
num_chunk_merges: 89.
num_chunk_splits: 2143.
num_chunks_enlarged: 1662.
num_inconsistent_stats: 0.

CodeCache: size=49152Kb used=19143Kb max_used=19620Kb free=30008Kb
 bounds [0x0000018fb5b50000, 0x0000018fb6e90000, 0x0000018fb8b50000]
 total_blobs=11249 nmethods=10561 adapters=615
 compilation: enabled
              stopped_count=0, restarted_count=0
 full_count=0

Compilation events (20 events):
Event: 2262.348 Thread 0x0000018fbd4146a0 nmethod 10741 0x0000018fb6e80e90 code [0x0000018fb6e81020, 0x0000018fb6e81138]
Event: 2262.348 Thread 0x0000018fbd4146a0 10742       1       org.eclipse.jdt.internal.compiler.lookup.CompilationUnitScope::lambda$0 (5 bytes)
Event: 2262.348 Thread 0x0000018fbd4146a0 nmethod 10742 0x0000018fb6e80b90 code [0x0000018fb6e80d20, 0x0000018fb6e80df8]
Event: 2262.362 Thread 0x0000018fbd4146a0 10743       1       org.eclipse.jdt.internal.compiler.lookup.TypeBinding::isCapture (2 bytes)
Event: 2262.362 Thread 0x0000018fbd4146a0 nmethod 10743 0x0000018fb6e80890 code [0x0000018fb6e80a20, 0x0000018fb6e80af8]
Event: 2262.426 Thread 0x0000018fbd4146a0 10744       1       org.eclipse.jdt.core.compiler.CharOperation::replaceOnCopy (78 bytes)
Event: 2262.428 Thread 0x0000018fbd4146a0 nmethod 10744 0x0000018fb6e80210 code [0x0000018fb6e803c0, 0x0000018fb6e806c8]
Event: 2262.429 Thread 0x0000018fbd4146a0 10745       1       org.eclipse.lsp4j.jsonrpc.messages.ResponseMessage::getError (5 bytes)
Event: 2262.431 Thread 0x0000018fbd4146a0 nmethod 10745 0x0000018fb6e7ff10 code [0x0000018fb6e800a0, 0x0000018fb6e80178]
Event: 2461.722 Thread 0x0000018fbd4146a0 10749       1       java.lang.System::getProperty (26 bytes)
Event: 2461.772 Thread 0x0000018fbd4146a0 nmethod 10749 0x0000018fb6e7ea10 code [0x0000018fb6e7ec20, 0x0000018fb6e7f008]
Event: 2678.192 Thread 0x0000018fbd4146a0 10750       1       java.lang.Runtime::exec (73 bytes)
Event: 2678.241 Thread 0x0000018fbd4146a0 nmethod 10750 0x0000018fb6e7df10 code [0x0000018fb6e7e120, 0x0000018fb6e7e6b8]
Event: 2678.241 Thread 0x0000018fbd4146a0 10751       1       java.lang.ProcessBuilder::<init> (56 bytes)
Event: 2678.251 Thread 0x0000018fbd4146a0 nmethod 10751 0x0000018fb6e7da10 code [0x0000018fb6e7dbc0, 0x0000018fb6e7ddf8]
Event: 2751.636 Thread 0x0000018fbd4146a0 10752       1       org.springframework.ide.vscode.commons.languageserver.util.ParentProcessWatcher::run (36 bytes)
Event: 2751.733 Thread 0x0000018fbd4146a0 nmethod 10752 0x0000018fb6e7d290 code [0x0000018fb6e7d480, 0x0000018fb6e7d798]
Event: 2941.492 Thread 0x0000018fbd4146a0 10754       1       java.lang.ProcessImpl::createCommandLine (303 bytes)
Event: 2941.540 Thread 0x0000018fbd4146a0 nmethod 10754 0x0000018fb6e7bd90 code [0x0000018fb6e7c060, 0x0000018fb6e7c9c8]
Event: 3038.881 Thread 0x0000018fbd4146a0 10755       1       ch.qos.logback.core.pattern.SpacePadder::spacePad (53 bytes)

GC Heap History (20 events):
Event: 2931.361 GC heap before
{Heap before GC invocations=390 (full 226):
 garbage-first heap   total 324608K, used 98106K [0x00000000c0000000, 0x0000000100000000)
  region size 1024K, 1 young (1024K), 0 survivors (0K)
 Metaspace       used 71054K, committed 71488K, reserved 1114112K
  class space    used 9715K, committed 9920K, reserved 1048576K
}
Event: 2931.483 GC heap after
{Heap after GC invocations=391 (full 227):
 garbage-first heap   total 324608K, used 98106K [0x00000000c0000000, 0x0000000100000000)
  region size 1024K, 0 young (0K), 0 survivors (0K)
 Metaspace       used 71054K, committed 71488K, reserved 1114112K
  class space    used 9715K, committed 9920K, reserved 1048576K
}
Event: 2941.962 GC heap before
{Heap before GC invocations=391 (full 227):
 garbage-first heap   total 324608K, used 98106K [0x00000000c0000000, 0x0000000100000000)
  region size 1024K, 1 young (1024K), 0 survivors (0K)
 Metaspace       used 71054K, committed 71488K, reserved 1114112K
  class space    used 9715K, committed 9920K, reserved 1048576K
}
Event: 2942.102 GC heap after
{Heap after GC invocations=392 (full 228):
 garbage-first heap   total 324608K, used 98106K [0x00000000c0000000, 0x0000000100000000)
  region size 1024K, 0 young (0K), 0 survivors (0K)
 Metaspace       used 71054K, committed 71488K, reserved 1114112K
  class space    used 9715K, committed 9920K, reserved 1048576K
}
Event: 2952.505 GC heap before
{Heap before GC invocations=392 (full 228):
 garbage-first heap   total 324608K, used 98106K [0x00000000c0000000, 0x0000000100000000)
  region size 1024K, 1 young (1024K), 0 survivors (0K)
 Metaspace       used 71054K, committed 71488K, reserved 1114112K
  class space    used 9715K, committed 9920K, reserved 1048576K
}
Event: 2952.622 GC heap after
{Heap after GC invocations=393 (full 229):
 garbage-first heap   total 324608K, used 98106K [0x00000000c0000000, 0x0000000100000000)
  region size 1024K, 0 young (0K), 0 survivors (0K)
 Metaspace       used 71054K, committed 71488K, reserved 1114112K
  class space    used 9715K, committed 9920K, reserved 1048576K
}
Event: 2962.895 GC heap before
{Heap before GC invocations=393 (full 229):
 garbage-first heap   total 324608K, used 98106K [0x00000000c0000000, 0x0000000100000000)
  region size 1024K, 1 young (1024K), 0 survivors (0K)
 Metaspace       used 71054K, committed 71488K, reserved 1114112K
  class space    used 9715K, committed 9920K, reserved 1048576K
}
Event: 2963.009 GC heap after
{Heap after GC invocations=394 (full 230):
 garbage-first heap   total 324608K, used 98106K [0x00000000c0000000, 0x0000000100000000)
  region size 1024K, 0 young (0K), 0 survivors (0K)
 Metaspace       used 71054K, committed 71488K, reserved 1114112K
  class space    used 9715K, committed 9920K, reserved 1048576K
}
Event: 2974.083 GC heap before
{Heap before GC invocations=394 (full 230):
 garbage-first heap   total 324608K, used 98106K [0x00000000c0000000, 0x0000000100000000)
  region size 1024K, 1 young (1024K), 0 survivors (0K)
 Metaspace       used 71054K, committed 71488K, reserved 1114112K
  class space    used 9715K, committed 9920K, reserved 1048576K
}
Event: 2974.246 GC heap after
{Heap after GC invocations=395 (full 231):
 garbage-first heap   total 324608K, used 98106K [0x00000000c0000000, 0x0000000100000000)
  region size 1024K, 0 young (0K), 0 survivors (0K)
 Metaspace       used 71054K, committed 71488K, reserved 1114112K
  class space    used 9715K, committed 9920K, reserved 1048576K
}
Event: 2985.102 GC heap before
{Heap before GC invocations=395 (full 231):
 garbage-first heap   total 324608K, used 98106K [0x00000000c0000000, 0x0000000100000000)
  region size 1024K, 1 young (1024K), 0 survivors (0K)
 Metaspace       used 71054K, committed 71488K, reserved 1114112K
  class space    used 9715K, committed 9920K, reserved 1048576K
}
Event: 2985.228 GC heap after
{Heap after GC invocations=396 (full 232):
 garbage-first heap   total 324608K, used 98106K [0x00000000c0000000, 0x0000000100000000)
  region size 1024K, 0 young (0K), 0 survivors (0K)
 Metaspace       used 71054K, committed 71488K, reserved 1114112K
  class space    used 9715K, committed 9920K, reserved 1048576K
}
Event: 2997.493 GC heap before
{Heap before GC invocations=396 (full 232):
 garbage-first heap   total 324608K, used 98106K [0x00000000c0000000, 0x0000000100000000)
  region size 1024K, 1 young (1024K), 0 survivors (0K)
 Metaspace       used 71054K, committed 71488K, reserved 1114112K
  class space    used 9715K, committed 9920K, reserved 1048576K
}
Event: 2997.616 GC heap after
{Heap after GC invocations=397 (full 233):
 garbage-first heap   total 324608K, used 98106K [0x00000000c0000000, 0x0000000100000000)
  region size 1024K, 0 young (0K), 0 survivors (0K)
 Metaspace       used 71054K, committed 71488K, reserved 1114112K
  class space    used 9715K, committed 9920K, reserved 1048576K
}
Event: 3007.880 GC heap before
{Heap before GC invocations=397 (full 233):
 garbage-first heap   total 324608K, used 98106K [0x00000000c0000000, 0x0000000100000000)
  region size 1024K, 1 young (1024K), 0 survivors (0K)
 Metaspace       used 71054K, committed 71488K, reserved 1114112K
  class space    used 9715K, committed 9920K, reserved 1048576K
}
Event: 3007.989 GC heap after
{Heap after GC invocations=398 (full 234):
 garbage-first heap   total 324608K, used 98106K [0x00000000c0000000, 0x0000000100000000)
  region size 1024K, 0 young (0K), 0 survivors (0K)
 Metaspace       used 71054K, committed 71488K, reserved 1114112K
  class space    used 9715K, committed 9920K, reserved 1048576K
}
Event: 3018.218 GC heap before
{Heap before GC invocations=398 (full 234):
 garbage-first heap   total 324608K, used 98106K [0x00000000c0000000, 0x0000000100000000)
  region size 1024K, 1 young (1024K), 0 survivors (0K)
 Metaspace       used 71054K, committed 71488K, reserved 1114112K
  class space    used 9715K, committed 9920K, reserved 1048576K
}
Event: 3018.327 GC heap after
{Heap after GC invocations=399 (full 235):
 garbage-first heap   total 324608K, used 98106K [0x00000000c0000000, 0x0000000100000000)
  region size 1024K, 0 young (0K), 0 survivors (0K)
 Metaspace       used 71054K, committed 71488K, reserved 1114112K
  class space    used 9715K, committed 9920K, reserved 1048576K
}
Event: 3028.545 GC heap before
{Heap before GC invocations=399 (full 235):
 garbage-first heap   total 324608K, used 98106K [0x00000000c0000000, 0x0000000100000000)
  region size 1024K, 1 young (1024K), 0 survivors (0K)
 Metaspace       used 71054K, committed 71488K, reserved 1114112K
  class space    used 9715K, committed 9920K, reserved 1048576K
}
Event: 3028.654 GC heap after
{Heap after GC invocations=400 (full 236):
 garbage-first heap   total 324608K, used 98106K [0x00000000c0000000, 0x0000000100000000)
  region size 1024K, 0 young (0K), 0 survivors (0K)
 Metaspace       used 71054K, committed 71488K, reserved 1114112K
  class space    used 9715K, committed 9920K, reserved 1048576K
}

Dll operation events (10 events):
Event: 0.018 Loaded shared library c:\Users\frank\.vscode\extensions\redhat.java-1.18.0-win32-x64\jre\17.0.7-win32-x86_64\bin\java.dll
Event: 1.319 Loaded shared library C:\Users\frank\.vscode\extensions\redhat.java-1.18.0-win32-x64\jre\17.0.7-win32-x86_64\bin\net.dll
Event: 1.328 Loaded shared library C:\Users\frank\.vscode\extensions\redhat.java-1.18.0-win32-x64\jre\17.0.7-win32-x86_64\bin\nio.dll
Event: 1.368 Loaded shared library C:\Users\frank\.vscode\extensions\redhat.java-1.18.0-win32-x64\jre\17.0.7-win32-x86_64\bin\zip.dll
Event: 2.438 Loaded shared library C:\Users\frank\.vscode\extensions\redhat.java-1.18.0-win32-x64\jre\17.0.7-win32-x86_64\bin\jimage.dll
Event: 23.393 Loaded shared library C:\Users\frank\.vscode\extensions\redhat.java-1.18.0-win32-x64\jre\17.0.7-win32-x86_64\bin\management.dll
Event: 23.423 Loaded shared library C:\Users\frank\.vscode\extensions\redhat.java-1.18.0-win32-x64\jre\17.0.7-win32-x86_64\bin\management_ext.dll
Event: 50.367 Loaded shared library C:\Users\frank\.vscode\extensions\redhat.java-1.18.0-win32-x64\jre\17.0.7-win32-x86_64\bin\sunmscapi.dll
Event: 119.706 Loaded shared library c:\Users\frank\.vscode\extensions\redhat.java-1.18.0-win32-x64\jre\17.0.7-win32-x86_64\bin\verify.dll
Event: 154.536 Loaded shared library C:\Users\frank\AppData\Local\Temp\snappy-1.1.8-986a1e2d-de78-4063-9265-c988b285d5e6-snappyjava.dll

Deoptimization events (20 events):
Event: 129.920 Thread 0x0000018fc2fe7a30 DEOPT PACKING pc=0x0000018fb6a0c474 sp=0x00000024b55fe1d0
Event: 129.921 Thread 0x0000018fc2fe7a30 DEOPT UNPACKING pc=0x0000018fb5ba7143 sp=0x00000024b55fd6a8 mode 0
Event: 129.921 Thread 0x0000018fc2fe7a30 DEOPT PACKING pc=0x0000018fb6a08da4 sp=0x00000024b55fe280
Event: 129.921 Thread 0x0000018fc2fe7a30 DEOPT UNPACKING pc=0x0000018fb5ba7143 sp=0x00000024b55fd800 mode 0
Event: 129.923 Thread 0x0000018fc2fe7a30 DEOPT PACKING pc=0x0000018fb6aa07ac sp=0x00000024b55fe5a0
Event: 129.923 Thread 0x0000018fc2fe7a30 DEOPT UNPACKING pc=0x0000018fb5ba7143 sp=0x00000024b55fda30 mode 0
Event: 170.632 Thread 0x0000018fc2f66360 DEOPT PACKING pc=0x0000018fb6cb4c8c sp=0x00000024b5afd6c0
Event: 170.633 Thread 0x0000018fc2f66360 DEOPT UNPACKING pc=0x0000018fb5ba7143 sp=0x00000024b5afcc08 mode 0
Event: 170.636 Thread 0x0000018fc2f66360 DEOPT PACKING pc=0x0000018fb6cb4cec sp=0x00000024b5afd9f0
Event: 170.636 Thread 0x0000018fc2f66360 DEOPT UNPACKING pc=0x0000018fb5ba7143 sp=0x00000024b5afcf40 mode 0
Event: 170.637 Thread 0x0000018fc2f66360 DEOPT PACKING pc=0x0000018fb6cb4cec sp=0x00000024b5afdc00
Event: 170.637 Thread 0x0000018fc2f66360 DEOPT UNPACKING pc=0x0000018fb5ba7143 sp=0x00000024b5afd150 mode 0
Event: 170.637 Thread 0x0000018fc2f66360 DEOPT PACKING pc=0x0000018fb6cb4cec sp=0x00000024b5afdf30
Event: 170.637 Thread 0x0000018fc2f66360 DEOPT UNPACKING pc=0x0000018fb5ba7143 sp=0x00000024b5afd480 mode 0
Event: 170.637 Thread 0x0000018fc2f66360 DEOPT PACKING pc=0x0000018fb6cb4cec sp=0x00000024b5afe230
Event: 170.637 Thread 0x0000018fc2f66360 DEOPT UNPACKING pc=0x0000018fb5ba7143 sp=0x00000024b5afd780 mode 0
Event: 171.018 Thread 0x0000018fc2f66360 DEOPT PACKING pc=0x0000018fb6cc75fc sp=0x00000024b5afdc90
Event: 171.018 Thread 0x0000018fc2f66360 DEOPT UNPACKING pc=0x0000018fb5ba7143 sp=0x00000024b5afd228 mode 0
Event: 195.714 Thread 0x0000018fbd6d1330 DEOPT PACKING pc=0x0000018fb60504d4 sp=0x00000024b50ff310
Event: 195.715 Thread 0x0000018fbd6d1330 DEOPT UNPACKING pc=0x0000018fb5ba7143 sp=0x00000024b50fe798 mode 0

Classes unloaded (20 events):
Event: 434.948 Thread 0x0000018fbd3c8e70 Unloading class 0x00000001009a8c00 'java/lang/invoke/LambdaForm$MH+0x00000001009a8c00'
Event: 434.948 Thread 0x0000018fbd3c8e70 Unloading class 0x00000001009a8800 'java/lang/invoke/LambdaForm$MH+0x00000001009a8800'
Event: 434.948 Thread 0x0000018fbd3c8e70 Unloading class 0x00000001009a8400 'java/lang/invoke/LambdaForm$MH+0x00000001009a8400'
Event: 434.948 Thread 0x0000018fbd3c8e70 Unloading class 0x00000001009a8000 'java/lang/invoke/LambdaForm$MH+0x00000001009a8000'
Event: 434.948 Thread 0x0000018fbd3c8e70 Unloading class 0x00000001009a1c00 'java/lang/invoke/LambdaForm$MH+0x00000001009a1c00'
Event: 434.948 Thread 0x0000018fbd3c8e70 Unloading class 0x00000001009a1800 'java/lang/invoke/LambdaForm$MH+0x00000001009a1800'
Event: 434.948 Thread 0x0000018fbd3c8e70 Unloading class 0x00000001009a1400 'java/lang/invoke/LambdaForm$MH+0x00000001009a1400'
Event: 434.948 Thread 0x0000018fbd3c8e70 Unloading class 0x0000000100548400 'java/lang/invoke/LambdaForm$MH+0x0000000100548400'
Event: 434.948 Thread 0x0000018fbd3c8e70 Unloading class 0x0000000100546c00 'java/lang/invoke/LambdaForm$MH+0x0000000100546c00'
Event: 434.948 Thread 0x0000018fbd3c8e70 Unloading class 0x0000000100546800 'java/lang/invoke/LambdaForm$MH+0x0000000100546800'
Event: 434.948 Thread 0x0000018fbd3c8e70 Unloading class 0x0000000100546400 'java/lang/invoke/LambdaForm$MH+0x0000000100546400'
Event: 434.948 Thread 0x0000018fbd3c8e70 Unloading class 0x0000000100545c00 'java/lang/invoke/LambdaForm$MH+0x0000000100545c00'
Event: 434.948 Thread 0x0000018fbd3c8e70 Unloading class 0x0000000100545800 'java/lang/invoke/LambdaForm$MH+0x0000000100545800'
Event: 434.948 Thread 0x0000018fbd3c8e70 Unloading class 0x0000000100355400 'java/lang/invoke/LambdaForm$MH+0x0000000100355400'
Event: 434.948 Thread 0x0000018fbd3c8e70 Unloading class 0x0000000100355000 'java/lang/invoke/LambdaForm$MH+0x0000000100355000'
Event: 434.948 Thread 0x0000018fbd3c8e70 Unloading class 0x0000000100088400 'java/lang/invoke/LambdaForm$MH+0x0000000100088400'
Event: 672.041 Thread 0x0000018fbd3c8e70 Unloading class 0x00000001006d4400 'jdk/internal/reflect/GeneratedConstructorAccessor49'
Event: 1459.600 Thread 0x0000018fbd3c8e70 Unloading class 0x0000000100088c00 'java/lang/invoke/LambdaForm$MH+0x0000000100088c00'
Event: 1459.600 Thread 0x0000018fbd3c8e70 Unloading class 0x0000000100089400 'java/lang/invoke/LambdaForm$MH+0x0000000100089400'
Event: 1459.600 Thread 0x0000018fbd3c8e70 Unloading class 0x0000000100089c00 'java/lang/invoke/LambdaForm$MH+0x0000000100089c00'

Classes redefined (0 events):
No events

Internal exceptions (20 events):
Event: 1415.710 Thread 0x0000018fc2f607f0 Exception <a 'sun/nio/fs/WindowsException'{0x00000000d2462858}> (0x00000000d2462858) 
thrown [s\src\hotspot\share\prims\jni.cpp, line 516]
Event: 1415.775 Thread 0x0000018fc2f607f0 Exception <a 'sun/nio/fs/WindowsException'{0x00000000d247fa88}> (0x00000000d247fa88) 
thrown [s\src\hotspot\share\prims\jni.cpp, line 516]
Event: 1415.778 Thread 0x0000018fc2f607f0 Exception <a 'sun/nio/fs/WindowsException'{0x00000000d2382858}> (0x00000000d2382858) 
thrown [s\src\hotspot\share\prims\jni.cpp, line 516]
Event: 1415.778 Thread 0x0000018fc2f607f0 Exception <a 'sun/nio/fs/WindowsException'{0x00000000d2382b68}> (0x00000000d2382b68) 
thrown [s\src\hotspot\share\prims\jni.cpp, line 516]
Event: 1415.794 Thread 0x0000018fc2f607f0 Exception <a 'sun/nio/fs/WindowsException'{0x00000000d2395ce8}> (0x00000000d2395ce8) 
thrown [s\src\hotspot\share\prims\jni.cpp, line 516]
Event: 1415.794 Thread 0x0000018fc2f607f0 Exception <a 'sun/nio/fs/WindowsException'{0x00000000d2395fb0}> (0x00000000d2395fb0) 
thrown [s\src\hotspot\share\prims\jni.cpp, line 516]
Event: 1415.794 Thread 0x0000018fc2f607f0 Exception <a 'sun/nio/fs/WindowsException'{0x00000000d2396e68}> (0x00000000d2396e68) 
thrown [s\src\hotspot\share\prims\jni.cpp, line 516]
Event: 1415.795 Thread 0x0000018fc2f607f0 Exception <a 'sun/nio/fs/WindowsException'{0x00000000d2397150}> (0x00000000d2397150) 
thrown [s\src\hotspot\share\prims\jni.cpp, line 516]
Event: 1415.832 Thread 0x0000018fc2f607f0 Exception <a 'sun/nio/fs/WindowsException'{0x00000000d2206b28}> (0x00000000d2206b28) 
thrown [s\src\hotspot\share\prims\jni.cpp, line 516]
Event: 1415.832 Thread 0x0000018fc2f607f0 Exception <a 'sun/nio/fs/WindowsException'{0x00000000d2206e68}> (0x00000000d2206e68) 
thrown [s\src\hotspot\share\prims\jni.cpp, line 516]
Event: 1415.832 Thread 0x0000018fc2f607f0 Exception <a 'sun/nio/fs/WindowsException'{0x00000000d2207d90}> (0x00000000d2207d90) 
thrown [s\src\hotspot\share\prims\jni.cpp, line 516]
Event: 1415.832 Thread 0x0000018fc2f607f0 Exception <a 'sun/nio/fs/WindowsException'{0x00000000d22080f0}> (0x00000000d22080f0) 
thrown [s\src\hotspot\share\prims\jni.cpp, line 516]
Event: 1416.103 Thread 0x0000018fc2f607f0 Exception <a 'sun/nio/fs/WindowsException'{0x00000000d209c1d0}> (0x00000000d209c1d0) 
thrown [s\src\hotspot\share\prims\jni.cpp, line 516]
Event: 1416.103 Thread 0x0000018fc2f607f0 Exception <a 'sun/nio/fs/WindowsException'{0x00000000d209c4d0}> (0x00000000d209c4d0) 
thrown [s\src\hotspot\share\prims\jni.cpp, line 516]
Event: 1416.104 Thread 0x0000018fc2f607f0 Exception <a 'sun/nio/fs/WindowsException'{0x00000000d209d918}> (0x00000000d209d918) 
thrown [s\src\hotspot\share\prims\jni.cpp, line 516]
Event: 1416.104 Thread 0x0000018fc2f607f0 Exception <a 'sun/nio/fs/WindowsException'{0x00000000d209dc38}> (0x00000000d209dc38) 
thrown [s\src\hotspot\share\prims\jni.cpp, line 516]
Event: 1801.708 Thread 0x0000018fc2f62e70 Exception <a 'sun/nio/fs/WindowsException'{0x00000000d3c058e8}> (0x00000000d3c058e8) 
thrown [s\src\hotspot\share\prims\jni.cpp, line 516]
Event: 1801.711 Thread 0x0000018fc2f62e70 Exception <a 'sun/nio/fs/WindowsException'{0x00000000d3c06850}> (0x00000000d3c06850) 
thrown [s\src\hotspot\share\prims\jni.cpp, line 516]
Event: 2118.035 Thread 0x0000018fc2f61b30 Exception <a 'sun/nio/fs/WindowsException'{0x00000000d3ba7fa8}> (0x00000000d3ba7fa8) 
thrown [s\src\hotspot\share\prims\jni.cpp, line 516]
Event: 2118.040 Thread 0x0000018fc2f61b30 Exception <a 'sun/nio/fs/WindowsException'{0x00000000d3ba8f10}> (0x00000000d3ba8f10) 
thrown [s\src\hotspot\share\prims\jni.cpp, line 516]

VM Operations (20 events):
Event: 2931.484 Executing VM operation: G1CollectFull done
Event: 2941.961 Executing VM operation: G1CollectFull
Event: 2942.103 Executing VM operation: G1CollectFull done
Event: 2952.505 Executing VM operation: G1CollectFull
Event: 2952.622 Executing VM operation: G1CollectFull done
Event: 2962.894 Executing VM operation: G1CollectFull
Event: 2963.009 Executing VM operation: G1CollectFull done
Event: 2974.082 Executing VM operation: G1CollectFull
Event: 2974.247 Executing VM operation: G1CollectFull done
Event: 2985.101 Executing VM operation: G1CollectFull
Event: 2985.228 Executing VM operation: G1CollectFull done
Event: 2997.492 Executing VM operation: G1CollectFull
Event: 2997.616 Executing VM operation: G1CollectFull done
Event: 3007.879 Executing VM operation: G1CollectFull
Event: 3007.989 Executing VM operation: G1CollectFull done
Event: 3018.218 Executing VM operation: G1CollectFull
Event: 3018.327 Executing VM operation: G1CollectFull done
Event: 3028.544 Executing VM operation: G1CollectFull
Event: 3028.654 Executing VM operation: G1CollectFull done
Event: 3038.882 Executing VM operation: G1CollectFull

Events (20 events):
Event: 1863.498 Thread 0x0000018fc2f62e70 Thread exited: 0x0000018fc2f62e70
Event: 1923.503 Thread 0x0000018fc2f61660 Thread exited: 0x0000018fc2f61660
Event: 2116.547 Thread 0x0000018fc2f64b50 Thread added: 0x0000018fc2f64b50
Event: 2116.635 Thread 0x0000018fc2f61b30 Thread added: 0x0000018fc2f61b30
Event: 2119.173 Thread 0x0000018fc2f62000 Thread added: 0x0000018fc2f62000
Event: 2119.244 Thread 0x0000018fc2f62e70 Thread added: 0x0000018fc2f62e70
Event: 2119.769 Thread 0x0000018fc2f659c0 Thread added: 0x0000018fc2f659c0
Event: 2120.185 Thread 0x0000018fc2f65e90 Thread added: 0x0000018fc2f65e90
Event: 2120.212 Thread 0x0000018fc2f66360 Thread added: 0x0000018fc2f66360
Event: 2180.605 Thread 0x0000018fc2f66360 Thread exited: 0x0000018fc2f66360
Event: 2180.606 Thread 0x0000018fc2f65e90 Thread exited: 0x0000018fc2f65e90
Event: 2183.670 Thread 0x0000018fc2f64b50 Thread exited: 0x0000018fc2f64b50
Event: 2183.671 Thread 0x0000018fc2f61b30 Thread exited: 0x0000018fc2f61b30
Event: 2183.684 Thread 0x0000018fc2f62e70 Thread exited: 0x0000018fc2f62e70
Event: 2183.763 Thread 0x0000018fc2f659c0 Thread exited: 0x0000018fc2f659c0
Event: 2243.679 Thread 0x0000018fc2f62000 Thread exited: 0x0000018fc2f62000
Event: 2262.172 Thread 0x0000018fc2f64b50 Thread added: 0x0000018fc2f64b50
Event: 2262.269 Thread 0x0000018fc2f607f0 Thread added: 0x0000018fc2f607f0
Event: 2322.477 Thread 0x0000018fc2f607f0 Thread exited: 0x0000018fc2f607f0
Event: 2322.479 Thread 0x0000018fc2f64b50 Thread exited: 0x0000018fc2f64b50


Dynamic libraries:
0x00007ff7479f0000 - 0x00007ff7479fe000 	c:\Users\frank\.vscode\extensions\redhat.java-1.18.0-win32-x64\jre\17.0.7-win32-x86_64\bin\java.exe
0x00007fffed710000 - 0x00007fffed908000 	C:\Windows\SYSTEM32\ntdll.dll
0x00007fffec130000 - 0x00007fffec1ef000 	C:\Windows\System32\KERNEL32.DLL
0x00007fffeaef0000 - 0x00007fffeb1e6000 	C:\Windows\System32\KERNELBASE.dll
0x00007fffeadf0000 - 0x00007fffeaef0000 	C:\Windows\System32\ucrtbase.dll
0x00007fffc3010000 - 0x00007fffc3027000 	c:\Users\frank\.vscode\extensions\redhat.java-1.18.0-win32-x64\jre\17.0.7-win32-x86_64\bin\jli.dll
0x00007fffebe20000 - 0x00007fffebfbd000 	C:\Windows\System32\USER32.dll
0x00007fffeb530000 - 0x00007fffeb552000 	C:\Windows\System32\win32u.dll
0x00007fffebdf0000 - 0x00007fffebe1c000 	C:\Windows\System32\GDI32.dll
0x00007fffc2fb0000 - 0x00007fffc2fc9000 	c:\Users\frank\.vscode\extensions\redhat.java-1.18.0-win32-x64\jre\17.0.7-win32-x86_64\bin\VCRUNTIME140.dll
0x00007fffeb330000 - 0x00007fffeb445000 	C:\Windows\System32\gdi32full.dll
0x00007fffeb220000 - 0x00007fffeb2bd000 	C:\Windows\System32\msvcp_win.dll
0x00007fffd8ae0000 - 0x00007fffd8d7a000 	C:\Windows\WinSxS\amd64_microsoft.windows.common-controls_6595b64144ccf1df_6.0.19041.1110_none_60b5254171f9507e\COMCTL32.dll
0x00007fffec5c0000 - 0x00007fffec65e000 	C:\Windows\System32\msvcrt.dll
0x00007fffebdc0000 - 0x00007fffebdf0000 	C:\Windows\System32\IMM32.DLL
0x00007fffdc870000 - 0x00007fffdc87c000 	c:\Users\frank\.vscode\extensions\redhat.java-1.18.0-win32-x64\jre\17.0.7-win32-x86_64\bin\vcruntime140_1.dll
0x00007fff9ebe0000 - 0x00007fff9ec71000 	c:\Users\frank\.vscode\extensions\redhat.java-1.18.0-win32-x64\jre\17.0.7-win32-x86_64\bin\msvcp140.dll
0x00007fff9df90000 - 0x00007fff9ebd8000 	c:\Users\frank\.vscode\extensions\redhat.java-1.18.0-win32-x64\jre\17.0.7-win32-x86_64\bin\server\jvm.dll
0x00007fffebbe0000 - 0x00007fffebc8f000 	C:\Windows\System32\ADVAPI32.dll
0x00007fffed510000 - 0x00007fffed5ac000 	C:\Windows\System32\sechost.dll
0x00007fffeb780000 - 0x00007fffeb8a6000 	C:\Windows\System32\RPCRT4.dll
0x00007fffdbb00000 - 0x00007fffdbb09000 	C:\Windows\SYSTEM32\WSOCK32.dll
0x00007fffebd50000 - 0x00007fffebdbb000 	C:\Windows\System32\WS2_32.dll
0x00007fffd4e50000 - 0x00007fffd4e77000 	C:\Windows\SYSTEM32\WINMM.dll
0x00007fffdad00000 - 0x00007fffdad0a000 	C:\Windows\SYSTEM32\VERSION.dll
0x00007fffe9600000 - 0x00007fffe9612000 	C:\Windows\SYSTEM32\kernel.appcore.dll
0x00007fffdae90000 - 0x00007fffdae9a000 	c:\Users\frank\.vscode\extensions\redhat.java-1.18.0-win32-x64\jre\17.0.7-win32-x86_64\bin\jimage.dll
0x00007fffe1c10000 - 0x00007fffe1df4000 	C:\Windows\SYSTEM32\DBGHELP.DLL
0x00007fffe1ba0000 - 0x00007fffe1bd4000 	C:\Windows\SYSTEM32\dbgcore.DLL
0x00007fffeb450000 - 0x00007fffeb4d2000 	C:\Windows\System32\bcryptPrimitives.dll
0x00007fffabf50000 - 0x00007fffabf75000 	c:\Users\frank\.vscode\extensions\redhat.java-1.18.0-win32-x64\jre\17.0.7-win32-x86_64\bin\java.dll
0x00007fffc2880000 - 0x00007fffc2898000 	c:\Users\frank\.vscode\extensions\redhat.java-1.18.0-win32-x64\jre\17.0.7-win32-x86_64\bin\zip.dll
0x00007fffec660000 - 0x00007fffecda4000 	C:\Windows\System32\SHELL32.dll
0x00007fffe8ca0000 - 0x00007fffe9433000 	C:\Windows\SYSTEM32\windows.storage.dll
0x00007fffec260000 - 0x00007fffec5b4000 	C:\Windows\System32\combase.dll
0x00007fffea690000 - 0x00007fffea6be000 	C:\Windows\SYSTEM32\Wldp.dll
0x00007fffeb8b0000 - 0x00007fffeb95d000 	C:\Windows\System32\SHCORE.dll
0x00007fffec1f0000 - 0x00007fffec245000 	C:\Windows\System32\shlwapi.dll
0x00007fffead30000 - 0x00007fffead4f000 	C:\Windows\SYSTEM32\profapi.dll
0x00007fffbfcd0000 - 0x00007fffbfce9000 	C:\Users\frank\.vscode\extensions\redhat.java-1.18.0-win32-x64\jre\17.0.7-win32-x86_64\bin\net.dll
0x00007fffdf250000 - 0x00007fffdf35a000 	C:\Windows\SYSTEM32\WINHTTP.dll
0x00007fffea470000 - 0x00007fffea4da000 	C:\Windows\system32\mswsock.dll
0x00007fffbe6b0000 - 0x00007fffbe6c5000 	C:\Users\frank\.vscode\extensions\redhat.java-1.18.0-win32-x64\jre\17.0.7-win32-x86_64\bin\nio.dll
0x00007fffeaa70000 - 0x00007fffeaa88000 	C:\Windows\SYSTEM32\CRYPTSP.dll
0x00007fffe9db0000 - 0x00007fffe9de4000 	C:\Windows\system32\rsaenh.dll
0x00007fffeb1f0000 - 0x00007fffeb217000 	C:\Windows\System32\bcrypt.dll
0x00007fffeacb0000 - 0x00007fffeacde000 	C:\Windows\SYSTEM32\USERENV.dll
0x00007fffea600000 - 0x00007fffea60c000 	C:\Windows\SYSTEM32\CRYPTBASE.dll
0x00007fffea180000 - 0x00007fffea1bc000 	C:\Windows\SYSTEM32\IPHLPAPI.DLL
0x00007fffeb770000 - 0x00007fffeb778000 	C:\Windows\System32\NSI.dll
0x00007fffe04e0000 - 0x00007fffe04f7000 	C:\Windows\SYSTEM32\dhcpcsvc6.DLL
0x00007fffe04c0000 - 0x00007fffe04dd000 	C:\Windows\SYSTEM32\dhcpcsvc.DLL
0x00007fffea1c0000 - 0x00007fffea28b000 	C:\Windows\SYSTEM32\DNSAPI.dll
0x00007fffe4e00000 - 0x00007fffe4e09000 	C:\Users\frank\.vscode\extensions\redhat.java-1.18.0-win32-x64\jre\17.0.7-win32-x86_64\bin\management.dll
0x00007fffe4df0000 - 0x00007fffe4dfb000 	C:\Users\frank\.vscode\extensions\redhat.java-1.18.0-win32-x64\jre\17.0.7-win32-x86_64\bin\management_ext.dll
0x00007fffec250000 - 0x00007fffec258000 	C:\Windows\System32\PSAPI.DLL
0x00007fffe0000000 - 0x00007fffe000e000 	C:\Users\frank\.vscode\extensions\redhat.java-1.18.0-win32-x64\jre\17.0.7-win32-x86_64\bin\sunmscapi.dll
0x00007fffeb560000 - 0x00007fffeb6be000 	C:\Windows\System32\CRYPT32.dll
0x00007fffea700000 - 0x00007fffea728000 	C:\Windows\SYSTEM32\ncrypt.dll
0x00007fffea6c0000 - 0x00007fffea6fb000 	C:\Windows\SYSTEM32\NTASN1.dll
0x00007fffded70000 - 0x00007fffded7a000 	C:\Windows\System32\rasadhlp.dll
0x00007fffdee00000 - 0x00007fffdee82000 	C:\Windows\System32\fwpuclnt.dll
0x00007fffe0030000 - 0x00007fffe0040000 	c:\Users\frank\.vscode\extensions\redhat.java-1.18.0-win32-x64\jre\17.0.7-win32-x86_64\bin\verify.dll
0x000000006c500000 - 0x000000006c5c7000 	C:\Users\frank\AppData\Local\Temp\snappy-1.1.8-986a1e2d-de78-4063-9265-c988b285d5e6-snappyjava.dll

dbghelp: loaded successfully - version: 4.0.5 - missing functions: none
symbol engine: initialized successfully - sym options: 0x614 - pdb path: .;c:\Users\frank\.vscode\extensions\redhat.java-1.18.0-win32-x64\jre\17.0.7-win32-x86_64\bin;C:\Windows\SYSTEM32;C:\Windows\WinSxS\amd64_microsoft.windows.common-controls_6595b64144ccf1df_6.0.19041.1110_none_60b5254171f9507e;c:\Users\frank\.vscode\extensions\redhat.java-1.18.0-win32-x64\jre\17.0.7-win32-x86_64\bin\server;C:\Users\frank\AppData\Local\Temp

VM Arguments:
jvm_args: -XX:+HeapDumpOnOutOfMemoryError -Xmx1024m -Dsts.lsp.client=vscode -Dsts.log.file=/dev/null -XX:TieredStopAtLevel=1 -Xlog:jni+resolve=off -Dspring.config.location=file:c:\Users\frank\.vscode\extensions\vmware.vscode-spring-boot-1.46.0\language-server\BOOT-INF\classes\application.properties 
java_command: org.springframework.ide.vscode.boot.app.BootLanguageServerBootApp
java_class_path (initial): c:\Users\frank\.vscode\extensions\vmware.vscode-spring-boot-1.46.0\language-server\BOOT-INF\classes;c:\Users\frank\.vscode\extensions\vmware.vscode-spring-boot-1.46.0\language-server\BOOT-INF\lib\annotations-24.0.1.jar;c:\Users\frank\.vscode\extensions\vmware.vscode-spring-boot-1.46.0\language-server\BOOT-INF\lib\antlr-runtime-3.5.3.jar;c:\Users\frank\.vscode\extensions\vmware.vscode-spring-boot-1.46.0\language-server\BOOT-INF\lib\antlr4-4.11.1.jar;c:\Users\frank\.vscode\extensions\vmware.vscode-spring-boot-1.46.0\language-server\BOOT-INF\lib\antlr4-runtime-4.11.1.jar;c:\Users\frank\.vscode\extensions\vmware.vscode-spring-boot-1.46.0\language-server\BOOT-INF\lib\asm-9.5.jar;c:\Users\frank\.vscode\extensions\vmware.vscode-spring-boot-1.46.0\language-server\BOOT-INF\lib\asm-analysis-9.5.jar;c:\Users\frank\.vscode\extensions\vmware.vscode-spring-boot-1.46.0\language-server\BOOT-INF\lib\asm-tree-9.5.jar;c:\Users\frank\.vscode\extensions\vmware.vscode-spring-boot-1.46.0\language-server\BOOT-INF\lib\asm-util-9.5.jar;c:\Users\frank\.vscode\extensions\vmware.vscode-spring-boot-1.46.0\language-server\BOOT-INF\lib\caffeine-3.1.2.jar;c:\Users\frank\.vscode\extensions\vmware.vscode-spring-boot-1.46.0\language-server\BOOT-INF\lib\checker-qual-3.12.0.jar;c:\Users\frank\.vscode\extensions\vmware.vscode-spring-boot-1.46.0\language-server\BOOT-INF\lib\classgraph-4.8.149.jar;c:\Users\frank\.vscode\extensions\vmware.vscode-spring-boot-1.46.0\language-server\BOOT-INF\lib\commons-codec-1.15.jar;c:\Users\frank\.vscode\extensions\vmware.vscode-spring-boot-1.46.0\language-server\BOOT-INF\lib\commons-compress-1.23.0.jar;c:\Users\frank\.vscode\extensions\vmware.vscode-spring-boot-1.46.0\language-server\BOOT-INF\lib\commons-io-2.4.jar;c:\Users\frank\.vscode\extensions\vmware.vscode-spring-boot-1.46.0\language-server\BOOT-INF\lib\commons-java-1.46.0-SNAPSHOT.jar;c:\Users\frank\.vscode\extensions\vmware.vscode-spring-boot-1.46.0\language-server\BOOT-INF\lib\commons-
Launcher Type: SUN_STANDARD

[Global flags]
     intx CICompilerCount                          = 3                                         {product} {ergonomic}
     uint ConcGCThreads                            = 1                                         {product} {ergonomic}
     uint G1ConcRefinementThreads                  = 4                                         {product} {ergonomic}
   size_t G1HeapRegionSize                         = 1048576                                   {product} {ergonomic}
    uintx GCDrainStackTargetSize                   = 64                                        {product} {ergonomic}
     bool HeapDumpOnOutOfMemoryError               = true                                   {manageable} {command line}
   size_t InitialHeapSize                          = 60817408                                  {product} {ergonomic}
   size_t MarkStackSize                            = 4194304                                   {product} {ergonomic}
   size_t MaxHeapSize                              = 1073741824                                {product} {command line}
   size_t MaxNewSize                               = 643825664                                 {product} {ergonomic}
   size_t MinHeapDeltaBytes                        = 1048576                                   {product} {ergonomic}
   size_t MinHeapSize                              = 8388608                                   {product} {ergonomic}
    uintx NonProfiledCodeHeapSize                  = 0                                      {pd product} {ergonomic}
     bool ProfileInterpreter                       = false                                  {pd product} {command line}
    uintx ProfiledCodeHeapSize                     = 0                                      {pd product} {ergonomic}
   size_t SoftMaxHeapSize                          = 1073741824                             {manageable} {ergonomic}
     intx TieredStopAtLevel                        = 1                                         {product} {command line}
     bool UseCompressedClassPointers               = true                           {product lp64_product} {ergonomic}
     bool UseCompressedOops                        = true                           {product lp64_product} {ergonomic}
     bool UseG1GC                                  = true                                      {product} {ergonomic}
     bool UseLargePagesIndividualAllocation        = false                                  {pd product} {ergonomic}

Logging:
Log output configuration:
 #0: stdout all=warning,jni+resolve=off uptime,level,tags
 #1: stderr all=off uptime,level,tags

Environment Variables:
JAVA_HOME=C:\Program Files\Java\jdk-19
PATH=C:\Program Files\Common Files\Oracle\Java\javapath;C:\Program Files (x86)\Common Files\Oracle\Java\javapath;C:\app\frank\product\21c\dbhomeXE\bin;C:\Windows\system32;C:\Windows;C:\Windows\System32\Wbem;C:\Windows\System32\WindowsPowerShell\v1.0\;C:\Windows\System32\OpenSSH\;C:\xampp\php;C:\composer;C:\Program Files\wureset;C:\Users\frank\AppData\Local\Android\Sdk\platform-tools;C:\ProgramData\chocolatey\bin;C:\Program Files (x86)\Microchip\MPLAB C32 Suite\bin;C:\Program Files\Maven\apache-maven-3.9.1\bin;C:\Program Files\Java\jdk-19\bin;C:\Program Files\nodejs\;C:\Program Files\Git\cmd;C:\Program Files\Docker\Docker\resources\bin;C:\Users\frank\AppData\Local\Microsoft\WindowsApps;C:\Users\frank\AppData\Local\Programs\Microsoft VS Code\bin;C:\Users\frank\AppData\Roaming\Composer\vendor\bin;C:\Users\frank\AppData\Roaming\npm;
USERNAME=frank
OS=Windows_NT
PROCESSOR_IDENTIFIER=Intel64 Family 6 Model 58 Stepping 9, GenuineIntel
TMP=C:\Users\frank\AppData\Local\Temp
TEMP=C:\Users\frank\AppData\Local\Temp



---------------  S Y S T E M  ---------------

OS:
 Windows 10 , 64 bit Build 19041 (10.0.19041.2913)
OS uptime: 0 days 21:21 hours
Hyper-V role detected

CPU: total 4 (initial active 4) (2 cores per cpu, 2 threads per core) family 6 model 58 stepping 9 microcode 0x21, cx8, cmov, fxsr, ht, mmx, sse, sse2, sse3, ssse3, sse4.1, sse4.2, popcnt, tsc, tscinvbit, avx, erms, clmul, vzeroupper, clflush, hv

Memory: 4k page, system-wide physical 3659M (198M free)
TotalPageFile size 11851M (AvailPageFile size 0M)
current process WorkingSet (physical memory assigned to process): 146M, peak: 835M
current process commit charge ("private bytes"): 522M, peak: 1147M

vm_info: OpenJDK 64-Bit Server VM (17.0.7+7) for windows-amd64 JRE (17.0.7+7), built on Apr 18 2023 22:10:42 by "temurin" with MS VC++ 16.7 (VS2019)

END.
