#
# There is insufficient memory for the Java Runtime Environment to continue.
# Native memory allocation (malloc) failed to allocate 1117616 bytes for Chunk::new
# Possible reasons:
#   The system is out of physical RAM or swap space
#   The process is running with CompressedOops enabled, and the Java Heap may be blocking the growth of the native heap
# Possible solutions:
#   Reduce memory load on the system
#   Increase physical memory or swap space
#   Check if swap backing store is full
#   Decrease Java heap size (-Xmx/-Xms)
#   Decrease number of Java threads
#   Decrease Java thread stack sizes (-Xss)
#   Set larger code cache with -XX:ReservedCodeCacheSize=
#   JVM is running with Unscaled Compressed Oops mode in which the Java heap is
#     placed in the first 4GB address space. The Java Heap base address is the
#     maximum limit for the native heap growth. Please use -XX:HeapBaseMinAddress
#     to set the Java Heap base and to place the Java Heap above 4GB virtual address.
# This output file may be truncated or incomplete.
#
#  Out of Memory Error (arena.cpp:189), pid=12328, tid=10348
#
# JRE version: OpenJDK Runtime Environment Temurin-17.0.7+7 (17.0.7+7) (build 17.0.7+7)
# Java VM: OpenJDK 64-Bit Server VM Temurin-17.0.7+7 (17.0.7+7, mixed mode, tiered, compressed oops, compressed class ptrs, parallel gc, windows-amd64)
# No core dump will be written. Minidumps are not enabled by default on client versions of Windows
#

---------------  S U M M A R Y ------------

Command Line: --add-modules=ALL-SYSTEM --add-opens=java.base/java.util=ALL-UNNAMED --add-opens=java.base/java.lang=ALL-UNNAMED --add-opens=java.base/sun.nio.fs=ALL-UNNAMED -Declipse.application=org.eclipse.jdt.ls.core.id1 -Dosgi.bundles.defaultStartLevel=4 -Declipse.product=org.eclipse.jdt.ls.core.product -Djava.import.generatesMetadataFilesAtProjectRoot=false -Dfile.encoding=utf8 -XX:+UseParallelGC -XX:GCTimeRatio=4 -XX:AdaptiveSizePolicyWeight=90 -Dsun.zip.disableMemoryMapping=true -Xmx1G -Xms100m -Xlog:disable -javaagent:c:\Users\frank\.vscode\extensions\redhat.java-1.18.0-win32-x64\lombok\lombok-1.18.27.jar -XX:+HeapDumpOnOutOfMemoryError -XX:HeapDumpPath=c:\Users\frank\AppData\Roaming\Code\User\workspaceStorage\e29e35bb059e0e24ad39316f8f1c623d\redhat.java -Daether.dependencyCollector.impl=bf c:\Users\frank\.vscode\extensions\redhat.java-1.18.0-win32-x64\server\plugins\org.eclipse.equinox.launcher_1.6.400.v20210924-0641.jar -configuration c:\Users\frank\AppData\Roaming\Code\User\globalStorage\redhat.java\1.18.0\config_win -data c:\Users\frank\AppData\Roaming\Code\User\workspaceStorage\e29e35bb059e0e24ad39316f8f1c623d\redhat.java\jdt_ws

Host: Intel(R) Core(TM) i5-3230M CPU @ 2.60GHz, 4 cores, 3G,  Windows 10 , 64 bit Build 19041 (10.0.19041.2913)
Time: Fri May 12 22:45:31 2023 Hora est. Pacífico, Sudamérica elapsed time: 18.342752 seconds (0d 0h 0m 18s)

---------------  T H R E A D  ---------------

Current thread (0x00000162fd7711a0):  JavaThread "C2 CompilerThread0" daemon [_thread_in_native, id=10348, stack(0x0000003757100000,0x0000003757200000)]


Current CompileTask:
C2:  18342 6062   !   4       org.eclipse.osgi.internal.loader.BundleLoader::findRequiredSource (283 bytes)

Stack: [0x0000003757100000,0x0000003757200000]
Native frames: (J=compiled Java code, j=interpreted, Vv=VM code, C=native code)
V  [jvm.dll+0x67754a]
V  [jvm.dll+0x834304]
V  [jvm.dll+0x835aae]
V  [jvm.dll+0x836113]
V  [jvm.dll+0x24696f]
V  [jvm.dll+0xac0ac]
V  [jvm.dll+0xac67c]
V  [jvm.dll+0x2adbef]
V  [jvm.dll+0x580067]
V  [jvm.dll+0x221e72]
V  [jvm.dll+0x22224f]
V  [jvm.dll+0x21b4a5]
V  [jvm.dll+0x21895b]
V  [jvm.dll+0x1a4d8d]
V  [jvm.dll+0x2284da]
V  [jvm.dll+0x226615]
V  [jvm.dll+0x7ea90b]
V  [jvm.dll+0x7e4e7a]
V  [jvm.dll+0x676395]
C  [ucrtbase.dll+0x21bb2]
C  [KERNEL32.DLL+0x17614]
C  [ntdll.dll+0x526a1]


---------------  P R O C E S S  ---------------

Threads class SMR info:
_java_thread_list=0x0000016286304220, length=28, elements={
0x00000162e9920350, 0x00000162fd72b180, 0x00000162fd740770, 0x00000162fd76b170,
0x00000162fd76bef0, 0x00000162fd76eb80, 0x00000162fd7705b0, 0x00000162fd7711a0,
0x00000162fd7ae8c0, 0x00000162fe8fac00, 0x00000162fd630b80, 0x00000162feb9e230,
0x00000162ff481700, 0x00000162ff46c6f0, 0x00000162ff46cbc0, 0x00000162ff49e150,
0x000001628410bd30, 0x0000016284167340, 0x00000162fec7ea20, 0x00000162fec7cd40,
0x00000162fec7b530, 0x00000162fec7dbb0, 0x00000162fec7d6e0, 0x00000162fec7ba00,
0x00000162fec7e550, 0x00000162fec7c870, 0x000001628653ad70, 0x000001628653c580
}

Java Threads: ( => current thread )
  0x00000162e9920350 JavaThread "main" [_thread_blocked, id=14960, stack(0x0000003756800000,0x0000003756900000)]
  0x00000162fd72b180 JavaThread "Reference Handler" daemon [_thread_blocked, id=16252, stack(0x0000003756b00000,0x0000003756c00000)]
  0x00000162fd740770 JavaThread "Finalizer" daemon [_thread_blocked, id=6564, stack(0x0000003756c00000,0x0000003756d00000)]
  0x00000162fd76b170 JavaThread "Signal Dispatcher" daemon [_thread_blocked, id=8624, stack(0x0000003756d00000,0x0000003756e00000)]
  0x00000162fd76bef0 JavaThread "Attach Listener" daemon [_thread_blocked, id=12528, stack(0x0000003756e00000,0x0000003756f00000)]
  0x00000162fd76eb80 JavaThread "Service Thread" daemon [_thread_blocked, id=16904, stack(0x0000003756f00000,0x0000003757000000)]
  0x00000162fd7705b0 JavaThread "Monitor Deflation Thread" daemon [_thread_blocked, id=8412, stack(0x0000003757000000,0x0000003757100000)]
=>0x00000162fd7711a0 JavaThread "C2 CompilerThread0" daemon [_thread_in_native, id=10348, stack(0x0000003757100000,0x0000003757200000)]
  0x00000162fd7ae8c0 JavaThread "C1 CompilerThread0" daemon [_thread_blocked, id=15624, stack(0x0000003757200000,0x0000003757300000)]
  0x00000162fe8fac00 JavaThread "Sweeper thread" daemon [_thread_blocked, id=12744, stack(0x0000003757300000,0x0000003757400000)]
  0x00000162fd630b80 JavaThread "Common-Cleaner" daemon [_thread_blocked, id=6860, stack(0x0000003757400000,0x0000003757500000)]
  0x00000162feb9e230 JavaThread "Notification Thread" daemon [_thread_blocked, id=14736, stack(0x0000003757500000,0x0000003757600000)]
  0x00000162ff481700 JavaThread "Active Thread: Equinox Container: 5fc4de1f-83e1-4fe9-953b-0928007853c0" [_thread_blocked, id=15892, stack(0x0000003757a00000,0x0000003757b00000)]
  0x00000162ff46c6f0 JavaThread "Framework Event Dispatcher: Equinox Container: 5fc4de1f-83e1-4fe9-953b-0928007853c0" daemon [_thread_blocked, id=3076, stack(0x0000003757b00000,0x0000003757c00000)]
  0x00000162ff46cbc0 JavaThread "Start Level: Equinox Container: 5fc4de1f-83e1-4fe9-953b-0928007853c0" daemon [_thread_blocked, id=3624, stack(0x0000003757c00000,0x0000003757d00000)]
  0x00000162ff49e150 JavaThread "SCR Component Actor" daemon [_thread_blocked, id=1628, stack(0x0000003757d00000,0x0000003757e00000)]
  0x000001628410bd30 JavaThread "Worker-JM" [_thread_blocked, id=5904, stack(0x0000003757f00000,0x0000003758000000)]
  0x0000016284167340 JavaThread "Worker-0: Refreshing workspace" [_thread_blocked, id=7776, stack(0x0000003758000000,0x0000003758100000)]
  0x00000162fec7ea20 JavaThread "Worker-1" [_thread_blocked, id=3460, stack(0x0000003758100000,0x0000003758200000)]
  0x00000162fec7cd40 JavaThread "Java indexing" daemon [_thread_blocked, id=14844, stack(0x0000003758200000,0x0000003758300000)]
  0x00000162fec7b530 JavaThread "Worker-2: Initialize Workspace" [_thread_blocked, id=8600, stack(0x0000003758300000,0x0000003758400000)]
  0x00000162fec7dbb0 JavaThread "JNA Cleaner" daemon [_thread_blocked, id=10372, stack(0x0000003758400000,0x0000003758500000)]
  0x00000162fec7d6e0 JavaThread "pool-2-thread-1" [_thread_blocked, id=4920, stack(0x0000003758700000,0x0000003758800000)]
  0x00000162fec7ba00 JavaThread "pool-1-thread-1" [_thread_in_vm, id=14424, stack(0x0000003758800000,0x0000003758900000)]
  0x00000162fec7e550 JavaThread "Worker-3" [_thread_blocked, id=5244, stack(0x0000003758900000,0x0000003758a00000)]
  0x00000162fec7c870 JavaThread "Worker-4: Initialize workspace" [_thread_blocked, id=16540, stack(0x0000003758a00000,0x0000003758b00000)]
  0x000001628653ad70 JavaThread "ForkJoinPool.commonPool-worker-1" daemon [_thread_blocked, id=16352, stack(0x0000003757e00000,0x0000003757f00000)]
  0x000001628653c580 JavaThread "Bundle File Closer" daemon [_thread_blocked, id=16908, stack(0x0000003758b00000,0x0000003758c00000)]

Other Threads:
  0x00000162fd7289b0 VMThread "VM Thread" [stack: 0x0000003756a00000,0x0000003756b00000] [id=8644]
  0x00000162feb9e700 WatcherThread [stack: 0x0000003757600000,0x0000003757700000] [id=12544]
  0x00000162e9935240 GCTaskThread "GC Thread#0" [stack: 0x0000003756900000,0x0000003756a00000] [id=11548]
  0x00000162ff450c70 GCTaskThread "GC Thread#1" [stack: 0x0000003757700000,0x0000003757800000] [id=8332]
  0x00000162fef20460 GCTaskThread "GC Thread#2" [stack: 0x0000003757800000,0x0000003757900000] [id=8848]
  0x00000162fee7b560 GCTaskThread "GC Thread#3" [stack: 0x0000003757900000,0x0000003757a00000] [id=7132]

Threads with active compile tasks:
C2 CompilerThread0    18402 6062   !   4       org.eclipse.osgi.internal.loader.BundleLoader::findRequiredSource (283 bytes)

VM state: not at safepoint (normal execution)

VM Mutex/Monitor currently owned by a thread: None

Heap address: 0x00000000c0000000, size: 1024 MB, Compressed Oops mode: 32-bit

CDS archive(s) not mapped
Compressed class space mapped at: 0x0000000100000000-0x0000000140000000, reserved size: 1073741824
Narrow klass base: 0x0000000000000000, Narrow klass shift: 3, Narrow klass range: 0x140000000

GC Precious Log:
 CPUs: 4 total, 4 available
 Memory: 3659M
 Large Page Support: Disabled
 NUMA Support: Disabled
 Compressed Oops: Enabled (32-bit)
 Alignments: Space 512K, Generation 512K, Heap 2M
 Heap Min Capacity: 100M
 Heap Initial Capacity: 100M
 Heap Max Capacity: 1G
 Pre-touch: Disabled
 Parallel Workers: 4

Heap:
 PSYoungGen      total 19456K, used 18300K [0x00000000eab00000, 0x00000000ec100000, 0x0000000100000000)
  eden space 18944K, 93% used [0x00000000eab00000,0x00000000ebc61108,0x00000000ebd80000)
  from space 512K, 98% used [0x00000000ebf00000,0x00000000ebf7e098,0x00000000ebf80000)
  to   space 1024K, 0% used [0x00000000ec000000,0x00000000ec000000,0x00000000ec100000)
 ParOldGen       total 68608K, used 33647K [0x00000000c0000000, 0x00000000c4300000, 0x00000000eab00000)
  object space 68608K, 49% used [0x00000000c0000000,0x00000000c20dbfd8,0x00000000c4300000)
 Metaspace       used 54811K, committed 55808K, reserved 1114112K
  class space    used 6032K, committed 6464K, reserved 1048576K

Card table byte_map: [0x00000162e92d0000,0x00000162e94e0000] _byte_map_base: 0x00000162e8cd0000

Marking Bits: (ParMarkBitMap*) 0x00007fffb55752c0
 Begin Bits: [0x00000162fb5b0000, 0x00000162fc5b0000)
 End Bits:   [0x00000162fc5b0000, 0x00000162fd5b0000)

Polling page: 0x00000162e77f0000

Metaspace:

Usage:
  Non-class:     47.64 MB used.
      Class:      5.89 MB used.
       Both:     53.53 MB used.

Virtual space:
  Non-class space:       64.00 MB reserved,      48.19 MB ( 75%) committed,  1 nodes.
      Class space:        1.00 GB reserved,       6.31 MB ( <1%) committed,  1 nodes.
             Both:        1.06 GB reserved,      54.50 MB (  5%) committed. 

Chunk freelists:
   Non-Class:  15.64 MB
       Class:  9.50 MB
        Both:  25.14 MB

MaxMetaspaceSize: unlimited
CompressedClassSpaceSize: 1.00 GB
Initial GC threshold: 21.00 MB
Current GC threshold: 58.38 MB
CDS: off
MetaspaceReclaimPolicy: balanced
 - commit_granule_bytes: 65536.
 - commit_granule_words: 8192.
 - virtual_space_node_default_size: 8388608.
 - enlarge_chunks_in_place: 1.
 - new_chunks_are_fully_committed: 0.
 - uncommit_free_chunks: 1.
 - use_allocation_guard: 0.
 - handle_deallocations: 1.


Internal statistics:

num_allocs_failed_limit: 6.
num_arena_births: 628.
num_arena_deaths: 14.
num_vsnodes_births: 2.
num_vsnodes_deaths: 0.
num_space_committed: 872.
num_space_uncommitted: 0.
num_chunks_returned_to_freelist: 20.
num_chunks_taken_from_freelist: 2767.
num_chunk_merges: 10.
num_chunk_splits: 1730.
num_chunks_enlarged: 999.
num_inconsistent_stats: 0.

CodeHeap 'non-profiled nmethods': size=120000Kb used=2225Kb max_used=2554Kb free=117774Kb
 bounds [0x00000162f4080000, 0x00000162f4300000, 0x00000162fb5b0000]
CodeHeap 'profiled nmethods': size=120000Kb used=10052Kb max_used=11947Kb free=109948Kb
 bounds [0x00000162ec5b0000, 0x00000162ed160000, 0x00000162f3ae0000]
CodeHeap 'non-nmethods': size=5760Kb used=1297Kb max_used=1319Kb free=4462Kb
 bounds [0x00000162f3ae0000, 0x00000162f3d50000, 0x00000162f4080000]
 total_blobs=5795 nmethods=5165 adapters=544
 compilation: enabled
              stopped_count=0, restarted_count=0
 full_count=0

Compilation events (20 events):
Event: 18.158 Thread 0x00000162fd7ae8c0 6076       1       lombok.core.LombokImmutableList::access$0 (5 bytes)
Event: 18.158 Thread 0x00000162fd7ae8c0 nmethod 6076 0x00000162f4244d90 code [0x00000162f4244f20, 0x00000162f4244fd8]
Event: 18.176 Thread 0x00000162fd7ae8c0 6077       2       java.util.ArrayDeque::push (6 bytes)
Event: 18.177 Thread 0x00000162fd7ae8c0 nmethod 6077 0x00000162ec67c810 code [0x00000162ec67c9a0, 0x00000162ec67cac8]
Event: 18.184 Thread 0x00000162fd7ae8c0 6078       3       lombok.core.configuration.ConfigurationFile::hashCode (8 bytes)
Event: 18.184 Thread 0x00000162fd7ae8c0 nmethod 6078 0x00000162ecca2810 code [0x00000162ecca29c0, 0x00000162ecca2b08]
Event: 18.192 Thread 0x00000162fd7ae8c0 6079       1       lombok.core.LombokNode::getKind (5 bytes)
Event: 18.192 Thread 0x00000162fd7ae8c0 nmethod 6079 0x00000162f415fe90 code [0x00000162f4160020, 0x00000162f41600f8]
Event: 18.199 Thread 0x00000162fd7ae8c0 6080       3       java.io.File::getParentFile (41 bytes)
Event: 18.200 Thread 0x00000162fd7ae8c0 nmethod 6080 0x00000162eccc7c10 code [0x00000162eccc7de0, 0x00000162eccc81b8]
Event: 18.200 Thread 0x00000162fd7ae8c0 6082       3       lombok.eclipse.handlers.EclipseHandlerUtil::typeMatches (124 bytes)
Event: 18.204 Thread 0x00000162fd7ae8c0 nmethod 6082 0x00000162ec685190 code [0x00000162ec685520, 0x00000162ec686e88]
Event: 18.204 Thread 0x00000162fd7ae8c0 6081       3       org.eclipse.jdt.internal.compiler.ast.SingleTypeReference::getTypeName (12 bytes)
Event: 18.204 Thread 0x00000162fd7ae8c0 nmethod 6081 0x00000162ec9ef490 code [0x00000162ec9ef640, 0x00000162ec9ef918]
Event: 18.211 Thread 0x00000162fd7ae8c0 6083       3       java.util.concurrent.ConcurrentHashMap$ValueIterator::<init> (12 bytes)
Event: 18.211 Thread 0x00000162fd7ae8c0 nmethod 6083 0x00000162ec732d10 code [0x00000162ec732ea0, 0x00000162ec732fe8]
Event: 18.232 Thread 0x00000162fd7ae8c0 6084       3       java.util.IdentityHashMap$IdentityHashMapIterator::hasNext (50 bytes)
Event: 18.232 Thread 0x00000162fd7ae8c0 nmethod 6084 0x00000162ec709390 code [0x00000162ec709540, 0x00000162ec709798]
Event: 18.241 Thread 0x00000162fd7ae8c0 6085   !   3       org.eclipse.osgi.storage.bundlefile.BundleFile::createURL (35 bytes)
Event: 18.242 Thread 0x00000162fd7ae8c0 nmethod 6085 0x00000162ece28e10 code [0x00000162ece29040, 0x00000162ece29658]

GC Heap History (20 events):
Event: 14.213 GC heap before
{Heap before GC invocations=16 (full 2):
 PSYoungGen      total 24576K, used 23244K [0x00000000eab00000, 0x00000000ec500000, 0x0000000100000000)
  eden space 22016K, 100% used [0x00000000eab00000,0x00000000ec080000,0x00000000ec080000)
  from space 2560K, 47% used [0x00000000ec080000,0x00000000ec1b32a8,0x00000000ec300000)
  to   space 1536K, 0% used [0x00000000ec380000,0x00000000ec380000,0x00000000ec500000)
 ParOldGen       total 68608K, used 15998K [0x00000000c0000000, 0x00000000c4300000, 0x00000000eab00000)
  object space 68608K, 23% used [0x00000000c0000000,0x00000000c0f9fae8,0x00000000c4300000)
 Metaspace       used 48459K, committed 49472K, reserved 1114112K
  class space    used 5303K, committed 5760K, reserved 1048576K
}
Event: 14.218 GC heap after
{Heap after GC invocations=16 (full 2):
 PSYoungGen      total 22528K, used 1515K [0x00000000eab00000, 0x00000000ec880000, 0x0000000100000000)
  eden space 20992K, 0% used [0x00000000eab00000,0x00000000eab00000,0x00000000ebf80000)
  from space 1536K, 98% used [0x00000000ec380000,0x00000000ec4faed8,0x00000000ec500000)
  to   space 4096K, 0% used [0x00000000ebf80000,0x00000000ebf80000,0x00000000ec380000)
 ParOldGen       total 68608K, used 17935K [0x00000000c0000000, 0x00000000c4300000, 0x00000000eab00000)
  object space 68608K, 26% used [0x00000000c0000000,0x00000000c1183ff8,0x00000000c4300000)
 Metaspace       used 48459K, committed 49472K, reserved 1114112K
  class space    used 5303K, committed 5760K, reserved 1048576K
}
Event: 14.511 GC heap before
{Heap before GC invocations=17 (full 2):
 PSYoungGen      total 22528K, used 22507K [0x00000000eab00000, 0x00000000ec880000, 0x0000000100000000)
  eden space 20992K, 100% used [0x00000000eab00000,0x00000000ebf80000,0x00000000ebf80000)
  from space 1536K, 98% used [0x00000000ec380000,0x00000000ec4faed8,0x00000000ec500000)
  to   space 4096K, 0% used [0x00000000ebf80000,0x00000000ebf80000,0x00000000ec380000)
 ParOldGen       total 68608K, used 17935K [0x00000000c0000000, 0x00000000c4300000, 0x00000000eab00000)
  object space 68608K, 26% used [0x00000000c0000000,0x00000000c1183ff8,0x00000000c4300000)
 Metaspace       used 48626K, committed 49600K, reserved 1114112K
  class space    used 5320K, committed 5760K, reserved 1048576K
}
Event: 14.516 GC heap after
{Heap after GC invocations=17 (full 2):
 PSYoungGen      total 23040K, used 1792K [0x00000000eab00000, 0x00000000ec480000, 0x0000000100000000)
  eden space 20992K, 0% used [0x00000000eab00000,0x00000000eab00000,0x00000000ebf80000)
  from space 2048K, 87% used [0x00000000ebf80000,0x00000000ec140010,0x00000000ec180000)
  to   space 2560K, 0% used [0x00000000ec200000,0x00000000ec200000,0x00000000ec480000)
 ParOldGen       total 68608K, used 19453K [0x00000000c0000000, 0x00000000c4300000, 0x00000000eab00000)
  object space 68608K, 28% used [0x00000000c0000000,0x00000000c12ff510,0x00000000c4300000)
 Metaspace       used 48626K, committed 49600K, reserved 1114112K
  class space    used 5320K, committed 5760K, reserved 1048576K
}
Event: 14.807 GC heap before
{Heap before GC invocations=18 (full 2):
 PSYoungGen      total 23040K, used 22784K [0x00000000eab00000, 0x00000000ec480000, 0x0000000100000000)
  eden space 20992K, 100% used [0x00000000eab00000,0x00000000ebf80000,0x00000000ebf80000)
  from space 2048K, 87% used [0x00000000ebf80000,0x00000000ec140010,0x00000000ec180000)
  to   space 2560K, 0% used [0x00000000ec200000,0x00000000ec200000,0x00000000ec480000)
 ParOldGen       total 68608K, used 19453K [0x00000000c0000000, 0x00000000c4300000, 0x00000000eab00000)
  object space 68608K, 28% used [0x00000000c0000000,0x00000000c12ff510,0x00000000c4300000)
 Metaspace       used 48672K, committed 49664K, reserved 1114112K
  class space    used 5320K, committed 5760K, reserved 1048576K
}
Event: 14.811 GC heap after
{Heap after GC invocations=18 (full 2):
 PSYoungGen      total 23040K, used 1696K [0x00000000eab00000, 0x00000000ec400000, 0x0000000100000000)
  eden space 20992K, 0% used [0x00000000eab00000,0x00000000eab00000,0x00000000ebf80000)
  from space 2048K, 82% used [0x00000000ec200000,0x00000000ec3a8000,0x00000000ec400000)
  to   space 2048K, 0% used [0x00000000ebf80000,0x00000000ebf80000,0x00000000ec180000)
 ParOldGen       total 68608K, used 21213K [0x00000000c0000000, 0x00000000c4300000, 0x00000000eab00000)
  object space 68608K, 30% used [0x00000000c0000000,0x00000000c14b7520,0x00000000c4300000)
 Metaspace       used 48672K, committed 49664K, reserved 1114112K
  class space    used 5320K, committed 5760K, reserved 1048576K
}
Event: 14.917 GC heap before
{Heap before GC invocations=19 (full 2):
 PSYoungGen      total 23040K, used 22688K [0x00000000eab00000, 0x00000000ec400000, 0x0000000100000000)
  eden space 20992K, 100% used [0x00000000eab00000,0x00000000ebf80000,0x00000000ebf80000)
  from space 2048K, 82% used [0x00000000ec200000,0x00000000ec3a8000,0x00000000ec400000)
  to   space 2048K, 0% used [0x00000000ebf80000,0x00000000ebf80000,0x00000000ec180000)
 ParOldGen       total 68608K, used 21213K [0x00000000c0000000, 0x00000000c4300000, 0x00000000eab00000)
  object space 68608K, 30% used [0x00000000c0000000,0x00000000c14b7520,0x00000000c4300000)
 Metaspace       used 48741K, committed 49728K, reserved 1114112K
  class space    used 5331K, committed 5760K, reserved 1048576K
}
Event: 14.921 GC heap after
{Heap after GC invocations=19 (full 2):
 PSYoungGen      total 23040K, used 2016K [0x00000000eab00000, 0x00000000ec880000, 0x0000000100000000)
  eden space 20992K, 0% used [0x00000000eab00000,0x00000000eab00000,0x00000000ebf80000)
  from space 2048K, 98% used [0x00000000ebf80000,0x00000000ec178020,0x00000000ec180000)
  to   space 4608K, 0% used [0x00000000ec400000,0x00000000ec400000,0x00000000ec880000)
 ParOldGen       total 68608K, used 23103K [0x00000000c0000000, 0x00000000c4300000, 0x00000000eab00000)
  object space 68608K, 33% used [0x00000000c0000000,0x00000000c168fd00,0x00000000c4300000)
 Metaspace       used 48741K, committed 49728K, reserved 1114112K
  class space    used 5331K, committed 5760K, reserved 1048576K
}
Event: 14.991 GC heap before
{Heap before GC invocations=20 (full 2):
 PSYoungGen      total 23040K, used 23008K [0x00000000eab00000, 0x00000000ec880000, 0x0000000100000000)
  eden space 20992K, 100% used [0x00000000eab00000,0x00000000ebf80000,0x00000000ebf80000)
  from space 2048K, 98% used [0x00000000ebf80000,0x00000000ec178020,0x00000000ec180000)
  to   space 4608K, 0% used [0x00000000ec400000,0x00000000ec400000,0x00000000ec880000)
 ParOldGen       total 68608K, used 23103K [0x00000000c0000000, 0x00000000c4300000, 0x00000000eab00000)
  object space 68608K, 33% used [0x00000000c0000000,0x00000000c168fd00,0x00000000c4300000)
 Metaspace       used 48741K, committed 49728K, reserved 1114112K
  class space    used 5331K, committed 5760K, reserved 1048576K
}
Event: 14.995 GC heap after
{Heap after GC invocations=20 (full 2):
 PSYoungGen      total 23040K, used 1888K [0x00000000eab00000, 0x00000000ec600000, 0x0000000100000000)
  eden space 20992K, 0% used [0x00000000eab00000,0x00000000eab00000,0x00000000ebf80000)
  from space 2048K, 92% used [0x00000000ec400000,0x00000000ec5d8000,0x00000000ec600000)
  to   space 3072K, 0% used [0x00000000ec000000,0x00000000ec000000,0x00000000ec300000)
 ParOldGen       total 68608K, used 25120K [0x00000000c0000000, 0x00000000c4300000, 0x00000000eab00000)
  object space 68608K, 36% used [0x00000000c0000000,0x00000000c18883d0,0x00000000c4300000)
 Metaspace       used 48741K, committed 49728K, reserved 1114112K
  class space    used 5331K, committed 5760K, reserved 1048576K
}
Event: 15.067 GC heap before
{Heap before GC invocations=21 (full 2):
 PSYoungGen      total 23040K, used 22880K [0x00000000eab00000, 0x00000000ec600000, 0x0000000100000000)
  eden space 20992K, 100% used [0x00000000eab00000,0x00000000ebf80000,0x00000000ebf80000)
  from space 2048K, 92% used [0x00000000ec400000,0x00000000ec5d8000,0x00000000ec600000)
  to   space 3072K, 0% used [0x00000000ec000000,0x00000000ec000000,0x00000000ec300000)
 ParOldGen       total 68608K, used 25120K [0x00000000c0000000, 0x00000000c4300000, 0x00000000eab00000)
  object space 68608K, 36% used [0x00000000c0000000,0x00000000c18883d0,0x00000000c4300000)
 Metaspace       used 48741K, committed 49728K, reserved 1114112K
  class space    used 5331K, committed 5760K, reserved 1048576K
}
Event: 15.072 GC heap after
{Heap after GC invocations=21 (full 2):
 PSYoungGen      total 23552K, used 2144K [0x00000000eab00000, 0x00000000ec480000, 0x0000000100000000)
  eden space 20992K, 0% used [0x00000000eab00000,0x00000000eab00000,0x00000000ebf80000)
  from space 2560K, 83% used [0x00000000ec000000,0x00000000ec218010,0x00000000ec280000)
  to   space 2048K, 0% used [0x00000000ec280000,0x00000000ec280000,0x00000000ec480000)
 ParOldGen       total 68608K, used 26992K [0x00000000c0000000, 0x00000000c4300000, 0x00000000eab00000)
  object space 68608K, 39% used [0x00000000c0000000,0x00000000c1a5c3d0,0x00000000c4300000)
 Metaspace       used 48741K, committed 49728K, reserved 1114112K
  class space    used 5331K, committed 5760K, reserved 1048576K
}
Event: 15.201 GC heap before
{Heap before GC invocations=22 (full 2):
 PSYoungGen      total 23552K, used 23136K [0x00000000eab00000, 0x00000000ec480000, 0x0000000100000000)
  eden space 20992K, 100% used [0x00000000eab00000,0x00000000ebf80000,0x00000000ebf80000)
  from space 2560K, 83% used [0x00000000ec000000,0x00000000ec218010,0x00000000ec280000)
  to   space 2048K, 0% used [0x00000000ec280000,0x00000000ec280000,0x00000000ec480000)
 ParOldGen       total 68608K, used 26992K [0x00000000c0000000, 0x00000000c4300000, 0x00000000eab00000)
  object space 68608K, 39% used [0x00000000c0000000,0x00000000c1a5c3d0,0x00000000c4300000)
 Metaspace       used 48843K, committed 49792K, reserved 1114112K
  class space    used 5337K, committed 5760K, reserved 1048576K
}
Event: 15.206 GC heap after
{Heap after GC invocations=22 (full 2):
 PSYoungGen      total 20992K, used 2048K [0x00000000eab00000, 0x00000000ec980000, 0x0000000100000000)
  eden space 18944K, 0% used [0x00000000eab00000,0x00000000eab00000,0x00000000ebd80000)
  from space 2048K, 100% used [0x00000000ec280000,0x00000000ec480000,0x00000000ec480000)
  to   space 5120K, 0% used [0x00000000ebd80000,0x00000000ebd80000,0x00000000ec280000)
 ParOldGen       total 68608K, used 29471K [0x00000000c0000000, 0x00000000c4300000, 0x00000000eab00000)
  object space 68608K, 42% used [0x00000000c0000000,0x00000000c1cc7c60,0x00000000c4300000)
 Metaspace       used 48843K, committed 49792K, reserved 1114112K
  class space    used 5337K, committed 5760K, reserved 1048576K
}
Event: 15.601 GC heap before
{Heap before GC invocations=23 (full 2):
 PSYoungGen      total 20992K, used 20992K [0x00000000eab00000, 0x00000000ec980000, 0x0000000100000000)
  eden space 18944K, 100% used [0x00000000eab00000,0x00000000ebd80000,0x00000000ebd80000)
  from space 2048K, 100% used [0x00000000ec280000,0x00000000ec480000,0x00000000ec480000)
  to   space 5120K, 0% used [0x00000000ebd80000,0x00000000ebd80000,0x00000000ec280000)
 ParOldGen       total 68608K, used 29471K [0x00000000c0000000, 0x00000000c4300000, 0x00000000eab00000)
  object space 68608K, 42% used [0x00000000c0000000,0x00000000c1cc7c60,0x00000000c4300000)
 Metaspace       used 49644K, committed 50560K, reserved 1114112K
  class space    used 5417K, committed 5824K, reserved 1048576K
}
Event: 15.608 GC heap after
{Heap after GC invocations=23 (full 2):
 PSYoungGen      total 19968K, used 832K [0x00000000eab00000, 0x00000000ec300000, 0x0000000100000000)
  eden space 18944K, 0% used [0x00000000eab00000,0x00000000eab00000,0x00000000ebd80000)
  from space 1024K, 81% used [0x00000000ebd80000,0x00000000ebe50000,0x00000000ebe80000)
  to   space 2560K, 0% used [0x00000000ec080000,0x00000000ec080000,0x00000000ec300000)
 ParOldGen       total 68608K, used 31535K [0x00000000c0000000, 0x00000000c4300000, 0x00000000eab00000)
  object space 68608K, 45% used [0x00000000c0000000,0x00000000c1ecbc60,0x00000000c4300000)
 Metaspace       used 49644K, committed 50560K, reserved 1114112K
  class space    used 5417K, committed 5824K, reserved 1048576K
}
Event: 16.625 GC heap before
{Heap before GC invocations=24 (full 2):
 PSYoungGen      total 19968K, used 19775K [0x00000000eab00000, 0x00000000ec300000, 0x0000000100000000)
  eden space 18944K, 99% used [0x00000000eab00000,0x00000000ebd7ffe8,0x00000000ebd80000)
  from space 1024K, 81% used [0x00000000ebd80000,0x00000000ebe50000,0x00000000ebe80000)
  to   space 2560K, 0% used [0x00000000ec080000,0x00000000ec080000,0x00000000ec300000)
 ParOldGen       total 68608K, used 31535K [0x00000000c0000000, 0x00000000c4300000, 0x00000000eab00000)
  object space 68608K, 45% used [0x00000000c0000000,0x00000000c1ecbc88,0x00000000c4300000)
 Metaspace       used 51694K, committed 52672K, reserved 1114112K
  class space    used 5664K, committed 6080K, reserved 1048576K
}
Event: 16.628 GC heap after
{Heap after GC invocations=24 (full 2):
 PSYoungGen      total 20480K, used 1395K [0x00000000eab00000, 0x00000000ec200000, 0x0000000100000000)
  eden space 18944K, 0% used [0x00000000eab00000,0x00000000eab00000,0x00000000ebd80000)
  from space 1536K, 90% used [0x00000000ec080000,0x00000000ec1dcd48,0x00000000ec200000)
  to   space 1536K, 0% used [0x00000000ebf00000,0x00000000ebf00000,0x00000000ec080000)
 ParOldGen       total 68608K, used 32303K [0x00000000c0000000, 0x00000000c4300000, 0x00000000eab00000)
  object space 68608K, 47% used [0x00000000c0000000,0x00000000c1f8bc88,0x00000000c4300000)
 Metaspace       used 51694K, committed 52672K, reserved 1114112K
  class space    used 5664K, committed 6080K, reserved 1048576K
}
Event: 17.508 GC heap before
{Heap before GC invocations=25 (full 2):
 PSYoungGen      total 20480K, used 20339K [0x00000000eab00000, 0x00000000ec200000, 0x0000000100000000)
  eden space 18944K, 100% used [0x00000000eab00000,0x00000000ebd80000,0x00000000ebd80000)
  from space 1536K, 90% used [0x00000000ec080000,0x00000000ec1dcd48,0x00000000ec200000)
  to   space 1536K, 0% used [0x00000000ebf00000,0x00000000ebf00000,0x00000000ec080000)
 ParOldGen       total 68608K, used 32369K [0x00000000c0000000, 0x00000000c4300000, 0x00000000eab00000)
  object space 68608K, 47% used [0x00000000c0000000,0x00000000c1f9c498,0x00000000c4300000)
 Metaspace       used 53279K, committed 54208K, reserved 1114112K
  class space    used 5889K, committed 6272K, reserved 1048576K
}
Event: 17.511 GC heap after
{Heap after GC invocations=25 (full 2):
 PSYoungGen      total 19456K, used 504K [0x00000000eab00000, 0x00000000ec100000, 0x0000000100000000)
  eden space 18944K, 0% used [0x00000000eab00000,0x00000000eab00000,0x00000000ebd80000)
  from space 512K, 98% used [0x00000000ebf00000,0x00000000ebf7e098,0x00000000ebf80000)
  to   space 1024K, 0% used [0x00000000ec000000,0x00000000ec000000,0x00000000ec100000)
 ParOldGen       total 68608K, used 33647K [0x00000000c0000000, 0x00000000c4300000, 0x00000000eab00000)
  object space 68608K, 49% used [0x00000000c0000000,0x00000000c20dbfd8,0x00000000c4300000)
 Metaspace       used 53279K, committed 54208K, reserved 1114112K
  class space    used 5889K, committed 6272K, reserved 1048576K
}

Dll operation events (10 events):
Event: 0.025 Loaded shared library c:\Users\frank\.vscode\extensions\redhat.java-1.18.0-win32-x64\jre\17.0.7-win32-x86_64\bin\java.dll
Event: 0.850 Loaded shared library c:\Users\frank\.vscode\extensions\redhat.java-1.18.0-win32-x64\jre\17.0.7-win32-x86_64\bin\zip.dll
Event: 0.861 Loaded shared library C:\Users\frank\.vscode\extensions\redhat.java-1.18.0-win32-x64\jre\17.0.7-win32-x86_64\bin\instrument.dll
Event: 1.034 Loaded shared library C:\Users\frank\.vscode\extensions\redhat.java-1.18.0-win32-x64\jre\17.0.7-win32-x86_64\bin\net.dll
Event: 1.043 Loaded shared library C:\Users\frank\.vscode\extensions\redhat.java-1.18.0-win32-x64\jre\17.0.7-win32-x86_64\bin\nio.dll
Event: 1.125 Loaded shared library C:\Users\frank\.vscode\extensions\redhat.java-1.18.0-win32-x64\jre\17.0.7-win32-x86_64\bin\zip.dll
Event: 1.155 Loaded shared library C:\Users\frank\.vscode\extensions\redhat.java-1.18.0-win32-x64\jre\17.0.7-win32-x86_64\bin\jimage.dll
Event: 1.397 Loaded shared library c:\Users\frank\.vscode\extensions\redhat.java-1.18.0-win32-x64\jre\17.0.7-win32-x86_64\bin\verify.dll
Event: 5.624 Loaded shared library C:\Users\frank\AppData\Roaming\Code\User\globalStorage\redhat.java\1.18.0\config_win\org.eclipse.equinox.launcher\org.eclipse.equinox.launcher.win32.win32.x86_64_1.2.700.v20221108-1024\eclipse_11801.dll
Event: 10.874 Loaded shared library C:\Users\frank\AppData\Local\Temp\jna-97692050\jna9472337763108616101.dll

Deoptimization events (20 events):
Event: 16.179 Thread 0x00000162fec7ea20 DEOPT PACKING pc=0x00000162f4249ff0 sp=0x00000037581fe920
Event: 16.179 Thread 0x00000162fec7ea20 DEOPT UNPACKING pc=0x00000162f3b366a3 sp=0x00000037581fe860 mode 2
Event: 16.268 Thread 0x00000162fec7ba00 DEOPT PACKING pc=0x00000162ecdd5fbf sp=0x00000037588fb9b0
Event: 16.268 Thread 0x00000162fec7ba00 DEOPT UNPACKING pc=0x00000162f3b36e43 sp=0x00000037588faeb8 mode 0
Event: 16.543 Thread 0x00000162fec7ba00 DEOPT PACKING pc=0x00000162ecb61da0 sp=0x00000037588f7130
Event: 16.543 Thread 0x00000162fec7ba00 DEOPT UNPACKING pc=0x00000162f3b36e43 sp=0x00000037588f65e0 mode 0
Event: 16.712 Thread 0x000001628653ad70 Uncommon trap: trap_request=0xffffff45 fr.pc=0x00000162f428a358 relative=0x0000000000000678
Event: 16.712 Thread 0x000001628653ad70 Uncommon trap: reason=unstable_if action=reinterpret pc=0x00000162f428a358 method=org.eclipse.osgi.internal.framework.BundleContextImpl.setContextFinder()Ljava/lang/Object; @ 36 c2
Event: 16.712 Thread 0x000001628653ad70 DEOPT PACKING pc=0x00000162f428a358 sp=0x0000003757efe100
Event: 16.712 Thread 0x000001628653ad70 DEOPT UNPACKING pc=0x00000162f3b366a3 sp=0x0000003757efe030 mode 2
Event: 17.166 Thread 0x00000162fec7ba00 DEOPT PACKING pc=0x00000162ec612c09 sp=0x00000037588f85b0
Event: 17.166 Thread 0x00000162fec7ba00 DEOPT UNPACKING pc=0x00000162f3b36e43 sp=0x00000037588f7aa8 mode 0
Event: 17.730 Thread 0x00000162fec7ba00 DEOPT PACKING pc=0x00000162ec868fc4 sp=0x00000037588fafe0
Event: 17.730 Thread 0x00000162fec7ba00 DEOPT UNPACKING pc=0x00000162f3b36e43 sp=0x00000037588fa560 mode 0
Event: 18.054 Thread 0x00000162fec7ba00 DEOPT PACKING pc=0x00000162ec78f693 sp=0x00000037588fb3f0
Event: 18.054 Thread 0x00000162fec7ba00 DEOPT UNPACKING pc=0x00000162f3b36e43 sp=0x00000037588fa928 mode 0
Event: 18.299 Thread 0x00000162fec7ba00 DEOPT PACKING pc=0x00000162ec868fc4 sp=0x00000037588f7260
Event: 18.299 Thread 0x00000162fec7ba00 DEOPT UNPACKING pc=0x00000162f3b36e43 sp=0x00000037588f67e0 mode 0
Event: 18.318 Thread 0x00000162fec7ba00 DEOPT PACKING pc=0x00000162ed0652ac sp=0x00000037588fb370
Event: 18.318 Thread 0x00000162fec7ba00 DEOPT UNPACKING pc=0x00000162f3b36e43 sp=0x00000037588fa888 mode 0

Classes unloaded (7 events):
Event: 7.670 Thread 0x00000162fd7289b0 Unloading class 0x000000010021a400 'java/lang/invoke/LambdaForm$MH+0x000000010021a400'
Event: 7.670 Thread 0x00000162fd7289b0 Unloading class 0x000000010021a000 'java/lang/invoke/LambdaForm$MH+0x000000010021a000'
Event: 7.670 Thread 0x00000162fd7289b0 Unloading class 0x0000000100219c00 'java/lang/invoke/LambdaForm$MH+0x0000000100219c00'
Event: 7.670 Thread 0x00000162fd7289b0 Unloading class 0x0000000100219800 'java/lang/invoke/LambdaForm$MH+0x0000000100219800'
Event: 7.670 Thread 0x00000162fd7289b0 Unloading class 0x0000000100219000 'java/lang/invoke/LambdaForm$BMH+0x0000000100219000'
Event: 7.670 Thread 0x00000162fd7289b0 Unloading class 0x0000000100218c00 'java/lang/invoke/LambdaForm$DMH+0x0000000100218c00'
Event: 7.670 Thread 0x00000162fd7289b0 Unloading class 0x0000000100216000 'java/lang/invoke/LambdaForm$DMH+0x0000000100216000'

Classes redefined (0 events):
No events

Internal exceptions (20 events):
Event: 15.272 Thread 0x00000162fec7b530 Exception <a 'sun/nio/fs/WindowsException'{0x00000000eac31d48}> (0x00000000eac31d48) 
thrown [s\src\hotspot\share\prims\jni.cpp, line 516]
Event: 15.272 Thread 0x00000162fec7b530 Exception <a 'sun/nio/fs/WindowsException'{0x00000000eac32390}> (0x00000000eac32390) 
thrown [s\src\hotspot\share\prims\jni.cpp, line 516]
Event: 15.273 Thread 0x00000162fec7b530 Exception <a 'sun/nio/fs/WindowsException'{0x00000000eac36f20}> (0x00000000eac36f20) 
thrown [s\src\hotspot\share\prims\jni.cpp, line 516]
Event: 15.273 Thread 0x00000162fec7b530 Exception <a 'sun/nio/fs/WindowsException'{0x00000000eac37560}> (0x00000000eac37560) 
thrown [s\src\hotspot\share\prims\jni.cpp, line 516]
Event: 15.273 Thread 0x00000162fec7b530 Exception <a 'sun/nio/fs/WindowsException'{0x00000000eac37bb0}> (0x00000000eac37bb0) 
thrown [s\src\hotspot\share\prims\jni.cpp, line 516]
Event: 15.273 Thread 0x00000162fec7b530 Exception <a 'sun/nio/fs/WindowsException'{0x00000000eac38210}> (0x00000000eac38210) 
thrown [s\src\hotspot\share\prims\jni.cpp, line 516]
Event: 15.275 Thread 0x00000162fec7b530 Exception <a 'sun/nio/fs/WindowsException'{0x00000000eac3cff8}> (0x00000000eac3cff8) 
thrown [s\src\hotspot\share\prims\jni.cpp, line 516]
Event: 15.275 Thread 0x00000162fec7b530 Exception <a 'sun/nio/fs/WindowsException'{0x00000000eac3d668}> (0x00000000eac3d668) 
thrown [s\src\hotspot\share\prims\jni.cpp, line 516]
Event: 15.275 Thread 0x00000162fec7b530 Exception <a 'sun/nio/fs/WindowsException'{0x00000000eac3dce8}> (0x00000000eac3dce8) 
thrown [s\src\hotspot\share\prims\jni.cpp, line 516]
Event: 15.275 Thread 0x00000162fec7b530 Exception <a 'sun/nio/fs/WindowsException'{0x00000000eac3e378}> (0x00000000eac3e378) 
thrown [s\src\hotspot\share\prims\jni.cpp, line 516]
Event: 15.558 Thread 0x00000162fec7b530 Exception <a 'java/io/FileNotFoundException'{0x00000000ebc18410}> (0x00000000ebc18410) 
thrown [s\src\hotspot\share\prims\jni.cpp, line 516]
Event: 15.830 Thread 0x00000162fec7b530 Exception <a 'sun/nio/fs/WindowsException'{0x00000000eac68eb8}> (0x00000000eac68eb8) 
thrown [s\src\hotspot\share\prims\jni.cpp, line 516]
Event: 15.839 Thread 0x00000162fec7b530 Exception <a 'sun/nio/fs/WindowsException'{0x00000000eac81ce0}> (0x00000000eac81ce0) 
thrown [s\src\hotspot\share\prims\jni.cpp, line 516]
Event: 15.955 Thread 0x00000162fec7ba00 Exception <a 'java/lang/NoSuchMethodError'{0x00000000eaef1eb8}: 'java.lang.Object java.lang.invoke.DirectMethodHandle$Holder.invokeInterface(java.lang.Object, java.lang.Object, java.lang.Object)'> (0x00000000eaef1eb8) 
thrown [s\src\hotspot\share\interpreter\linkResolver.cpp, line 759]
Event: 15.961 Thread 0x00000162fec7ea20 Exception <a 'java/io/FileNotFoundException'{0x00000000eaf18828}> (0x00000000eaf18828) 
thrown [s\src\hotspot\share\prims\jni.cpp, line 516]
Event: 15.962 Thread 0x00000162fec7ea20 Exception <a 'java/io/FileNotFoundException'{0x00000000eaf19b38}> (0x00000000eaf19b38) 
thrown [s\src\hotspot\share\prims\jni.cpp, line 516]
Event: 16.055 Thread 0x00000162fec7ea20 Exception <a 'java/lang/NoSuchMethodError'{0x00000000eb087ed0}: 'java.lang.Object java.lang.invoke.DirectMethodHandle$Holder.invokeStatic(java.lang.Object, java.lang.Object, int, java.lang.Object)'> (0x00000000eb087ed0) 
thrown [s\src\hotspot\share\interpreter\linkResolver.cpp, line 759]
Event: 16.058 Thread 0x00000162fec7ea20 Exception <a 'java/lang/NoSuchMethodError'{0x00000000eb0a31d0}: 'java.lang.Object java.lang.invoke.DirectMethodHandle$Holder.newInvokeSpecial(java.lang.Object, java.lang.Object, int)'> (0x00000000eb0a31d0) 
thrown [s\src\hotspot\share\interpreter\linkResolver.cpp, line 759]
Event: 16.143 Thread 0x000001628653c580 Implicit null exception at 0x00000162f4254792 to 0x00000162f4254a64
Event: 16.227 Thread 0x00000162fec7ea20 Exception <a 'java/io/FileNotFoundException'{0x00000000eb483d00}> (0x00000000eb483d00) 
thrown [s\src\hotspot\share\prims\jni.cpp, line 516]

VM Operations (20 events):
Event: 16.589 Executing VM operation: HandshakeAllThreads
Event: 16.589 Executing VM operation: HandshakeAllThreads done
Event: 16.601 Executing VM operation: ICBufferFull
Event: 16.602 Executing VM operation: ICBufferFull done
Event: 16.625 Executing VM operation: ParallelGCFailedAllocation
Event: 16.625 Executing VM operation: ParallelGCFailedAllocation done
Event: 16.625 Executing VM operation: ParallelGCSystemGC
Event: 16.628 Executing VM operation: ParallelGCSystemGC done
Event: 16.629 Executing VM operation: HandshakeAllThreads
Event: 16.632 Executing VM operation: HandshakeAllThreads done
Event: 16.665 Executing VM operation: HandshakeAllThreads
Event: 16.665 Executing VM operation: HandshakeAllThreads done
Event: 16.804 Executing VM operation: HandshakeAllThreads
Event: 16.804 Executing VM operation: HandshakeAllThreads done
Event: 17.507 Executing VM operation: ParallelGCFailedAllocation
Event: 17.511 Executing VM operation: ParallelGCFailedAllocation done
Event: 18.318 Executing VM operation: HandshakeAllThreads
Event: 18.318 Executing VM operation: HandshakeAllThreads done
Event: 18.332 Executing VM operation: HandshakeAllThreads
Event: 18.332 Executing VM operation: HandshakeAllThreads done

Events (20 events):
Event: 16.677 Thread 0x00000162fe8fac00 flushing nmethod 0x00000162ed01ed10
Event: 16.677 Thread 0x00000162fe8fac00 flushing nmethod 0x00000162ed023b10
Event: 16.677 Thread 0x00000162fe8fac00 flushing nmethod 0x00000162ed033c10
Event: 16.677 Thread 0x00000162fe8fac00 flushing nmethod 0x00000162ed036690
Event: 16.677 Thread 0x00000162fe8fac00 flushing nmethod 0x00000162ed03e590
Event: 16.677 Thread 0x00000162fe8fac00 flushing nmethod 0x00000162ed041810
Event: 16.677 Thread 0x00000162fe8fac00 flushing nmethod 0x00000162ed05c110
Event: 16.677 Thread 0x00000162fe8fac00 flushing nmethod 0x00000162ed05c890
Event: 16.677 Thread 0x00000162fe8fac00 flushing nmethod 0x00000162ed076510
Event: 16.677 Thread 0x00000162fe8fac00 flushing nmethod 0x00000162ed079590
Event: 16.677 Thread 0x00000162fe8fac00 flushing nmethod 0x00000162ed07ab90
Event: 16.677 Thread 0x00000162fe8fac00 flushing nmethod 0x00000162ed085590
Event: 17.379 loading class java/util/Vector$1
Event: 17.380 loading class java/util/Vector$1 done
Event: 17.860 loading class java/util/Collections$UnmodifiableSortedSet
Event: 17.860 loading class java/util/Collections$UnmodifiableSortedSet done
Event: 17.944 loading class java/util/regex/Pattern$Caret
Event: 17.944 loading class java/util/regex/Pattern$Caret done
Event: 18.312 loading class java/util/regex/Pattern$LazyLoop
Event: 18.312 loading class java/util/regex/Pattern$LazyLoop done


Dynamic libraries:
0x00007ff684670000 - 0x00007ff68467e000 	c:\Users\frank\.vscode\extensions\redhat.java-1.18.0-win32-x64\jre\17.0.7-win32-x86_64\bin\java.exe
0x00007fffed710000 - 0x00007fffed908000 	C:\Windows\SYSTEM32\ntdll.dll
0x00007fffec130000 - 0x00007fffec1ef000 	C:\Windows\System32\KERNEL32.DLL
0x00007fffeaef0000 - 0x00007fffeb1e6000 	C:\Windows\System32\KERNELBASE.dll
0x00007fffeadf0000 - 0x00007fffeaef0000 	C:\Windows\System32\ucrtbase.dll
0x00007fffe0380000 - 0x00007fffe0397000 	c:\Users\frank\.vscode\extensions\redhat.java-1.18.0-win32-x64\jre\17.0.7-win32-x86_64\bin\jli.dll
0x00007fffebe20000 - 0x00007fffebfbd000 	C:\Windows\System32\USER32.dll
0x00007fffeb530000 - 0x00007fffeb552000 	C:\Windows\System32\win32u.dll
0x00007fffebdf0000 - 0x00007fffebe1c000 	C:\Windows\System32\GDI32.dll
0x00007fffeb330000 - 0x00007fffeb445000 	C:\Windows\System32\gdi32full.dll
0x00007fffeb220000 - 0x00007fffeb2bd000 	C:\Windows\System32\msvcp_win.dll
0x00007fffde270000 - 0x00007fffde289000 	c:\Users\frank\.vscode\extensions\redhat.java-1.18.0-win32-x64\jre\17.0.7-win32-x86_64\bin\VCRUNTIME140.dll
0x00007fffd8ae0000 - 0x00007fffd8d7a000 	C:\Windows\WinSxS\amd64_microsoft.windows.common-controls_6595b64144ccf1df_6.0.19041.1110_none_60b5254171f9507e\COMCTL32.dll
0x00007fffec5c0000 - 0x00007fffec65e000 	C:\Windows\System32\msvcrt.dll
0x00007fffebdc0000 - 0x00007fffebdf0000 	C:\Windows\System32\IMM32.DLL
0x00007fffe5b70000 - 0x00007fffe5b7c000 	c:\Users\frank\.vscode\extensions\redhat.java-1.18.0-win32-x64\jre\17.0.7-win32-x86_64\bin\vcruntime140_1.dll
0x00007fffddb70000 - 0x00007fffddc01000 	c:\Users\frank\.vscode\extensions\redhat.java-1.18.0-win32-x64\jre\17.0.7-win32-x86_64\bin\msvcp140.dll
0x00007fffb49f0000 - 0x00007fffb5638000 	c:\Users\frank\.vscode\extensions\redhat.java-1.18.0-win32-x64\jre\17.0.7-win32-x86_64\bin\server\jvm.dll
0x00007fffebbe0000 - 0x00007fffebc8f000 	C:\Windows\System32\ADVAPI32.dll
0x00007fffed510000 - 0x00007fffed5ac000 	C:\Windows\System32\sechost.dll
0x00007fffeb780000 - 0x00007fffeb8a6000 	C:\Windows\System32\RPCRT4.dll
0x00007fffde220000 - 0x00007fffde229000 	C:\Windows\SYSTEM32\WSOCK32.dll
0x00007fffebd50000 - 0x00007fffebdbb000 	C:\Windows\System32\WS2_32.dll
0x00007fffd4e50000 - 0x00007fffd4e77000 	C:\Windows\SYSTEM32\WINMM.dll
0x00007fffdad00000 - 0x00007fffdad0a000 	C:\Windows\SYSTEM32\VERSION.dll
0x00007fffe9600000 - 0x00007fffe9612000 	C:\Windows\SYSTEM32\kernel.appcore.dll
0x00007fffde180000 - 0x00007fffde18a000 	c:\Users\frank\.vscode\extensions\redhat.java-1.18.0-win32-x64\jre\17.0.7-win32-x86_64\bin\jimage.dll
0x00007fffe1c10000 - 0x00007fffe1df4000 	C:\Windows\SYSTEM32\DBGHELP.DLL
0x00007fffe1ba0000 - 0x00007fffe1bd4000 	C:\Windows\SYSTEM32\dbgcore.DLL
0x00007fffeb450000 - 0x00007fffeb4d2000 	C:\Windows\System32\bcryptPrimitives.dll
0x00007fffddc40000 - 0x00007fffddc4e000 	c:\Users\frank\.vscode\extensions\redhat.java-1.18.0-win32-x64\jre\17.0.7-win32-x86_64\bin\instrument.dll
0x00007fffcf350000 - 0x00007fffcf375000 	c:\Users\frank\.vscode\extensions\redhat.java-1.18.0-win32-x64\jre\17.0.7-win32-x86_64\bin\java.dll
0x00007fffd6380000 - 0x00007fffd6398000 	c:\Users\frank\.vscode\extensions\redhat.java-1.18.0-win32-x64\jre\17.0.7-win32-x86_64\bin\zip.dll
0x00007fffec660000 - 0x00007fffecda4000 	C:\Windows\System32\SHELL32.dll
0x00007fffe8ca0000 - 0x00007fffe9433000 	C:\Windows\SYSTEM32\windows.storage.dll
0x00007fffec260000 - 0x00007fffec5b4000 	C:\Windows\System32\combase.dll
0x00007fffea690000 - 0x00007fffea6be000 	C:\Windows\SYSTEM32\Wldp.dll
0x00007fffeb8b0000 - 0x00007fffeb95d000 	C:\Windows\System32\SHCORE.dll
0x00007fffec1f0000 - 0x00007fffec245000 	C:\Windows\System32\shlwapi.dll
0x00007fffead30000 - 0x00007fffead4f000 	C:\Windows\SYSTEM32\profapi.dll
0x00007fffd43e0000 - 0x00007fffd43f9000 	C:\Users\frank\.vscode\extensions\redhat.java-1.18.0-win32-x64\jre\17.0.7-win32-x86_64\bin\net.dll
0x00007fffdf250000 - 0x00007fffdf35a000 	C:\Windows\SYSTEM32\WINHTTP.dll
0x00007fffea470000 - 0x00007fffea4da000 	C:\Windows\system32\mswsock.dll
0x00007fffd3240000 - 0x00007fffd3255000 	C:\Users\frank\.vscode\extensions\redhat.java-1.18.0-win32-x64\jre\17.0.7-win32-x86_64\bin\nio.dll
0x00007fffddb60000 - 0x00007fffddb70000 	c:\Users\frank\.vscode\extensions\redhat.java-1.18.0-win32-x64\jre\17.0.7-win32-x86_64\bin\verify.dll
0x00007fffcf2d0000 - 0x00007fffcf30e000 	C:\Users\frank\AppData\Roaming\Code\User\globalStorage\redhat.java\1.18.0\config_win\org.eclipse.equinox.launcher\org.eclipse.equinox.launcher.win32.win32.x86_64_1.2.700.v20221108-1024\eclipse_11801.dll
0x00007fffecf70000 - 0x00007fffed09a000 	C:\Windows\System32\ole32.dll
0x00007fffeaa70000 - 0x00007fffeaa88000 	C:\Windows\SYSTEM32\CRYPTSP.dll
0x00007fffe9db0000 - 0x00007fffe9de4000 	C:\Windows\system32\rsaenh.dll
0x00007fffeb1f0000 - 0x00007fffeb217000 	C:\Windows\System32\bcrypt.dll
0x00007fffeacb0000 - 0x00007fffeacde000 	C:\Windows\SYSTEM32\USERENV.dll
0x00007fffea600000 - 0x00007fffea60c000 	C:\Windows\SYSTEM32\CRYPTBASE.dll
0x00007fffea180000 - 0x00007fffea1bc000 	C:\Windows\SYSTEM32\IPHLPAPI.DLL
0x00007fffeb770000 - 0x00007fffeb778000 	C:\Windows\System32\NSI.dll
0x00007fffe04e0000 - 0x00007fffe04f7000 	C:\Windows\SYSTEM32\dhcpcsvc6.DLL
0x00007fffe04c0000 - 0x00007fffe04dd000 	C:\Windows\SYSTEM32\dhcpcsvc.DLL
0x00007fffea1c0000 - 0x00007fffea28b000 	C:\Windows\SYSTEM32\DNSAPI.dll
0x00007fffde1b0000 - 0x00007fffde1f5000 	C:\Users\frank\AppData\Local\Temp\jna-97692050\jna9472337763108616101.dll
0x00007fffec250000 - 0x00007fffec258000 	C:\Windows\System32\PSAPI.DLL

dbghelp: loaded successfully - version: 4.0.5 - missing functions: none
symbol engine: initialized successfully - sym options: 0x614 - pdb path: .;c:\Users\frank\.vscode\extensions\redhat.java-1.18.0-win32-x64\jre\17.0.7-win32-x86_64\bin;C:\Windows\SYSTEM32;C:\Windows\WinSxS\amd64_microsoft.windows.common-controls_6595b64144ccf1df_6.0.19041.1110_none_60b5254171f9507e;c:\Users\frank\.vscode\extensions\redhat.java-1.18.0-win32-x64\jre\17.0.7-win32-x86_64\bin\server;C:\Users\frank\AppData\Roaming\Code\User\globalStorage\redhat.java\1.18.0\config_win\org.eclipse.equinox.launcher\org.eclipse.equinox.launcher.win32.win32.x86_64_1.2.700.v20221108-1024;C:\Users\frank\AppData\Local\Temp\jna-97692050

VM Arguments:
jvm_args: --add-modules=ALL-SYSTEM --add-opens=java.base/java.util=ALL-UNNAMED --add-opens=java.base/java.lang=ALL-UNNAMED --add-opens=java.base/sun.nio.fs=ALL-UNNAMED -Declipse.application=org.eclipse.jdt.ls.core.id1 -Dosgi.bundles.defaultStartLevel=4 -Declipse.product=org.eclipse.jdt.ls.core.product -Djava.import.generatesMetadataFilesAtProjectRoot=false -Dfile.encoding=utf8 -XX:+UseParallelGC -XX:GCTimeRatio=4 -XX:AdaptiveSizePolicyWeight=90 -Dsun.zip.disableMemoryMapping=true -Xmx1G -Xms100m -Xlog:disable -javaagent:c:\Users\frank\.vscode\extensions\redhat.java-1.18.0-win32-x64\lombok\lombok-1.18.27.jar -XX:+HeapDumpOnOutOfMemoryError -XX:HeapDumpPath=c:\Users\frank\AppData\Roaming\Code\User\workspaceStorage\e29e35bb059e0e24ad39316f8f1c623d\redhat.java -Daether.dependencyCollector.impl=bf 
java_command: c:\Users\frank\.vscode\extensions\redhat.java-1.18.0-win32-x64\server\plugins\org.eclipse.equinox.launcher_1.6.400.v20210924-0641.jar -configuration c:\Users\frank\AppData\Roaming\Code\User\globalStorage\redhat.java\1.18.0\config_win -data c:\Users\frank\AppData\Roaming\Code\User\workspaceStorage\e29e35bb059e0e24ad39316f8f1c623d\redhat.java\jdt_ws
java_class_path (initial): c:\Users\frank\.vscode\extensions\redhat.java-1.18.0-win32-x64\server\plugins\org.eclipse.equinox.launcher_1.6.400.v20210924-0641.jar
Launcher Type: SUN_STANDARD

[Global flags]
    uintx AdaptiveSizePolicyWeight                 = 90                                        {product} {command line}
     intx CICompilerCount                          = 3                                         {product} {ergonomic}
    uintx GCTimeRatio                              = 4                                         {product} {command line}
     bool HeapDumpOnOutOfMemoryError               = true                                   {manageable} {command line}
    ccstr HeapDumpPath                             = c:\Users\frank\AppData\Roaming\Code\User\workspaceStorage\e29e35bb059e0e24ad39316f8f1c623d\redhat.java         {manageable} {command line}
   size_t InitialHeapSize                          = 104857600                                 {product} {command line}
   size_t MaxHeapSize                              = 1073741824                                {product} {command line}
   size_t MaxNewSize                               = 357564416                                 {product} {ergonomic}
   size_t MinHeapDeltaBytes                        = 524288                                    {product} {ergonomic}
   size_t MinHeapSize                              = 104857600                                 {product} {command line}
   size_t NewSize                                  = 34603008                                  {product} {ergonomic}
    uintx NonNMethodCodeHeapSize                   = 5832780                                {pd product} {ergonomic}
    uintx NonProfiledCodeHeapSize                  = 122912730                              {pd product} {ergonomic}
   size_t OldSize                                  = 70254592                                  {product} {ergonomic}
    uintx ProfiledCodeHeapSize                     = 122912730                              {pd product} {ergonomic}
    uintx ReservedCodeCacheSize                    = 251658240                              {pd product} {ergonomic}
     bool SegmentedCodeCache                       = true                                      {product} {ergonomic}
   size_t SoftMaxHeapSize                          = 1073741824                             {manageable} {ergonomic}
     bool UseCompressedClassPointers               = true                           {product lp64_product} {ergonomic}
     bool UseCompressedOops                        = true                           {product lp64_product} {ergonomic}
     bool UseLargePagesIndividualAllocation        = false                                  {pd product} {ergonomic}
     bool UseParallelGC                            = true                                      {product} {command line}

Logging:
Log output configuration:
 #0: stdout all=off uptime,level,tags
 #1: stderr all=off uptime,level,tags

Environment Variables:
JAVA_HOME=C:\Program Files\Java\jdk-19
PATH=C:\Program Files\Common Files\Oracle\Java\javapath;C:\Program Files (x86)\Common Files\Oracle\Java\javapath;C:\app\frank\product\21c\dbhomeXE\bin;C:\Windows\system32;C:\Windows;C:\Windows\System32\Wbem;C:\Windows\System32\WindowsPowerShell\v1.0\;C:\Windows\System32\OpenSSH\;C:\xampp\php;C:\composer;C:\Program Files\wureset;C:\Users\frank\AppData\Local\Android\Sdk\platform-tools;C:\ProgramData\chocolatey\bin;C:\Program Files (x86)\Microchip\MPLAB C32 Suite\bin;C:\Program Files\Maven\apache-maven-3.9.1\bin;C:\Program Files\Java\jdk-19\bin;C:\Program Files\nodejs\;C:\Program Files\Git\cmd;C:\Program Files\Docker\Docker\resources\bin;C:\Users\frank\AppData\Local\Microsoft\WindowsApps;C:\Users\frank\AppData\Local\Programs\Microsoft VS Code\bin;C:\Users\frank\AppData\Roaming\Composer\vendor\bin;C:\Users\frank\AppData\Roaming\npm;
USERNAME=frank
OS=Windows_NT
PROCESSOR_IDENTIFIER=Intel64 Family 6 Model 58 Stepping 9, GenuineIntel
TMP=C:\Users\frank\AppData\Local\Temp
TEMP=C:\Users\frank\AppData\Local\Temp



---------------  S Y S T E M  ---------------

OS:
 Windows 10 , 64 bit Build 19041 (10.0.19041.2913)
OS uptime: 2 days 23:25 hours
Hyper-V role detected

CPU: total 4 (initial active 4) (2 cores per cpu, 2 threads per core) family 6 model 58 stepping 9 microcode 0x21, cx8, cmov, fxsr, ht, mmx, sse, sse2, sse3, ssse3, sse4.1, sse4.2, popcnt, tsc, tscinvbit, avx, erms, clmul, vzeroupper, clflush, hv

Memory: 4k page, system-wide physical 3659M (355M free)
TotalPageFile size 11851M (AvailPageFile size 2M)
current process WorkingSet (physical memory assigned to process): 199M, peak: 201M
current process commit charge ("private bytes"): 265M, peak: 270M

vm_info: OpenJDK 64-Bit Server VM (17.0.7+7) for windows-amd64 JRE (17.0.7+7), built on Apr 18 2023 22:10:42 by "temurin" with MS VC++ 16.7 (VS2019)

END.
