#
# There is insufficient memory for the Java Runtime Environment to continue.
# Native memory allocation (malloc) failed to allocate 605776 bytes for Chunk::new
# Possible reasons:
#   The system is out of physical RAM or swap space
#   The process is running with CompressedOops enabled, and the Java Heap may be blocking the growth of the native heap
# Possible solutions:
#   Reduce memory load on the system
#   Increase physical memory or swap space
#   Check if swap backing store is full
#   Decrease Java heap size (-Xmx/-Xms)
#   Decrease number of Java threads
#   Decrease Java thread stack sizes (-Xss)
#   Set larger code cache with -XX:ReservedCodeCacheSize=
#   JVM is running with Unscaled Compressed Oops mode in which the Java heap is
#     placed in the first 4GB address space. The Java Heap base address is the
#     maximum limit for the native heap growth. Please use -XX:HeapBaseMinAddress
#     to set the Java Heap base and to place the Java Heap above 4GB virtual address.
# This output file may be truncated or incomplete.
#
#  Out of Memory Error (arena.cpp:189), pid=8840, tid=13264
#
# JRE version: OpenJDK Runtime Environment Temurin-17.0.7+7 (17.0.7+7) (build 17.0.7+7)
# Java VM: OpenJDK 64-Bit Server VM Temurin-17.0.7+7 (17.0.7+7, mixed mode, tiered, compressed oops, compressed class ptrs, parallel gc, windows-amd64)
# No core dump will be written. Minidumps are not enabled by default on client versions of Windows
#

---------------  S U M M A R Y ------------

Command Line: --add-modules=ALL-SYSTEM --add-opens=java.base/java.util=ALL-UNNAMED --add-opens=java.base/java.lang=ALL-UNNAMED --add-opens=java.base/sun.nio.fs=ALL-UNNAMED -Declipse.application=org.eclipse.jdt.ls.core.id1 -Dosgi.bundles.defaultStartLevel=4 -Declipse.product=org.eclipse.jdt.ls.core.product -Djava.import.generatesMetadataFilesAtProjectRoot=false -Dfile.encoding=utf8 -XX:+UseParallelGC -XX:GCTimeRatio=4 -XX:AdaptiveSizePolicyWeight=90 -Dsun.zip.disableMemoryMapping=true -Xmx1G -Xms100m -Xlog:disable -javaagent:c:\Users\frank\.vscode\extensions\redhat.java-1.18.0-win32-x64\lombok\lombok-1.18.27.jar -XX:+HeapDumpOnOutOfMemoryError -XX:HeapDumpPath=c:\Users\frank\AppData\Roaming\Code\User\workspaceStorage\e29e35bb059e0e24ad39316f8f1c623d\redhat.java -Daether.dependencyCollector.impl=bf c:\Users\frank\.vscode\extensions\redhat.java-1.18.0-win32-x64\server\plugins\org.eclipse.equinox.launcher_1.6.400.v20210924-0641.jar -configuration c:\Users\frank\AppData\Roaming\Code\User\globalStorage\redhat.java\1.18.0\config_win -data c:\Users\frank\AppData\Roaming\Code\User\workspaceStorage\e29e35bb059e0e24ad39316f8f1c623d\redhat.java\jdt_ws

Host: Intel(R) Core(TM) i5-3230M CPU @ 2.60GHz, 4 cores, 3G,  Windows 10 , 64 bit Build 19041 (10.0.19041.2913)
Time: Sun May 21 10:24:21 2023 Hora est. Pacífico, Sudamérica elapsed time: 8.820376 seconds (0d 0h 0m 8s)

---------------  T H R E A D  ---------------

Current thread (0x0000012b3b9ff3f0):  JavaThread "C2 CompilerThread0" daemon [_thread_in_native, id=13264, stack(0x00000005f0800000,0x00000005f0900000)]


Current CompileTask:
C2:   8820 1461       4       java.io.WinNTFileSystem::normalize (143 bytes)

Stack: [0x00000005f0800000,0x00000005f0900000]
Native frames: (J=compiled Java code, j=interpreted, Vv=VM code, C=native code)
V  [jvm.dll+0x67754a]
V  [jvm.dll+0x834304]
V  [jvm.dll+0x835aae]
V  [jvm.dll+0x836113]
V  [jvm.dll+0x24696f]
V  [jvm.dll+0xac0ac]
V  [jvm.dll+0xac67c]
V  [jvm.dll+0x364de2]
V  [jvm.dll+0x32f6b1]
V  [jvm.dll+0x32eb5a]
V  [jvm.dll+0x219641]
V  [jvm.dll+0x218a61]
V  [jvm.dll+0x1a4d8d]
V  [jvm.dll+0x2284da]
V  [jvm.dll+0x226615]
V  [jvm.dll+0x7ea90b]
V  [jvm.dll+0x7e4e7a]
V  [jvm.dll+0x676395]
C  [ucrtbase.dll+0x21bb2]
C  [KERNEL32.DLL+0x17614]
C  [ntdll.dll+0x526a1]


---------------  P R O C E S S  ---------------

Threads class SMR info:
_java_thread_list=0x0000012b41686fa0, length=13, elements={
0x0000012b27bacba0, 0x0000012b3b9d0750, 0x0000012b3b9d3180, 0x0000012b3b9f9160,
0x0000012b3b9f9ee0, 0x0000012b3b9fac60, 0x0000012b3b9fd7f0, 0x0000012b3b9ff3f0,
0x0000012b3ba3ea40, 0x0000012b40bf8b80, 0x0000012b27c69930, 0x0000012b40e9e2e0,
0x0000012b4172c440
}

Java Threads: ( => current thread )
  0x0000012b27bacba0 JavaThread "main" [_thread_in_Java, id=2124, stack(0x00000005eff00000,0x00000005f0000000)]
  0x0000012b3b9d0750 JavaThread "Reference Handler" daemon [_thread_blocked, id=14068, stack(0x00000005f0200000,0x00000005f0300000)]
  0x0000012b3b9d3180 JavaThread "Finalizer" daemon [_thread_blocked, id=13732, stack(0x00000005f0300000,0x00000005f0400000)]
  0x0000012b3b9f9160 JavaThread "Signal Dispatcher" daemon [_thread_blocked, id=14060, stack(0x00000005f0400000,0x00000005f0500000)]
  0x0000012b3b9f9ee0 JavaThread "Attach Listener" daemon [_thread_blocked, id=14028, stack(0x00000005f0500000,0x00000005f0600000)]
  0x0000012b3b9fac60 JavaThread "Service Thread" daemon [_thread_blocked, id=5764, stack(0x00000005f0600000,0x00000005f0700000)]
  0x0000012b3b9fd7f0 JavaThread "Monitor Deflation Thread" daemon [_thread_blocked, id=11748, stack(0x00000005f0700000,0x00000005f0800000)]
=>0x0000012b3b9ff3f0 JavaThread "C2 CompilerThread0" daemon [_thread_in_native, id=13264, stack(0x00000005f0800000,0x00000005f0900000)]
  0x0000012b3ba3ea40 JavaThread "C1 CompilerThread0" daemon [_thread_blocked, id=12644, stack(0x00000005f0900000,0x00000005f0a00000)]
  0x0000012b40bf8b80 JavaThread "Sweeper thread" daemon [_thread_blocked, id=13552, stack(0x00000005f0a00000,0x00000005f0b00000)]
  0x0000012b27c69930 JavaThread "Common-Cleaner" daemon [_thread_blocked, id=14252, stack(0x00000005f0b00000,0x00000005f0c00000)]
  0x0000012b40e9e2e0 JavaThread "Notification Thread" daemon [_thread_blocked, id=11176, stack(0x00000005f0c00000,0x00000005f0d00000)]
  0x0000012b4172c440 JavaThread "Active Thread: Equinox Container: b45f3277-21bb-480f-8d80-1915a591bab5" [_thread_blocked, id=14208, stack(0x00000005f1100000,0x00000005f1200000)]

Other Threads:
  0x0000012b3b906180 VMThread "VM Thread" [stack: 0x00000005f0100000,0x00000005f0200000] [id=11108]
  0x0000012b40e9e7b0 WatcherThread [stack: 0x00000005f0d00000,0x00000005f0e00000] [id=1792]
  0x0000012b27bc4300 GCTaskThread "GC Thread#0" [stack: 0x00000005f0000000,0x00000005f0100000] [id=1140]
  0x0000012b413b9780 GCTaskThread "GC Thread#1" [stack: 0x00000005f0e00000,0x00000005f0f00000] [id=6404]
  0x0000012b414afa00 GCTaskThread "GC Thread#2" [stack: 0x00000005f0f00000,0x00000005f1000000] [id=8428]
  0x0000012b413b9a30 GCTaskThread "GC Thread#3" [stack: 0x00000005f1000000,0x00000005f1100000] [id=10624]

Threads with active compile tasks:
C2 CompilerThread0     8885 1461       4       java.io.WinNTFileSystem::normalize (143 bytes)

VM state: not at safepoint (normal execution)

VM Mutex/Monitor currently owned by a thread: None

Heap address: 0x00000000c0000000, size: 1024 MB, Compressed Oops mode: 32-bit

CDS archive(s) not mapped
Compressed class space mapped at: 0x0000000100000000-0x0000000140000000, reserved size: 1073741824
Narrow klass base: 0x0000000000000000, Narrow klass shift: 3, Narrow klass range: 0x140000000

GC Precious Log:
 CPUs: 4 total, 4 available
 Memory: 3659M
 Large Page Support: Disabled
 NUMA Support: Disabled
 Compressed Oops: Enabled (32-bit)
 Alignments: Space 512K, Generation 512K, Heap 2M
 Heap Min Capacity: 100M
 Heap Initial Capacity: 100M
 Heap Max Capacity: 1G
 Pre-touch: Disabled
 Parallel Workers: 4

Heap:
 PSYoungGen      total 29696K, used 21781K [0x00000000eab00000, 0x00000000ecc00000, 0x0000000100000000)
  eden space 25600K, 72% used [0x00000000eab00000,0x00000000ebd2b0e8,0x00000000ec400000)
  from space 4096K, 77% used [0x00000000ec400000,0x00000000ec71a3a8,0x00000000ec800000)
  to   space 4096K, 0% used [0x00000000ec800000,0x00000000ec800000,0x00000000ecc00000)
 ParOldGen       total 68608K, used 0K [0x00000000c0000000, 0x00000000c4300000, 0x00000000eab00000)
  object space 68608K, 0% used [0x00000000c0000000,0x00000000c0000000,0x00000000c4300000)
 Metaspace       used 13711K, committed 13952K, reserved 1114112K
  class space    used 1356K, committed 1472K, reserved 1048576K

Card table byte_map: [0x0000012b27590000,0x0000012b277a0000] _byte_map_base: 0x0000012b26f90000

Marking Bits: (ParMarkBitMap*) 0x00007ffef30e52c0
 Begin Bits: [0x0000012b39840000, 0x0000012b3a840000)
 End Bits:   [0x0000012b3a840000, 0x0000012b3b840000)

Polling page: 0x0000012b27380000

Metaspace:

Usage:
  Non-class:     12.07 MB used.
      Class:      1.32 MB used.
       Both:     13.39 MB used.

Virtual space:
  Non-class space:       64.00 MB reserved,      12.19 MB ( 19%) committed,  1 nodes.
      Class space:        1.00 GB reserved,       1.44 MB ( <1%) committed,  1 nodes.
             Both:        1.06 GB reserved,      13.62 MB (  1%) committed. 

Chunk freelists:
   Non-Class:  3.34 MB
       Class:  14.48 MB
        Both:  17.83 MB

MaxMetaspaceSize: unlimited
CompressedClassSpaceSize: 1.00 GB
Initial GC threshold: 21.00 MB
Current GC threshold: 21.00 MB
CDS: off
MetaspaceReclaimPolicy: balanced
 - commit_granule_bytes: 65536.
 - commit_granule_words: 8192.
 - virtual_space_node_default_size: 8388608.
 - enlarge_chunks_in_place: 1.
 - new_chunks_are_fully_committed: 0.
 - uncommit_free_chunks: 1.
 - use_allocation_guard: 0.
 - handle_deallocations: 1.


Internal statistics:

num_allocs_failed_limit: 0.
num_arena_births: 56.
num_arena_deaths: 0.
num_vsnodes_births: 2.
num_vsnodes_deaths: 0.
num_space_committed: 218.
num_space_uncommitted: 0.
num_chunks_returned_to_freelist: 0.
num_chunks_taken_from_freelist: 215.
num_chunk_merges: 0.
num_chunk_splits: 148.
num_chunks_enlarged: 121.
num_inconsistent_stats: 0.

CodeHeap 'non-profiled nmethods': size=120000Kb used=558Kb max_used=558Kb free=119441Kb
 bounds [0x0000012b32310000, 0x0000012b32580000, 0x0000012b39840000]
CodeHeap 'profiled nmethods': size=120000Kb used=2708Kb max_used=2708Kb free=117291Kb
 bounds [0x0000012b2a840000, 0x0000012b2aaf0000, 0x0000012b31d70000]
CodeHeap 'non-nmethods': size=5760Kb used=1159Kb max_used=1178Kb free=4600Kb
 bounds [0x0000012b31d70000, 0x0000012b31fe0000, 0x0000012b32310000]
 total_blobs=1921 nmethods=1471 adapters=364
 compilation: enabled
              stopped_count=0, restarted_count=0
 full_count=0

Compilation events (20 events):
Event: 8.674 Thread 0x0000012b3b9ff3f0 nmethod 1458 0x0000012b32399210 code [0x0000012b323993a0, 0x0000012b32399778]
Event: 8.677 Thread 0x0000012b3b9ff3f0 1459       4       java.lang.StringLatin1::inflate (34 bytes)
Event: 8.688 Thread 0x0000012b3b9ff3f0 nmethod 1459 0x0000012b32399990 code [0x0000012b32399b00, 0x0000012b32399d98]
Event: 8.693 Thread 0x0000012b3b9ff3f0 1460 %     4       java.io.WinNTFileSystem::normalize @ 58 (224 bytes)
Event: 8.700 Thread 0x0000012b3ba3ea40 1462       3       org.eclipse.osgi.framework.util.SecureAction::getProperty (31 bytes)
Event: 8.701 Thread 0x0000012b3ba3ea40 nmethod 1462 0x0000012b2aad4490 code [0x0000012b2aad4720, 0x0000012b2aad5198]
Event: 8.706 Thread 0x0000012b3ba3ea40 1463       3       org.eclipse.osgi.internal.framework.EquinoxConfiguration$ConfigValues::internalGet (24 bytes)
Event: 8.708 Thread 0x0000012b3ba3ea40 nmethod 1463 0x0000012b2aad5510 code [0x0000012b2aad57c0, 0x0000012b2aad63e8]
Event: 8.712 Thread 0x0000012b3ba3ea40 1464       3       java.lang.StringLatin1::getChars (12 bytes)
Event: 8.712 Thread 0x0000012b3ba3ea40 nmethod 1464 0x0000012b2aad6810 code [0x0000012b2aad69a0, 0x0000012b2aad6ac8]
Event: 8.726 Thread 0x0000012b3ba3ea40 1465       3       java.io.File::isAbsolute (8 bytes)
Event: 8.726 Thread 0x0000012b3ba3ea40 nmethod 1465 0x0000012b2aad6b90 code [0x0000012b2aad6d40, 0x0000012b2aad6ea8]
Event: 8.726 Thread 0x0000012b3ba3ea40 1466       3       java.io.WinNTFileSystem::isAbsolute (36 bytes)
Event: 8.727 Thread 0x0000012b3ba3ea40 nmethod 1466 0x0000012b2aad6f90 code [0x0000012b2aad71a0, 0x0000012b2aad7838]
Event: 8.737 Thread 0x0000012b3b9ff3f0 nmethod 1460% 0x0000012b32399e90 code [0x0000012b3239a080, 0x0000012b3239b1b8]
Event: 8.737 Thread 0x0000012b3b9ff3f0 1461       4       java.io.WinNTFileSystem::normalize (143 bytes)
Event: 8.751 Thread 0x0000012b3ba3ea40 1468       3       java.util.Collections::emptyIterator (4 bytes)
Event: 8.751 Thread 0x0000012b3ba3ea40 nmethod 1468 0x0000012b2aad7b10 code [0x0000012b2aad7ca0, 0x0000012b2aad7d98]
Event: 8.775 Thread 0x0000012b3ba3ea40 1470       3       java.net.URL::<init> (438 bytes)
Event: 8.784 Thread 0x0000012b3ba3ea40 nmethod 1470 0x0000012b2aad7e10 code [0x0000012b2aad85c0, 0x0000012b2aadc3a8]

GC Heap History (2 events):
Event: 6.924 GC heap before
{Heap before GC invocations=1 (full 0):
 PSYoungGen      total 29696K, used 25600K [0x00000000eab00000, 0x00000000ecc00000, 0x0000000100000000)
  eden space 25600K, 100% used [0x00000000eab00000,0x00000000ec400000,0x00000000ec400000)
  from space 4096K, 0% used [0x00000000ec800000,0x00000000ec800000,0x00000000ecc00000)
  to   space 4096K, 0% used [0x00000000ec400000,0x00000000ec400000,0x00000000ec800000)
 ParOldGen       total 68608K, used 0K [0x00000000c0000000, 0x00000000c4300000, 0x00000000eab00000)
  object space 68608K, 0% used [0x00000000c0000000,0x00000000c0000000,0x00000000c4300000)
 Metaspace       used 11238K, committed 11456K, reserved 1114112K
  class space    used 1124K, committed 1216K, reserved 1048576K
}
Event: 6.945 GC heap after
{Heap after GC invocations=1 (full 0):
 PSYoungGen      total 29696K, used 3176K [0x00000000eab00000, 0x00000000ecc00000, 0x0000000100000000)
  eden space 25600K, 0% used [0x00000000eab00000,0x00000000eab00000,0x00000000ec400000)
  from space 4096K, 77% used [0x00000000ec400000,0x00000000ec71a3a8,0x00000000ec800000)
  to   space 4096K, 0% used [0x00000000ec800000,0x00000000ec800000,0x00000000ecc00000)
 ParOldGen       total 68608K, used 0K [0x00000000c0000000, 0x00000000c4300000, 0x00000000eab00000)
  object space 68608K, 0% used [0x00000000c0000000,0x00000000c0000000,0x00000000c4300000)
 Metaspace       used 11238K, committed 11456K, reserved 1114112K
  class space    used 1124K, committed 1216K, reserved 1048576K
}

Dll operation events (8 events):
Event: 0.095 Loaded shared library c:\Users\frank\.vscode\extensions\redhat.java-1.18.0-win32-x64\jre\17.0.7-win32-x86_64\bin\java.dll
Event: 1.524 Loaded shared library c:\Users\frank\.vscode\extensions\redhat.java-1.18.0-win32-x64\jre\17.0.7-win32-x86_64\bin\zip.dll
Event: 1.636 Loaded shared library C:\Users\frank\.vscode\extensions\redhat.java-1.18.0-win32-x64\jre\17.0.7-win32-x86_64\bin\instrument.dll
Event: 1.746 Loaded shared library C:\Users\frank\.vscode\extensions\redhat.java-1.18.0-win32-x64\jre\17.0.7-win32-x86_64\bin\net.dll
Event: 1.764 Loaded shared library C:\Users\frank\.vscode\extensions\redhat.java-1.18.0-win32-x64\jre\17.0.7-win32-x86_64\bin\nio.dll
Event: 1.867 Loaded shared library C:\Users\frank\.vscode\extensions\redhat.java-1.18.0-win32-x64\jre\17.0.7-win32-x86_64\bin\zip.dll
Event: 1.984 Loaded shared library C:\Users\frank\.vscode\extensions\redhat.java-1.18.0-win32-x64\jre\17.0.7-win32-x86_64\bin\jimage.dll
Event: 2.526 Loaded shared library c:\Users\frank\.vscode\extensions\redhat.java-1.18.0-win32-x64\jre\17.0.7-win32-x86_64\bin\verify.dll

Deoptimization events (20 events):
Event: 8.394 Thread 0x0000012b27bacba0 DEOPT PACKING pc=0x0000012b32378fac sp=0x00000005efffdef0
Event: 8.394 Thread 0x0000012b27bacba0 DEOPT UNPACKING pc=0x0000012b31dc66a3 sp=0x00000005efffde18 mode 2
Event: 8.399 Thread 0x0000012b27bacba0 Uncommon trap: trap_request=0xffffffde fr.pc=0x0000012b32378fac relative=0x000000000000092c
Event: 8.399 Thread 0x0000012b27bacba0 Uncommon trap: reason=class_check action=maybe_recompile pc=0x0000012b32378fac method=java.util.HashMap.putVal(ILjava/lang/Object;Ljava/lang/Object;ZZ)Ljava/lang/Object; @ 253 c2
Event: 8.399 Thread 0x0000012b27bacba0 DEOPT PACKING pc=0x0000012b32378fac sp=0x00000005efffdef0
Event: 8.399 Thread 0x0000012b27bacba0 DEOPT UNPACKING pc=0x0000012b31dc66a3 sp=0x00000005efffde18 mode 2
Event: 8.400 Thread 0x0000012b27bacba0 Uncommon trap: trap_request=0xffffffde fr.pc=0x0000012b32378fac relative=0x000000000000092c
Event: 8.400 Thread 0x0000012b27bacba0 Uncommon trap: reason=class_check action=maybe_recompile pc=0x0000012b32378fac method=java.util.HashMap.putVal(ILjava/lang/Object;Ljava/lang/Object;ZZ)Ljava/lang/Object; @ 253 c2
Event: 8.400 Thread 0x0000012b27bacba0 DEOPT PACKING pc=0x0000012b32378fac sp=0x00000005efffddf0
Event: 8.400 Thread 0x0000012b27bacba0 DEOPT UNPACKING pc=0x0000012b31dc66a3 sp=0x00000005efffdd18 mode 2
Event: 8.409 Thread 0x0000012b27bacba0 Uncommon trap: trap_request=0xffffffde fr.pc=0x0000012b32378fac relative=0x000000000000092c
Event: 8.409 Thread 0x0000012b27bacba0 Uncommon trap: reason=class_check action=maybe_recompile pc=0x0000012b32378fac method=java.util.HashMap.putVal(ILjava/lang/Object;Ljava/lang/Object;ZZ)Ljava/lang/Object; @ 253 c2
Event: 8.409 Thread 0x0000012b27bacba0 DEOPT PACKING pc=0x0000012b32378fac sp=0x00000005efffde70
Event: 8.409 Thread 0x0000012b27bacba0 DEOPT UNPACKING pc=0x0000012b31dc66a3 sp=0x00000005efffdd98 mode 2
Event: 8.410 Thread 0x0000012b27bacba0 Uncommon trap: trap_request=0xffffffde fr.pc=0x0000012b3231cae0 relative=0x0000000000000380
Event: 8.410 Thread 0x0000012b27bacba0 Uncommon trap: reason=class_check action=maybe_recompile pc=0x0000012b3231cae0 method=java.util.HashMap.putVal(ILjava/lang/Object;Ljava/lang/Object;ZZ)Ljava/lang/Object; @ 253 c2
Event: 8.410 Thread 0x0000012b27bacba0 DEOPT PACKING pc=0x0000012b3231cae0 sp=0x00000005efffddf0
Event: 8.410 Thread 0x0000012b27bacba0 DEOPT UNPACKING pc=0x0000012b31dc66a3 sp=0x00000005efffdd90 mode 2
Event: 8.757 Thread 0x0000012b27bacba0 DEOPT PACKING pc=0x0000012b2a912943 sp=0x00000005efffe470
Event: 8.757 Thread 0x0000012b27bacba0 DEOPT UNPACKING pc=0x0000012b31dc6e43 sp=0x00000005efffd990 mode 0

Classes unloaded (0 events):
No events

Classes redefined (0 events):
No events

Internal exceptions (20 events):
Event: 4.701 Thread 0x0000012b27bacba0 Exception <a 'java/io/FileNotFoundException'{0x00000000eb791c80}> (0x00000000eb791c80) 
thrown [s\src\hotspot\share\prims\jni.cpp, line 516]
Event: 4.702 Thread 0x0000012b27bacba0 Exception <a 'java/io/FileNotFoundException'{0x00000000eb792978}> (0x00000000eb792978) 
thrown [s\src\hotspot\share\prims\jni.cpp, line 516]
Event: 4.847 Thread 0x0000012b27bacba0 Implicit null exception at 0x0000012b32342472 to 0x0000012b32342964
Event: 4.855 Thread 0x0000012b27bacba0 Exception <a 'java/io/FileNotFoundException'{0x00000000eb7cb7d8}> (0x00000000eb7cb7d8) 
thrown [s\src\hotspot\share\prims\jni.cpp, line 516]
Event: 6.071 Thread 0x0000012b27bacba0 Exception <a 'java/lang/ClassNotFoundException'{0x00000000ebff64a8}: sun/net/www/protocol/c/Handler> (0x00000000ebff64a8) 
thrown [s\src\hotspot\share\classfile\systemDictionary.cpp, line 256]
Event: 6.073 Thread 0x0000012b27bacba0 Exception <a 'java/lang/ClassNotFoundException'{0x00000000ebff77e8}: sun/net/www/protocol/d/Handler> (0x00000000ebff77e8) 
thrown [s\src\hotspot\share\classfile\systemDictionary.cpp, line 256]
Event: 6.073 Thread 0x0000012b27bacba0 Exception <a 'java/lang/ClassNotFoundException'{0x00000000ebff8960}: sun/net/www/protocol/c/Handler> (0x00000000ebff8960) 
thrown [s\src\hotspot\share\classfile\systemDictionary.cpp, line 256]
Event: 6.153 Thread 0x0000012b27bacba0 Exception <a 'java/io/FileNotFoundException'{0x00000000ec01ef70}> (0x00000000ec01ef70) 
thrown [s\src\hotspot\share\prims\jni.cpp, line 516]
Event: 6.353 Thread 0x0000012b27bacba0 Implicit null exception at 0x0000012b3234363b to 0x0000012b32343f40
Event: 6.353 Thread 0x0000012b27bacba0 Implicit null exception at 0x0000012b323585ec to 0x0000012b323587c4
Event: 6.354 Thread 0x0000012b27bacba0 Implicit null exception at 0x0000012b32348b8e to 0x0000012b32348dd0
Event: 6.354 Thread 0x0000012b27bacba0 Implicit null exception at 0x0000012b32358c8f to 0x0000012b32358d05
Event: 6.597 Thread 0x0000012b27bacba0 Exception <a 'java/lang/NoSuchMethodError'{0x00000000ec2efdb8}: 'int java.lang.invoke.DirectMethodHandle$Holder.invokeStaticInit(java.lang.Object, java.lang.Object, java.lang.Object, java.lang.Object)'> (0x00000000ec2efdb8) 
thrown [s\src\hotspot\share\interpreter\linkResolver.cpp, line 759]
Event: 6.606 Thread 0x0000012b27bacba0 Exception <a 'java/lang/NoSuchMethodError'{0x00000000ec2fa428}: 'java.lang.Object java.lang.invoke.DirectMethodHandle$Holder.invokeInterface(java.lang.Object, java.lang.Object)'> (0x00000000ec2fa428) 
thrown [s\src\hotspot\share\interpreter\linkResolver.cpp, line 759]
Event: 6.607 Thread 0x0000012b27bacba0 Exception <a 'java/lang/IncompatibleClassChangeError'{0x00000000ec2fdc20}: Found class java.lang.Object, but interface was expected> (0x00000000ec2fdc20) 
thrown [s\src\hotspot\share\interpreter\linkResolver.cpp, line 826]
Event: 6.611 Thread 0x0000012b27bacba0 Exception <a 'java/lang/NoSuchMethodError'{0x00000000ec302118}: 'void java.lang.invoke.DirectMethodHandle$Holder.invokeStatic(java.lang.Object, java.lang.Object)'> (0x00000000ec302118) 
thrown [s\src\hotspot\share\interpreter\linkResolver.cpp, line 759]
Event: 6.627 Thread 0x0000012b27bacba0 Exception <a 'java/lang/NoSuchMethodError'{0x00000000ec305918}: 'void java.lang.invoke.DirectMethodHandle$Holder.invokeStaticInit(java.lang.Object, java.lang.Object)'> (0x00000000ec305918) 
thrown [s\src\hotspot\share\interpreter\linkResolver.cpp, line 759]
Event: 6.635 Thread 0x0000012b27bacba0 Exception <a 'java/lang/NoSuchMethodError'{0x00000000ec30cdb0}: 'int java.lang.invoke.DirectMethodHandle$Holder.invokeStaticInit(java.lang.Object, java.lang.Object)'> (0x00000000ec30cdb0) 
thrown [s\src\hotspot\share\interpreter\linkResolver.cpp, line 759]
Event: 6.965 Thread 0x0000012b27bacba0 Exception <a 'java/lang/NoSuchMethodError'{0x00000000eab52400}: 'void java.lang.invoke.DirectMethodHandle$Holder.invokeSpecial(java.lang.Object, java.lang.Object, java.lang.Object)'> (0x00000000eab52400) 
thrown [s\src\hotspot\share\interpreter\linkResolver.cpp, line 759]
Event: 8.336 Thread 0x0000012b27bacba0 Exception <a 'java/lang/NoSuchMethodError'{0x00000000eb863358}: 'java.lang.Object java.lang.invoke.DirectMethodHandle$Holder.newInvokeSpecial(java.lang.Object, int, java.lang.Object)'> (0x00000000eb863358) 
thrown [s\src\hotspot\share\interpreter\linkResolver.cpp, line 759]

VM Operations (20 events):
Event: 4.568 Executing VM operation: HandshakeAllThreads
Event: 4.568 Executing VM operation: HandshakeAllThreads done
Event: 4.676 Executing VM operation: HandshakeAllThreads
Event: 4.676 Executing VM operation: HandshakeAllThreads done
Event: 5.687 Executing VM operation: Cleanup
Event: 5.688 Executing VM operation: Cleanup done
Event: 5.968 Executing VM operation: HandshakeAllThreads
Event: 5.968 Executing VM operation: HandshakeAllThreads done
Event: 6.923 Executing VM operation: ParallelGCFailedAllocation
Event: 6.945 Executing VM operation: ParallelGCFailedAllocation done
Event: 7.958 Executing VM operation: Cleanup
Event: 7.958 Executing VM operation: Cleanup done
Event: 8.230 Executing VM operation: HandshakeAllThreads
Event: 8.230 Executing VM operation: HandshakeAllThreads done
Event: 8.237 Executing VM operation: HandshakeAllThreads
Event: 8.237 Executing VM operation: HandshakeAllThreads done
Event: 8.252 Executing VM operation: HandshakeAllThreads
Event: 8.252 Executing VM operation: HandshakeAllThreads done
Event: 8.300 Executing VM operation: HandshakeAllThreads
Event: 8.300 Executing VM operation: HandshakeAllThreads done

Events (20 events):
Event: 8.397 loading class java/util/ConcurrentModificationException
Event: 8.398 loading class java/util/ConcurrentModificationException done
Event: 8.412 loading class java/net/ContentHandlerFactory
Event: 8.412 loading class java/net/ContentHandlerFactory done
Event: 8.419 loading class java/net/ContentHandler
Event: 8.419 loading class java/net/ContentHandler done
Event: 8.475 loading class java/security/KeyStoreException
Event: 8.476 loading class java/security/KeyStoreException done
Event: 8.567 loading class java/util/LinkedList$Node
Event: 8.567 loading class java/util/LinkedList$Node done
Event: 8.567 loading class java/util/LinkedList$ListItr
Event: 8.567 loading class java/util/LinkedList$ListItr done
Event: 8.610 loading class sun/nio/fs/WindowsChannelFactory
Event: 8.610 loading class sun/nio/fs/WindowsChannelFactory done
Event: 8.610 loading class sun/nio/fs/WindowsChannelFactory$1
Event: 8.610 loading class sun/nio/fs/WindowsChannelFactory$1 done
Event: 8.610 loading class sun/nio/fs/WindowsChannelFactory$Flags
Event: 8.610 loading class sun/nio/fs/WindowsChannelFactory$Flags done
Event: 8.611 loading class sun/nio/ch/FileChannelImpl$Closer
Event: 8.611 loading class sun/nio/ch/FileChannelImpl$Closer done


Dynamic libraries:
0x00007ff69c300000 - 0x00007ff69c30e000 	c:\Users\frank\.vscode\extensions\redhat.java-1.18.0-win32-x64\jre\17.0.7-win32-x86_64\bin\java.exe
0x00007fff41670000 - 0x00007fff41868000 	C:\Windows\SYSTEM32\ntdll.dll
0x00007fff3f8a0000 - 0x00007fff3f95f000 	C:\Windows\System32\KERNEL32.DLL
0x00007fff3f050000 - 0x00007fff3f346000 	C:\Windows\System32\KERNELBASE.dll
0x00007fff3ed50000 - 0x00007fff3ee50000 	C:\Windows\System32\ucrtbase.dll
0x00007fff2c920000 - 0x00007fff2c937000 	c:\Users\frank\.vscode\extensions\redhat.java-1.18.0-win32-x64\jre\17.0.7-win32-x86_64\bin\jli.dll
0x00007fff40950000 - 0x00007fff40aed000 	C:\Windows\System32\USER32.dll
0x00007fff3eea0000 - 0x00007fff3eec2000 	C:\Windows\System32\win32u.dll
0x00007fff40590000 - 0x00007fff405bc000 	C:\Windows\System32\GDI32.dll
0x00007fff3f4b0000 - 0x00007fff3f5c5000 	C:\Windows\System32\gdi32full.dll
0x00007fff3ef80000 - 0x00007fff3f01d000 	C:\Windows\System32\msvcp_win.dll
0x00007fff23cb0000 - 0x00007fff23cc9000 	c:\Users\frank\.vscode\extensions\redhat.java-1.18.0-win32-x64\jre\17.0.7-win32-x86_64\bin\VCRUNTIME140.dll
0x00007fff30430000 - 0x00007fff306ca000 	C:\Windows\WinSxS\amd64_microsoft.windows.common-controls_6595b64144ccf1df_6.0.19041.1110_none_60b5254171f9507e\COMCTL32.dll
0x00007fff3f6d0000 - 0x00007fff3f76e000 	C:\Windows\System32\msvcrt.dll
0x00007fff40920000 - 0x00007fff40950000 	C:\Windows\System32\IMM32.DLL
0x00007fff39050000 - 0x00007fff3905c000 	c:\Users\frank\.vscode\extensions\redhat.java-1.18.0-win32-x64\jre\17.0.7-win32-x86_64\bin\vcruntime140_1.dll
0x00007ffeffaf0000 - 0x00007ffeffb81000 	c:\Users\frank\.vscode\extensions\redhat.java-1.18.0-win32-x64\jre\17.0.7-win32-x86_64\bin\msvcp140.dll
0x00007ffef2560000 - 0x00007ffef31a8000 	c:\Users\frank\.vscode\extensions\redhat.java-1.18.0-win32-x64\jre\17.0.7-win32-x86_64\bin\server\jvm.dll
0x00007fff3f960000 - 0x00007fff3fa0f000 	C:\Windows\System32\ADVAPI32.dll
0x00007fff40af0000 - 0x00007fff40b8c000 	C:\Windows\System32\sechost.dll
0x00007fff41360000 - 0x00007fff41486000 	C:\Windows\System32\RPCRT4.dll
0x00007fff25fb0000 - 0x00007fff25fb9000 	C:\Windows\SYSTEM32\WSOCK32.dll
0x00007fff41490000 - 0x00007fff414fb000 	C:\Windows\System32\WS2_32.dll
0x00007fff27c20000 - 0x00007fff27c47000 	C:\Windows\SYSTEM32\WINMM.dll
0x00007fff2cfe0000 - 0x00007fff2cfea000 	C:\Windows\SYSTEM32\VERSION.dll
0x00007fff3cbd0000 - 0x00007fff3cbe2000 	C:\Windows\SYSTEM32\kernel.appcore.dll
0x00007fff26660000 - 0x00007fff2666a000 	c:\Users\frank\.vscode\extensions\redhat.java-1.18.0-win32-x64\jre\17.0.7-win32-x86_64\bin\jimage.dll
0x00007fff2a390000 - 0x00007fff2a574000 	C:\Windows\SYSTEM32\DBGHELP.DLL
0x00007fff2a320000 - 0x00007fff2a354000 	C:\Windows\SYSTEM32\dbgcore.DLL
0x00007fff3f5d0000 - 0x00007fff3f652000 	C:\Windows\System32\bcryptPrimitives.dll
0x00007fff26170000 - 0x00007fff2617e000 	c:\Users\frank\.vscode\extensions\redhat.java-1.18.0-win32-x64\jre\17.0.7-win32-x86_64\bin\instrument.dll
0x00007fff14ba0000 - 0x00007fff14bc5000 	c:\Users\frank\.vscode\extensions\redhat.java-1.18.0-win32-x64\jre\17.0.7-win32-x86_64\bin\java.dll
0x00007fff23c50000 - 0x00007fff23c68000 	c:\Users\frank\.vscode\extensions\redhat.java-1.18.0-win32-x64\jre\17.0.7-win32-x86_64\bin\zip.dll
0x00007fff3fc90000 - 0x00007fff403d4000 	C:\Windows\System32\SHELL32.dll
0x00007fff3cdd0000 - 0x00007fff3d563000 	C:\Windows\SYSTEM32\windows.storage.dll
0x00007fff40b90000 - 0x00007fff40ee4000 	C:\Windows\System32\combase.dll
0x00007fff3e5f0000 - 0x00007fff3e61e000 	C:\Windows\SYSTEM32\Wldp.dll
0x00007fff40870000 - 0x00007fff4091d000 	C:\Windows\System32\SHCORE.dll
0x00007fff3fb50000 - 0x00007fff3fba5000 	C:\Windows\System32\shlwapi.dll
0x00007fff3ec90000 - 0x00007fff3ecaf000 	C:\Windows\SYSTEM32\profapi.dll
0x00007fff23bd0000 - 0x00007fff23be9000 	C:\Users\frank\.vscode\extensions\redhat.java-1.18.0-win32-x64\jre\17.0.7-win32-x86_64\bin\net.dll
0x00007fff340a0000 - 0x00007fff341aa000 	C:\Windows\SYSTEM32\WINHTTP.dll
0x00007fff3e3d0000 - 0x00007fff3e43a000 	C:\Windows\system32\mswsock.dll
0x00007fff23a80000 - 0x00007fff23a95000 	C:\Users\frank\.vscode\extensions\redhat.java-1.18.0-win32-x64\jre\17.0.7-win32-x86_64\bin\nio.dll
0x00007fff26050000 - 0x00007fff26060000 	c:\Users\frank\.vscode\extensions\redhat.java-1.18.0-win32-x64\jre\17.0.7-win32-x86_64\bin\verify.dll

dbghelp: loaded successfully - version: 4.0.5 - missing functions: none
symbol engine: initialized successfully - sym options: 0x614 - pdb path: .;c:\Users\frank\.vscode\extensions\redhat.java-1.18.0-win32-x64\jre\17.0.7-win32-x86_64\bin;C:\Windows\SYSTEM32;C:\Windows\WinSxS\amd64_microsoft.windows.common-controls_6595b64144ccf1df_6.0.19041.1110_none_60b5254171f9507e;c:\Users\frank\.vscode\extensions\redhat.java-1.18.0-win32-x64\jre\17.0.7-win32-x86_64\bin\server

VM Arguments:
jvm_args: --add-modules=ALL-SYSTEM --add-opens=java.base/java.util=ALL-UNNAMED --add-opens=java.base/java.lang=ALL-UNNAMED --add-opens=java.base/sun.nio.fs=ALL-UNNAMED -Declipse.application=org.eclipse.jdt.ls.core.id1 -Dosgi.bundles.defaultStartLevel=4 -Declipse.product=org.eclipse.jdt.ls.core.product -Djava.import.generatesMetadataFilesAtProjectRoot=false -Dfile.encoding=utf8 -XX:+UseParallelGC -XX:GCTimeRatio=4 -XX:AdaptiveSizePolicyWeight=90 -Dsun.zip.disableMemoryMapping=true -Xmx1G -Xms100m -Xlog:disable -javaagent:c:\Users\frank\.vscode\extensions\redhat.java-1.18.0-win32-x64\lombok\lombok-1.18.27.jar -XX:+HeapDumpOnOutOfMemoryError -XX:HeapDumpPath=c:\Users\frank\AppData\Roaming\Code\User\workspaceStorage\e29e35bb059e0e24ad39316f8f1c623d\redhat.java -Daether.dependencyCollector.impl=bf 
java_command: c:\Users\frank\.vscode\extensions\redhat.java-1.18.0-win32-x64\server\plugins\org.eclipse.equinox.launcher_1.6.400.v20210924-0641.jar -configuration c:\Users\frank\AppData\Roaming\Code\User\globalStorage\redhat.java\1.18.0\config_win -data c:\Users\frank\AppData\Roaming\Code\User\workspaceStorage\e29e35bb059e0e24ad39316f8f1c623d\redhat.java\jdt_ws
java_class_path (initial): c:\Users\frank\.vscode\extensions\redhat.java-1.18.0-win32-x64\server\plugins\org.eclipse.equinox.launcher_1.6.400.v20210924-0641.jar
Launcher Type: SUN_STANDARD

[Global flags]
    uintx AdaptiveSizePolicyWeight                 = 90                                        {product} {command line}
     intx CICompilerCount                          = 3                                         {product} {ergonomic}
    uintx GCTimeRatio                              = 4                                         {product} {command line}
     bool HeapDumpOnOutOfMemoryError               = true                                   {manageable} {command line}
    ccstr HeapDumpPath                             = c:\Users\frank\AppData\Roaming\Code\User\workspaceStorage\e29e35bb059e0e24ad39316f8f1c623d\redhat.java         {manageable} {command line}
   size_t InitialHeapSize                          = 104857600                                 {product} {command line}
   size_t MaxHeapSize                              = 1073741824                                {product} {command line}
   size_t MaxNewSize                               = 357564416                                 {product} {ergonomic}
   size_t MinHeapDeltaBytes                        = 524288                                    {product} {ergonomic}
   size_t MinHeapSize                              = 104857600                                 {product} {command line}
   size_t NewSize                                  = 34603008                                  {product} {ergonomic}
    uintx NonNMethodCodeHeapSize                   = 5832780                                {pd product} {ergonomic}
    uintx NonProfiledCodeHeapSize                  = 122912730                              {pd product} {ergonomic}
   size_t OldSize                                  = 70254592                                  {product} {ergonomic}
    uintx ProfiledCodeHeapSize                     = 122912730                              {pd product} {ergonomic}
    uintx ReservedCodeCacheSize                    = 251658240                              {pd product} {ergonomic}
     bool SegmentedCodeCache                       = true                                      {product} {ergonomic}
   size_t SoftMaxHeapSize                          = 1073741824                             {manageable} {ergonomic}
     bool UseCompressedClassPointers               = true                           {product lp64_product} {ergonomic}
     bool UseCompressedOops                        = true                           {product lp64_product} {ergonomic}
     bool UseLargePagesIndividualAllocation        = false                                  {pd product} {ergonomic}
     bool UseParallelGC                            = true                                      {product} {command line}

Logging:
Log output configuration:
 #0: stdout all=off uptime,level,tags
 #1: stderr all=off uptime,level,tags

Environment Variables:
JAVA_HOME=C:\Program Files\Java\jdk-19
PATH=C:\Program Files\Common Files\Oracle\Java\javapath;C:\Program Files (x86)\Common Files\Oracle\Java\javapath;C:\app\frank\product\21c\dbhomeXE\bin;C:\Windows\system32;C:\Windows;C:\Windows\System32\Wbem;C:\Windows\System32\WindowsPowerShell\v1.0\;C:\Windows\System32\OpenSSH\;C:\xampp\php;C:\composer;C:\Program Files\wureset;C:\Users\frank\AppData\Local\Android\Sdk\platform-tools;C:\ProgramData\chocolatey\bin;C:\Program Files (x86)\Microchip\MPLAB C32 Suite\bin;C:\Program Files\Maven\apache-maven-3.9.1\bin;C:\Program Files\Java\jdk-19\bin;C:\Program Files\nodejs\;C:\Program Files\Git\cmd;C:\Program Files\Docker\Docker\resources\bin;C:\Users\frank\AppData\Local\Microsoft\WindowsApps;C:\Users\frank\AppData\Local\Programs\Microsoft VS Code\bin;C:\Users\frank\AppData\Roaming\Composer\vendor\bin;C:\Users\frank\AppData\Roaming\npm;
USERNAME=frank
OS=Windows_NT
PROCESSOR_IDENTIFIER=Intel64 Family 6 Model 58 Stepping 9, GenuineIntel
TMP=C:\Users\frank\AppData\Local\Temp
TEMP=C:\Users\frank\AppData\Local\Temp



---------------  S Y S T E M  ---------------

OS:
 Windows 10 , 64 bit Build 19041 (10.0.19041.2913)
OS uptime: 0 days 2:47 hours
Hyper-V role detected

CPU: total 4 (initial active 4) (2 cores per cpu, 2 threads per core) family 6 model 58 stepping 9 microcode 0x21, cx8, cmov, fxsr, ht, mmx, sse, sse2, sse3, ssse3, sse4.1, sse4.2, popcnt, tsc, tscinvbit, avx, erms, clmul, vzeroupper, clflush, hv

Memory: 4k page, system-wide physical 3659M (196M free)
TotalPageFile size 11851M (AvailPageFile size 1M)
current process WorkingSet (physical memory assigned to process): 79M, peak: 79M
current process commit charge ("private bytes"): 189M, peak: 189M

vm_info: OpenJDK 64-Bit Server VM (17.0.7+7) for windows-amd64 JRE (17.0.7+7), built on Apr 18 2023 22:10:42 by "temurin" with MS VC++ 16.7 (VS2019)

END.
