#
# There is insufficient memory for the Java Runtime Environment to continue.
# Native memory allocation (mmap) failed to map 147849216 bytes for G1 virtual space
# Possible reasons:
#   The system is out of physical RAM or swap space
#   The process is running with CompressedOops enabled, and the Java Heap may be blocking the growth of the native heap
# Possible solutions:
#   Reduce memory load on the system
#   Increase physical memory or swap space
#   Check if swap backing store is full
#   Decrease Java heap size (-Xmx/-Xms)
#   Decrease number of Java threads
#   Decrease Java thread stack sizes (-Xss)
#   Set larger code cache with -XX:ReservedCodeCacheSize=
#   JVM is running with Unscaled Compressed Oops mode in which the Java heap is
#     placed in the first 4GB address space. The Java Heap base address is the
#     maximum limit for the native heap growth. Please use -XX:HeapBaseMinAddress
#     to set the Java Heap base and to place the Java Heap above 4GB virtual address.
# This output file may be truncated or incomplete.
#
#  Out of Memory Error (os_windows.cpp:3527), pid=6248, tid=6660
#
# JRE version: Java(TM) SE Runtime Environment (19.0+36) (build 19+36-2238)
# Java VM: Java HotSpot(TM) 64-Bit Server VM (19+36-2238, mixed mode, emulated-client, sharing, tiered, compressed oops, compressed class ptrs, g1 gc, windows-amd64)
# No core dump will be written. Minidumps are not enabled by default on client versions of Windows
#

---------------  S U M M A R Y ------------

Command Line: -XX:TieredStopAtLevel=1 com.example.cliente.ClienteApplication

Host: Intel(R) Core(TM) i5-3230M CPU @ 2.60GHz, 4 cores, 3G,  Windows 10 , 64 bit Build 19041 (10.0.19041.2913)
Time: Wed May 10 20:37:58 2023 Hora est. Pacífico, Sudamérica elapsed time: 55.239439 seconds (0d 0h 0m 55s)

---------------  T H R E A D  ---------------

Current thread (0x00000286ad44c710):  VMThread "VM Thread" [stack: 0x000000aefaa00000,0x000000aefab00000] [id=6660]

Stack: [0x000000aefaa00000,0x000000aefab00000]
Native frames: (J=compiled Java code, j=interpreted, Vv=VM code, C=native code)
V  [jvm.dll+0x6ee8fa]
V  [jvm.dll+0x857a1e]
V  [jvm.dll+0x85940e]
V  [jvm.dll+0x859ac3]
V  [jvm.dll+0x28291f]
V  [jvm.dll+0x6eb6e9]
V  [jvm.dll+0x6e028a]
V  [jvm.dll+0x357136]
V  [jvm.dll+0x35eb96]
V  [jvm.dll+0x3b555e]
V  [jvm.dll+0x3b578f]
V  [jvm.dll+0x32c6ea]
V  [jvm.dll+0x32c797]
V  [jvm.dll+0x374b52]
V  [jvm.dll+0x37328f]
V  [jvm.dll+0x32bf10]
V  [jvm.dll+0x37282b]
V  [jvm.dll+0x85ef83]
V  [jvm.dll+0x85fd49]
V  [jvm.dll+0x86027d]
V  [jvm.dll+0x86070b]
V  [jvm.dll+0x8607c7]
V  [jvm.dll+0x8015fa]
V  [jvm.dll+0x6ed5eb]
C  [ucrtbase.dll+0x21bb2]
C  [KERNEL32.DLL+0x17614]
C  [ntdll.dll+0x526a1]

VM_Operation (0x000000aefc4fe590): G1CollectForAllocation, mode: safepoint, requested by thread 0x00000286c33e1e40


---------------  P R O C E S S  ---------------

Threads class SMR info:
_java_thread_list=0x00000286c2aec7e0, length=26, elements={
0x00000286ad38b7e0, 0x00000286bc781760, 0x00000286bc782690, 0x00000286bc7869a0,
0x00000286bc78d810, 0x00000286bc78e140, 0x00000286bc78c550, 0x00000286bc793f80,
0x00000286bc79d520, 0x00000286c0c7f120, 0x00000286c0c85930, 0x00000286c166f1d0,
0x00000286c22d44a0, 0x00000286c22d49e0, 0x00000286c0c014f0, 0x00000286c22355c0,
0x00000286c2631050, 0x00000286c140b720, 0x00000286c33e13a0, 0x00000286c33e1e40,
0x00000286c33e3380, 0x00000286c33e3e20, 0x00000286c33e4370, 0x00000286c33e28e0,
0x00000286c33e6350, 0x00000286c33e68a0
}

Java Threads: ( => current thread )
  0x00000286ad38b7e0 JavaThread "main" [_thread_blocked, id=11460, stack(0x000000aefa400000,0x000000aefa500000)]
  0x00000286bc781760 JavaThread "Reference Handler" daemon [_thread_blocked, id=1484, stack(0x000000aefab00000,0x000000aefac00000)]
  0x00000286bc782690 JavaThread "Finalizer" daemon [_thread_blocked, id=4924, stack(0x000000aefac00000,0x000000aefad00000)]
  0x00000286bc7869a0 JavaThread "Signal Dispatcher" daemon [_thread_blocked, id=14808, stack(0x000000aefad00000,0x000000aefae00000)]
  0x00000286bc78d810 JavaThread "Attach Listener" daemon [_thread_blocked, id=11304, stack(0x000000aefae00000,0x000000aefaf00000)]
  0x00000286bc78e140 JavaThread "Service Thread" daemon [_thread_blocked, id=12228, stack(0x000000aefaf00000,0x000000aefb000000)]
  0x00000286bc78c550 JavaThread "Monitor Deflation Thread" daemon [_thread_blocked, id=3460, stack(0x000000aefb000000,0x000000aefb100000)]
  0x00000286bc793f80 JavaThread "C1 CompilerThread0" daemon [_thread_blocked, id=15012, stack(0x000000aefb100000,0x000000aefb200000)]
  0x00000286bc79d520 JavaThread "Sweeper thread" daemon [_thread_blocked, id=10992, stack(0x000000aefb200000,0x000000aefb300000)]
  0x00000286c0c7f120 JavaThread "Notification Thread" daemon [_thread_blocked, id=3184, stack(0x000000aefb500000,0x000000aefb600000)]
  0x00000286c0c85930 JavaThread "Common-Cleaner" daemon [_thread_blocked, id=4200, stack(0x000000aefb700000,0x000000aefb800000)]
  0x00000286c166f1d0 JavaThread "Keep-Alive-Timer" daemon [_thread_blocked, id=15576, stack(0x000000aefbc00000,0x000000aefbd00000)]
  0x00000286c22d44a0 JavaThread "Catalina-utility-1" [_thread_blocked, id=15480, stack(0x000000aefbe00000,0x000000aefbf00000)]
  0x00000286c22d49e0 JavaThread "Catalina-utility-2" [_thread_blocked, id=16224, stack(0x000000aefbf00000,0x000000aefc000000)]
  0x00000286c0c014f0 JavaThread "container-0" [_thread_blocked, id=16260, stack(0x000000aefc000000,0x000000aefc100000)]
  0x00000286c22355c0 JavaThread "mysql-cj-abandoned-connection-cleanup" daemon [_thread_blocked, id=15792, stack(0x000000aefc100000,0x000000aefc200000)]
  0x00000286c2631050 JavaThread "HikariPool-1 housekeeper" daemon [_thread_blocked, id=16328, stack(0x000000aefc200000,0x000000aefc300000)]
  0x00000286c140b720 JavaThread "C1 CompilerThread1" daemon [_thread_blocked, id=13380, stack(0x000000aefbd00000,0x000000aefbe00000)]
  0x00000286c33e13a0 JavaThread "ClassGraph-worker-16" daemon [_thread_blocked, id=16136, stack(0x000000aefc300000,0x000000aefc400000)]
  0x00000286c33e1e40 JavaThread "ClassGraph-worker-17" daemon [_thread_blocked, id=8488, stack(0x000000aefc400000,0x000000aefc500000)]
  0x00000286c33e3380 JavaThread "ClassGraph-worker-18" daemon [_thread_blocked, id=16192, stack(0x000000aefc500000,0x000000aefc600000)]
  0x00000286c33e3e20 JavaThread "ClassGraph-worker-19" daemon [_thread_blocked, id=12468, stack(0x000000aefc600000,0x000000aefc700000)]
  0x00000286c33e4370 JavaThread "ClassGraph-worker-20" daemon [_thread_blocked, id=16248, stack(0x000000aefc700000,0x000000aefc800000)]
  0x00000286c33e28e0 JavaThread "ClassGraph-worker-21" daemon [_thread_blocked, id=15508, stack(0x000000aefc800000,0x000000aefc900000)]
  0x00000286c33e6350 JavaThread "ClassGraph-worker-22" daemon [_thread_blocked, id=15584, stack(0x000000aefc900000,0x000000aefca00000)]
  0x00000286c33e68a0 JavaThread "ClassGraph-worker-23" daemon [_thread_blocked, id=15852, stack(0x000000aefca00000,0x000000aefcb00000)]

Other Threads:
=>0x00000286ad44c710 VMThread "VM Thread" [stack: 0x000000aefaa00000,0x000000aefab00000] [id=6660]
  0x00000286c0c81670 WatcherThread "VM Periodic Task Thread" [stack: 0x000000aefb600000,0x000000aefb700000] [id=10916]
  0x00000286ad3cb4f0 WorkerThread "GC Thread#0" [stack: 0x000000aefa500000,0x000000aefa600000] [id=14016]
  0x00000286c12f5390 WorkerThread "GC Thread#1" [stack: 0x000000aefb800000,0x000000aefb900000] [id=1280]
  0x00000286c1335770 WorkerThread "GC Thread#2" [stack: 0x000000aefb900000,0x000000aefba00000] [id=224]
  0x00000286c1335a40 WorkerThread "GC Thread#3" [stack: 0x000000aefba00000,0x000000aefbb00000] [id=9844]
  0x00000286ad3d3870 ConcurrentGCThread "G1 Main Marker" [stack: 0x000000aefa600000,0x000000aefa700000] [id=12732]
  0x00000286ad3d6a60 WorkerThread "G1 Conc#0" [stack: 0x000000aefa700000,0x000000aefa800000] [id=5408]
  0x00000286ad42a960 ConcurrentGCThread "G1 Refine#0" [stack: 0x000000aefa800000,0x000000aefa900000] [id=11828]
  0x00000286ad42b4a0 ConcurrentGCThread "G1 Service" [stack: 0x000000aefa900000,0x000000aefaa00000] [id=12648]

Threads with active compile tasks:

VM state: at safepoint (normal execution)

VM Mutex/Monitor currently owned by a thread:  ([mutex/lock_event])
[0x00000286ad386e90] Threads_lock - owner thread: 0x00000286ad44c710
[0x00000286ad386f20] Heap_lock - owner thread: 0x00000286c33e1e40

Heap address: 0x00000000c6c00000, size: 916 MB, Compressed Oops mode: 32-bit

CDS archive(s) mapped at: [0x0000000800000000-0x0000000800c40000-0x0000000800c40000), size 12845056, SharedBaseAddress: 0x0000000800000000, ArchiveRelocationMode: 0.
Compressed class space mapped at: 0x0000000801000000-0x0000000841000000, reserved size: 1073741824
Narrow klass base: 0x0000000800000000, Narrow klass shift: 0, Narrow klass range: 0x100000000

GC Precious Log:
 CardTable entry size: 512
 Card Set container configuration: InlinePtr #cards 5 size 8 Array Of Cards #cards 12 size 40 Howl #buckets 4 coarsen threshold 1843 Howl Bitmap #cards 512 size 80 coarsen threshold 460 Card regions per heap region 1 cards per card region 2048
 CPUs: 4 total, 4 available
 Memory: 3659M
 Large Page Support: Disabled
 NUMA Support: Disabled
 Compressed Oops: Enabled (32-bit)
 Heap Region Size: 1M
 Heap Min Capacity: 8M
 Heap Initial Capacity: 58M
 Heap Max Capacity: 916M
 Pre-touch: Disabled
 Parallel Workers: 4
 Concurrent Workers: 1
 Concurrent Refinement Workers: 4
 Periodic GC: Disabled

Heap:
 garbage-first heap   total 97280K, used 56472K [0x00000000c6c00000, 0x0000000100000000)
  region size 1024K, 3 young (3072K), 3 survivors (3072K)
 Metaspace       used 64336K, committed 64960K, reserved 1114112K
  class space    used 8902K, committed 9216K, reserved 1048576K

Heap Regions: E=young(eden), S=young(survivor), O=old, HS=humongous(starts), HC=humongous(continues), CS=collection set, F=free, OA=open archive, CA=closed archive, TAMS=top-at-mark-start (previous, next)
|   0|0x00000000c6c00000, 0x00000000c6d00000, 0x00000000c6d00000|100%|HS|  |TAMS 0x00000000c6d00000, 0x00000000c6c00000| Complete 
|   1|0x00000000c6d00000, 0x00000000c6e00000, 0x00000000c6e00000|100%| O|  |TAMS 0x00000000c6e00000, 0x00000000c6d00000| Untracked 
|   2|0x00000000c6e00000, 0x00000000c6f00000, 0x00000000c6f00000|100%| O|  |TAMS 0x00000000c6f00000, 0x00000000c6e00000| Untracked 
|   3|0x00000000c6f00000, 0x00000000c7000000, 0x00000000c7000000|100%| O|  |TAMS 0x00000000c7000000, 0x00000000c6f00000| Untracked 
|   4|0x00000000c7000000, 0x00000000c7100000, 0x00000000c7100000|100%| O|  |TAMS 0x00000000c7100000, 0x00000000c7000000| Untracked 
|   5|0x00000000c7100000, 0x00000000c7200000, 0x00000000c7200000|100%| O|  |TAMS 0x00000000c7200000, 0x00000000c7100000| Untracked 
|   6|0x00000000c7200000, 0x00000000c7300000, 0x00000000c7300000|100%| O|  |TAMS 0x00000000c7300000, 0x00000000c7200000| Untracked 
|   7|0x00000000c7300000, 0x00000000c7400000, 0x00000000c7400000|100%| O|  |TAMS 0x00000000c7400000, 0x00000000c7300000| Untracked 
|   8|0x00000000c7400000, 0x00000000c7500000, 0x00000000c7500000|100%| O|  |TAMS 0x00000000c7500000, 0x00000000c7400000| Untracked 
|   9|0x00000000c7500000, 0x00000000c7600000, 0x00000000c7600000|100%| O|  |TAMS 0x00000000c7600000, 0x00000000c7500000| Untracked 
|  10|0x00000000c7600000, 0x00000000c7700000, 0x00000000c7700000|100%| O|  |TAMS 0x00000000c7700000, 0x00000000c7600000| Untracked 
|  11|0x00000000c7700000, 0x00000000c7800000, 0x00000000c7800000|100%| O|  |TAMS 0x00000000c7800000, 0x00000000c7700000| Untracked 
|  12|0x00000000c7800000, 0x00000000c7900000, 0x00000000c7900000|100%| O|  |TAMS 0x00000000c7900000, 0x00000000c7800000| Untracked 
|  13|0x00000000c7900000, 0x00000000c7a00000, 0x00000000c7a00000|100%| O|  |TAMS 0x00000000c7a00000, 0x00000000c7900000| Untracked 
|  14|0x00000000c7a00000, 0x00000000c7b00000, 0x00000000c7b00000|100%| O|  |TAMS 0x00000000c7b00000, 0x00000000c7a00000| Untracked 
|  15|0x00000000c7b00000, 0x00000000c7c00000, 0x00000000c7c00000|100%| O|  |TAMS 0x00000000c7c00000, 0x00000000c7b00000| Untracked 
|  16|0x00000000c7c00000, 0x00000000c7d00000, 0x00000000c7d00000|100%| O|  |TAMS 0x00000000c7d00000, 0x00000000c7c00000| Untracked 
|  17|0x00000000c7d00000, 0x00000000c7e00000, 0x00000000c7e00000|100%| O|  |TAMS 0x00000000c7e00000, 0x00000000c7d00000| Untracked 
|  18|0x00000000c7e00000, 0x00000000c7f00000, 0x00000000c7f00000|100%| O|  |TAMS 0x00000000c7f00000, 0x00000000c7e00000| Untracked 
|  19|0x00000000c7f00000, 0x00000000c8000000, 0x00000000c8000000|100%| O|  |TAMS 0x00000000c8000000, 0x00000000c7f00000| Untracked 
|  20|0x00000000c8000000, 0x00000000c8100000, 0x00000000c8100000|100%| O|  |TAMS 0x00000000c8100000, 0x00000000c8000000| Untracked 
|  21|0x00000000c8100000, 0x00000000c8200000, 0x00000000c8200000|100%| O|  |TAMS 0x00000000c8200000, 0x00000000c8100000| Untracked 
|  22|0x00000000c8200000, 0x00000000c8300000, 0x00000000c8300000|100%| O|  |TAMS 0x00000000c8300000, 0x00000000c8200000| Untracked 
|  23|0x00000000c8300000, 0x00000000c8400000, 0x00000000c8400000|100%| O|  |TAMS 0x00000000c8400000, 0x00000000c8300000| Untracked 
|  24|0x00000000c8400000, 0x00000000c8500000, 0x00000000c8500000|100%| O|  |TAMS 0x00000000c8500000, 0x00000000c8400000| Untracked 
|  25|0x00000000c8500000, 0x00000000c8600000, 0x00000000c8600000|100%| O|  |TAMS 0x00000000c8600000, 0x00000000c8500000| Untracked 
|  26|0x00000000c8600000, 0x00000000c8700000, 0x00000000c8700000|100%| O|  |TAMS 0x00000000c8700000, 0x00000000c8600000| Untracked 
|  27|0x00000000c8700000, 0x00000000c8800000, 0x00000000c8800000|100%| O|  |TAMS 0x00000000c8800000, 0x00000000c8700000| Untracked 
|  28|0x00000000c8800000, 0x00000000c8900000, 0x00000000c8900000|100%| O|  |TAMS 0x00000000c8900000, 0x00000000c8800000| Untracked 
|  29|0x00000000c8900000, 0x00000000c8a00000, 0x00000000c8a00000|100%| O|  |TAMS 0x00000000c8a00000, 0x00000000c8900000| Untracked 
|  30|0x00000000c8a00000, 0x00000000c8b00000, 0x00000000c8b00000|100%| O|  |TAMS 0x00000000c8b00000, 0x00000000c8a00000| Untracked 
|  31|0x00000000c8b00000, 0x00000000c8c00000, 0x00000000c8c00000|100%| O|  |TAMS 0x00000000c8c00000, 0x00000000c8b00000| Untracked 
|  32|0x00000000c8c00000, 0x00000000c8d00000, 0x00000000c8d00000|100%| O|  |TAMS 0x00000000c8d00000, 0x00000000c8c00000| Untracked 
|  33|0x00000000c8d00000, 0x00000000c8e00000, 0x00000000c8e00000|100%| O|  |TAMS 0x00000000c8e00000, 0x00000000c8d00000| Untracked 
|  34|0x00000000c8e00000, 0x00000000c8e00000, 0x00000000c8f00000|  0%| F|  |TAMS 0x00000000c8e00000, 0x00000000c8e00000| Untracked 
|  35|0x00000000c8f00000, 0x00000000c9000000, 0x00000000c9000000|100%| O|  |TAMS 0x00000000c8f00000, 0x00000000c8f00000| Untracked 
|  36|0x00000000c9000000, 0x00000000c9100000, 0x00000000c9100000|100%| O|  |TAMS 0x00000000c9100000, 0x00000000c9000000| Untracked 
|  37|0x00000000c9100000, 0x00000000c9200000, 0x00000000c9200000|100%| O|  |TAMS 0x00000000c9200000, 0x00000000c9100000| Untracked 
|  38|0x00000000c9200000, 0x00000000c9300000, 0x00000000c9300000|100%| O|  |TAMS 0x00000000c9300000, 0x00000000c9200000| Untracked 
|  39|0x00000000c9300000, 0x00000000c9400000, 0x00000000c9400000|100%| O|  |TAMS 0x00000000c9400000, 0x00000000c9300000| Untracked 
|  40|0x00000000c9400000, 0x00000000c9500000, 0x00000000c9500000|100%| O|  |TAMS 0x00000000c9500000, 0x00000000c9400000| Untracked 
|  41|0x00000000c9500000, 0x00000000c9600000, 0x00000000c9600000|100%| O|  |TAMS 0x00000000c9597000, 0x00000000c9500000| Untracked 
|  42|0x00000000c9600000, 0x00000000c9700000, 0x00000000c9700000|100%| O|  |TAMS 0x00000000c9600000, 0x00000000c9600000| Untracked 
|  43|0x00000000c9700000, 0x00000000c9800000, 0x00000000c9800000|100%| O|  |TAMS 0x00000000c9700000, 0x00000000c9700000| Untracked 
|  44|0x00000000c9800000, 0x00000000c9900000, 0x00000000c9900000|100%| O|  |TAMS 0x00000000c9800000, 0x00000000c9800000| Untracked 
|  45|0x00000000c9900000, 0x00000000c9a00000, 0x00000000c9a00000|100%| O|  |TAMS 0x00000000c9900000, 0x00000000c9900000| Untracked 
|  46|0x00000000c9a00000, 0x00000000c9b00000, 0x00000000c9b00000|100%| O|  |TAMS 0x00000000c9a00000, 0x00000000c9a00000| Untracked 
|  47|0x00000000c9b00000, 0x00000000c9c00000, 0x00000000c9c00000|100%| O|  |TAMS 0x00000000c9b00000, 0x00000000c9b00000| Untracked 
|  48|0x00000000c9c00000, 0x00000000c9d00000, 0x00000000c9d00000|100%| O|  |TAMS 0x00000000c9c00000, 0x00000000c9c00000| Untracked 
|  49|0x00000000c9d00000, 0x00000000c9e00000, 0x00000000c9e00000|100%| O|  |TAMS 0x00000000c9d00000, 0x00000000c9d00000| Untracked 
|  50|0x00000000c9e00000, 0x00000000c9f00000, 0x00000000c9f00000|100%| O|  |TAMS 0x00000000c9e00000, 0x00000000c9e00000| Untracked 
|  51|0x00000000c9f00000, 0x00000000ca000000, 0x00000000ca000000|100%| O|  |TAMS 0x00000000c9f00000, 0x00000000c9f00000| Untracked 
|  52|0x00000000ca000000, 0x00000000ca100000, 0x00000000ca100000|100%| O|  |TAMS 0x00000000ca000000, 0x00000000ca000000| Untracked 
|  53|0x00000000ca100000, 0x00000000ca126000, 0x00000000ca200000| 14%| O|  |TAMS 0x00000000ca100000, 0x00000000ca100000| Untracked 
|  54|0x00000000ca200000, 0x00000000ca200000, 0x00000000ca300000|  0%| F|  |TAMS 0x00000000ca200000, 0x00000000ca200000| Untracked 
|  55|0x00000000ca300000, 0x00000000ca300000, 0x00000000ca400000|  0%| F|  |TAMS 0x00000000ca300000, 0x00000000ca300000| Untracked 
|  56|0x00000000ca400000, 0x00000000ca400000, 0x00000000ca500000|  0%| F|  |TAMS 0x00000000ca400000, 0x00000000ca400000| Untracked 
|  57|0x00000000ca500000, 0x00000000ca500000, 0x00000000ca600000|  0%| F|  |TAMS 0x00000000ca500000, 0x00000000ca500000| Untracked 
|  58|0x00000000ca600000, 0x00000000ca600000, 0x00000000ca700000|  0%| F|  |TAMS 0x00000000ca600000, 0x00000000ca600000| Untracked 
|  59|0x00000000ca700000, 0x00000000ca700000, 0x00000000ca800000|  0%| F|  |TAMS 0x00000000ca700000, 0x00000000ca700000| Untracked 
|  60|0x00000000ca800000, 0x00000000ca800000, 0x00000000ca900000|  0%| F|  |TAMS 0x00000000ca800000, 0x00000000ca800000| Untracked 
|  61|0x00000000ca900000, 0x00000000ca900000, 0x00000000caa00000|  0%| F|  |TAMS 0x00000000ca900000, 0x00000000ca900000| Untracked 
|  62|0x00000000caa00000, 0x00000000caa00000, 0x00000000cab00000|  0%| F|  |TAMS 0x00000000caa00000, 0x00000000caa00000| Untracked 
|  63|0x00000000cab00000, 0x00000000cab00000, 0x00000000cac00000|  0%| F|  |TAMS 0x00000000cab00000, 0x00000000cab00000| Untracked 
|  64|0x00000000cac00000, 0x00000000cac00000, 0x00000000cad00000|  0%| F|  |TAMS 0x00000000cac00000, 0x00000000cac00000| Untracked 
|  65|0x00000000cad00000, 0x00000000cad00000, 0x00000000cae00000|  0%| F|  |TAMS 0x00000000cad00000, 0x00000000cad00000| Untracked 
|  66|0x00000000cae00000, 0x00000000cae00000, 0x00000000caf00000|  0%| F|  |TAMS 0x00000000cae00000, 0x00000000cae00000| Untracked 
|  67|0x00000000caf00000, 0x00000000caf00000, 0x00000000cb000000|  0%| F|  |TAMS 0x00000000caf00000, 0x00000000caf00000| Untracked 
|  68|0x00000000cb000000, 0x00000000cb000000, 0x00000000cb100000|  0%| F|  |TAMS 0x00000000cb000000, 0x00000000cb000000| Untracked 
|  69|0x00000000cb100000, 0x00000000cb200000, 0x00000000cb200000|100%| S|CS|TAMS 0x00000000cb100000, 0x00000000cb100000| Complete 
|  70|0x00000000cb200000, 0x00000000cb300000, 0x00000000cb300000|100%| S|CS|TAMS 0x00000000cb200000, 0x00000000cb200000| Complete 
|  71|0x00000000cb300000, 0x00000000cb400000, 0x00000000cb400000|100%| S|CS|TAMS 0x00000000cb300000, 0x00000000cb300000| Complete 
|  72|0x00000000cb400000, 0x00000000cb400000, 0x00000000cb500000|  0%| F|  |TAMS 0x00000000cb400000, 0x00000000cb400000| Untracked 
|  73|0x00000000cb500000, 0x00000000cb500000, 0x00000000cb600000|  0%| F|  |TAMS 0x00000000cb500000, 0x00000000cb500000| Untracked 
|  74|0x00000000cb600000, 0x00000000cb600000, 0x00000000cb700000|  0%| F|  |TAMS 0x00000000cb600000, 0x00000000cb600000| Untracked 
|  75|0x00000000cb700000, 0x00000000cb700000, 0x00000000cb800000|  0%| F|  |TAMS 0x00000000cb700000, 0x00000000cb700000| Untracked 
|  76|0x00000000cb800000, 0x00000000cb800000, 0x00000000cb900000|  0%| F|  |TAMS 0x00000000cb800000, 0x00000000cb800000| Untracked 
|  77|0x00000000cb900000, 0x00000000cb900000, 0x00000000cba00000|  0%| F|  |TAMS 0x00000000cb900000, 0x00000000cb900000| Untracked 
|  78|0x00000000cba00000, 0x00000000cba00000, 0x00000000cbb00000|  0%| F|  |TAMS 0x00000000cba00000, 0x00000000cba00000| Untracked 
|  79|0x00000000cbb00000, 0x00000000cbb00000, 0x00000000cbc00000|  0%| F|  |TAMS 0x00000000cbb00000, 0x00000000cbb00000| Untracked 
|  80|0x00000000cbc00000, 0x00000000cbc00000, 0x00000000cbd00000|  0%| F|  |TAMS 0x00000000cbc00000, 0x00000000cbc00000| Untracked 
|  81|0x00000000cbd00000, 0x00000000cbd00000, 0x00000000cbe00000|  0%| F|  |TAMS 0x00000000cbd00000, 0x00000000cbd00000| Untracked 
|  82|0x00000000cbe00000, 0x00000000cbe00000, 0x00000000cbf00000|  0%| F|  |TAMS 0x00000000cbe00000, 0x00000000cbe00000| Untracked 
|  83|0x00000000cbf00000, 0x00000000cbf00000, 0x00000000cc000000|  0%| F|  |TAMS 0x00000000cbf00000, 0x00000000cbf00000| Untracked 
|  84|0x00000000cc000000, 0x00000000cc000000, 0x00000000cc100000|  0%| F|  |TAMS 0x00000000cc000000, 0x00000000cc000000| Untracked 
|  85|0x00000000cc100000, 0x00000000cc100000, 0x00000000cc200000|  0%| F|  |TAMS 0x00000000cc100000, 0x00000000cc100000| Untracked 
|  86|0x00000000cc200000, 0x00000000cc200000, 0x00000000cc300000|  0%| F|  |TAMS 0x00000000cc200000, 0x00000000cc200000| Untracked 
|  87|0x00000000cc300000, 0x00000000cc300000, 0x00000000cc400000|  0%| F|  |TAMS 0x00000000cc300000, 0x00000000cc300000| Untracked 
|  88|0x00000000cc400000, 0x00000000cc400000, 0x00000000cc500000|  0%| F|  |TAMS 0x00000000cc400000, 0x00000000cc400000| Untracked 
|  89|0x00000000cc500000, 0x00000000cc500000, 0x00000000cc600000|  0%| F|  |TAMS 0x00000000cc500000, 0x00000000cc500000| Untracked 
|  90|0x00000000cc600000, 0x00000000cc600000, 0x00000000cc700000|  0%| F|  |TAMS 0x00000000cc600000, 0x00000000cc600000| Untracked 
|  91|0x00000000cc700000, 0x00000000cc700000, 0x00000000cc800000|  0%| F|  |TAMS 0x00000000cc700000, 0x00000000cc700000| Untracked 
|  92|0x00000000cc800000, 0x00000000cc800000, 0x00000000cc900000|  0%| F|  |TAMS 0x00000000cc800000, 0x00000000cc800000| Untracked 
|  93|0x00000000cc900000, 0x00000000cc900000, 0x00000000cca00000|  0%| F|  |TAMS 0x00000000cc900000, 0x00000000cc900000| Untracked 
|  94|0x00000000cca00000, 0x00000000cca00000, 0x00000000ccb00000|  0%| F|  |TAMS 0x00000000cca00000, 0x00000000cca00000| Untracked 

Card table byte_map: [0x00000286b82e0000,0x00000286b84b0000] _byte_map_base: 0x00000286b7caa000

Marking Bits (Prev, Next): (CMBitMap*) 0x00000286ad3cbb60, (CMBitMap*) 0x00000286ad3cbb20
 Prev Bits: [0x00000286b94d0000, 0x00000286ba320000)
 Next Bits: [0x00000286b8680000, 0x00000286b94d0000)

Polling page: 0x00000286acb50000

Metaspace:

Usage:
  Non-class:     54.13 MB used.
      Class:      8.69 MB used.
       Both:     62.83 MB used.

Virtual space:
  Non-class space:       64.00 MB reserved,      54.44 MB ( 85%) committed,  1 nodes.
      Class space:        1.00 GB reserved,       9.00 MB ( <1%) committed,  1 nodes.
             Both:        1.06 GB reserved,      63.44 MB (  6%) committed. 

Chunk freelists:
   Non-Class:  1.39 MB
       Class:  3.03 MB
        Both:  4.42 MB

MaxMetaspaceSize: unlimited
CompressedClassSpaceSize: 1.00 GB
Initial GC threshold: 21.00 MB
Current GC threshold: 105.75 MB
CDS: on
MetaspaceReclaimPolicy: balanced
 - commit_granule_bytes: 65536.
 - commit_granule_words: 8192.
 - virtual_space_node_default_size: 8388608.
 - enlarge_chunks_in_place: 1.
 - new_chunks_are_fully_committed: 0.
 - uncommit_free_chunks: 1.
 - use_allocation_guard: 0.


Internal statistics:

num_allocs_failed_limit: 9.
num_arena_births: 872.
num_arena_deaths: 10.
num_vsnodes_births: 2.
num_vsnodes_deaths: 0.
num_space_committed: 1015.
num_space_uncommitted: 0.
num_chunks_returned_to_freelist: 20.
num_chunks_taken_from_freelist: 3084.
num_chunk_merges: 9.
num_chunk_splits: 2288.
num_chunks_enlarged: 1886.
num_inconsistent_stats: 0.

CodeCache: size=49152Kb used=11117Kb max_used=11117Kb free=38034Kb
 bounds [0x00000286b52e0000, 0x00000286b5dc0000, 0x00000286b82e0000]
 total_blobs=6288 nmethods=5618 adapters=594
 compilation: enabled
              stopped_count=0, restarted_count=0
 full_count=0

Compilation events (20 events):
Event: 55.124 Thread 0x00000286bc793f80 nmethod 5607 0x00000286b5db5a10 code [0x00000286b5db5be0, 0x00000286b5db5f68]
Event: 55.124 Thread 0x00000286bc793f80 5609       1       sun.nio.fs.WindowsChannelFactory$Flags::<init> (20 bytes)
Event: 55.124 Thread 0x00000286bc793f80 nmethod 5609 0x00000286b5db6110 code [0x00000286b5db62a0, 0x00000286b5db6378]
Event: 55.124 Thread 0x00000286bc793f80 5610   !   1       sun.nio.fs.WindowsChannelFactory::open (457 bytes)
Event: 55.124 Thread 0x00000286c140b720 nmethod 5608 0x00000286b5db6410 code [0x00000286b5db66c0, 0x00000286b5db7218]
Event: 55.124 Thread 0x00000286c140b720 5611   !   1       sun.nio.fs.WindowsNativeDispatcher::CreateFile (83 bytes)
Event: 55.125 Thread 0x00000286c140b720 nmethod 5611 0x00000286b5db7790 code [0x00000286b5db7980, 0x00000286b5db7c38]
Event: 55.126 Thread 0x00000286bc793f80 nmethod 5610 0x00000286b5db7f90 code [0x00000286b5db81c0, 0x00000286b5db8838]
Event: 55.146 Thread 0x00000286bc793f80 5613       1       java.nio.file.FileSystems::getDefault (14 bytes)
Event: 55.146 Thread 0x00000286bc793f80 nmethod 5613 0x00000286b5db8c90 code [0x00000286b5db8e40, 0x00000286b5db8f58]
Event: 55.158 Thread 0x00000286c140b720 5614       1       java.nio.file.Files::isReadable (15 bytes)
Event: 55.158 Thread 0x00000286c140b720 nmethod 5614 0x00000286b5db9010 code [0x00000286b5db91c0, 0x00000286b5db9478]
Event: 55.158 Thread 0x00000286c140b720 5616   !   1       sun.nio.fs.WindowsFileSystemProvider::checkAccess (298 bytes)
Event: 55.160 Thread 0x00000286bc793f80 5617   !   1       sun.nio.fs.WindowsFileSystemProvider::checkReadAccess (70 bytes)
Event: 55.161 Thread 0x00000286bc793f80 nmethod 5617 0x00000286b5db9690 code [0x00000286b5db98a0, 0x00000286b5db9c68]
Event: 55.161 Thread 0x00000286bc793f80 5615   !   1       java.nio.file.Files::isAccessible (14 bytes)
Event: 55.161 Thread 0x00000286c140b720 nmethod 5616 0x00000286b5db9f90 code [0x00000286b5dba220, 0x00000286b5dba9d8]
Event: 55.161 Thread 0x00000286bc793f80 nmethod 5615 0x00000286b5dbaf90 code [0x00000286b5dbb140, 0x00000286b5dbb298]
Event: 55.189 Thread 0x00000286c140b720 5618       1       nonapi.io.github.classgraph.fastzipfilereader.PhysicalZipFile::getPath (5 bytes)
Event: 55.190 Thread 0x00000286c140b720 nmethod 5618 0x00000286b5dbb410 code [0x00000286b5dbb5a0, 0x00000286b5dbb658]

GC Heap History (20 events):
Event: 51.649 GC heap after
{Heap after GC invocations=21 (full 0):
 garbage-first heap   total 55296K, used 28642K [0x00000000c6c00000, 0x0000000100000000)
  region size 1024K, 1 young (1024K), 1 survivors (1024K)
 Metaspace       used 60390K, committed 60928K, reserved 1114112K
  class space    used 8387K, committed 8640K, reserved 1048576K
}
Event: 52.364 GC heap before
{Heap before GC invocations=21 (full 0):
 garbage-first heap   total 55296K, used 42978K [0x00000000c6c00000, 0x0000000100000000)
  region size 1024K, 16 young (16384K), 1 survivors (1024K)
 Metaspace       used 62138K, committed 62784K, reserved 1114112K
  class space    used 8621K, committed 8896K, reserved 1048576K
}
Event: 52.368 GC heap after
{Heap after GC invocations=22 (full 0):
 garbage-first heap   total 55296K, used 29886K [0x00000000c6c00000, 0x0000000100000000)
  region size 1024K, 2 young (2048K), 2 survivors (2048K)
 Metaspace       used 62138K, committed 62784K, reserved 1114112K
  class space    used 8621K, committed 8896K, reserved 1048576K
}
Event: 53.223 GC heap before
{Heap before GC invocations=23 (full 0):
 garbage-first heap   total 56320K, used 44222K [0x00000000c6c00000, 0x0000000100000000)
  region size 1024K, 16 young (16384K), 2 survivors (2048K)
 Metaspace       used 64079K, committed 64768K, reserved 1114112K
  class space    used 8874K, committed 9216K, reserved 1048576K
}
Event: 53.229 GC heap after
{Heap after GC invocations=24 (full 0):
 garbage-first heap   total 56320K, used 31293K [0x00000000c6c00000, 0x0000000100000000)
  region size 1024K, 2 young (2048K), 2 survivors (2048K)
 Metaspace       used 64079K, committed 64768K, reserved 1114112K
  class space    used 8874K, committed 9216K, reserved 1048576K
}
Event: 53.613 GC heap before
{Heap before GC invocations=24 (full 0):
 garbage-first heap   total 56320K, used 31293K [0x00000000c6c00000, 0x0000000100000000)
  region size 1024K, 3 young (3072K), 2 survivors (2048K)
 Metaspace       used 64208K, committed 64896K, reserved 1114112K
  class space    used 8884K, committed 9216K, reserved 1048576K
}
Event: 53.621 GC heap after
{Heap after GC invocations=25 (full 0):
 garbage-first heap   total 56320K, used 31453K [0x00000000c6c00000, 0x0000000100000000)
  region size 1024K, 1 young (1024K), 1 survivors (1024K)
 Metaspace       used 64208K, committed 64896K, reserved 1114112K
  class space    used 8884K, committed 9216K, reserved 1048576K
}
Event: 53.725 GC heap before
{Heap before GC invocations=25 (full 0):
 garbage-first heap   total 56320K, used 44765K [0x00000000c6c00000, 0x0000000100000000)
  region size 1024K, 14 young (14336K), 1 survivors (1024K)
 Metaspace       used 64235K, committed 64896K, reserved 1114112K
  class space    used 8888K, committed 9216K, reserved 1048576K
}
Event: 53.729 GC heap after
{Heap after GC invocations=26 (full 0):
 garbage-first heap   total 56320K, used 34346K [0x00000000c6c00000, 0x0000000100000000)
  region size 1024K, 2 young (2048K), 2 survivors (2048K)
 Metaspace       used 64235K, committed 64896K, reserved 1114112K
  class space    used 8888K, committed 9216K, reserved 1048576K
}
Event: 53.851 GC heap before
{Heap before GC invocations=26 (full 0):
 garbage-first heap   total 56320K, used 43562K [0x00000000c6c00000, 0x0000000100000000)
  region size 1024K, 12 young (12288K), 2 survivors (2048K)
 Metaspace       used 64235K, committed 64896K, reserved 1114112K
  class space    used 8888K, committed 9216K, reserved 1048576K
}
Event: 53.856 GC heap after
{Heap after GC invocations=27 (full 0):
 garbage-first heap   total 87040K, used 37657K [0x00000000c6c00000, 0x0000000100000000)
  region size 1024K, 2 young (2048K), 2 survivors (2048K)
 Metaspace       used 64235K, committed 64896K, reserved 1114112K
  class space    used 8888K, committed 9216K, reserved 1048576K
}
Event: 54.177 GC heap before
{Heap before GC invocations=27 (full 0):
 garbage-first heap   total 87040K, used 64281K [0x00000000c6c00000, 0x0000000100000000)
  region size 1024K, 28 young (28672K), 2 survivors (2048K)
 Metaspace       used 64332K, committed 64960K, reserved 1114112K
  class space    used 8901K, committed 9216K, reserved 1048576K
}
Event: 54.193 GC heap after
{Heap after GC invocations=28 (full 0):
 garbage-first heap   total 87040K, used 45660K [0x00000000c6c00000, 0x0000000100000000)
  region size 1024K, 4 young (4096K), 4 survivors (4096K)
 Metaspace       used 64332K, committed 64960K, reserved 1114112K
  class space    used 8901K, committed 9216K, reserved 1048576K
}
Event: 54.463 GC heap before
{Heap before GC invocations=28 (full 0):
 garbage-first heap   total 87040K, used 47708K [0x00000000c6c00000, 0x0000000100000000)
  region size 1024K, 7 young (7168K), 4 survivors (4096K)
 Metaspace       used 64336K, committed 64960K, reserved 1114112K
  class space    used 8902K, committed 9216K, reserved 1048576K
}
Event: 54.472 GC heap after
{Heap after GC invocations=29 (full 0):
 garbage-first heap   total 87040K, used 46694K [0x00000000c6c00000, 0x0000000100000000)
  region size 1024K, 1 young (1024K), 1 survivors (1024K)
 Metaspace       used 64336K, committed 64960K, reserved 1114112K
  class space    used 8902K, committed 9216K, reserved 1048576K
}
Event: 54.855 GC heap before
{Heap before GC invocations=30 (full 0):
 garbage-first heap   total 97280K, used 66150K [0x00000000c6c00000, 0x0000000100000000)
  region size 1024K, 20 young (20480K), 1 survivors (1024K)
 Metaspace       used 64336K, committed 64960K, reserved 1114112K
  class space    used 8902K, committed 9216K, reserved 1048576K
}
Event: 54.866 GC heap after
{Heap after GC invocations=31 (full 0):
 garbage-first heap   total 97280K, used 50815K [0x00000000c6c00000, 0x0000000100000000)
  region size 1024K, 3 young (3072K), 3 survivors (3072K)
 Metaspace       used 64336K, committed 64960K, reserved 1114112K
  class space    used 8902K, committed 9216K, reserved 1048576K
}
Event: 54.872 GC heap before
{Heap before GC invocations=31 (full 0):
 garbage-first heap   total 97280K, used 51839K [0x00000000c6c00000, 0x0000000100000000)
  region size 1024K, 4 young (4096K), 3 survivors (3072K)
 Metaspace       used 64336K, committed 64960K, reserved 1114112K
  class space    used 8902K, committed 9216K, reserved 1048576K
}
Event: 54.881 GC heap after
{Heap after GC invocations=32 (full 0):
 garbage-first heap   total 97280K, used 50630K [0x00000000c6c00000, 0x0000000100000000)
  region size 1024K, 1 young (1024K), 1 survivors (1024K)
 Metaspace       used 64336K, committed 64960K, reserved 1114112K
  class space    used 8902K, committed 9216K, reserved 1048576K
}
Event: 55.198 GC heap before
{Heap before GC invocations=32 (full 0):
 garbage-first heap   total 97280K, used 73158K [0x00000000c6c00000, 0x0000000100000000)
  region size 1024K, 23 young (23552K), 1 survivors (1024K)
 Metaspace       used 64336K, committed 64960K, reserved 1114112K
  class space    used 8902K, committed 9216K, reserved 1048576K
}

Dll operation events (11 events):
Event: 0.019 Loaded shared library C:\Program Files\Java\jdk-19\bin\java.dll
Event: 0.037 Loaded shared library C:\Program Files\Java\jdk-19\bin\jsvml.dll
Event: 0.337 Loaded shared library C:\Program Files\Java\jdk-19\bin\net.dll
Event: 0.341 Loaded shared library C:\Program Files\Java\jdk-19\bin\nio.dll
Event: 0.351 Loaded shared library C:\Program Files\Java\jdk-19\bin\zip.dll
Event: 0.662 Loaded shared library C:\Program Files\Java\jdk-19\bin\jimage.dll
Event: 3.728 Loaded shared library C:\Program Files\Java\jdk-19\bin\extnet.dll
Event: 33.249 Loaded shared library C:\Program Files\Java\jdk-19\bin\verify.dll
Event: 43.037 Loaded shared library C:\Program Files\Java\jdk-19\bin\sunmscapi.dll
Event: 43.105 Loaded shared library C:\Program Files\Java\jdk-19\bin\management.dll
Event: 43.115 Loaded shared library C:\Program Files\Java\jdk-19\bin\management_ext.dll

Deoptimization events (14 events):
Event: 3.528 Thread 0x00000286ad38b7e0 DEOPT PACKING pc=0x00000286b55b4e9c sp=0x000000aefa4fe3f0
Event: 3.529 Thread 0x00000286ad38b7e0 DEOPT UNPACKING pc=0x00000286b5347543 sp=0x000000aefa4fd8b8 mode 0
Event: 33.419 Thread 0x00000286ad38b7e0 DEOPT PACKING pc=0x00000286b54424b9 sp=0x000000aefa4fd610
Event: 33.419 Thread 0x00000286ad38b7e0 DEOPT UNPACKING pc=0x00000286b5347543 sp=0x000000aefa4fcaf0 mode 3
Event: 42.704 Thread 0x00000286ad38b7e0 DEOPT PACKING pc=0x00000286b5a6489d sp=0x000000aefa4fd690
Event: 42.704 Thread 0x00000286ad38b7e0 DEOPT UNPACKING pc=0x00000286b5347543 sp=0x000000aefa4fcbf8 mode 3
Event: 51.122 Thread 0x00000286ad38b7e0 DEOPT PACKING pc=0x00000286b551f424 sp=0x000000aefa4fca60
Event: 51.122 Thread 0x00000286ad38b7e0 DEOPT UNPACKING pc=0x00000286b5347543 sp=0x000000aefa4fbfb8 mode 0
Event: 52.615 Thread 0x00000286ad38b7e0 DEOPT PACKING pc=0x00000286b5488ac2 sp=0x000000aefa4fe290
Event: 52.615 Thread 0x00000286ad38b7e0 DEOPT UNPACKING pc=0x00000286b5347543 sp=0x000000aefa4fd798 mode 3
Event: 52.616 Thread 0x00000286ad38b7e0 DEOPT PACKING pc=0x00000286b57bed5c sp=0x000000aefa4fe250
Event: 52.616 Thread 0x00000286ad38b7e0 DEOPT UNPACKING pc=0x00000286b5347543 sp=0x000000aefa4fd798 mode 3
Event: 53.146 Thread 0x00000286ad38b7e0 DEOPT PACKING pc=0x00000286b5d1a0fb sp=0x000000aefa4fdb90
Event: 53.146 Thread 0x00000286ad38b7e0 DEOPT UNPACKING pc=0x00000286b5347543 sp=0x000000aefa4fd0d8 mode 3

Classes loaded (20 events):
Event: 53.014 Loading class java/lang/LayerInstantiationException
Event: 53.015 Loading class java/lang/LayerInstantiationException done
Event: 53.015 Loading class jdk/internal/loader/Loader
Event: 53.016 Loading class jdk/internal/loader/Loader done
Event: 53.073 Loading class java/io/IOError
Event: 53.073 Loading class java/io/IOError done
Event: 53.112 Loading class java/util/AbstractMap$SimpleEntry
Event: 53.113 Loading class java/util/AbstractMap$SimpleEntry done
Event: 53.205 Loading class sun/nio/fs/WindowsLinkSupport
Event: 53.205 Loading class sun/nio/fs/WindowsLinkSupport done
Event: 53.609 Loading class java/nio/channels/spi/AbstractInterruptibleChannel$1
Event: 53.610 Loading class sun/nio/ch/Interruptible
Event: 53.610 Loading class sun/nio/ch/Interruptible done
Event: 53.610 Loading class java/nio/channels/spi/AbstractInterruptibleChannel$1 done
Event: 53.623 Loading class java/nio/ReadOnlyBufferException
Event: 53.623 Loading class java/nio/ReadOnlyBufferException done
Event: 53.629 Loading class java/util/zip/DataFormatException
Event: 53.630 Loading class java/util/zip/DataFormatException done
Event: 54.133 Loading class java/util/concurrent/atomic/Striped64$Cell
Event: 54.134 Loading class java/util/concurrent/atomic/Striped64$Cell done

Classes unloaded (5 events):
Event: 44.606 Thread 0x00000286ad44c710 Unloading class 0x00000008011d1c00 'java/lang/invoke/LambdaForm$DMH+0x00000008011d1c00'
Event: 44.606 Thread 0x00000286ad44c710 Unloading class 0x00000008011c4400 'java/lang/invoke/LambdaForm$MH+0x00000008011c4400'
Event: 44.606 Thread 0x00000286ad44c710 Unloading class 0x0000000801190400 'java/lang/invoke/LambdaForm$DMH+0x0000000801190400'
Event: 44.606 Thread 0x00000286ad44c710 Unloading class 0x00000008010c4c00 'java/lang/invoke/LambdaForm$MH+0x00000008010c4c00'
Event: 44.606 Thread 0x00000286ad44c710 Unloading class 0x00000008010be800 'java/lang/invoke/LambdaForm$MH+0x00000008010be800'

Classes redefined (0 events):
No events

Internal exceptions (20 events):
Event: 54.322 Thread 0x00000286c33e13a0 Exception <a 'sun/nio/fs/WindowsException'{0x00000000cbf55cb0}> (0x00000000cbf55cb0) 
thrown [s\open\src\hotspot\share\prims\jni.cpp, line 517]
Event: 54.322 Thread 0x00000286c33e13a0 Exception <a 'sun/nio/fs/WindowsException'{0x00000000cbf55f48}> (0x00000000cbf55f48) 
thrown [s\open\src\hotspot\share\prims\jni.cpp, line 517]
Event: 54.322 Thread 0x00000286c33e13a0 Exception <a 'sun/nio/fs/WindowsException'{0x00000000cbf56858}> (0x00000000cbf56858) 
thrown [s\open\src\hotspot\share\prims\jni.cpp, line 517]
Event: 54.322 Thread 0x00000286c33e13a0 Exception <a 'sun/nio/fs/WindowsException'{0x00000000cbf56b28}> (0x00000000cbf56b28) 
thrown [s\open\src\hotspot\share\prims\jni.cpp, line 517]
Event: 54.323 Thread 0x00000286c33e13a0 Exception <a 'sun/nio/fs/WindowsException'{0x00000000cbf57410}> (0x00000000cbf57410) 
thrown [s\open\src\hotspot\share\prims\jni.cpp, line 517]
Event: 54.323 Thread 0x00000286c33e13a0 Exception <a 'sun/nio/fs/WindowsException'{0x00000000cbf576b0}> (0x00000000cbf576b0) 
thrown [s\open\src\hotspot\share\prims\jni.cpp, line 517]
Event: 54.323 Thread 0x00000286c33e13a0 Exception <a 'sun/nio/fs/WindowsException'{0x00000000cbf57f70}> (0x00000000cbf57f70) 
thrown [s\open\src\hotspot\share\prims\jni.cpp, line 517]
Event: 54.323 Thread 0x00000286c33e13a0 Exception <a 'sun/nio/fs/WindowsException'{0x00000000cbf581d8}> (0x00000000cbf581d8) 
thrown [s\open\src\hotspot\share\prims\jni.cpp, line 517]
Event: 54.323 Thread 0x00000286c33e13a0 Exception <a 'sun/nio/fs/WindowsException'{0x00000000cbf58aa0}> (0x00000000cbf58aa0) 
thrown [s\open\src\hotspot\share\prims\jni.cpp, line 517]
Event: 54.323 Thread 0x00000286c33e13a0 Exception <a 'sun/nio/fs/WindowsException'{0x00000000cbf58d20}> (0x00000000cbf58d20) 
thrown [s\open\src\hotspot\share\prims\jni.cpp, line 517]
Event: 54.324 Thread 0x00000286c33e13a0 Exception <a 'sun/nio/fs/WindowsException'{0x00000000cbf595e0}> (0x00000000cbf595e0) 
thrown [s\open\src\hotspot\share\prims\jni.cpp, line 517]
Event: 54.324 Thread 0x00000286c33e13a0 Exception <a 'sun/nio/fs/WindowsException'{0x00000000cbf59850}> (0x00000000cbf59850) 
thrown [s\open\src\hotspot\share\prims\jni.cpp, line 517]
Event: 54.324 Thread 0x00000286c33e13a0 Exception <a 'sun/nio/fs/WindowsException'{0x00000000cbf5a118}> (0x00000000cbf5a118) 
thrown [s\open\src\hotspot\share\prims\jni.cpp, line 517]
Event: 54.324 Thread 0x00000286c33e13a0 Exception <a 'sun/nio/fs/WindowsException'{0x00000000cbf5a398}> (0x00000000cbf5a398) 
thrown [s\open\src\hotspot\share\prims\jni.cpp, line 517]
Event: 54.324 Thread 0x00000286c33e13a0 Exception <a 'sun/nio/fs/WindowsException'{0x00000000cbf5ac80}> (0x00000000cbf5ac80) 
thrown [s\open\src\hotspot\share\prims\jni.cpp, line 517]
Event: 54.325 Thread 0x00000286c33e13a0 Exception <a 'sun/nio/fs/WindowsException'{0x00000000cbf5af20}> (0x00000000cbf5af20) 
thrown [s\open\src\hotspot\share\prims\jni.cpp, line 517]
Event: 54.325 Thread 0x00000286c33e13a0 Exception <a 'sun/nio/fs/WindowsException'{0x00000000cbf5b818}> (0x00000000cbf5b818) 
thrown [s\open\src\hotspot\share\prims\jni.cpp, line 517]
Event: 54.325 Thread 0x00000286c33e13a0 Exception <a 'sun/nio/fs/WindowsException'{0x00000000cbf5bad0}> (0x00000000cbf5bad0) 
thrown [s\open\src\hotspot\share\prims\jni.cpp, line 517]
Event: 54.325 Thread 0x00000286c33e13a0 Exception <a 'sun/nio/fs/WindowsException'{0x00000000cbf5cce0}> (0x00000000cbf5cce0) 
thrown [s\open\src\hotspot\share\prims\jni.cpp, line 517]
Event: 54.325 Thread 0x00000286c33e13a0 Exception <a 'sun/nio/fs/WindowsException'{0x00000000cbf5cf90}> (0x00000000cbf5cf90) 
thrown [s\open\src\hotspot\share\prims\jni.cpp, line 517]

VM Operations (20 events):
Event: 53.622 Executing VM operation: G1CollectForAllocation done
Event: 53.724 Executing VM operation: G1CollectForAllocation
Event: 53.729 Executing VM operation: G1CollectForAllocation done
Event: 53.850 Executing VM operation: G1CollectForAllocation
Event: 53.857 Executing VM operation: G1CollectForAllocation done
Event: 54.138 Executing VM operation: HandshakeAllThreads
Event: 54.138 Executing VM operation: HandshakeAllThreads done
Event: 54.177 Executing VM operation: G1CollectForAllocation
Event: 54.193 Executing VM operation: G1CollectForAllocation done
Event: 54.364 Executing VM operation: G1TryInitiateConcMark
Event: 54.473 Executing VM operation: G1TryInitiateConcMark done
Event: 54.648 Executing VM operation: G1PauseRemark
Event: 54.657 Executing VM operation: G1PauseRemark done
Event: 54.741 Executing VM operation: G1PauseCleanup
Event: 54.785 Executing VM operation: G1PauseCleanup done
Event: 54.855 Executing VM operation: G1CollectForAllocation
Event: 54.866 Executing VM operation: G1CollectForAllocation done
Event: 54.872 Executing VM operation: G1CollectForAllocation
Event: 54.881 Executing VM operation: G1CollectForAllocation done
Event: 55.198 Executing VM operation: G1CollectForAllocation

Events (20 events):
Event: 54.147 Thread 0x00000286c33e2e30 Thread added: 0x00000286c33e2e30
Event: 54.147 Thread 0x00000286c33e2390 Thread added: 0x00000286c33e2390
Event: 54.147 Thread 0x00000286c33e48c0 Thread added: 0x00000286c33e48c0
Event: 54.147 Thread 0x00000286c33e28e0 Thread added: 0x00000286c33e28e0
Event: 54.159 Thread 0x00000286c33e2e30 Thread exited: 0x00000286c33e2e30
Event: 54.160 Thread 0x00000286c33e58b0 Thread exited: 0x00000286c33e58b0
Event: 54.160 Thread 0x00000286c33e5e00 Thread exited: 0x00000286c33e5e00
Event: 54.160 Thread 0x00000286c33e48c0 Thread exited: 0x00000286c33e48c0
Event: 54.160 Thread 0x00000286c33e2390 Thread exited: 0x00000286c33e2390
Event: 54.160 Thread 0x00000286c33e4e10 Thread exited: 0x00000286c33e4e10
Event: 54.160 Thread 0x00000286c33e28e0 Thread exited: 0x00000286c33e28e0
Event: 54.160 Thread 0x00000286c33df3c0 Thread exited: 0x00000286c33df3c0
Event: 54.309 Thread 0x00000286c33e13a0 Thread added: 0x00000286c33e13a0
Event: 54.319 Thread 0x00000286c33e1e40 Thread added: 0x00000286c33e1e40
Event: 54.319 Thread 0x00000286c33e3380 Thread added: 0x00000286c33e3380
Event: 54.319 Thread 0x00000286c33e3e20 Thread added: 0x00000286c33e3e20
Event: 54.319 Thread 0x00000286c33e4370 Thread added: 0x00000286c33e4370
Event: 54.319 Thread 0x00000286c33e28e0 Thread added: 0x00000286c33e28e0
Event: 54.320 Thread 0x00000286c33e6350 Thread added: 0x00000286c33e6350
Event: 54.320 Thread 0x00000286c33e68a0 Thread added: 0x00000286c33e68a0


Dynamic libraries:
0x00007ff776150000 - 0x00007ff776160000 	C:\Program Files\Java\jdk-19\bin\java.exe
0x00007fffed710000 - 0x00007fffed908000 	C:\Windows\SYSTEM32\ntdll.dll
0x00007fffec130000 - 0x00007fffec1ef000 	C:\Windows\System32\KERNEL32.DLL
0x00007fffeaef0000 - 0x00007fffeb1e6000 	C:\Windows\System32\KERNELBASE.dll
0x00007fffeadf0000 - 0x00007fffeaef0000 	C:\Windows\System32\ucrtbase.dll
0x00007fffde730000 - 0x00007fffde748000 	C:\Program Files\Java\jdk-19\bin\jli.dll
0x00007fffde710000 - 0x00007fffde72b000 	C:\Program Files\Java\jdk-19\bin\VCRUNTIME140.dll
0x00007fffebbe0000 - 0x00007fffebc8f000 	C:\Windows\System32\ADVAPI32.dll
0x00007fffec5c0000 - 0x00007fffec65e000 	C:\Windows\System32\msvcrt.dll
0x00007fffed510000 - 0x00007fffed5ac000 	C:\Windows\System32\sechost.dll
0x00007fffeb780000 - 0x00007fffeb8a6000 	C:\Windows\System32\RPCRT4.dll
0x00007fffebe20000 - 0x00007fffebfbd000 	C:\Windows\System32\USER32.dll
0x00007fffeb530000 - 0x00007fffeb552000 	C:\Windows\System32\win32u.dll
0x00007fffebdf0000 - 0x00007fffebe1c000 	C:\Windows\System32\GDI32.dll
0x00007fffeb330000 - 0x00007fffeb445000 	C:\Windows\System32\gdi32full.dll
0x00007fffeb220000 - 0x00007fffeb2bd000 	C:\Windows\System32\msvcp_win.dll
0x00007fffd8ae0000 - 0x00007fffd8d7a000 	C:\Windows\WinSxS\amd64_microsoft.windows.common-controls_6595b64144ccf1df_6.0.19041.1110_none_60b5254171f9507e\COMCTL32.dll
0x00007fffdad00000 - 0x00007fffdad0a000 	C:\Windows\SYSTEM32\VERSION.dll
0x00007fffebdc0000 - 0x00007fffebdf0000 	C:\Windows\System32\IMM32.DLL
0x00007fffde700000 - 0x00007fffde70c000 	C:\Program Files\Java\jdk-19\bin\vcruntime140_1.dll
0x00007fffde660000 - 0x00007fffde6ee000 	C:\Program Files\Java\jdk-19\bin\msvcp140.dll
0x00007fffa9ee0000 - 0x00007fffaaba0000 	C:\Program Files\Java\jdk-19\bin\server\jvm.dll
0x00007fffdbb00000 - 0x00007fffdbb09000 	C:\Windows\SYSTEM32\WSOCK32.dll
0x00007fffebd50000 - 0x00007fffebdbb000 	C:\Windows\System32\WS2_32.dll
0x00007fffd4e50000 - 0x00007fffd4e77000 	C:\Windows\SYSTEM32\WINMM.dll
0x00007fffe9600000 - 0x00007fffe9612000 	C:\Windows\SYSTEM32\kernel.appcore.dll
0x00007fffde650000 - 0x00007fffde65a000 	C:\Program Files\Java\jdk-19\bin\jimage.dll
0x00007fffe1c10000 - 0x00007fffe1df4000 	C:\Windows\SYSTEM32\DBGHELP.DLL
0x00007fffe1ba0000 - 0x00007fffe1bd4000 	C:\Windows\SYSTEM32\dbgcore.DLL
0x00007fffeb450000 - 0x00007fffeb4d2000 	C:\Windows\System32\bcryptPrimitives.dll
0x00007fffddb70000 - 0x00007fffddb96000 	C:\Program Files\Java\jdk-19\bin\java.dll
0x00007fffbc970000 - 0x00007fffbca47000 	C:\Program Files\Java\jdk-19\bin\jsvml.dll
0x00007fffec660000 - 0x00007fffecda4000 	C:\Windows\System32\SHELL32.dll
0x00007fffe8ca0000 - 0x00007fffe9433000 	C:\Windows\SYSTEM32\windows.storage.dll
0x00007fffec260000 - 0x00007fffec5b4000 	C:\Windows\System32\combase.dll
0x00007fffea690000 - 0x00007fffea6be000 	C:\Windows\SYSTEM32\Wldp.dll
0x00007fffeb8b0000 - 0x00007fffeb95d000 	C:\Windows\System32\SHCORE.dll
0x00007fffec1f0000 - 0x00007fffec245000 	C:\Windows\System32\shlwapi.dll
0x00007fffead30000 - 0x00007fffead4f000 	C:\Windows\SYSTEM32\profapi.dll
0x00007fffd0720000 - 0x00007fffd0733000 	C:\Program Files\Java\jdk-19\bin\net.dll
0x00007fffdf250000 - 0x00007fffdf35a000 	C:\Windows\SYSTEM32\WINHTTP.dll
0x00007fffea470000 - 0x00007fffea4da000 	C:\Windows\system32\mswsock.dll
0x00007fffceda0000 - 0x00007fffcedb6000 	C:\Program Files\Java\jdk-19\bin\nio.dll
0x00007fffc6e10000 - 0x00007fffc6e28000 	C:\Program Files\Java\jdk-19\bin\zip.dll
0x00007fffea180000 - 0x00007fffea1bc000 	C:\Windows\SYSTEM32\IPHLPAPI.DLL
0x00007fffeb770000 - 0x00007fffeb778000 	C:\Windows\System32\NSI.dll
0x00007fffe04e0000 - 0x00007fffe04f7000 	C:\Windows\SYSTEM32\dhcpcsvc6.DLL
0x00007fffe04c0000 - 0x00007fffe04dd000 	C:\Windows\SYSTEM32\dhcpcsvc.DLL
0x00007fffea1c0000 - 0x00007fffea28b000 	C:\Windows\SYSTEM32\DNSAPI.dll
0x00007fffded70000 - 0x00007fffded7a000 	C:\Windows\System32\rasadhlp.dll
0x00007fffdee00000 - 0x00007fffdee82000 	C:\Windows\System32\fwpuclnt.dll
0x00007fffeb1f0000 - 0x00007fffeb217000 	C:\Windows\System32\bcrypt.dll
0x00007fffd6310000 - 0x00007fffd6318000 	C:\Program Files\Java\jdk-19\bin\extnet.dll
0x00007fffd6350000 - 0x00007fffd6360000 	C:\Program Files\Java\jdk-19\bin\verify.dll
0x00007fffeaa70000 - 0x00007fffeaa88000 	C:\Windows\SYSTEM32\CRYPTSP.dll
0x00007fffe9db0000 - 0x00007fffe9de4000 	C:\Windows\system32\rsaenh.dll
0x00007fffeacb0000 - 0x00007fffeacde000 	C:\Windows\SYSTEM32\USERENV.dll
0x00007fffea600000 - 0x00007fffea60c000 	C:\Windows\SYSTEM32\CRYPTBASE.dll
0x00007fffd6340000 - 0x00007fffd634e000 	C:\Program Files\Java\jdk-19\bin\sunmscapi.dll
0x00007fffeb560000 - 0x00007fffeb6be000 	C:\Windows\System32\CRYPT32.dll
0x00007fffea700000 - 0x00007fffea728000 	C:\Windows\SYSTEM32\ncrypt.dll
0x00007fffea6c0000 - 0x00007fffea6fb000 	C:\Windows\SYSTEM32\NTASN1.dll
0x00007fffd6330000 - 0x00007fffd633a000 	C:\Program Files\Java\jdk-19\bin\management.dll
0x00007fffd6320000 - 0x00007fffd632b000 	C:\Program Files\Java\jdk-19\bin\management_ext.dll
0x00007fffec250000 - 0x00007fffec258000 	C:\Windows\System32\PSAPI.DLL

dbghelp: loaded successfully - version: 4.0.5 - missing functions: none
symbol engine: initialized successfully - sym options: 0x614 - pdb path: .;C:\Program Files\Java\jdk-19\bin;C:\Windows\SYSTEM32;C:\Windows\WinSxS\amd64_microsoft.windows.common-controls_6595b64144ccf1df_6.0.19041.1110_none_60b5254171f9507e;C:\Program Files\Java\jdk-19\bin\server

VM Arguments:
jvm_args: -XX:TieredStopAtLevel=1 
java_command: com.example.cliente.ClienteApplication
java_class_path (initial): D:\microservicios_2023_1\cliente\target\classes;C:\Users\frank\.m2\repository\org\springframework\spring-aop\6.0.8\spring-aop-6.0.8.jar;C:\Users\frank\.m2\repository\org\aspectj\aspectjweaver\1.9.19\aspectjweaver-1.9.19.jar;C:\Users\frank\.m2\repository\com\zaxxer\HikariCP\5.0.1\HikariCP-5.0.1.jar;C:\Users\frank\.m2\repository\org\springframework\spring-jdbc\6.0.8\spring-jdbc-6.0.8.jar;C:\Users\frank\.m2\repository\org\hibernate\orm\hibernate-core\6.1.7.Final\hibernate-core-6.1.7.Final.jar;C:\Users\frank\.m2\repository\jakarta\persistence\jakarta.persistence-api\3.1.0\jakarta.persistence-api-3.1.0.jar;C:\Users\frank\.m2\repository\jakarta\transaction\jakarta.transaction-api\2.0.1\jakarta.transaction-api-2.0.1.jar;C:\Users\frank\.m2\repository\org\jboss\logging\jboss-logging\3.5.0.Final\jboss-logging-3.5.0.Final.jar;C:\Users\frank\.m2\repository\org\hibernate\common\hibernate-commons-annotations\6.0.6.Final\hibernate-commons-annotations-6.0.6.Final.jar;C:\Users\frank\.m2\repository\org\jboss\jandex\2.4.2.Final\jandex-2.4.2.Final.jar;C:\Users\frank\.m2\repository\com\fasterxml\classmate\1.5.1\classmate-1.5.1.jar;C:\Users\frank\.m2\repository\net\bytebuddy\byte-buddy\1.12.23\byte-buddy-1.12.23.jar;C:\Users\frank\.m2\repository\org\glassfish\jaxb\jaxb-runtime\4.0.2\jaxb-runtime-4.0.2.jar;C:\Users\frank\.m2\repository\org\glassfish\jaxb\jaxb-core\4.0.2\jaxb-core-4.0.2.jar;C:\Users\frank\.m2\repository\org\eclipse\angus\angus-activation\2.0.0\angus-activation-2.0.0.jar;C:\Users\frank\.m2\repository\org\glassfish\jaxb\txw2\4.0.2\txw2-4.0.2.jar;C:\Users\frank\.m2\repository\com\sun\istack\istack-commons-runtime\4.1.1\istack-commons-runtime-4.1.1.jar;C:\Users\frank\.m2\repository\jakarta\inject\jakarta.inject-api\2.0.0\jakarta.inject-api-2.0.0.jar;C:\Users\frank\.m2\repository\org\antlr\antlr4-runtime\4.10.1\antlr4-runtime-4.10.1.jar;C:\Users\frank\.m2\repository\org\springframework\data\spring-data-jpa\3.0.5\spring-data-jpa-3.0.5.jar;C:\Users\frank\.m2\repository\org\springframework\data\spring-data-commons\3.0.5\spring-data-commons-3.0.5.jar;C:\Users\frank\.m2\repository\org\springframework\spring-orm\6.0.8\spring-orm-6.0.8.jar;C:\Users\frank\.m2\repository\org\springframework\spring-context\6.0.8\spring-context-6.0.8.jar;C:\Users\frank\.m2\repository\org\springframework\spring-tx\6.0.8\spring-tx-6.0.8.jar;C:\Users\frank\.m2\repository\org\springframework\spring-beans\6.0.8\spring-beans-6.0.8.jar;C:\Users\frank\.m2\repository\jakarta\annotation\jakarta.annotation-api\2.1.1\jakarta.annotation-api-2.1.1.jar;C:\Users\frank\.m2\repository\org\slf4j\slf4j-api\2.0.7\slf4j-api-2.0.7.jar;C:\Users\frank\.m2\repository\org\springframework\spring-aspects\6.0.8\spring-aspects-6.0.8.jar;C:\Users\frank\.m2\repository\org\springframework\boot\spring-boot\3.0.6\spring-boot-3.0.6.jar;C:\Users\frank\.m2\repository\org\springframework\boot\spring-boot-autoconfigure\3.0.6\spring-boot-autoconfigure-3.0.6.jar;C:\Users\frank\.m2\repository\ch\qos\logback\logback-classic\1.4.7\logback-classic-1.4.7.jar;C:\Users\frank\.m2\repository\ch\qos\logback\logback-core\1.4.7\logback-core-1.4.7.jar;C:\Users\frank\.m2\repository\org\apache\logging\log4j\log4j-to-slf4j\2.19.0\log4j-to-slf4j-2.19.0.jar;C:\Users\frank\.m2\repository\org\apache\logging\log4j\log4j-api\2.19.0\log4j-api-2.19.0.jar;C:\Users\frank\.m2\repository\org\slf4j\jul-to-slf4j\2.0.7\jul-to-slf4j-2.0.7.jar;C:\Users\frank\.m2\repository\org\yaml\snakeyaml\1.33\snakeyaml-1.33.jar;C:\Users\frank\.m2\repository\com\fasterxml\jackson\datatype\jackson-datatype-jdk8\2.14.2\jackson-datatype-jdk8-2.14.2.jar;C:\Users\frank\.m2\repository\com\fasterxml\jackson\datatype\jackson-datatype-jsr310\2.14.2\jackson-datatype-jsr310-2.14.2.jar;C:\Users\frank\.m2\repository\com\fasterxml\jackson\module\jackson-module-parameter-names\2.14.2\jackson-module-parameter-names-2.14.2.jar;C:\Users\frank\.m2\repository\org\apache\tomcat\embed\tomcat-embed-core\10.1.8\tomcat-embed-core-10.1.8.jar;C:\Users\frank\.m2\repository\org\apache\tomcat\embed\tomcat-embed-websocket\10.1.8\tomcat-embed-websocket-10.1.8.jar;C:\Users\frank\.m2\repository\org\springframework\spring-web\6.0.8\spring-web-6.0.8.jar;C:\Users\frank\.m2\repository\io\micrometer\micrometer-observation\1.10.6\micrometer-observation-1.10.6.jar;C:\Users\frank\.m2\repository\io\micrometer\micrometer-commons\1.10.6\micrometer-commons-1.10.6.jar;C:\Users\frank\.m2\repository\org\springframework\spring-webmvc\6.0.8\spring-webmvc-6.0.8.jar;C:\Users\frank\.m2\repository\org\springframework\spring-expression\6.0.8\spring-expression-6.0.8.jar;C:\Users\frank\.m2\repository\com\mysql\mysql-connector-j\8.0.33\mysql-connector-j-8.0.33.jar;C:\Users\frank\.m2\repository\org\apache\tomcat\embed\tomcat-embed-el\10.1.8\tomcat-embed-el-10.1.8.jar;C:\Users\frank\.m2\repository\org\hibernate\validator\hibernate-validator\8.0.0.Final\hibernate-validator-8.0.0.Final.jar;C:\Users\frank\.m2\repository\jakarta\validation\jakarta.validation-api\3.0.2\jakarta.validation-api-3.0.2.jar;C:\Users\frank\.m2\repository\org\springdoc\springdoc-openapi-starter-webmvc-ui\2.0.2\springdoc-openapi-starter-webmvc-ui-2.0.2.jar;C:\Users\frank\.m2\repository\org\springdoc\springdoc-openapi-starter-webmvc-api\2.0.2\springdoc-openapi-starter-webmvc-api-2.0.2.jar;C:\Users\frank\.m2\repository\org\springdoc\springdoc-openapi-starter-common\2.0.2\springdoc-openapi-starter-common-2.0.2.jar;C:\Users\frank\.m2\repository\io\swagger\core\v3\swagger-core-jakarta\2.2.7\swagger-core-jakarta-2.2.7.jar;C:\Users\frank\.m2\repository\org\apache\commons\commons-lang3\3.12.0\commons-lang3-3.12.0.jar;C:\Users\frank\.m2\repository\io\swagger\core\v3\swagger-annotations-jakarta\2.2.7\swagger-annotations-jakarta-2.2.7.jar;C:\Users\frank\.m2\repository\io\swagger\core\v3\swagger-models-jakarta\2.2.7\swagger-models-jakarta-2.2.7.jar;C:\Users\frank\.m2\repository\com\fasterxml\jackson\dataformat\jackson-dataformat-yaml\2.14.2\jackson-dataformat-yaml-2.14.2.jar;C:\Users\frank\.m2\repository\org\webjars\swagger-ui\4.15.5\swagger-ui-4.15.5.jar;C:\Users\frank\.m2\repository\org\webjars\webjars-locator-core\0.52\webjars-locator-core-0.52.jar;C:\Users\frank\.m2\repository\io\github\classgraph\classgraph\4.8.149\classgraph-4.8.149.jar;C:\Users\frank\.m2\repository\org\springframework\cloud\spring-cloud-starter-config\4.0.2\spring-cloud-starter-config-4.0.2.jar;C:\Users\frank\.m2\repository\org\springframework\cloud\spring-cloud-starter\4.0.2\spring-cloud-starter-4.0.2.jar;C:\Users\frank\.m2\repository\org\springframework\cloud\spring-cloud-context\4.0.2\spring-cloud-context-4.0.2.jar;C:\Users\frank\.m2\repository\org\springframework\security\spring-security-crypto\6.0.3\spring-security-crypto-6.0.3.jar;C:\Users\frank\.m2\repository\org\springframework\cloud\spring-cloud-commons\4.0.2\spring-cloud-commons-4.0.2.jar;C:\Users\frank\.m2\repository\org\springframework\security\spring-security-rsa\1.0.11.RELEASE\spring-security-rsa-1.0.11.RELEASE.jar;C:\Users\frank\.m2\repository\org\bouncycastle\bcpkix-jdk15on\1.69\bcpkix-jdk15on-1.69.jar;C:\Users\frank\.m2\repository\org\bouncycastle\bcprov-jdk15on\1.69\bcprov-jdk15on-1.69.jar;C:\Users\frank\.m2\repository\org\bouncycastle\bcutil-jdk15on\1.69\bcutil-jdk15on-1.69.jar;C:\Users\frank\.m2\repository\org\springframework\cloud\spring-cloud-config-client\4.0.2\spring-cloud-config-client-4.0.2.jar;C:\Users\frank\.m2\repository\com\fasterxml\jackson\core\jackson-annotations\2.14.2\jackson-annotations-2.14.2.jar;C:\Users\frank\.m2\repository\org\apache\httpcomponents\client5\httpclient5\5.1.4\httpclient5-5.1.4.jar;C:\Users\frank\.m2\repository\org\apache\httpcomponents\core5\httpcore5\5.1.5\httpcore5-5.1.5.jar;C:\Users\frank\.m2\repository\org\apache\httpcomponents\core5\httpcore5-h2\5.1.5\httpcore5-h2-5.1.5.jar;C:\Users\frank\.m2\repository\commons-codec\commons-codec\1.15\commons-codec-1.15.jar;C:\Users\frank\.m2\repository\com\fasterxml\jackson\core\jackson-databind\2.14.2\jackson-databind-2.14.2.jar;C:\Users\frank\.m2\repository\com\fasterxml\jackson\core\jackson-core\2.14.2\jackson-core-2.14.2.jar;C:\Users\frank\.m2\repository\org\springframework\cloud\spring-cloud-starter-netflix-eureka-client\4.0.1\spring-cloud-starter-netflix-eureka-client-4.0.1.jar;C:\Users\frank\.m2\repository\org\springframework\cloud\spring-cloud-netflix-eureka-client\4.0.1\spring-cloud-netflix-eureka-client-4.0.1.jar;C:\Users\frank\.m2\repository\com\netflix\eureka\eureka-client\2.0.0\eureka-client-2.0.0.jar;C:\Users\frank\.m2\repository\com\netflix\netflix-commons\netflix-eventbus\0.3.0\netflix-eventbus-0.3.0.jar;C:\Users\frank\.m2\repository\com\netflix\netflix-commons\netflix-infix\0.3.0\netflix-infix-0.3.0.jar;C:\Users\frank\.m2\repository\commons-jxpath\commons-jxpath\1.3\commons-jxpath-1.3.jar;C:\Users\frank\.m2\repository\joda-time\joda-time\2.3\joda-time-2.3.jar;C:\Users\frank\.m2\repository\org\antlr\antlr-runtime\3.4\antlr-runtime-3.4.jar;C:\Users\frank\.m2\repository\org\antlr\stringtemplate\3.2.1\stringtemplate-3.2.1.jar;C:\Users\frank\.m2\repository\antlr\antlr\2.7.7\antlr-2.7.7.jar;C:\Users\frank\.m2\repository\com\google\code\gson\gson\2.9.1\gson-2.9.1.jar;C:\Users\frank\.m2\repository\org\apache\commons\commons-math\2.2\commons-math-2.2.jar;C:\Users\frank\.m2\repository\com\thoughtworks\xstream\xstream\1.4.19\xstream-1.4.19.jar;C:\Users\frank\.m2\repository\io\github\x-stream\mxparser\1.2.2\mxparser-1.2.2.jar;C:\Users\frank\.m2\repository\xmlpull\xmlpull\1.1.3.1\xmlpull-1.1.3.1.jar;C:\Users\frank\.m2\repository\jakarta\ws\rs\jakarta.ws.rs-api\3.1.0\jakarta.ws.rs-api-3.1.0.jar;C:\Users\frank\.m2\repository\com\netflix\servo\servo-core\0.12.21\servo-core-0.12.21.jar;C:\Users\frank\.m2\repository\com\google\guava\guava\19.0\guava-19.0.jar;C:\Users\frank\.m2\repository\org\apache\httpcomponents\httpclient\4.5.14\httpclient-4.5.14.jar;C:\Users\frank\.m2\repository\org\apache\httpcomponents\httpcore\4.4.16\httpcore-4.4.16.jar;C:\Users\frank\.m2\repository\commons-configuration\commons-configuration\1.10\commons-configuration-1.10.jar;C:\Users\frank\.m2\repository\commons-lang\commons-lang\2.6\commons-lang-2.6.jar;C:\Users\frank\.m2\repository\org\codehaus\jettison\jettison\1.4.0\jettison-1.4.0.jar;C:\Users\frank\.m2\repository\com\netflix\eureka\eureka-core\2.0.0\eureka-core-2.0.0.jar;C:\Users\frank\.m2\repository\jakarta\servlet\jakarta.servlet-api\6.0.0\jakarta.servlet-api-6.0.0.jar;C:\Users\frank\.m2\repository\com\fasterxml\woodstox\woodstox-core\6.2.1\woodstox-core-6.2.1.jar;C:\Users\frank\.m2\repository\org\codehaus\woodstox\stax2-api\4.2.1\stax2-api-4.2.1.jar;C:\Users\frank\.m2\repository\org\springframework\cloud\spring-cloud-starter-loadbalancer\4.0.2\spring-cloud-starter-loadbalancer-4.0.2.jar;C:\Users\frank\.m2\repository\org\springframework\cloud\spring-cloud-loadbalancer\4.0.2\spring-cloud-loadbalancer-4.0.2.jar;C:\Users\frank\.m2\repository\io\projectreactor\reactor-core\3.5.5\reactor-core-3.5.5.jar;C:\Users\frank\.m2\repository\org\reactivestreams\reactive-streams\1.0.4\reactive-streams-1.0.4.jar;C:\Users\frank\.m2\repository\io\projectreactor\addons\reactor-extra\3.5.1\reactor-extra-3.5.1.jar;C:\Users\frank\.m2\repository\org\springframework\spring-context-support\6.0.8\spring-context-support-6.0.8.jar;C:\Users\frank\.m2\repository\com\stoyanr\evictor\1.0.0\evictor-1.0.0.jar;C:\Users\frank\.m2\repository\jakarta\xml\bind\jakarta.xml.bind-api\4.0.0\jakarta.xml.bind-api-4.0.0.jar;C:\Users\frank\.m2\repository\jakarta\activation\jakarta.activation-api\2.1.1\jakarta.activation-api-2.1.1.jar;C:\Users\frank\.m2\repository\org\springframework\spring-core\6.0.8\spring-core-6.0.8.jar;C:\Users\frank\.m2\repository\org\springframework\spring-jcl\6.0.8\spring-jcl-6.0.8.jar
Launcher Type: SUN_STANDARD

[Global flags]
     intx CICompilerCount                          = 3                                         {product} {ergonomic}
     uint ConcGCThreads                            = 1                                         {product} {ergonomic}
     uint G1ConcRefinementThreads                  = 4                                         {product} {ergonomic}
   size_t G1HeapRegionSize                         = 1048576                                   {product} {ergonomic}
    uintx GCDrainStackTargetSize                   = 64                                        {product} {ergonomic}
   size_t InitialHeapSize                          = 60817408                                  {product} {ergonomic}
   size_t MarkStackSize                            = 4194304                                   {product} {ergonomic}
   size_t MaxHeapSize                              = 960495616                                 {product} {ergonomic}
   size_t MaxNewSize                               = 575668224                                 {product} {ergonomic}
   size_t MinHeapDeltaBytes                        = 1048576                                   {product} {ergonomic}
   size_t MinHeapSize                              = 8388608                                   {product} {ergonomic}
    uintx NonProfiledCodeHeapSize                  = 0                                      {pd product} {ergonomic}
     bool ProfileInterpreter                       = false                                  {pd product} {command line}
    uintx ProfiledCodeHeapSize                     = 0                                      {pd product} {ergonomic}
   size_t SoftMaxHeapSize                          = 960495616                              {manageable} {ergonomic}
     intx TieredStopAtLevel                        = 1                                         {product} {command line}
     bool UseCompressedClassPointers               = true                           {product lp64_product} {ergonomic}
     bool UseCompressedOops                        = true                           {product lp64_product} {ergonomic}
     bool UseG1GC                                  = true                                      {product} {ergonomic}
     bool UseLargePagesIndividualAllocation        = false                                  {pd product} {ergonomic}

Logging:
Log output configuration:
 #0: stdout all=warning uptime,level,tags foldmultilines=false
 #1: stderr all=off uptime,level,tags foldmultilines=false

Environment Variables:
JAVA_HOME=C:\Program Files\Java\jdk-19
PATH=C:\Program Files\Common Files\Oracle\Java\javapath;C:\Program Files (x86)\Common Files\Oracle\Java\javapath;C:\app\frank\product\21c\dbhomeXE\bin;C:\Windows\system32;C:\Windows;C:\Windows\System32\Wbem;C:\Windows\System32\WindowsPowerShell\v1.0\;C:\Windows\System32\OpenSSH\;C:\xampp\php;C:\composer;C:\Program Files\wureset;C:\Users\frank\AppData\Local\Android\Sdk\platform-tools;C:\ProgramData\chocolatey\bin;C:\Program Files (x86)\Microchip\MPLAB C32 Suite\bin;C:\Program Files\Maven\apache-maven-3.9.1\bin;C:\Program Files\Java\jdk-19\bin;C:\Program Files\nodejs\;C:\Program Files\Git\cmd;C:\Program Files\Docker\Docker\resources\bin;C:\Users\frank\AppData\Local\Microsoft\WindowsApps;C:\Users\frank\AppData\Local\Programs\Microsoft VS Code\bin;C:\Users\frank\AppData\Roaming\Composer\vendor\bin;C:\Users\frank\AppData\Roaming\npm;
USERNAME=frank
OS=Windows_NT
PROCESSOR_IDENTIFIER=Intel64 Family 6 Model 58 Stepping 9, GenuineIntel
TMP=C:\Users\frank\AppData\Local\Temp
TEMP=C:\Users\frank\AppData\Local\Temp



---------------  S Y S T E M  ---------------

OS:
 Windows 10 , 64 bit Build 19041 (10.0.19041.2913)
OS uptime: 0 days 21:18 hours
Hyper-V role detected

CPU: total 4 (initial active 4) (2 cores per cpu, 2 threads per core) family 6 model 58 stepping 9 microcode 0x21, cx8, cmov, fxsr, ht, mmx, sse, sse2, sse3, ssse3, sse4.1, sse4.2, popcnt, tsc, tscinvbit, avx, erms, clmul, vzeroupper, clflush, hv, rdtscp

Memory: 4k page, system-wide physical 3659M (313M free)
TotalPageFile size 11851M (AvailPageFile size 131M)
current process WorkingSet (physical memory assigned to process): 231M, peak: 231M
current process commit charge ("private bytes"): 276M, peak: 417M

vm_info: Java HotSpot(TM) 64-Bit Server VM (19+36-2238) for windows-amd64 JRE (19+36-2238), built on 2022-08-12T20:29:01Z by "mach5one" with MS VC++ 17.1 (VS2022)

END.
