#
# There is insufficient memory for the Java Runtime Environment to continue.
# Native memory allocation (mmap) failed to map 30408704 bytes for G1 virtual space
# Possible reasons:
#   The system is out of physical RAM or swap space
#   The process is running with CompressedOops enabled, and the Java Heap may be blocking the growth of the native heap
# Possible solutions:
#   Reduce memory load on the system
#   Increase physical memory or swap space
#   Check if swap backing store is full
#   Decrease Java heap size (-Xmx/-Xms)
#   Decrease number of Java threads
#   Decrease Java thread stack sizes (-Xss)
#   Set larger code cache with -XX:ReservedCodeCacheSize=
#   JVM is running with Unscaled Compressed Oops mode in which the Java heap is
#     placed in the first 4GB address space. The Java Heap base address is the
#     maximum limit for the native heap growth. Please use -XX:HeapBaseMinAddress
#     to set the Java Heap base and to place the Java Heap above 4GB virtual address.
# This output file may be truncated or incomplete.
#
#  Out of Memory Error (os_windows.cpp:3527), pid=15180, tid=6992
#
# JRE version: Java(TM) SE Runtime Environment (19.0+36) (build 19+36-2238)
# Java VM: Java HotSpot(TM) 64-Bit Server VM (19+36-2238, mixed mode, sharing, tiered, compressed oops, compressed class ptrs, g1 gc, windows-amd64)
# No core dump will be written. Minidumps are not enabled by default on client versions of Windows
#

---------------  S U M M A R Y ------------

Command Line: -Dclassworlds.conf=C:\Program Files\Maven\apache-maven-3.9.1\bin\m2.conf -Dmaven.home=C:\Program Files\Maven\apache-maven-3.9.1 -Dlibrary.jansi.path=C:\Program Files\Maven\apache-maven-3.9.1\lib\jansi-native -Dmaven.multiModuleProjectDirectory=D:\microservicios_2023_1\gateway-server org.codehaus.plexus.classworlds.launcher.Launcher spring-boot:run

Host: Intel(R) Core(TM) i5-3230M CPU @ 2.60GHz, 4 cores, 3G,  Windows 10 , 64 bit Build 19041 (10.0.19041.2913)
Time: Sat May 13 09:26:05 2023 Hora est. Pacífico, Sudamérica elapsed time: 8.438791 seconds (0d 0h 0m 8s)

---------------  T H R E A D  ---------------

Current thread (0x0000027825cfb6a0):  VMThread "VM Thread" [stack: 0x000000f1e8200000,0x000000f1e8300000] [id=6992]

Stack: [0x000000f1e8200000,0x000000f1e8300000]
Native frames: (J=compiled Java code, j=interpreted, Vv=VM code, C=native code)
V  [jvm.dll+0x6ee8fa]
V  [jvm.dll+0x857a1e]
V  [jvm.dll+0x85940e]
V  [jvm.dll+0x859ac3]
V  [jvm.dll+0x28291f]
V  [jvm.dll+0x6eb6e9]
V  [jvm.dll+0x6e028a]
V  [jvm.dll+0x357136]
V  [jvm.dll+0x35eb96]
V  [jvm.dll+0x3b555e]
V  [jvm.dll+0x3b578f]
V  [jvm.dll+0x32c6ea]
V  [jvm.dll+0x32f276]
V  [jvm.dll+0x339df5]
V  [jvm.dll+0x372a40]
V  [jvm.dll+0x85ef83]
V  [jvm.dll+0x85fd49]
V  [jvm.dll+0x86027d]
V  [jvm.dll+0x86070b]
V  [jvm.dll+0x8607c7]
V  [jvm.dll+0x8015fa]
V  [jvm.dll+0x6ed5eb]
C  [ucrtbase.dll+0x21bb2]
C  [KERNEL32.DLL+0x17614]
C  [ntdll.dll+0x526a1]

VM_Operation (0x000000f1e7eff4c0): G1PauseRemark, mode: safepoint, requested by thread 0x0000027825c84c70


---------------  P R O C E S S  ---------------

Threads class SMR info:
_java_thread_list=0x0000027845450910, length=12, elements={
0x0000027825c3bcb0, 0x0000027841203660, 0x0000027841205360, 0x0000027841209b70,
0x000002784120d5c0, 0x000002784120def0, 0x00000278412109b0, 0x0000027841214d90,
0x000002784121e120, 0x0000027841221ab0, 0x00000278454743d0, 0x0000027845498da0
}

Java Threads: ( => current thread )
  0x0000027825c3bcb0 JavaThread "main" [_thread_blocked, id=2260, stack(0x000000f1e7c00000,0x000000f1e7d00000)]
  0x0000027841203660 JavaThread "Reference Handler" daemon [_thread_blocked, id=3624, stack(0x000000f1e8300000,0x000000f1e8400000)]
  0x0000027841205360 JavaThread "Finalizer" daemon [_thread_blocked, id=13940, stack(0x000000f1e8400000,0x000000f1e8500000)]
  0x0000027841209b70 JavaThread "Signal Dispatcher" daemon [_thread_blocked, id=5680, stack(0x000000f1e8500000,0x000000f1e8600000)]
  0x000002784120d5c0 JavaThread "Attach Listener" daemon [_thread_blocked, id=14592, stack(0x000000f1e8600000,0x000000f1e8700000)]
  0x000002784120def0 JavaThread "Service Thread" daemon [_thread_blocked, id=7300, stack(0x000000f1e8700000,0x000000f1e8800000)]
  0x00000278412109b0 JavaThread "Monitor Deflation Thread" daemon [_thread_blocked, id=14948, stack(0x000000f1e8800000,0x000000f1e8900000)]
  0x0000027841214d90 JavaThread "C2 CompilerThread0" daemon [_thread_blocked, id=14788, stack(0x000000f1e8900000,0x000000f1e8a00000)]
  0x000002784121e120 JavaThread "C1 CompilerThread0" daemon [_thread_blocked, id=7616, stack(0x000000f1e8a00000,0x000000f1e8b00000)]
  0x0000027841221ab0 JavaThread "Sweeper thread" daemon [_thread_blocked, id=15824, stack(0x000000f1e8b00000,0x000000f1e8c00000)]
  0x00000278454743d0 JavaThread "Notification Thread" daemon [_thread_blocked, id=3160, stack(0x000000f1e8c00000,0x000000f1e8d00000)]
  0x0000027845498da0 JavaThread "Common-Cleaner" daemon [_thread_blocked, id=1772, stack(0x000000f1e8e00000,0x000000f1e8f00000)]

Other Threads:
=>0x0000027825cfb6a0 VMThread "VM Thread" [stack: 0x000000f1e8200000,0x000000f1e8300000] [id=6992]
  0x0000027845498940 WatcherThread "VM Periodic Task Thread" [stack: 0x000000f1e8d00000,0x000000f1e8e00000] [id=11356]
  0x0000027825c7b9d0 WorkerThread "GC Thread#0" [stack: 0x000000f1e7d00000,0x000000f1e7e00000] [id=14196]
  0x000002784559e7c0 WorkerThread "GC Thread#1" [stack: 0x000000f1e8f00000,0x000000f1e9000000] [id=16152]
  0x0000027845c8b1a0 WorkerThread "GC Thread#2" [stack: 0x000000f1e9000000,0x000000f1e9100000] [id=16832]
  0x0000027845b01840 WorkerThread "GC Thread#3" [stack: 0x000000f1e9100000,0x000000f1e9200000] [id=7092]
  0x0000027825c84c70 ConcurrentGCThread "G1 Main Marker" [stack: 0x000000f1e7e00000,0x000000f1e7f00000] [id=3140]
  0x0000027825c855b0 WorkerThread "G1 Conc#0" [stack: 0x000000f1e7f00000,0x000000f1e8000000] [id=10564]
  0x0000027825cdaee0 ConcurrentGCThread "G1 Refine#0" [stack: 0x000000f1e8000000,0x000000f1e8100000] [id=8908]
  0x0000027825cdb930 ConcurrentGCThread "G1 Service" [stack: 0x000000f1e8100000,0x000000f1e8200000] [id=13424]

Threads with active compile tasks:
C2 CompilerThread0     8520 4442   !   4       org.codehaus.plexus.interpolation.reflection.ClassMap::findMethod (107 bytes)
C1 CompilerThread0     8520 4763   !   3       java.util.WeakHashMap::expungeStaleEntries (139 bytes)

VM state: at safepoint (normal execution)

VM Mutex/Monitor currently owned by a thread:  ([mutex/lock_event])
[0x0000027825c35ee0] Threads_lock - owner thread: 0x0000027825cfb6a0
[0x0000027825c35700] Heap_lock - owner thread: 0x0000027825c84c70

Heap address: 0x00000000c6c00000, size: 916 MB, Compressed Oops mode: 32-bit

CDS archive(s) mapped at: [0x0000000800000000-0x0000000800c40000-0x0000000800c40000), size 12845056, SharedBaseAddress: 0x0000000800000000, ArchiveRelocationMode: 0.
Compressed class space mapped at: 0x0000000801000000-0x0000000841000000, reserved size: 1073741824
Narrow klass base: 0x0000000800000000, Narrow klass shift: 0, Narrow klass range: 0x100000000

GC Precious Log:
 CardTable entry size: 512
 Card Set container configuration: InlinePtr #cards 5 size 8 Array Of Cards #cards 12 size 40 Howl #buckets 4 coarsen threshold 1843 Howl Bitmap #cards 512 size 80 coarsen threshold 460 Card regions per heap region 1 cards per card region 2048
 CPUs: 4 total, 4 available
 Memory: 3659M
 Large Page Support: Disabled
 NUMA Support: Disabled
 Compressed Oops: Enabled (32-bit)
 Heap Region Size: 1M
 Heap Min Capacity: 8M
 Heap Initial Capacity: 58M
 Heap Max Capacity: 916M
 Pre-touch: Disabled
 Parallel Workers: 4
 Concurrent Workers: 1
 Concurrent Refinement Workers: 4
 Periodic GC: Disabled

Heap:
 garbage-first heap   total 71680K, used 58504K [0x00000000c6c00000, 0x0000000100000000)
  region size 1024K, 6 young (6144K), 2 survivors (2048K)
 Metaspace       used 17208K, committed 17472K, reserved 1114112K
  class space    used 1863K, committed 1984K, reserved 1048576K

Heap Regions: E=young(eden), S=young(survivor), O=old, HS=humongous(starts), HC=humongous(continues), CS=collection set, F=free, OA=open archive, CA=closed archive, TAMS=top-at-mark-start (previous, next)
|   0|0x00000000c6c00000, 0x00000000c6d00000, 0x00000000c6d00000|100%| O|  |TAMS 0x00000000c6d00000, 0x00000000c6c00000| Untracked 
|   1|0x00000000c6d00000, 0x00000000c6e00000, 0x00000000c6e00000|100%| O|  |TAMS 0x00000000c6e00000, 0x00000000c6d00000| Untracked 
|   2|0x00000000c6e00000, 0x00000000c6f00000, 0x00000000c6f00000|100%| O|  |TAMS 0x00000000c6f00000, 0x00000000c6e00000| Untracked 
|   3|0x00000000c6f00000, 0x00000000c7000000, 0x00000000c7000000|100%| O|  |TAMS 0x00000000c7000000, 0x00000000c6f00000| Untracked 
|   4|0x00000000c7000000, 0x00000000c7100000, 0x00000000c7100000|100%| O|  |TAMS 0x00000000c7100000, 0x00000000c7000000| Untracked 
|   5|0x00000000c7100000, 0x00000000c7200000, 0x00000000c7200000|100%| O|  |TAMS 0x00000000c7200000, 0x00000000c7100000| Untracked 
|   6|0x00000000c7200000, 0x00000000c7300000, 0x00000000c7300000|100%| O|  |TAMS 0x00000000c7300000, 0x00000000c7200000| Untracked 
|   7|0x00000000c7300000, 0x00000000c7400000, 0x00000000c7400000|100%| O|  |TAMS 0x00000000c7400000, 0x00000000c7300000| Untracked 
|   8|0x00000000c7400000, 0x00000000c7500000, 0x00000000c7500000|100%| O|  |TAMS 0x00000000c7500000, 0x00000000c7400000| Untracked 
|   9|0x00000000c7500000, 0x00000000c7600000, 0x00000000c7600000|100%| O|  |TAMS 0x00000000c7600000, 0x00000000c7500000| Updating 
|  10|0x00000000c7600000, 0x00000000c7700000, 0x00000000c7700000|100%| O|  |TAMS 0x00000000c7700000, 0x00000000c7600000| Untracked 
|  11|0x00000000c7700000, 0x00000000c7800000, 0x00000000c7800000|100%| O|  |TAMS 0x00000000c7800000, 0x00000000c7700000| Updating 
|  12|0x00000000c7800000, 0x00000000c7900000, 0x00000000c7900000|100%| O|  |TAMS 0x00000000c7900000, 0x00000000c7800000| Untracked 
|  13|0x00000000c7900000, 0x00000000c7a00000, 0x00000000c7a00000|100%| O|  |TAMS 0x00000000c7a00000, 0x00000000c7900000| Untracked 
|  14|0x00000000c7a00000, 0x00000000c7b00000, 0x00000000c7b00000|100%| O|  |TAMS 0x00000000c7b00000, 0x00000000c7a00000| Untracked 
|  15|0x00000000c7b00000, 0x00000000c7c00000, 0x00000000c7c00000|100%| O|  |TAMS 0x00000000c7c00000, 0x00000000c7b00000| Updating 
|  16|0x00000000c7c00000, 0x00000000c7d00000, 0x00000000c7d00000|100%| O|  |TAMS 0x00000000c7d00000, 0x00000000c7c00000| Untracked 
|  17|0x00000000c7d00000, 0x00000000c7e00000, 0x00000000c7e00000|100%| O|  |TAMS 0x00000000c7e00000, 0x00000000c7d00000| Updating 
|  18|0x00000000c7e00000, 0x00000000c7f00000, 0x00000000c7f00000|100%|HS|  |TAMS 0x00000000c7f00000, 0x00000000c7e00000| Complete 
|  19|0x00000000c7f00000, 0x00000000c8000000, 0x00000000c8000000|100%|HC|  |TAMS 0x00000000c8000000, 0x00000000c7f00000| Complete 
|  20|0x00000000c8000000, 0x00000000c8100000, 0x00000000c8100000|100%|HC|  |TAMS 0x00000000c8100000, 0x00000000c8000000| Complete 
|  21|0x00000000c8100000, 0x00000000c8200000, 0x00000000c8200000|100%|HC|  |TAMS 0x00000000c8200000, 0x00000000c8100000| Complete 
|  22|0x00000000c8200000, 0x00000000c8300000, 0x00000000c8300000|100%|HC|  |TAMS 0x00000000c8300000, 0x00000000c8200000| Complete 
|  23|0x00000000c8300000, 0x00000000c8400000, 0x00000000c8400000|100%|HC|  |TAMS 0x00000000c8400000, 0x00000000c8300000| Complete 
|  24|0x00000000c8400000, 0x00000000c8500000, 0x00000000c8500000|100%|HC|  |TAMS 0x00000000c8500000, 0x00000000c8400000| Complete 
|  25|0x00000000c8500000, 0x00000000c8600000, 0x00000000c8600000|100%|HC|  |TAMS 0x00000000c8600000, 0x00000000c8500000| Complete 
|  26|0x00000000c8600000, 0x00000000c8700000, 0x00000000c8700000|100%| O|  |TAMS 0x00000000c8700000, 0x00000000c8600000| Untracked 
|  27|0x00000000c8700000, 0x00000000c8800000, 0x00000000c8800000|100%| O|  |TAMS 0x00000000c8800000, 0x00000000c8700000| Untracked 
|  28|0x00000000c8800000, 0x00000000c88d0e00, 0x00000000c8900000| 81%| O|  |TAMS 0x00000000c88d0e00, 0x00000000c8800000| Updating 
|  29|0x00000000c8900000, 0x00000000c8a00000, 0x00000000c8a00000|100%|HS|  |TAMS 0x00000000c8a00000, 0x00000000c8900000| Complete 
|  30|0x00000000c8a00000, 0x00000000c8b00000, 0x00000000c8b00000|100%|HC|  |TAMS 0x00000000c8b00000, 0x00000000c8a00000| Complete 
|  31|0x00000000c8b00000, 0x00000000c8c00000, 0x00000000c8c00000|100%|HC|  |TAMS 0x00000000c8c00000, 0x00000000c8b00000| Complete 
|  32|0x00000000c8c00000, 0x00000000c8d00000, 0x00000000c8d00000|100%|HC|  |TAMS 0x00000000c8d00000, 0x00000000c8c00000| Complete 
|  33|0x00000000c8d00000, 0x00000000c8e00000, 0x00000000c8e00000|100%|HC|  |TAMS 0x00000000c8e00000, 0x00000000c8d00000| Complete 
|  34|0x00000000c8e00000, 0x00000000c8f00000, 0x00000000c8f00000|100%|HC|  |TAMS 0x00000000c8f00000, 0x00000000c8e00000| Complete 
|  35|0x00000000c8f00000, 0x00000000c9000000, 0x00000000c9000000|100%|HC|  |TAMS 0x00000000c9000000, 0x00000000c8f00000| Complete 
|  36|0x00000000c9000000, 0x00000000c9100000, 0x00000000c9100000|100%|HC|  |TAMS 0x00000000c9100000, 0x00000000c9000000| Complete 
|  37|0x00000000c9100000, 0x00000000c9200000, 0x00000000c9200000|100%|HC|  |TAMS 0x00000000c9200000, 0x00000000c9100000| Complete 
|  38|0x00000000c9200000, 0x00000000c9300000, 0x00000000c9300000|100%|HC|  |TAMS 0x00000000c9300000, 0x00000000c9200000| Complete 
|  39|0x00000000c9300000, 0x00000000c9400000, 0x00000000c9400000|100%|HC|  |TAMS 0x00000000c9400000, 0x00000000c9300000| Complete 
|  40|0x00000000c9400000, 0x00000000c9500000, 0x00000000c9500000|100%|HC|  |TAMS 0x00000000c9500000, 0x00000000c9400000| Complete 
|  41|0x00000000c9500000, 0x00000000c9600000, 0x00000000c9600000|100%|HS|  |TAMS 0x00000000c9500000, 0x00000000c9500000| Complete 
|  42|0x00000000c9600000, 0x00000000c9700000, 0x00000000c9700000|100%|HC|  |TAMS 0x00000000c9600000, 0x00000000c9600000| Complete 
|  43|0x00000000c9700000, 0x00000000c9800000, 0x00000000c9800000|100%|HC|  |TAMS 0x00000000c9700000, 0x00000000c9700000| Complete 
|  44|0x00000000c9800000, 0x00000000c9900000, 0x00000000c9900000|100%|HC|  |TAMS 0x00000000c9800000, 0x00000000c9800000| Complete 
|  45|0x00000000c9900000, 0x00000000c9a00000, 0x00000000c9a00000|100%|HC|  |TAMS 0x00000000c9900000, 0x00000000c9900000| Complete 
|  46|0x00000000c9a00000, 0x00000000c9b00000, 0x00000000c9b00000|100%|HC|  |TAMS 0x00000000c9a00000, 0x00000000c9a00000| Complete 
|  47|0x00000000c9b00000, 0x00000000c9c00000, 0x00000000c9c00000|100%|HC|  |TAMS 0x00000000c9b00000, 0x00000000c9b00000| Complete 
|  48|0x00000000c9c00000, 0x00000000c9d00000, 0x00000000c9d00000|100%|HC|  |TAMS 0x00000000c9c00000, 0x00000000c9c00000| Complete 
|  49|0x00000000c9d00000, 0x00000000c9e00000, 0x00000000c9e00000|100%|HC|  |TAMS 0x00000000c9d00000, 0x00000000c9d00000| Complete 
|  50|0x00000000c9e00000, 0x00000000c9f00000, 0x00000000c9f00000|100%|HC|  |TAMS 0x00000000c9e00000, 0x00000000c9e00000| Complete 
|  51|0x00000000c9f00000, 0x00000000ca000000, 0x00000000ca000000|100%|HC|  |TAMS 0x00000000c9f00000, 0x00000000c9f00000| Complete 
|  52|0x00000000ca000000, 0x00000000ca100000, 0x00000000ca100000|100%|HC|  |TAMS 0x00000000ca000000, 0x00000000ca000000| Complete 
|  53|0x00000000ca100000, 0x00000000ca100000, 0x00000000ca200000|  0%| F|  |TAMS 0x00000000ca100000, 0x00000000ca100000| Untracked 
|  54|0x00000000ca200000, 0x00000000ca200000, 0x00000000ca300000|  0%| F|  |TAMS 0x00000000ca200000, 0x00000000ca200000| Untracked 
|  55|0x00000000ca300000, 0x00000000ca300000, 0x00000000ca400000|  0%| F|  |TAMS 0x00000000ca300000, 0x00000000ca300000| Untracked 
|  56|0x00000000ca400000, 0x00000000ca400000, 0x00000000ca500000|  0%| F|  |TAMS 0x00000000ca400000, 0x00000000ca400000| Untracked 
|  57|0x00000000ca500000, 0x00000000ca500000, 0x00000000ca600000|  0%| F|  |TAMS 0x00000000ca500000, 0x00000000ca500000| Untracked 
|  58|0x00000000ca600000, 0x00000000ca600000, 0x00000000ca700000|  0%| F|  |TAMS 0x00000000ca600000, 0x00000000ca600000| Untracked 
|  59|0x00000000ca700000, 0x00000000ca700000, 0x00000000ca800000|  0%| F|  |TAMS 0x00000000ca700000, 0x00000000ca700000| Untracked 
|  60|0x00000000ca800000, 0x00000000ca800000, 0x00000000ca900000|  0%| F|  |TAMS 0x00000000ca800000, 0x00000000ca800000| Untracked 
|  61|0x00000000ca900000, 0x00000000ca900000, 0x00000000caa00000|  0%| F|  |TAMS 0x00000000ca900000, 0x00000000ca900000| Untracked 
|  62|0x00000000caa00000, 0x00000000caa00000, 0x00000000cab00000|  0%| F|  |TAMS 0x00000000caa00000, 0x00000000caa00000| Untracked 
|  63|0x00000000cab00000, 0x00000000cab00000, 0x00000000cac00000|  0%| F|  |TAMS 0x00000000cab00000, 0x00000000cab00000| Untracked 
|  64|0x00000000cac00000, 0x00000000cac79d80, 0x00000000cad00000| 47%| E|  |TAMS 0x00000000cac00000, 0x00000000cac00000| Complete 
|  65|0x00000000cad00000, 0x00000000cae00000, 0x00000000cae00000|100%| E|CS|TAMS 0x00000000cad00000, 0x00000000cad00000| Complete 
|  66|0x00000000cae00000, 0x00000000caf00000, 0x00000000caf00000|100%| E|CS|TAMS 0x00000000cae00000, 0x00000000cae00000| Complete 
|  67|0x00000000caf00000, 0x00000000caf51520, 0x00000000cb000000| 31%| S|CS|TAMS 0x00000000caf00000, 0x00000000caf00000| Complete 
|  68|0x00000000cb000000, 0x00000000cb100000, 0x00000000cb100000|100%| S|CS|TAMS 0x00000000cb000000, 0x00000000cb000000| Complete 
|  69|0x00000000cb100000, 0x00000000cb200000, 0x00000000cb200000|100%| E|CS|TAMS 0x00000000cb100000, 0x00000000cb100000| Complete 

Card table byte_map: [0x000002783cd70000,0x000002783cf40000] _byte_map_base: 0x000002783c73a000

Marking Bits (Prev, Next): (CMBitMap*) 0x0000027825c7cf60, (CMBitMap*) 0x0000027825c7cf20
 Prev Bits: [0x000002783df60000, 0x000002783edb0000)
 Next Bits: [0x000002783d110000, 0x000002783df60000)

Polling page: 0x0000027823b50000

Metaspace:

Usage:
  Non-class:     14.98 MB used.
      Class:      1.82 MB used.
       Both:     16.80 MB used.

Virtual space:
  Non-class space:       64.00 MB reserved,      15.12 MB ( 24%) committed,  1 nodes.
      Class space:        1.00 GB reserved,       1.94 MB ( <1%) committed,  1 nodes.
             Both:        1.06 GB reserved,      17.06 MB (  2%) committed. 

Chunk freelists:
   Non-Class:  752.00 KB
       Class:  1.89 MB
        Both:  2.62 MB

MaxMetaspaceSize: unlimited
CompressedClassSpaceSize: 1.00 GB
Initial GC threshold: 21.00 MB
Current GC threshold: 21.00 MB
CDS: on
MetaspaceReclaimPolicy: balanced
 - commit_granule_bytes: 65536.
 - commit_granule_words: 8192.
 - virtual_space_node_default_size: 8388608.
 - enlarge_chunks_in_place: 1.
 - new_chunks_are_fully_committed: 0.
 - uncommit_free_chunks: 1.
 - use_allocation_guard: 0.


Internal statistics:

num_allocs_failed_limit: 0.
num_arena_births: 176.
num_arena_deaths: 0.
num_vsnodes_births: 2.
num_vsnodes_deaths: 0.
num_space_committed: 273.
num_space_uncommitted: 0.
num_chunks_returned_to_freelist: 0.
num_chunks_taken_from_freelist: 766.
num_chunk_merges: 0.
num_chunk_splits: 527.
num_chunks_enlarged: 428.
num_inconsistent_stats: 0.

CodeHeap 'non-profiled nmethods': size=120000Kb used=1847Kb max_used=1847Kb free=118152Kb
 bounds [0x0000027835670000, 0x00000278358e0000, 0x000002783cba0000]
CodeHeap 'profiled nmethods': size=120000Kb used=9349Kb max_used=9349Kb free=110650Kb
 bounds [0x000002782dba0000, 0x000002782e4d0000, 0x00000278350d0000]
CodeHeap 'non-nmethods': size=5760Kb used=1279Kb max_used=1324Kb free=4480Kb
 bounds [0x00000278350d0000, 0x0000027835340000, 0x0000027835670000]
 total_blobs=5239 nmethods=4746 adapters=403
 compilation: enabled
              stopped_count=0, restarted_count=0
 full_count=0

Compilation events (20 events):
Event: 8.390 Thread 0x0000027841214d90 nmethod 4732 0x000002783583c010 code [0x000002783583c1a0, 0x000002783583c238]
Event: 8.390 Thread 0x0000027841214d90 4592       4       java.lang.StringBuilder::<init> (6 bytes)
Event: 8.391 Thread 0x000002784121e120 nmethod 4756 0x000002782e4bd010 code [0x000002782e4bd400, 0x000002782e4be818]
Event: 8.391 Thread 0x000002784121e120 4757       1       org.apache.maven.model.ActivationFile::setExists (6 bytes)
Event: 8.392 Thread 0x000002784121e120 nmethod 4757 0x000002783583c310 code [0x000002783583c4a0, 0x000002783583c5b8]
Event: 8.393 Thread 0x0000027841214d90 nmethod 4592 0x000002783583c610 code [0x000002783583c7a0, 0x000002783583c9d8]
Event: 8.393 Thread 0x0000027841214d90 4462       4       java.lang.ThreadLocal::get (47 bytes)
Event: 8.396 Thread 0x0000027841214d90 nmethod 4462 0x000002783583ca90 code [0x000002783583cc40, 0x000002783583cdd8]
Event: 8.397 Thread 0x0000027841214d90 4465       4       java.util.Arrays::copyOf (40 bytes)
Event: 8.398 Thread 0x000002784121e120 4758       2       java.lang.reflect.AccessibleObject::slowVerifyAccess (67 bytes)
Event: 8.398 Thread 0x000002784121e120 nmethod 4758 0x000002782e4bf290 code [0x000002782e4bf460, 0x000002782e4bf868]
Event: 8.403 Thread 0x0000027841214d90 nmethod 4465 0x000002783583d010 code [0x000002783583d1a0, 0x000002783583d5d8]
Event: 8.403 Thread 0x0000027841214d90 4433       4       java.lang.StringBuilder::charAt (6 bytes)
Event: 8.405 Thread 0x0000027841214d90 nmethod 4433 0x000002783583d810 code [0x000002783583d9a0, 0x000002783583dab8]
Event: 8.405 Thread 0x0000027841214d90 4448       4       java.lang.StrictMath::ceil (10 bytes)
Event: 8.408 Thread 0x0000027841214d90 nmethod 4448 0x000002783583dc10 code [0x000002783583ddc0, 0x000002783583deb8]
Event: 8.408 Thread 0x0000027841214d90 4442   !   4       org.codehaus.plexus.interpolation.reflection.ClassMap::findMethod (107 bytes)
Event: 8.420 Thread 0x000002784121e120 4762       3       org.apache.maven.model.interpolation.StringVisitorModelInterpolator$ModelVisitor::visit (118 bytes)
Event: 8.422 Thread 0x000002784121e120 nmethod 4762 0x000002782e4bf990 code [0x000002782e4bfc40, 0x000002782e4c0f78]
Event: 8.422 Thread 0x000002784121e120 4763   !   3       java.util.WeakHashMap::expungeStaleEntries (139 bytes)

GC Heap History (18 events):
Event: 0.996 GC heap before
{Heap before GC invocations=0 (full 0):
 garbage-first heap   total 59392K, used 13312K [0x00000000c6c00000, 0x0000000100000000)
  region size 1024K, 13 young (13312K), 0 survivors (0K)
 Metaspace       used 3729K, committed 3904K, reserved 1114112K
  class space    used 373K, committed 448K, reserved 1048576K
}
Event: 1.004 GC heap after
{Heap after GC invocations=1 (full 0):
 garbage-first heap   total 59392K, used 3104K [0x00000000c6c00000, 0x0000000100000000)
  region size 1024K, 2 young (2048K), 2 survivors (2048K)
 Metaspace       used 3729K, committed 3904K, reserved 1114112K
  class space    used 373K, committed 448K, reserved 1048576K
}
Event: 1.545 GC heap before
{Heap before GC invocations=1 (full 0):
 garbage-first heap   total 59392K, used 16416K [0x00000000c6c00000, 0x0000000100000000)
  region size 1024K, 16 young (16384K), 2 survivors (2048K)
 Metaspace       used 5851K, committed 5952K, reserved 1114112K
  class space    used 662K, committed 704K, reserved 1048576K
}
Event: 1.551 GC heap after
{Heap after GC invocations=2 (full 0):
 garbage-first heap   total 59392K, used 3827K [0x00000000c6c00000, 0x0000000100000000)
  region size 1024K, 1 young (1024K), 1 survivors (1024K)
 Metaspace       used 5851K, committed 5952K, reserved 1114112K
  class space    used 662K, committed 704K, reserved 1048576K
}
Event: 3.422 GC heap before
{Heap before GC invocations=2 (full 0):
 garbage-first heap   total 59392K, used 36595K [0x00000000c6c00000, 0x0000000100000000)
  region size 1024K, 34 young (34816K), 1 survivors (1024K)
 Metaspace       used 11774K, committed 12032K, reserved 1114112K
  class space    used 1411K, committed 1536K, reserved 1048576K
}
Event: 3.432 GC heap after
{Heap after GC invocations=3 (full 0):
 garbage-first heap   total 59392K, used 6240K [0x00000000c6c00000, 0x0000000100000000)
  region size 1024K, 3 young (3072K), 3 survivors (3072K)
 Metaspace       used 11774K, committed 12032K, reserved 1114112K
  class space    used 1411K, committed 1536K, reserved 1048576K
}
Event: 4.781 GC heap before
{Heap before GC invocations=3 (full 0):
 garbage-first heap   total 59392K, used 37984K [0x00000000c6c00000, 0x0000000100000000)
  region size 1024K, 34 young (34816K), 3 survivors (3072K)
 Metaspace       used 15107K, committed 15360K, reserved 1114112K
  class space    used 1718K, committed 1856K, reserved 1048576K
}
Event: 4.806 GC heap after
{Heap after GC invocations=4 (full 0):
 garbage-first heap   total 59392K, used 10317K [0x00000000c6c00000, 0x0000000100000000)
  region size 1024K, 5 young (5120K), 5 survivors (5120K)
 Metaspace       used 15107K, committed 15360K, reserved 1114112K
  class space    used 1718K, committed 1856K, reserved 1048576K
}
Event: 5.643 GC heap before
{Heap before GC invocations=4 (full 0):
 garbage-first heap   total 59392K, used 40013K [0x00000000c6c00000, 0x0000000100000000)
  region size 1024K, 34 young (34816K), 5 survivors (5120K)
 Metaspace       used 15575K, committed 15808K, reserved 1114112K
  class space    used 1751K, committed 1856K, reserved 1048576K
}
Event: 5.682 GC heap after
{Heap after GC invocations=5 (full 0):
 garbage-first heap   total 59392K, used 15509K [0x00000000c6c00000, 0x0000000100000000)
  region size 1024K, 5 young (5120K), 5 survivors (5120K)
 Metaspace       used 15575K, committed 15808K, reserved 1114112K
  class space    used 1751K, committed 1856K, reserved 1048576K
}
Event: 6.396 GC heap before
{Heap before GC invocations=5 (full 0):
 garbage-first heap   total 59392K, used 41109K [0x00000000c6c00000, 0x0000000100000000)
  region size 1024K, 30 young (30720K), 5 survivors (5120K)
 Metaspace       used 15820K, committed 16064K, reserved 1114112K
  class space    used 1753K, committed 1856K, reserved 1048576K
}
Event: 6.416 GC heap after
{Heap after GC invocations=6 (full 0):
 garbage-first heap   total 59392K, used 18317K [0x00000000c6c00000, 0x0000000100000000)
  region size 1024K, 3 young (3072K), 3 survivors (3072K)
 Metaspace       used 15820K, committed 16064K, reserved 1114112K
  class space    used 1753K, committed 1856K, reserved 1048576K
}
Event: 7.009 GC heap before
{Heap before GC invocations=6 (full 0):
 garbage-first heap   total 59392K, used 41869K [0x00000000c6c00000, 0x0000000100000000)
  region size 1024K, 26 young (26624K), 3 survivors (3072K)
 Metaspace       used 15999K, committed 16192K, reserved 1114112K
  class space    used 1753K, committed 1856K, reserved 1048576K
}
Event: 7.032 GC heap after
{Heap after GC invocations=7 (full 0):
 garbage-first heap   total 71680K, used 21256K [0x00000000c6c00000, 0x0000000100000000)
  region size 1024K, 3 young (3072K), 3 survivors (3072K)
 Metaspace       used 15999K, committed 16192K, reserved 1114112K
  class space    used 1753K, committed 1856K, reserved 1048576K
}
Event: 8.316 GC heap before
{Heap before GC invocations=7 (full 0):
 garbage-first heap   total 71680K, used 54024K [0x00000000c6c00000, 0x0000000100000000)
  region size 1024K, 28 young (28672K), 3 survivors (3072K)
 Metaspace       used 17175K, committed 17408K, reserved 1114112K
  class space    used 1860K, committed 1984K, reserved 1048576K
}
Event: 8.330 GC heap after
{Heap after GC invocations=8 (full 0):
 garbage-first heap   total 71680K, used 31060K [0x00000000c6c00000, 0x0000000100000000)
  region size 1024K, 2 young (2048K), 2 survivors (2048K)
 Metaspace       used 17175K, committed 17408K, reserved 1114112K
  class space    used 1860K, committed 1984K, reserved 1048576K
}
Event: 8.334 GC heap before
{Heap before GC invocations=8 (full 0):
 garbage-first heap   total 71680K, used 43348K [0x00000000c6c00000, 0x0000000100000000)
  region size 1024K, 3 young (3072K), 2 survivors (2048K)
 Metaspace       used 17176K, committed 17408K, reserved 1114112K
  class space    used 1860K, committed 1984K, reserved 1048576K
}
Event: 8.339 GC heap after
{Heap after GC invocations=9 (full 0):
 garbage-first heap   total 71680K, used 43144K [0x00000000c6c00000, 0x0000000100000000)
  region size 1024K, 2 young (2048K), 2 survivors (2048K)
 Metaspace       used 17176K, committed 17408K, reserved 1114112K
  class space    used 1860K, committed 1984K, reserved 1048576K
}

Dll operation events (8 events):
Event: 0.014 Loaded shared library C:\Program Files\Java\jdk-19\bin\java.dll
Event: 0.030 Loaded shared library C:\Program Files\Java\jdk-19\bin\jsvml.dll
Event: 0.093 Loaded shared library C:\Program Files\Java\jdk-19\bin\net.dll
Event: 0.096 Loaded shared library C:\Program Files\Java\jdk-19\bin\nio.dll
Event: 0.102 Loaded shared library C:\Program Files\Java\jdk-19\bin\zip.dll
Event: 0.313 Loaded shared library C:\Program Files\Java\jdk-19\bin\jimage.dll
Event: 0.440 Loaded shared library C:\Program Files\Maven\apache-maven-3.9.1\lib\jansi-native\Windows\x86_64\jansi.dll
Event: 0.466 Loaded shared library C:\Program Files\Java\jdk-19\bin\verify.dll

Deoptimization events (20 events):
Event: 8.174 Thread 0x0000027825c3bcb0 DEOPT PACKING pc=0x000002783573e60c sp=0x000000f1e7cfd040
Event: 8.174 Thread 0x0000027825c3bcb0 DEOPT UNPACKING pc=0x0000027835136da3 sp=0x000000f1e7cfcfc8 mode 2
Event: 8.196 Thread 0x0000027825c3bcb0 Uncommon trap: trap_request=0xffffff54 fr.pc=0x00000278357ef404 relative=0x0000000000000324
Event: 8.196 Thread 0x0000027825c3bcb0 Uncommon trap: reason=speculate_null_assert action=make_not_entrant pc=0x00000278357ef404 method=org.eclipse.sisu.inject.RankedBindings$Itr.hasNext()Z @ 80 c2
Event: 8.196 Thread 0x0000027825c3bcb0 DEOPT PACKING pc=0x00000278357ef404 sp=0x000000f1e7cfd8b0
Event: 8.196 Thread 0x0000027825c3bcb0 DEOPT UNPACKING pc=0x0000027835136da3 sp=0x000000f1e7cfd818 mode 2
Event: 8.235 Thread 0x0000027825c3bcb0 DEOPT PACKING pc=0x000002782dc715b4 sp=0x000000f1e7cf8440
Event: 8.235 Thread 0x0000027825c3bcb0 DEOPT UNPACKING pc=0x0000027835137543 sp=0x000000f1e7cf7878 mode 0
Event: 8.235 Thread 0x0000027825c3bcb0 DEOPT PACKING pc=0x000002782dc711cc sp=0x000000f1e7cf84b0
Event: 8.235 Thread 0x0000027825c3bcb0 DEOPT UNPACKING pc=0x0000027835137543 sp=0x000000f1e7cf7948 mode 0
Event: 8.376 Thread 0x0000027825c3bcb0 Uncommon trap: trap_request=0xffffff45 fr.pc=0x0000027835727e34 relative=0x0000000000000094
Event: 8.376 Thread 0x0000027825c3bcb0 Uncommon trap: reason=unstable_if action=reinterpret pc=0x0000027835727e34 method=java.lang.ref.ReferenceQueue.poll()Ljava/lang/ref/Reference; @ 4 c2
Event: 8.376 Thread 0x0000027825c3bcb0 DEOPT PACKING pc=0x0000027835727e34 sp=0x000000f1e7cfcde0
Event: 8.376 Thread 0x0000027825c3bcb0 DEOPT UNPACKING pc=0x0000027835136da3 sp=0x000000f1e7cfccc8 mode 2
Event: 8.410 Thread 0x0000027825c3bcb0 Uncommon trap: trap_request=0xffffffcc fr.pc=0x000002783583d384 relative=0x00000000000001e4
Event: 8.410 Thread 0x0000027825c3bcb0 Uncommon trap: reason=intrinsic_or_type_checked_inlining action=make_not_entrant pc=0x000002783583d384 method=java.util.Arrays.copyOf([Ljava/lang/Object;ILjava/lang/Class;)[Ljava/lang/Object; @ 35 c2
Event: 8.410 Thread 0x0000027825c3bcb0 DEOPT PACKING pc=0x000002783583d384 sp=0x000000f1e7cfc520
Event: 8.410 Thread 0x0000027825c3bcb0 DEOPT UNPACKING pc=0x0000027835136da3 sp=0x000000f1e7cfc4b0 mode 2
Event: 8.416 Thread 0x0000027825c3bcb0 DEOPT PACKING pc=0x000002782e143384 sp=0x000000f1e7cfbc40
Event: 8.416 Thread 0x0000027825c3bcb0 DEOPT UNPACKING pc=0x0000027835137543 sp=0x000000f1e7cfb198 mode 0

Classes loaded (20 events):
Event: 8.162 Loading class org/xml/sax/SAXException
Event: 8.163 Loading class org/xml/sax/SAXException done
Event: 8.163 Loading class org/w3c/dom/Document
Event: 8.164 Loading class org/w3c/dom/Document done
Event: 8.164 Loading class org/w3c/dom/Element
Event: 8.164 Loading class org/w3c/dom/Element done
Event: 8.228 Loading class java/net/URISyntaxException
Event: 8.228 Loading class java/net/URISyntaxException done
Event: 8.241 Loading class jdk/internal/reflect/MethodHandleBooleanFieldAccessorImpl
Event: 8.241 Loading class jdk/internal/reflect/MethodHandleBooleanFieldAccessorImpl done
Event: 8.265 Loading class java/lang/Character$UnicodeBlock
Event: 8.266 Loading class java/lang/Character$Subset
Event: 8.266 Loading class java/lang/Character$Subset done
Event: 8.267 Loading class java/lang/Character$UnicodeBlock done
Event: 8.298 Loading class java/nio/file/NoSuchFileException
Event: 8.298 Loading class java/nio/file/NoSuchFileException done
Event: 8.345 Loading class java/nio/BufferMismatch
Event: 8.345 Loading class java/nio/BufferMismatch done
Event: 8.346 Loading class java/nio/file/attribute/PosixFileAttributes
Event: 8.346 Loading class java/nio/file/attribute/PosixFileAttributes done

Classes unloaded (0 events):
No events

Classes redefined (0 events):
No events

Internal exceptions (20 events):
Event: 2.924 Thread 0x0000027825c3bcb0 Exception <a 'java/lang/NoSuchMethodError'{0x00000000c8b35cc0}: 'java.lang.Object java.lang.invoke.DirectMethodHandle$Holder.invokeSpecial(java.lang.Object, java.lang.Object, java.lang.Object, int, java.lang.Object)'> (0x00000000c8b35cc0) 
thrown [s\open\src\hotspot\share\interpreter\linkResolver.cpp, line 774]
Event: 2.926 Thread 0x0000027825c3bcb0 Exception <a 'java/lang/NoSuchMethodError'{0x00000000c8b3e410}: 'int java.lang.invoke.DirectMethodHandle$Holder.invokeSpecial(java.lang.Object, java.lang.Object, java.lang.Object, int)'> (0x00000000c8b3e410) 
thrown [s\open\src\hotspot\share\interpreter\linkResolver.cpp, line 774]
Event: 2.937 Thread 0x0000027825c3bcb0 Implicit null exception at 0x00000278356fc0af to 0x00000278356fc1c4
Event: 2.942 Thread 0x0000027825c3bcb0 Exception <a 'java/lang/NoSuchMethodError'{0x00000000c8b64358}: 'java.lang.Object java.lang.invoke.Invokers$Holder.invokeExact_MT(java.lang.Object, int, java.lang.Object)'> (0x00000000c8b64358) 
thrown [s\open\src\hotspot\share\interpreter\linkResolver.cpp, line 774]
Event: 2.971 Thread 0x0000027825c3bcb0 Exception <a 'java/lang/NoSuchMethodError'{0x00000000c8bc5ac0}: 'void java.lang.invoke.DirectMethodHandle$Holder.invokeStatic(java.lang.Object, java.lang.Object)'> (0x00000000c8bc5ac0) 
thrown [s\open\src\hotspot\share\interpreter\linkResolver.cpp, line 774]
Event: 3.422 Thread 0x0000027825c3bcb0 Exception <a 'java/lang/NoSuchMethodError'{0x00000000c84fda88}: 'void java.lang.invoke.Invokers$Holder.invokeExact_MT(java.lang.Object, java.lang.Object, java.lang.Object, java.lang.Object)'> (0x00000000c84fda88) 
thrown [s\open\src\hotspot\share\interpreter\linkResolver.cpp, line 774]
Event: 3.465 Thread 0x0000027825c3bcb0 Exception <a 'java/lang/NoClassDefFoundError'{0x00000000ca5cfd08}: com/google/inject/servlet/ServletModuleTargetVisitor> (0x00000000ca5cfd08) 
thrown [s\open\src\hotspot\share\classfile\systemDictionary.cpp, line 244]
Event: 3.570 Thread 0x0000027825c3bcb0 Exception <a 'java/lang/NoSuchMethodError'{0x00000000ca383220}: 'void java.lang.invoke.DirectMethodHandle$Holder.invokeVirtual(java.lang.Object, java.lang.Object)'> (0x00000000ca383220) 
thrown [s\open\src\hotspot\share\interpreter\linkResolver.cpp, line 774]
Event: 3.626 Thread 0x0000027825c3bcb0 Exception <a 'java/lang/NoSuchMethodError'{0x00000000ca202358}: 'java.lang.Object java.lang.invoke.DirectMethodHandle$Holder.invokeStaticInit(java.lang.Object, int, int, int, int)'> (0x00000000ca202358) 
thrown [s\open\src\hotspot\share\interpreter\linkResolver.cpp, line 774]
Event: 3.881 Thread 0x0000027825c3bcb0 Implicit null exception at 0x00000278356a0a72 to 0x00000278356a0f34
Event: 3.881 Thread 0x0000027825c3bcb0 Implicit null exception at 0x00000278356aaef2 to 0x00000278356ab3b4
Event: 3.972 Thread 0x0000027825c3bcb0 Implicit null exception at 0x000002783570ea9e to 0x000002783570ec5c
Event: 4.123 Thread 0x0000027825c3bcb0 Exception <a 'java/lang/NoSuchMethodError'{0x00000000c9b9ea70}: 'void java.lang.invoke.DirectMethodHandle$Holder.invokeVirtual(java.lang.Object, java.lang.Object, int)'> (0x00000000c9b9ea70) 
thrown [s\open\src\hotspot\share\interpreter\linkResolver.cpp, line 774]
Event: 4.123 Thread 0x0000027825c3bcb0 Exception <a 'java/lang/NoSuchMethodError'{0x00000000c9ba6088}: 'void java.lang.invoke.DelegatingMethodHandle$Holder.reinvoke_L(java.lang.Object, java.lang.Object, int)'> (0x00000000c9ba6088) 
thrown [s\open\src\hotspot\share\interpreter\linkResolver.cpp, line 774]
Event: 4.994 Thread 0x0000027825c3bcb0 Implicit null exception at 0x000002783579c7d4 to 0x000002783579d9c0
Event: 4.994 Thread 0x0000027825c3bcb0 Implicit null exception at 0x000002783570ad6a to 0x000002783570af28
Event: 4.994 Thread 0x0000027825c3bcb0 Implicit null exception at 0x000002783575ba5e to 0x000002783575c2a4
Event: 7.954 Thread 0x0000027825c3bcb0 Exception <a 'java/lang/NoSuchMethodError'{0x00000000ca5ed058}: 'java.lang.Object java.lang.invoke.DirectMethodHandle$Holder.newInvokeSpecial(java.lang.Object, java.lang.Object, java.lang.Object, java.lang.Object, java.lang.Object, java.lang.Object, java.lang.Object)'> (0x00000000ca5ed058) 
thrown [s\open\src\hotspot\share\interpreter\linkResolver.cpp, line 774]
Event: 8.209 Thread 0x0000027825c3bcb0 Exception <a 'java/lang/NoSuchMethodError'{0x00000000c9ce35c0}: 'int java.lang.invoke.DirectMethodHandle$Holder.invokeVirtual(java.lang.Object, java.lang.Object)'> (0x00000000c9ce35c0) 
thrown [s\open\src\hotspot\share\interpreter\linkResolver.cpp, line 774]
Event: 8.210 Thread 0x0000027825c3bcb0 Exception <a 'java/lang/NoSuchMethodError'{0x00000000c9ce98d0}: 'void java.lang.invoke.DirectMethodHandle$Holder.invokeSpecial(java.lang.Object, java.lang.Object, java.lang.Object, java.lang.Object, java.lang.Object)'> (0x00000000c9ce98d0) 
thrown [s\open\src\hotspot\share\interpreter\linkResolver.cpp, line 774]

VM Operations (20 events):
Event: 5.121 Executing VM operation: ICBufferFull done
Event: 5.643 Executing VM operation: G1CollectForAllocation
Event: 5.682 Executing VM operation: G1CollectForAllocation done
Event: 5.688 Executing VM operation: HandshakeAllThreads
Event: 5.688 Executing VM operation: HandshakeAllThreads done
Event: 6.346 Executing VM operation: ICBufferFull
Event: 6.346 Executing VM operation: ICBufferFull done
Event: 6.396 Executing VM operation: G1CollectForAllocation
Event: 6.416 Executing VM operation: G1CollectForAllocation done
Event: 7.009 Executing VM operation: G1CollectForAllocation
Event: 7.034 Executing VM operation: G1CollectForAllocation done
Event: 8.035 Executing VM operation: Cleanup
Event: 8.035 Executing VM operation: Cleanup done
Event: 8.235 Executing VM operation: HandshakeAllThreads
Event: 8.235 Executing VM operation: HandshakeAllThreads done
Event: 8.316 Executing VM operation: G1TryInitiateConcMark
Event: 8.331 Executing VM operation: G1TryInitiateConcMark done
Event: 8.334 Executing VM operation: G1TryInitiateConcMark
Event: 8.339 Executing VM operation: G1TryInitiateConcMark done
Event: 8.422 Executing VM operation: G1PauseRemark

Events (12 events):
Event: 0.030 Thread 0x0000027825c3bcb0 Thread added: 0x0000027825c3bcb0
Event: 0.052 Thread 0x0000027841203660 Thread added: 0x0000027841203660
Event: 0.052 Thread 0x0000027841205360 Thread added: 0x0000027841205360
Event: 0.053 Thread 0x0000027841209b70 Thread added: 0x0000027841209b70
Event: 0.053 Thread 0x000002784120d5c0 Thread added: 0x000002784120d5c0
Event: 0.053 Thread 0x000002784120def0 Thread added: 0x000002784120def0
Event: 0.053 Thread 0x00000278412109b0 Thread added: 0x00000278412109b0
Event: 0.053 Thread 0x0000027841214d90 Thread added: 0x0000027841214d90
Event: 0.053 Thread 0x000002784121e120 Thread added: 0x000002784121e120
Event: 0.054 Thread 0x0000027841221ab0 Thread added: 0x0000027841221ab0
Event: 0.081 Thread 0x00000278454743d0 Thread added: 0x00000278454743d0
Event: 0.087 Thread 0x0000027845498da0 Thread added: 0x0000027845498da0


Dynamic libraries:
0x00007ff725e20000 - 0x00007ff725e30000 	C:\Program Files\Java\jdk-19\bin\java.exe
0x00007fffed710000 - 0x00007fffed908000 	C:\Windows\SYSTEM32\ntdll.dll
0x00007fffec130000 - 0x00007fffec1ef000 	C:\Windows\System32\KERNEL32.DLL
0x00007fffeaef0000 - 0x00007fffeb1e6000 	C:\Windows\System32\KERNELBASE.dll
0x00007fffeadf0000 - 0x00007fffeaef0000 	C:\Windows\System32\ucrtbase.dll
0x00007fffddaf0000 - 0x00007fffddb08000 	C:\Program Files\Java\jdk-19\bin\jli.dll
0x00007fffdd6a0000 - 0x00007fffdd6bb000 	C:\Program Files\Java\jdk-19\bin\VCRUNTIME140.dll
0x00007fffebbe0000 - 0x00007fffebc8f000 	C:\Windows\System32\ADVAPI32.dll
0x00007fffec5c0000 - 0x00007fffec65e000 	C:\Windows\System32\msvcrt.dll
0x00007fffed510000 - 0x00007fffed5ac000 	C:\Windows\System32\sechost.dll
0x00007fffeb780000 - 0x00007fffeb8a6000 	C:\Windows\System32\RPCRT4.dll
0x00007fffebe20000 - 0x00007fffebfbd000 	C:\Windows\System32\USER32.dll
0x00007fffeb530000 - 0x00007fffeb552000 	C:\Windows\System32\win32u.dll
0x00007fffd8ae0000 - 0x00007fffd8d7a000 	C:\Windows\WinSxS\amd64_microsoft.windows.common-controls_6595b64144ccf1df_6.0.19041.1110_none_60b5254171f9507e\COMCTL32.dll
0x00007fffebdf0000 - 0x00007fffebe1c000 	C:\Windows\System32\GDI32.dll
0x00007fffeb330000 - 0x00007fffeb445000 	C:\Windows\System32\gdi32full.dll
0x00007fffeb220000 - 0x00007fffeb2bd000 	C:\Windows\System32\msvcp_win.dll
0x00007fffdad00000 - 0x00007fffdad0a000 	C:\Windows\SYSTEM32\VERSION.dll
0x00007fffebdc0000 - 0x00007fffebdf0000 	C:\Windows\System32\IMM32.DLL
0x00007fffdd690000 - 0x00007fffdd69c000 	C:\Program Files\Java\jdk-19\bin\vcruntime140_1.dll
0x00007fffb6810000 - 0x00007fffb689e000 	C:\Program Files\Java\jdk-19\bin\msvcp140.dll
0x00007fffaa270000 - 0x00007fffaaf30000 	C:\Program Files\Java\jdk-19\bin\server\jvm.dll
0x00007fffd4790000 - 0x00007fffd4799000 	C:\Windows\SYSTEM32\WSOCK32.dll
0x00007fffd4e50000 - 0x00007fffd4e77000 	C:\Windows\SYSTEM32\WINMM.dll
0x00007fffebd50000 - 0x00007fffebdbb000 	C:\Windows\System32\WS2_32.dll
0x00007fffe9600000 - 0x00007fffe9612000 	C:\Windows\SYSTEM32\kernel.appcore.dll
0x00007fffd2190000 - 0x00007fffd219a000 	C:\Program Files\Java\jdk-19\bin\jimage.dll
0x00007fffe1c10000 - 0x00007fffe1df4000 	C:\Windows\SYSTEM32\DBGHELP.DLL
0x00007fffe1ba0000 - 0x00007fffe1bd4000 	C:\Windows\SYSTEM32\dbgcore.DLL
0x00007fffeb450000 - 0x00007fffeb4d2000 	C:\Windows\System32\bcryptPrimitives.dll
0x00007fffd08b0000 - 0x00007fffd08d6000 	C:\Program Files\Java\jdk-19\bin\java.dll
0x00007fffaa190000 - 0x00007fffaa267000 	C:\Program Files\Java\jdk-19\bin\jsvml.dll
0x00007fffec660000 - 0x00007fffecda4000 	C:\Windows\System32\SHELL32.dll
0x00007fffe8ca0000 - 0x00007fffe9433000 	C:\Windows\SYSTEM32\windows.storage.dll
0x00007fffec260000 - 0x00007fffec5b4000 	C:\Windows\System32\combase.dll
0x00007fffea690000 - 0x00007fffea6be000 	C:\Windows\SYSTEM32\Wldp.dll
0x00007fffeb8b0000 - 0x00007fffeb95d000 	C:\Windows\System32\SHCORE.dll
0x00007fffec1f0000 - 0x00007fffec245000 	C:\Windows\System32\shlwapi.dll
0x00007fffead30000 - 0x00007fffead4f000 	C:\Windows\SYSTEM32\profapi.dll
0x00007fffd0890000 - 0x00007fffd08a3000 	C:\Program Files\Java\jdk-19\bin\net.dll
0x00007fffdf250000 - 0x00007fffdf35a000 	C:\Windows\SYSTEM32\WINHTTP.dll
0x00007fffea470000 - 0x00007fffea4da000 	C:\Windows\system32\mswsock.dll
0x00007fffc2720000 - 0x00007fffc2736000 	C:\Program Files\Java\jdk-19\bin\nio.dll
0x00007fffc2650000 - 0x00007fffc2668000 	C:\Program Files\Java\jdk-19\bin\zip.dll
0x0000000069ac0000 - 0x0000000069ae4000 	C:\Program Files\Maven\apache-maven-3.9.1\lib\jansi-native\Windows\x86_64\jansi.dll
0x00007fffd06f0000 - 0x00007fffd0700000 	C:\Program Files\Java\jdk-19\bin\verify.dll

dbghelp: loaded successfully - version: 4.0.5 - missing functions: none
symbol engine: initialized successfully - sym options: 0x614 - pdb path: .;C:\Program Files\Java\jdk-19\bin;C:\Windows\SYSTEM32;C:\Windows\WinSxS\amd64_microsoft.windows.common-controls_6595b64144ccf1df_6.0.19041.1110_none_60b5254171f9507e;C:\Program Files\Java\jdk-19\bin\server;C:\Program Files\Maven\apache-maven-3.9.1\lib\jansi-native\Windows\x86_64

VM Arguments:
jvm_args: -Dclassworlds.conf=C:\Program Files\Maven\apache-maven-3.9.1\bin\m2.conf -Dmaven.home=C:\Program Files\Maven\apache-maven-3.9.1 -Dlibrary.jansi.path=C:\Program Files\Maven\apache-maven-3.9.1\lib\jansi-native -Dmaven.multiModuleProjectDirectory=D:\microservicios_2023_1\gateway-server 
java_command: org.codehaus.plexus.classworlds.launcher.Launcher spring-boot:run
java_class_path (initial): C:\Program Files\Maven\apache-maven-3.9.1\boot\plexus-classworlds-2.6.0.jar
Launcher Type: SUN_STANDARD

[Global flags]
     intx CICompilerCount                          = 3                                         {product} {ergonomic}
     uint ConcGCThreads                            = 1                                         {product} {ergonomic}
     uint G1ConcRefinementThreads                  = 4                                         {product} {ergonomic}
   size_t G1HeapRegionSize                         = 1048576                                   {product} {ergonomic}
    uintx GCDrainStackTargetSize                   = 64                                        {product} {ergonomic}
   size_t InitialHeapSize                          = 60817408                                  {product} {ergonomic}
   size_t MarkStackSize                            = 4194304                                   {product} {ergonomic}
   size_t MaxHeapSize                              = 960495616                                 {product} {ergonomic}
   size_t MaxNewSize                               = 575668224                                 {product} {ergonomic}
   size_t MinHeapDeltaBytes                        = 1048576                                   {product} {ergonomic}
   size_t MinHeapSize                              = 8388608                                   {product} {ergonomic}
    uintx NonNMethodCodeHeapSize                   = 5832780                                {pd product} {ergonomic}
    uintx NonProfiledCodeHeapSize                  = 122912730                              {pd product} {ergonomic}
    uintx ProfiledCodeHeapSize                     = 122912730                              {pd product} {ergonomic}
    uintx ReservedCodeCacheSize                    = 251658240                              {pd product} {ergonomic}
     bool SegmentedCodeCache                       = true                                      {product} {ergonomic}
   size_t SoftMaxHeapSize                          = 960495616                              {manageable} {ergonomic}
     bool UseCompressedClassPointers               = true                           {product lp64_product} {ergonomic}
     bool UseCompressedOops                        = true                           {product lp64_product} {ergonomic}
     bool UseG1GC                                  = true                                      {product} {ergonomic}
     bool UseLargePagesIndividualAllocation        = false                                  {pd product} {ergonomic}

Logging:
Log output configuration:
 #0: stdout all=warning uptime,level,tags foldmultilines=false
 #1: stderr all=off uptime,level,tags foldmultilines=false

Environment Variables:
JAVA_HOME=C:\Program Files\Java\jdk-19
PATH=C:\Program Files\Common Files\Oracle\Java\javapath;C:\Program Files (x86)\Common Files\Oracle\Java\javapath;C:\app\frank\product\21c\dbhomeXE\bin;C:\Windows\system32;C:\Windows;C:\Windows\System32\Wbem;C:\Windows\System32\WindowsPowerShell\v1.0\;C:\Windows\System32\OpenSSH\;C:\xampp\php;C:\composer;C:\Program Files\wureset;C:\Users\frank\AppData\Local\Android\Sdk\platform-tools;C:\ProgramData\chocolatey\bin;C:\Program Files (x86)\Microchip\MPLAB C32 Suite\bin;C:\Program Files\Maven\apache-maven-3.9.1\bin;C:\Program Files\Java\jdk-19\bin;C:\Program Files\nodejs\;C:\Program Files\Git\cmd;C:\Program Files\Docker\Docker\resources\bin;C:\Users\frank\AppData\Local\Microsoft\WindowsApps;C:\Users\frank\AppData\Local\Programs\Microsoft VS Code\bin;C:\Users\frank\AppData\Roaming\Composer\vendor\bin;C:\Users\frank\AppData\Roaming\npm;
USERNAME=frank
OS=Windows_NT
PROCESSOR_IDENTIFIER=Intel64 Family 6 Model 58 Stepping 9, GenuineIntel
TMP=C:\Users\frank\AppData\Local\Temp
TEMP=C:\Users\frank\AppData\Local\Temp



---------------  S Y S T E M  ---------------

OS:
 Windows 10 , 64 bit Build 19041 (10.0.19041.2913)
OS uptime: 3 days 10:06 hours
Hyper-V role detected

CPU: total 4 (initial active 4) (2 cores per cpu, 2 threads per core) family 6 model 58 stepping 9 microcode 0x21, cx8, cmov, fxsr, ht, mmx, sse, sse2, sse3, ssse3, sse4.1, sse4.2, popcnt, tsc, tscinvbit, avx, erms, clmul, vzeroupper, clflush, hv, rdtscp

Memory: 4k page, system-wide physical 3659M (153M free)
TotalPageFile size 11851M (AvailPageFile size 16M)
current process WorkingSet (physical memory assigned to process): 158M, peak: 159M
current process commit charge ("private bytes"): 193M, peak: 222M

vm_info: Java HotSpot(TM) 64-Bit Server VM (19+36-2238) for windows-amd64 JRE (19+36-2238), built on 2022-08-12T20:29:01Z by "mach5one" with MS VC++ 17.1 (VS2022)

END.
