#
# There is insufficient memory for the Java Runtime Environment to continue.
# Native memory allocation (malloc) failed to allocate 1048576 bytes for AllocateHeap
# Possible reasons:
#   The system is out of physical RAM or swap space
#   The process is running with CompressedOops enabled, and the Java Heap may be blocking the growth of the native heap
# Possible solutions:
#   Reduce memory load on the system
#   Increase physical memory or swap space
#   Check if swap backing store is full
#   Decrease Java heap size (-Xmx/-Xms)
#   Decrease number of Java threads
#   Decrease Java thread stack sizes (-Xss)
#   Set larger code cache with -XX:ReservedCodeCacheSize=
#   JVM is running with Unscaled Compressed Oops mode in which the Java heap is
#     placed in the first 4GB address space. The Java Heap base address is the
#     maximum limit for the native heap growth. Please use -XX:HeapBaseMinAddress
#     to set the Java Heap base and to place the Java Heap above 4GB virtual address.
# This output file may be truncated or incomplete.
#
#  Out of Memory Error (allocation.cpp:44), pid=16332, tid=16708
#
# JRE version: OpenJDK Runtime Environment Temurin-17.0.7+7 (17.0.7+7) (build 17.0.7+7)
# Java VM: OpenJDK 64-Bit Server VM Temurin-17.0.7+7 (17.0.7+7, mixed mode, emulated-client, tiered, compressed oops, compressed class ptrs, g1 gc, windows-amd64)
# No core dump will be written. Minidumps are not enabled by default on client versions of Windows
#

---------------  S U M M A R Y ------------

Command Line: -XX:+HeapDumpOnOutOfMemoryError -Xmx1024m -Dsts.lsp.client=vscode -Dsts.log.file=/dev/null -XX:TieredStopAtLevel=1 -Xlog:jni+resolve=off -Dspring.config.location=file:c:\Users\frank\.vscode\extensions\vmware.vscode-spring-boot-1.46.0\language-server\BOOT-INF\classes\application.properties org.springframework.ide.vscode.boot.app.BootLanguageServerBootApp

Host: Intel(R) Core(TM) i5-3230M CPU @ 2.60GHz, 4 cores, 3G,  Windows 10 , 64 bit Build 19041 (10.0.19041.2913)
Time: Mon May  8 19:05:03 2023 Hora est. Pacífico, Sudamérica elapsed time: 459.872825 seconds (0d 0h 7m 39s)

---------------  T H R E A D  ---------------

Current thread (0x00000232ad8c36c0):  VMThread "VM Thread" [stack: 0x000000e950400000,0x000000e950500000] [id=16708]

Stack: [0x000000e950400000,0x000000e950500000]
Native frames: (J=compiled Java code, j=interpreted, Vv=VM code, C=native code)
V  [jvm.dll+0x67754a]
V  [jvm.dll+0x834304]
V  [jvm.dll+0x835aae]
V  [jvm.dll+0x836113]
V  [jvm.dll+0x24696f]
V  [jvm.dll+0xa681f]
V  [jvm.dll+0x2f73f3]
V  [jvm.dll+0x2f30f0]
V  [jvm.dll+0x2db6c7]
V  [jvm.dll+0x31e777]
V  [jvm.dll+0x83a5bb]
V  [jvm.dll+0x83b2f4]
V  [jvm.dll+0x83b80c]
V  [jvm.dll+0x83bbe4]
V  [jvm.dll+0x83bcb0]
V  [jvm.dll+0x7e4e7a]
V  [jvm.dll+0x676395]
C  [ucrtbase.dll+0x21bb2]
C  [KERNEL32.DLL+0x17614]
C  [ntdll.dll+0x526a1]

VM_Operation (0x000000e9515ff200): G1CollectFull, mode: safepoint, requested by thread 0x00000232bd2ab460


---------------  P R O C E S S  ---------------

Threads class SMR info:
_java_thread_list=0x00000232bd496120, length=18, elements={
0x00000232b7d2f750, 0x00000232b7d304d0, 0x00000232b7d511b0, 0x00000232b7d51f30,
0x00000232b7d528f0, 0x00000232b7d74040, 0x00000232b7d74900, 0x00000232b7d77210,
0x00000232bc1a02c0, 0x00000232bc1b77d0, 0x00000232bce11f20, 0x00000232bce123f0,
0x00000232bd2ab460, 0x00000232bc144590, 0x00000232ad8115e0, 0x00000232bd2ab930,
0x00000232bd43a410, 0x00000232bd3d9f50
}

Java Threads: ( => current thread )
  0x00000232b7d2f750 JavaThread "Reference Handler" daemon [_thread_blocked, id=12612, stack(0x000000e950500000,0x000000e950600000)]
  0x00000232b7d304d0 JavaThread "Finalizer" daemon [_thread_blocked, id=13468, stack(0x000000e950600000,0x000000e950700000)]
  0x00000232b7d511b0 JavaThread "Signal Dispatcher" daemon [_thread_blocked, id=1488, stack(0x000000e950700000,0x000000e950800000)]
  0x00000232b7d51f30 JavaThread "Attach Listener" daemon [_thread_blocked, id=2876, stack(0x000000e950800000,0x000000e950900000)]
  0x00000232b7d528f0 JavaThread "Service Thread" daemon [_thread_blocked, id=1668, stack(0x000000e950900000,0x000000e950a00000)]
  0x00000232b7d74040 JavaThread "Monitor Deflation Thread" daemon [_thread_blocked, id=2880, stack(0x000000e950a00000,0x000000e950b00000)]
  0x00000232b7d74900 JavaThread "C1 CompilerThread0" daemon [_thread_blocked, id=9864, stack(0x000000e950b00000,0x000000e950c00000)]
  0x00000232b7d77210 JavaThread "Sweeper thread" daemon [_thread_blocked, id=5816, stack(0x000000e950c00000,0x000000e950d00000)]
  0x00000232bc1a02c0 JavaThread "Notification Thread" daemon [_thread_blocked, id=12004, stack(0x000000e950d00000,0x000000e950e00000)]
  0x00000232bc1b77d0 JavaThread "Common-Cleaner" daemon [_thread_blocked, id=11908, stack(0x000000e950f00000,0x000000e951000000)]
  0x00000232bce11f20 JavaThread "boundedElastic-evictor-1" daemon [_thread_blocked, id=17124, stack(0x000000e951000000,0x000000e951100000)]
  0x00000232bce123f0 JavaThread "boundedElastic-evictor-2" daemon [_thread_blocked, id=14124, stack(0x000000e951400000,0x000000e951500000)]
  0x00000232bd2ab460 JavaThread "pool-10-thread-1" [_thread_blocked, id=1052, stack(0x000000e951500000,0x000000e951600000)]
  0x00000232bc144590 JavaThread "LanguageServerApp-lifecycle" [_thread_blocked, id=5844, stack(0x000000e951600000,0x000000e951700000)]
  0x00000232ad8115e0 JavaThread "DestroyJavaVM" [_thread_blocked, id=7860, stack(0x000000e94fe00000,0x000000e94ff00000)]
  0x00000232bd2ab930 JavaThread "pool-11-thread-1" [_thread_in_native, id=2348, stack(0x000000e951700000,0x000000e951800000)]
  0x00000232bd43a410 JavaThread "Simple-Language-Server main thread" daemon [_thread_blocked, id=4548, stack(0x000000e951800000,0x000000e951900000)]
  0x00000232bd3d9f50 JavaThread "pool-6-thread-1" [_thread_blocked, id=10284, stack(0x000000e951900000,0x000000e951a00000)]

Other Threads:
=>0x00000232ad8c36c0 VMThread "VM Thread" [stack: 0x000000e950400000,0x000000e950500000] [id=16708]
  0x00000232bc1a0790 WatcherThread [stack: 0x000000e950e00000,0x000000e950f00000] [id=16804]
  0x00000232ad851360 GCTaskThread "GC Thread#0" [stack: 0x000000e94ff00000,0x000000e950000000] [id=8520]
  0x00000232bc8d1d20 GCTaskThread "GC Thread#1" [stack: 0x000000e951100000,0x000000e951200000] [id=5220]
  0x00000232bcb3f9c0 GCTaskThread "GC Thread#2" [stack: 0x000000e951200000,0x000000e951300000] [id=15124]
  0x00000232bcd83030 GCTaskThread "GC Thread#3" [stack: 0x000000e951300000,0x000000e951400000] [id=12784]
  0x00000232ad85a1b0 ConcurrentGCThread "G1 Main Marker" [stack: 0x000000e950000000,0x000000e950100000] [id=16608]
  0x00000232ad85aad0 ConcurrentGCThread "G1 Conc#0" [stack: 0x000000e950100000,0x000000e950200000] [id=5808]
  0x00000232ad897990 ConcurrentGCThread "G1 Refine#0" [stack: 0x000000e950200000,0x000000e950300000] [id=5672]
  0x00000232ad8982c0 ConcurrentGCThread "G1 Service" [stack: 0x000000e950300000,0x000000e950400000] [id=5316]

Threads with active compile tasks:

VM state: at safepoint (normal execution)

VM Mutex/Monitor currently owned by a thread:  ([mutex/lock_event])
[0x00000232ab569530] Threads_lock - owner thread: 0x00000232ad8c36c0
[0x00000232ad80f090] Heap_lock - owner thread: 0x00000232bd2ab460

Heap address: 0x00000000c0000000, size: 1024 MB, Compressed Oops mode: 32-bit

CDS archive(s) not mapped
Compressed class space mapped at: 0x0000000100000000-0x0000000140000000, reserved size: 1073741824
Narrow klass base: 0x0000000000000000, Narrow klass shift: 3, Narrow klass range: 0x140000000

GC Precious Log:
 CPUs: 4 total, 4 available
 Memory: 3659M
 Large Page Support: Disabled
 NUMA Support: Disabled
 Compressed Oops: Enabled (32-bit)
 Heap Region Size: 1M
 Heap Min Capacity: 8M
 Heap Initial Capacity: 58M
 Heap Max Capacity: 1G
 Pre-touch: Disabled
 Parallel Workers: 4
 Concurrent Workers: 1
 Concurrent Refinement Workers: 4
 Periodic GC: Disabled

Heap:
 garbage-first heap   total 45056K, used 13984K [0x00000000c0000000, 0x0000000100000000)
  region size 1024K, 1 young (1024K), 0 survivors (0K)
 Metaspace       used 34520K, committed 35008K, reserved 1114112K
  class space    used 4473K, committed 4672K, reserved 1048576K

Heap Regions: E=young(eden), S=young(survivor), O=old, HS=humongous(starts), HC=humongous(continues), CS=collection set, F=free, OA=open archive, CA=closed archive, TAMS=top-at-mark-start (previous, next)
|   0|0x00000000c0000000, 0x00000000c0100000, 0x00000000c0100000|100%| O|  |TAMS 0x00000000c0100000, 0x00000000c0000000| Untracked 
|   1|0x00000000c0100000, 0x00000000c0200000, 0x00000000c0200000|100%| O|  |TAMS 0x00000000c0200000, 0x00000000c0100000| Untracked 
|   2|0x00000000c0200000, 0x00000000c02ff418, 0x00000000c0300000| 99%| O|  |TAMS 0x00000000c02ff418, 0x00000000c0200000| Untracked 
|   3|0x00000000c0300000, 0x00000000c03fffb0, 0x00000000c0400000| 99%| O|  |TAMS 0x00000000c03fffb0, 0x00000000c0300000| Untracked 
|   4|0x00000000c0400000, 0x00000000c0500000, 0x00000000c0500000|100%| O|  |TAMS 0x00000000c0500000, 0x00000000c0400000| Untracked 
|   5|0x00000000c0500000, 0x00000000c05fff88, 0x00000000c0600000| 99%| O|  |TAMS 0x00000000c05fff88, 0x00000000c0500000| Untracked 
|   6|0x00000000c0600000, 0x00000000c06fffd8, 0x00000000c0700000| 99%| O|  |TAMS 0x00000000c06fffd8, 0x00000000c0600000| Untracked 
|   7|0x00000000c0700000, 0x00000000c0800000, 0x00000000c0800000|100%| O|  |TAMS 0x00000000c0800000, 0x00000000c0700000| Untracked 
|   8|0x00000000c0800000, 0x00000000c08ffa80, 0x00000000c0900000| 99%| O|  |TAMS 0x00000000c08ffa80, 0x00000000c0800000| Untracked 
|   9|0x00000000c0900000, 0x00000000c09ffff0, 0x00000000c0a00000| 99%| O|  |TAMS 0x00000000c09ffff0, 0x00000000c0900000| Untracked 
|  10|0x00000000c0a00000, 0x00000000c0afde30, 0x00000000c0b00000| 99%| O|  |TAMS 0x00000000c0afde30, 0x00000000c0a00000| Untracked 
|  11|0x00000000c0b00000, 0x00000000c0bfffd8, 0x00000000c0c00000| 99%| O|  |TAMS 0x00000000c0bfffd8, 0x00000000c0b00000| Untracked 
|  12|0x00000000c0c00000, 0x00000000c0cffff8, 0x00000000c0d00000| 99%| O|  |TAMS 0x00000000c0cffff8, 0x00000000c0c00000| Untracked 
|  13|0x00000000c0d00000, 0x00000000c0da9250, 0x00000000c0e00000| 66%| O|  |TAMS 0x00000000c0d00000, 0x00000000c0d00000| Untracked 
|  14|0x00000000c0e00000, 0x00000000c0e023f0, 0x00000000c0f00000|  0%| O|  |TAMS 0x00000000c0e00000, 0x00000000c0e00000| Untracked 
|  15|0x00000000c0f00000, 0x00000000c0f00000, 0x00000000c1000000|  0%| F|  |TAMS 0x00000000c0f00000, 0x00000000c0f00000| Untracked 
|  16|0x00000000c1000000, 0x00000000c1000000, 0x00000000c1100000|  0%| F|  |TAMS 0x00000000c1000000, 0x00000000c1000000| Untracked 
|  17|0x00000000c1100000, 0x00000000c1100000, 0x00000000c1200000|  0%| F|  |TAMS 0x00000000c1100000, 0x00000000c1100000| Untracked 
|  18|0x00000000c1200000, 0x00000000c1200000, 0x00000000c1300000|  0%| F|  |TAMS 0x00000000c1200000, 0x00000000c1200000| Untracked 
|  19|0x00000000c1300000, 0x00000000c1300000, 0x00000000c1400000|  0%| F|  |TAMS 0x00000000c1300000, 0x00000000c1300000| Untracked 
|  20|0x00000000c1400000, 0x00000000c1400000, 0x00000000c1500000|  0%| F|  |TAMS 0x00000000c1400000, 0x00000000c1400000| Untracked 
|  21|0x00000000c1500000, 0x00000000c1500000, 0x00000000c1600000|  0%| F|  |TAMS 0x00000000c1500000, 0x00000000c1500000| Untracked 
|  22|0x00000000c1600000, 0x00000000c1600000, 0x00000000c1700000|  0%| F|  |TAMS 0x00000000c1600000, 0x00000000c1600000| Untracked 
|  23|0x00000000c1700000, 0x00000000c1700000, 0x00000000c1800000|  0%| F|  |TAMS 0x00000000c1700000, 0x00000000c1700000| Untracked 
|  24|0x00000000c1800000, 0x00000000c1800000, 0x00000000c1900000|  0%| F|  |TAMS 0x00000000c1800000, 0x00000000c1800000| Untracked 
|  25|0x00000000c1900000, 0x00000000c1900000, 0x00000000c1a00000|  0%| F|  |TAMS 0x00000000c1900000, 0x00000000c1900000| Untracked 
|  26|0x00000000c1a00000, 0x00000000c1a00000, 0x00000000c1b00000|  0%| F|  |TAMS 0x00000000c1a00000, 0x00000000c1a00000| Untracked 
|  27|0x00000000c1b00000, 0x00000000c1b00000, 0x00000000c1c00000|  0%| F|  |TAMS 0x00000000c1b00000, 0x00000000c1b00000| Untracked 
|  28|0x00000000c1c00000, 0x00000000c1c00000, 0x00000000c1d00000|  0%| F|  |TAMS 0x00000000c1c00000, 0x00000000c1c00000| Untracked 
|  29|0x00000000c1d00000, 0x00000000c1d00000, 0x00000000c1e00000|  0%| F|  |TAMS 0x00000000c1d00000, 0x00000000c1d00000| Untracked 
|  30|0x00000000c1e00000, 0x00000000c1e00000, 0x00000000c1f00000|  0%| F|  |TAMS 0x00000000c1e00000, 0x00000000c1e00000| Untracked 
|  31|0x00000000c1f00000, 0x00000000c1f00000, 0x00000000c2000000|  0%| F|  |TAMS 0x00000000c1f00000, 0x00000000c1f00000| Untracked 
|  32|0x00000000c2000000, 0x00000000c2000000, 0x00000000c2100000|  0%| F|  |TAMS 0x00000000c2000000, 0x00000000c2000000| Untracked 
|  33|0x00000000c2100000, 0x00000000c2100000, 0x00000000c2200000|  0%| F|  |TAMS 0x00000000c2100000, 0x00000000c2100000| Untracked 
|  34|0x00000000c2200000, 0x00000000c2200000, 0x00000000c2300000|  0%| F|  |TAMS 0x00000000c2200000, 0x00000000c2200000| Untracked 
|  35|0x00000000c2300000, 0x00000000c2300000, 0x00000000c2400000|  0%| F|  |TAMS 0x00000000c2300000, 0x00000000c2300000| Untracked 
|  36|0x00000000c2400000, 0x00000000c2400000, 0x00000000c2500000|  0%| F|  |TAMS 0x00000000c2400000, 0x00000000c2400000| Untracked 
|  37|0x00000000c2500000, 0x00000000c2500000, 0x00000000c2600000|  0%| F|  |TAMS 0x00000000c2500000, 0x00000000c2500000| Untracked 
|  38|0x00000000c2600000, 0x00000000c2600000, 0x00000000c2700000|  0%| F|  |TAMS 0x00000000c2600000, 0x00000000c2600000| Untracked 
|  39|0x00000000c2700000, 0x00000000c2700000, 0x00000000c2800000|  0%| F|  |TAMS 0x00000000c2700000, 0x00000000c2700000| Untracked 
|  48|0x00000000c3000000, 0x00000000c3000000, 0x00000000c3100000|  0%| F|  |TAMS 0x00000000c3000000, 0x00000000c3000000| Untracked 
|  49|0x00000000c3100000, 0x00000000c3100000, 0x00000000c3200000|  0%| F|  |TAMS 0x00000000c3100000, 0x00000000c3100000| Untracked 
|  50|0x00000000c3200000, 0x00000000c3200000, 0x00000000c3300000|  0%| F|  |TAMS 0x00000000c3200000, 0x00000000c3200000| Untracked 
|  57|0x00000000c3900000, 0x00000000c391c7e8, 0x00000000c3a00000| 11%| E|  |TAMS 0x00000000c3900000, 0x00000000c3900000| Complete 

Card table byte_map: [0x00000232b34a0000,0x00000232b36a0000] _byte_map_base: 0x00000232b2ea0000

Marking Bits (Prev, Next): (CMBitMap*) 0x00000232ad851880, (CMBitMap*) 0x00000232ad8518c0
 Prev Bits: [0x00000232b38a0000, 0x00000232b48a0000)
 Next Bits: [0x00000232b48a0000, 0x00000232b58a0000)

Polling page: 0x00000232ab760000

Metaspace:

Usage:
  Non-class:     29.34 MB used.
      Class:      4.37 MB used.
       Both:     33.71 MB used.

Virtual space:
  Non-class space:       64.00 MB reserved,      29.62 MB ( 46%) committed,  1 nodes.
      Class space:        1.00 GB reserved,       4.56 MB ( <1%) committed,  1 nodes.
             Both:        1.06 GB reserved,      34.19 MB (  3%) committed. 

Chunk freelists:
   Non-Class:  1.92 MB
       Class:  11.35 MB
        Both:  13.27 MB

MaxMetaspaceSize: unlimited
CompressedClassSpaceSize: 1.00 GB
Initial GC threshold: 21.00 MB
Current GC threshold: 57.00 MB
CDS: off
MetaspaceReclaimPolicy: balanced
 - commit_granule_bytes: 65536.
 - commit_granule_words: 8192.
 - virtual_space_node_default_size: 8388608.
 - enlarge_chunks_in_place: 1.
 - new_chunks_are_fully_committed: 0.
 - uncommit_free_chunks: 1.
 - use_allocation_guard: 0.
 - handle_deallocations: 1.


Internal statistics:

num_allocs_failed_limit: 5.
num_arena_births: 448.
num_arena_deaths: 130.
num_vsnodes_births: 2.
num_vsnodes_deaths: 0.
num_space_committed: 547.
num_space_uncommitted: 0.
num_chunks_returned_to_freelist: 144.
num_chunks_taken_from_freelist: 1455.
num_chunk_merges: 46.
num_chunk_splits: 995.
num_chunks_enlarged: 741.
num_inconsistent_stats: 0.

CodeCache: size=49152Kb used=6112Kb max_used=6112Kb free=43039Kb
 bounds [0x00000232b04a0000, 0x00000232b0aa0000, 0x00000232b34a0000]
 total_blobs=3732 nmethods=3200 adapters=458
 compilation: enabled
              stopped_count=0, restarted_count=0
 full_count=0

Compilation events (20 events):
Event: 399.288 Thread 0x00000232b7d74900 3202       1       jdk.internal.misc.Unsafe::putReferenceOpaque (9 bytes)
Event: 399.289 Thread 0x00000232b7d74900 nmethod 3202 0x00000232b0a95a90 code [0x00000232b0a95c20, 0x00000232b0a95d38]
Event: 403.056 Thread 0x00000232b7d74900 3203       1       java.util.concurrent.ThreadPoolExecutor::workerCountOf (5 bytes)
Event: 403.057 Thread 0x00000232b7d74900 nmethod 3203 0x00000232b0a95d90 code [0x00000232b0a95f20, 0x00000232b0a95fd8]
Event: 409.315 Thread 0x00000232b7d74900 3204       1       java.util.concurrent.locks.LockSupport::setBlocker (12 bytes)
Event: 409.318 Thread 0x00000232b7d74900 nmethod 3204 0x00000232b0a96090 code [0x00000232b0a96220, 0x00000232b0a96318]
Event: 423.488 Thread 0x00000232b7d74900 3205       1       java.lang.System::getProperty (25 bytes)
Event: 423.491 Thread 0x00000232b7d74900 nmethod 3205 0x00000232b0a96390 code [0x00000232b0a96560, 0x00000232b0a967d8]
Event: 439.119 Thread 0x00000232b7d74900 3206       1       java.util.concurrent.locks.AbstractQueuedSynchronizer$ConditionObject::canReacquire (28 bytes)
Event: 439.124 Thread 0x00000232b7d74900 nmethod 3206 0x00000232b0a96990 code [0x00000232b0a96b20, 0x00000232b0a96c78]
Event: 439.124 Thread 0x00000232b7d74900 3207       1       java.util.concurrent.locks.ReentrantLock$Sync::isHeldExclusively (16 bytes)
Event: 439.124 Thread 0x00000232b7d74900 nmethod 3207 0x00000232b0a96d90 code [0x00000232b0a96f20, 0x00000232b0a97018]
Event: 449.302 Thread 0x00000232b7d74900 3208       1       java.util.concurrent.ThreadPoolExecutor::getQueue (5 bytes)
Event: 449.305 Thread 0x00000232b7d74900 nmethod 3208 0x00000232b0a97090 code [0x00000232b0a97220, 0x00000232b0a972f8]
Event: 459.097 Thread 0x00000232b7d74900 3209       1       java.util.concurrent.ScheduledThreadPoolExecutor$DelayedWorkQueue::setIndex (16 bytes)
Event: 459.097 Thread 0x00000232b7d74900 nmethod 3209 0x00000232b0a97390 code [0x00000232b0a97520, 0x00000232b0a97638]
Event: 459.349 Thread 0x00000232b7d74900 3210       1       java.util.concurrent.ScheduledThreadPoolExecutor$ScheduledFutureTask::getDelay (16 bytes)
Event: 459.351 Thread 0x00000232b7d74900 nmethod 3210 0x00000232b0a97710 code [0x00000232b0a978a0, 0x00000232b0a979c8]
Event: 459.351 Thread 0x00000232b7d74900 3211       1       java.util.concurrent.TimeUnit::convert (77 bytes)
Event: 459.353 Thread 0x00000232b7d74900 nmethod 3211 0x00000232b0a97a90 code [0x00000232b0a97c80, 0x00000232b0a97f08]

GC Heap History (20 events):
Event: 351.348 GC heap before
{Heap before GC invocations=37 (full 27):
 garbage-first heap   total 45056K, used 13984K [0x00000000c0000000, 0x0000000100000000)
  region size 1024K, 1 young (1024K), 0 survivors (0K)
 Metaspace       used 34520K, committed 35008K, reserved 1114112K
  class space    used 4473K, committed 4672K, reserved 1048576K
}
Event: 351.382 GC heap after
{Heap after GC invocations=38 (full 28):
 garbage-first heap   total 45056K, used 13984K [0x00000000c0000000, 0x0000000100000000)
  region size 1024K, 0 young (0K), 0 survivors (0K)
 Metaspace       used 34520K, committed 35008K, reserved 1114112K
  class space    used 4473K, committed 4672K, reserved 1048576K
}
Event: 361.865 GC heap before
{Heap before GC invocations=38 (full 28):
 garbage-first heap   total 45056K, used 13984K [0x00000000c0000000, 0x0000000100000000)
  region size 1024K, 1 young (1024K), 0 survivors (0K)
 Metaspace       used 34520K, committed 35008K, reserved 1114112K
  class space    used 4473K, committed 4672K, reserved 1048576K
}
Event: 361.890 GC heap after
{Heap after GC invocations=39 (full 29):
 garbage-first heap   total 45056K, used 13984K [0x00000000c0000000, 0x0000000100000000)
  region size 1024K, 0 young (0K), 0 survivors (0K)
 Metaspace       used 34520K, committed 35008K, reserved 1114112K
  class space    used 4473K, committed 4672K, reserved 1048576K
}
Event: 372.191 GC heap before
{Heap before GC invocations=39 (full 29):
 garbage-first heap   total 45056K, used 13984K [0x00000000c0000000, 0x0000000100000000)
  region size 1024K, 1 young (1024K), 0 survivors (0K)
 Metaspace       used 34520K, committed 35008K, reserved 1114112K
  class space    used 4473K, committed 4672K, reserved 1048576K
}
Event: 372.227 GC heap after
{Heap after GC invocations=40 (full 30):
 garbage-first heap   total 45056K, used 13984K [0x00000000c0000000, 0x0000000100000000)
  region size 1024K, 0 young (0K), 0 survivors (0K)
 Metaspace       used 34520K, committed 35008K, reserved 1114112K
  class space    used 4473K, committed 4672K, reserved 1048576K
}
Event: 382.488 GC heap before
{Heap before GC invocations=40 (full 30):
 garbage-first heap   total 45056K, used 13984K [0x00000000c0000000, 0x0000000100000000)
  region size 1024K, 1 young (1024K), 0 survivors (0K)
 Metaspace       used 34520K, committed 35008K, reserved 1114112K
  class space    used 4473K, committed 4672K, reserved 1048576K
}
Event: 382.514 GC heap after
{Heap after GC invocations=41 (full 31):
 garbage-first heap   total 45056K, used 13984K [0x00000000c0000000, 0x0000000100000000)
  region size 1024K, 0 young (0K), 0 survivors (0K)
 Metaspace       used 34520K, committed 35008K, reserved 1114112K
  class space    used 4473K, committed 4672K, reserved 1048576K
}
Event: 392.738 GC heap before
{Heap before GC invocations=41 (full 31):
 garbage-first heap   total 45056K, used 13984K [0x00000000c0000000, 0x0000000100000000)
  region size 1024K, 1 young (1024K), 0 survivors (0K)
 Metaspace       used 34520K, committed 35008K, reserved 1114112K
  class space    used 4473K, committed 4672K, reserved 1048576K
}
Event: 392.765 GC heap after
{Heap after GC invocations=42 (full 32):
 garbage-first heap   total 45056K, used 13984K [0x00000000c0000000, 0x0000000100000000)
  region size 1024K, 0 young (0K), 0 survivors (0K)
 Metaspace       used 34520K, committed 35008K, reserved 1114112K
  class space    used 4473K, committed 4672K, reserved 1048576K
}
Event: 403.022 GC heap before
{Heap before GC invocations=42 (full 32):
 garbage-first heap   total 45056K, used 13984K [0x00000000c0000000, 0x0000000100000000)
  region size 1024K, 1 young (1024K), 0 survivors (0K)
 Metaspace       used 34520K, committed 35008K, reserved 1114112K
  class space    used 4473K, committed 4672K, reserved 1048576K
}
Event: 403.056 GC heap after
{Heap after GC invocations=43 (full 33):
 garbage-first heap   total 45056K, used 13984K [0x00000000c0000000, 0x0000000100000000)
  region size 1024K, 0 young (0K), 0 survivors (0K)
 Metaspace       used 34520K, committed 35008K, reserved 1114112K
  class space    used 4473K, committed 4672K, reserved 1048576K
}
Event: 413.449 GC heap before
{Heap before GC invocations=43 (full 33):
 garbage-first heap   total 45056K, used 13984K [0x00000000c0000000, 0x0000000100000000)
  region size 1024K, 1 young (1024K), 0 survivors (0K)
 Metaspace       used 34520K, committed 35008K, reserved 1114112K
  class space    used 4473K, committed 4672K, reserved 1048576K
}
Event: 413.487 GC heap after
{Heap after GC invocations=44 (full 34):
 garbage-first heap   total 45056K, used 13984K [0x00000000c0000000, 0x0000000100000000)
  region size 1024K, 0 young (0K), 0 survivors (0K)
 Metaspace       used 34520K, committed 35008K, reserved 1114112K
  class space    used 4473K, committed 4672K, reserved 1048576K
}
Event: 423.845 GC heap before
{Heap before GC invocations=44 (full 34):
 garbage-first heap   total 45056K, used 13984K [0x00000000c0000000, 0x0000000100000000)
  region size 1024K, 1 young (1024K), 0 survivors (0K)
 Metaspace       used 34520K, committed 35008K, reserved 1114112K
  class space    used 4473K, committed 4672K, reserved 1048576K
}
Event: 423.878 GC heap after
{Heap after GC invocations=45 (full 35):
 garbage-first heap   total 45056K, used 13984K [0x00000000c0000000, 0x0000000100000000)
  region size 1024K, 0 young (0K), 0 survivors (0K)
 Metaspace       used 34520K, committed 35008K, reserved 1114112K
  class space    used 4473K, committed 4672K, reserved 1048576K
}
Event: 434.132 GC heap before
{Heap before GC invocations=45 (full 35):
 garbage-first heap   total 45056K, used 13984K [0x00000000c0000000, 0x0000000100000000)
  region size 1024K, 1 young (1024K), 0 survivors (0K)
 Metaspace       used 34520K, committed 35008K, reserved 1114112K
  class space    used 4473K, committed 4672K, reserved 1048576K
}
Event: 434.169 GC heap after
{Heap after GC invocations=46 (full 36):
 garbage-first heap   total 45056K, used 13984K [0x00000000c0000000, 0x0000000100000000)
  region size 1024K, 0 young (0K), 0 survivors (0K)
 Metaspace       used 34520K, committed 35008K, reserved 1114112K
  class space    used 4473K, committed 4672K, reserved 1048576K
}
Event: 444.735 GC heap before
{Heap before GC invocations=46 (full 36):
 garbage-first heap   total 45056K, used 13984K [0x00000000c0000000, 0x0000000100000000)
  region size 1024K, 1 young (1024K), 0 survivors (0K)
 Metaspace       used 34520K, committed 35008K, reserved 1114112K
  class space    used 4473K, committed 4672K, reserved 1048576K
}
Event: 444.771 GC heap after
{Heap after GC invocations=47 (full 37):
 garbage-first heap   total 45056K, used 13984K [0x00000000c0000000, 0x0000000100000000)
  region size 1024K, 0 young (0K), 0 survivors (0K)
 Metaspace       used 34520K, committed 35008K, reserved 1114112K
  class space    used 4473K, committed 4672K, reserved 1048576K
}

Dll operation events (7 events):
Event: 0.017 Loaded shared library c:\Users\frank\.vscode\extensions\redhat.java-1.18.0-win32-x64\jre\17.0.7-win32-x86_64\bin\java.dll
Event: 5.653 Loaded shared library C:\Users\frank\.vscode\extensions\redhat.java-1.18.0-win32-x64\jre\17.0.7-win32-x86_64\bin\net.dll
Event: 5.658 Loaded shared library C:\Users\frank\.vscode\extensions\redhat.java-1.18.0-win32-x64\jre\17.0.7-win32-x86_64\bin\nio.dll
Event: 5.711 Loaded shared library C:\Users\frank\.vscode\extensions\redhat.java-1.18.0-win32-x64\jre\17.0.7-win32-x86_64\bin\zip.dll
Event: 7.072 Loaded shared library C:\Users\frank\.vscode\extensions\redhat.java-1.18.0-win32-x64\jre\17.0.7-win32-x86_64\bin\jimage.dll
Event: 29.699 Loaded shared library C:\Users\frank\.vscode\extensions\redhat.java-1.18.0-win32-x64\jre\17.0.7-win32-x86_64\bin\management.dll
Event: 29.705 Loaded shared library C:\Users\frank\.vscode\extensions\redhat.java-1.18.0-win32-x64\jre\17.0.7-win32-x86_64\bin\management_ext.dll

Deoptimization events (4 events):
Event: 18.100 Thread 0x00000232ad8115e0 DEOPT PACKING pc=0x00000232b0914419 sp=0x000000e94fefd200
Event: 18.101 Thread 0x00000232ad8115e0 DEOPT UNPACKING pc=0x00000232b04f7143 sp=0x000000e94fefc6e0 mode 3
Event: 33.452 Thread 0x00000232bd43a410 DEOPT PACKING pc=0x00000232b0a881b5 sp=0x000000e9518fde00
Event: 33.452 Thread 0x00000232bd43a410 DEOPT UNPACKING pc=0x00000232b04f7143 sp=0x000000e9518fd328 mode 3

Classes unloaded (20 events):
Event: 80.705 Thread 0x00000232ad8c36c0 Unloading class 0x000000010021a800 'java/lang/invoke/LambdaForm$MH+0x000000010021a800'
Event: 80.705 Thread 0x00000232ad8c36c0 Unloading class 0x0000000100215000 'java/lang/invoke/LambdaForm$DMH+0x0000000100215000'
Event: 80.705 Thread 0x00000232ad8c36c0 Unloading class 0x0000000100091c00 'java/lang/invoke/LambdaForm$MH+0x0000000100091c00'
Event: 80.705 Thread 0x00000232ad8c36c0 Unloading class 0x0000000100091800 'java/lang/invoke/LambdaForm$MH+0x0000000100091800'
Event: 80.705 Thread 0x00000232ad8c36c0 Unloading class 0x0000000100091400 'java/lang/invoke/LambdaForm$MH+0x0000000100091400'
Event: 80.705 Thread 0x00000232ad8c36c0 Unloading class 0x0000000100091000 'java/lang/invoke/LambdaForm$MH+0x0000000100091000'
Event: 80.705 Thread 0x00000232ad8c36c0 Unloading class 0x0000000100090c00 'java/lang/invoke/LambdaForm$MH+0x0000000100090c00'
Event: 80.705 Thread 0x00000232ad8c36c0 Unloading class 0x0000000100090800 'java/lang/invoke/LambdaForm$MH+0x0000000100090800'
Event: 80.705 Thread 0x00000232ad8c36c0 Unloading class 0x0000000100090400 'java/lang/invoke/LambdaForm$MH+0x0000000100090400'
Event: 80.705 Thread 0x00000232ad8c36c0 Unloading class 0x0000000100090000 'java/lang/invoke/LambdaForm$MH+0x0000000100090000'
Event: 80.705 Thread 0x00000232ad8c36c0 Unloading class 0x000000010008b800 'java/lang/invoke/LambdaForm$MH+0x000000010008b800'
Event: 80.705 Thread 0x00000232ad8c36c0 Unloading class 0x000000010008b400 'java/lang/invoke/LambdaForm$MH+0x000000010008b400'
Event: 80.705 Thread 0x00000232ad8c36c0 Unloading class 0x000000010008b000 'java/lang/invoke/LambdaForm$MH+0x000000010008b000'
Event: 80.705 Thread 0x00000232ad8c36c0 Unloading class 0x000000010008ac00 'java/lang/invoke/LambdaForm$MH+0x000000010008ac00'
Event: 80.705 Thread 0x00000232ad8c36c0 Unloading class 0x000000010008a800 'java/lang/invoke/LambdaForm$MH+0x000000010008a800'
Event: 80.705 Thread 0x00000232ad8c36c0 Unloading class 0x000000010008a400 'java/lang/invoke/LambdaForm$MH+0x000000010008a400'
Event: 80.705 Thread 0x00000232ad8c36c0 Unloading class 0x0000000100089c00 'java/lang/invoke/LambdaForm$MH+0x0000000100089c00'
Event: 80.705 Thread 0x00000232ad8c36c0 Unloading class 0x0000000100089400 'java/lang/invoke/LambdaForm$MH+0x0000000100089400'
Event: 80.705 Thread 0x00000232ad8c36c0 Unloading class 0x0000000100088c00 'java/lang/invoke/LambdaForm$MH+0x0000000100088c00'
Event: 80.705 Thread 0x00000232ad8c36c0 Unloading class 0x0000000100088400 'java/lang/invoke/LambdaForm$MH+0x0000000100088400'

Classes redefined (0 events):
No events

Internal exceptions (20 events):
Event: 22.104 Thread 0x00000232ad8115e0 Exception <a 'java/lang/NoSuchMethodError'{0x00000000c2558bd8}: 'int java.lang.invoke.Invokers$Holder.linkToTargetMethod(java.lang.Object, java.lang.Object)'> (0x00000000c2558bd8) 
thrown [s\src\hotspot\share\interpreter\linkResolver.cpp, line 759]
Event: 22.257 Thread 0x00000232ad8115e0 Exception <a 'java/lang/NoSuchMethodError'{0x00000000c2423ec8}: 'java.lang.Object java.lang.invoke.DirectMethodHandle$Holder.invokeSpecial(java.lang.Object, java.lang.Object, java.lang.Object, java.lang.Object, java.lang.Object, java.lang.Object, java.lang.Object, java.lang.Object, java.lang.Object, java.lang.Object)'> (0x00000000c2423ec8) 
thrown [s\src\hotspot\share\interpreter\linkResolver.cpp, line 759]
Event: 22.257 Thread 0x00000232ad8115e0 Exception <a 'java/lang/NoSuchMethodError'{0x00000000c24284b0}: 'java.lang.Object java.lang.invoke.Invokers$Holder.invoke_MT(java.lang.Object, java.lang.Object, java.lang.Object, java.lang.Object, java.lang.Object, java.lang.Object, java.lang.Object, java.lang.Object, java.lang.Object, java.lang.Object)'> (0x00000000c24284b0) 
thrown [s\src\hotspot\share\interpreter\linkResolver.cpp, line 759]
Event: 22.368 Thread 0x00000232ad8115e0 Exception <a 'java/lang/NoSuchMethodError'{0x00000000c246ce88}: 'java.lang.Object java.lang.invoke.DirectMethodHandle$Holder.invokeSpecial(java.lang.Object, java.lang.Object, int, java.lang.Object, java.lang.Object)'> (0x00000000c246ce88) 
thrown [s\src\hotspot\share\interpreter\linkResolver.cpp, line 759]
Event: 22.368 Thread 0x00000232ad8115e0 Exception <a 'java/lang/NoSuchMethodError'{0x00000000c2470b30}: 'java.lang.Object java.lang.invoke.DelegatingMethodHandle$Holder.delegate(java.lang.Object, int, java.lang.Object, java.lang.Object)'> (0x00000000c2470b30) 
thrown [s\src\hotspot\share\interpreter\linkResolver.cpp, line 759]
Event: 22.371 Thread 0x00000232ad8115e0 Exception <a 'java/lang/NoSuchMethodError'{0x00000000c24819d0}: 'int java.lang.invoke.Invokers$Holder.linkToTargetMethod(java.lang.Object, java.lang.Object, java.lang.Object)'> (0x00000000c24819d0) 
thrown [s\src\hotspot\share\interpreter\linkResolver.cpp, line 759]
Event: 23.030 Thread 0x00000232ad8115e0 Exception <a 'java/lang/NoSuchMethodError'{0x00000000c22d7cd8}: 'void java.lang.invoke.DirectMethodHandle$Holder.invokeSpecial(java.lang.Object, java.lang.Object, java.lang.Object, java.lang.Object, java.lang.Object, java.lang.Object)'> (0x00000000c22d7cd8) 
thrown [s\src\hotspot\share\interpreter\linkResolver.cpp, line 759]
Event: 23.279 Thread 0x00000232ad8115e0 Exception <a 'java/lang/NoSuchMethodError'{0x00000000c206c7f8}: 'java.lang.Object java.lang.invoke.DirectMethodHandle$Holder.invokeStaticInit(java.lang.Object, int, int, int, int)'> (0x00000000c206c7f8) 
thrown [s\src\hotspot\share\interpreter\linkResolver.cpp, line 759]
Event: 24.227 Thread 0x00000232ad8115e0 Exception <a 'java/lang/NoSuchMethodError'{0x00000000c20d9d00}: 'java.lang.Object java.lang.invoke.DirectMethodHandle$Holder.invokeStaticInit(java.lang.Object, java.lang.Object, int, int, int, int)'> (0x00000000c20d9d00) 
thrown [s\src\hotspot\share\interpreter\linkResolver.cpp, line 759]
Event: 25.629 Thread 0x00000232ad8115e0 Exception <a 'java/lang/NoSuchMethodError'{0x00000000c272dd10}: 'void java.lang.invoke.DirectMethodHandle$Holder.invokeSpecialIFC(java.lang.Object, java.lang.Object, java.lang.Object)'> (0x00000000c272dd10) 
thrown [s\src\hotspot\share\interpreter\linkResolver.cpp, line 759]
Event: 28.857 Thread 0x00000232ad8115e0 Exception <a 'java/lang/NoSuchMethodError'{0x00000000c2290938}: 'java.lang.Object java.lang.invoke.DirectMethodHandle$Holder.invokeInterface(java.lang.Object, java.lang.Object, int)'> (0x00000000c2290938) 
thrown [s\src\hotspot\share\interpreter\linkResolver.cpp, line 759]
Event: 28.861 Thread 0x00000232ad8115e0 Exception <a 'java/lang/IncompatibleClassChangeError'{0x00000000c22a38f0}: Found class java.lang.Object, but interface was expected> (0x00000000c22a38f0) 
thrown [s\src\hotspot\share\interpreter\linkResolver.cpp, line 826]
Event: 29.623 Thread 0x00000232ad8115e0 Exception <a 'java/lang/NoSuchMethodError'{0x00000000c1e93e50}: 'java.lang.Object java.lang.invoke.DirectMethodHandle$Holder.newInvokeSpecial(java.lang.Object, java.lang.Object, int, java.lang.Object, java.lang.Object)'> (0x00000000c1e93e50) 
thrown [s\src\hotspot\share\interpreter\linkResolver.cpp, line 759]
Event: 29.626 Thread 0x00000232ad8115e0 Exception <a 'java/lang/NoSuchMethodError'{0x00000000c1ea5b18}: 'java.lang.Object java.lang.invoke.DirectMethodHandle$Holder.invokeSpecial(java.lang.Object, java.lang.Object, int, java.lang.Object, int, java.lang.Object)'> (0x00000000c1ea5b18) 
thrown [s\src\hotspot\share\interpreter\linkResolver.cpp, line 759]
Event: 29.627 Thread 0x00000232ad8115e0 Exception <a 'java/lang/NoSuchMethodError'{0x00000000c1ead920}: 'java.lang.Object java.lang.invoke.DirectMethodHandle$Holder.newInvokeSpecial(java.lang.Object, java.lang.Object, int, java.lang.Object, int)'> (0x00000000c1ead920) 
thrown [s\src\hotspot\share\interpreter\linkResolver.cpp, line 759]
Event: 29.628 Thread 0x00000232ad8115e0 Exception <a 'java/lang/NoSuchMethodError'{0x00000000c1eb1a20}: 'java.lang.Object java.lang.invoke.DirectMethodHandle$Holder.invokeSpecial(java.lang.Object, java.lang.Object, java.lang.Object, int, java.lang.Object, int)'> (0x00000000c1eb1a20) 
thrown [s\src\hotspot\share\interpreter\linkResolver.cpp, line 759]
Event: 33.237 Thread 0x00000232bd2ab930 Exception <a 'java/lang/NoSuchMethodError'{0x00000000c24b6818}: 'java.lang.Object java.lang.invoke.DirectMethodHandle$Holder.invokeStatic(java.lang.Object, java.lang.Object, java.lang.Object, int, java.lang.Object, java.lang.Object)'> (0x00000000c24b6818) 
thrown [s\src\hotspot\share\interpreter\linkResolver.cpp, line 759]
Event: 33.443 Thread 0x00000232bd43a410 Exception <a 'java/lang/NoSuchMethodError'{0x00000000c23c0bb8}: 'java.lang.Object java.lang.invoke.DirectMethodHandle$Holder.invokeStatic(java.lang.Object, int, java.lang.Object)'> (0x00000000c23c0bb8) 
thrown [s\src\hotspot\share\interpreter\linkResolver.cpp, line 759]
Event: 69.658 Thread 0x00000232bd2ab460 Exception <a 'java/lang/NoSuchMethodError'{0x00000000c22cf6e0}: 'void java.lang.invoke.DirectMethodHandle$Holder.invokeStatic(java.lang.Object, long)'> (0x00000000c22cf6e0) 
thrown [s\src\hotspot\share\interpreter\linkResolver.cpp, line 759]
Event: 69.662 Thread 0x00000232bd2ab460 Exception <a 'java/lang/NoSuchMethodError'{0x00000000c22d4a88}: 'java.lang.Object java.lang.invoke.DirectMethodHandle$Holder.newInvokeSpecial(java.lang.Object, long)'> (0x00000000c22d4a88) 
thrown [s\src\hotspot\share\interpreter\linkResolver.cpp, line 759]

VM Operations (20 events):
Event: 351.382 Executing VM operation: G1CollectFull done
Event: 361.865 Executing VM operation: G1CollectFull
Event: 361.890 Executing VM operation: G1CollectFull done
Event: 372.190 Executing VM operation: G1CollectFull
Event: 372.227 Executing VM operation: G1CollectFull done
Event: 382.488 Executing VM operation: G1CollectFull
Event: 382.514 Executing VM operation: G1CollectFull done
Event: 392.737 Executing VM operation: G1CollectFull
Event: 392.765 Executing VM operation: G1CollectFull done
Event: 403.022 Executing VM operation: G1CollectFull
Event: 403.056 Executing VM operation: G1CollectFull done
Event: 413.448 Executing VM operation: G1CollectFull
Event: 413.487 Executing VM operation: G1CollectFull done
Event: 423.845 Executing VM operation: G1CollectFull
Event: 423.879 Executing VM operation: G1CollectFull done
Event: 434.131 Executing VM operation: G1CollectFull
Event: 434.169 Executing VM operation: G1CollectFull done
Event: 444.735 Executing VM operation: G1CollectFull
Event: 444.771 Executing VM operation: G1CollectFull done
Event: 459.866 Executing VM operation: G1CollectFull

Events (20 events):
Event: 33.549 loading class java/util/concurrent/ForkJoinWorkerThread done
Event: 33.551 loading class java/util/concurrent/ForkJoinPool$DefaultCommonPoolForkJoinWorkerThreadFactory$1
Event: 33.551 loading class java/util/concurrent/ForkJoinPool$DefaultCommonPoolForkJoinWorkerThreadFactory$1 done
Event: 33.551 Thread 0x00000232bd575a30 Thread added: 0x00000232bd575a30
Event: 69.626 loading class java/lang/ProcessBuilder
Event: 69.631 loading class java/lang/ProcessBuilder done
Event: 69.631 loading class java/lang/ProcessImpl
Event: 69.634 loading class java/lang/Process
Event: 69.635 loading class java/lang/Process done
Event: 69.635 loading class java/lang/ProcessImpl done
Event: 69.663 loading class java/lang/ProcessImpl$2
Event: 69.663 loading class java/lang/ProcessImpl$2 done
Event: 69.664 loading class java/lang/Process$PipeInputStream
Event: 69.664 loading class java/lang/Process$PipeInputStream done
Event: 69.676 loading class jdk/internal/event/ProcessStartEvent
Event: 69.677 loading class jdk/internal/event/ProcessStartEvent done
Event: 70.050 loading class java/io/FileOutputStream$1
Event: 70.050 loading class java/io/FileOutputStream$1 done
Event: 93.903 Thread 0x00000232bd575a30 Thread exited: 0x00000232bd575a30
Event: 99.381 Thread 0x00000232bd5780b0 Thread exited: 0x00000232bd5780b0


Dynamic libraries:
0x00007ff602200000 - 0x00007ff60220e000 	c:\Users\frank\.vscode\extensions\redhat.java-1.18.0-win32-x64\jre\17.0.7-win32-x86_64\bin\java.exe
0x00007ffcf93d0000 - 0x00007ffcf95c8000 	C:\Windows\SYSTEM32\ntdll.dll
0x00007ffcf74b0000 - 0x00007ffcf756f000 	C:\Windows\System32\KERNEL32.DLL
0x00007ffcf7090000 - 0x00007ffcf7386000 	C:\Windows\System32\KERNELBASE.dll
0x00007ffcf6ab0000 - 0x00007ffcf6bb0000 	C:\Windows\System32\ucrtbase.dll
0x00007ffcefe80000 - 0x00007ffcefe97000 	c:\Users\frank\.vscode\extensions\redhat.java-1.18.0-win32-x64\jre\17.0.7-win32-x86_64\bin\jli.dll
0x00007ffcf7c20000 - 0x00007ffcf7dbd000 	C:\Windows\System32\USER32.dll
0x00007ffcf7060000 - 0x00007ffcf7082000 	C:\Windows\System32\win32u.dll
0x00007ffcf7dc0000 - 0x00007ffcf7dec000 	C:\Windows\System32\GDI32.dll
0x00007ffcf6d30000 - 0x00007ffcf6e45000 	C:\Windows\System32\gdi32full.dll
0x00007ffcf6c00000 - 0x00007ffcf6c9d000 	C:\Windows\System32\msvcp_win.dll
0x00007ffceae60000 - 0x00007ffceae79000 	c:\Users\frank\.vscode\extensions\redhat.java-1.18.0-win32-x64\jre\17.0.7-win32-x86_64\bin\VCRUNTIME140.dll
0x00007ffce6470000 - 0x00007ffce670a000 	C:\Windows\WinSxS\amd64_microsoft.windows.common-controls_6595b64144ccf1df_6.0.19041.1110_none_60b5254171f9507e\COMCTL32.dll
0x00007ffcf9080000 - 0x00007ffcf911e000 	C:\Windows\System32\msvcrt.dll
0x00007ffcf7570000 - 0x00007ffcf75a0000 	C:\Windows\System32\IMM32.DLL
0x00007ffcf22d0000 - 0x00007ffcf22dc000 	c:\Users\frank\.vscode\extensions\redhat.java-1.18.0-win32-x64\jre\17.0.7-win32-x86_64\bin\vcruntime140_1.dll
0x00007ffceadc0000 - 0x00007ffceae51000 	c:\Users\frank\.vscode\extensions\redhat.java-1.18.0-win32-x64\jre\17.0.7-win32-x86_64\bin\msvcp140.dll
0x00007ffcc5580000 - 0x00007ffcc61c8000 	c:\Users\frank\.vscode\extensions\redhat.java-1.18.0-win32-x64\jre\17.0.7-win32-x86_64\bin\server\jvm.dll
0x00007ffcf8f20000 - 0x00007ffcf8fcf000 	C:\Windows\System32\ADVAPI32.dll
0x00007ffcf7b80000 - 0x00007ffcf7c1c000 	C:\Windows\System32\sechost.dll
0x00007ffcf91f0000 - 0x00007ffcf9316000 	C:\Windows\System32\RPCRT4.dll
0x00007ffce39b0000 - 0x00007ffce39b9000 	C:\Windows\SYSTEM32\WSOCK32.dll
0x00007ffcf9320000 - 0x00007ffcf938b000 	C:\Windows\System32\WS2_32.dll
0x00007ffce32d0000 - 0x00007ffce32f7000 	C:\Windows\SYSTEM32\WINMM.dll
0x00007ffce9210000 - 0x00007ffce921a000 	C:\Windows\SYSTEM32\VERSION.dll
0x00007ffcf4930000 - 0x00007ffcf4942000 	C:\Windows\SYSTEM32\kernel.appcore.dll
0x00007ffcf0200000 - 0x00007ffcf020a000 	c:\Users\frank\.vscode\extensions\redhat.java-1.18.0-win32-x64\jre\17.0.7-win32-x86_64\bin\jimage.dll
0x00007ffce6710000 - 0x00007ffce68f4000 	C:\Windows\SYSTEM32\DBGHELP.DLL
0x00007ffce9080000 - 0x00007ffce90b4000 	C:\Windows\SYSTEM32\dbgcore.DLL
0x00007ffcf6ca0000 - 0x00007ffcf6d22000 	C:\Windows\System32\bcryptPrimitives.dll
0x00007ffcead90000 - 0x00007ffceadb5000 	c:\Users\frank\.vscode\extensions\redhat.java-1.18.0-win32-x64\jre\17.0.7-win32-x86_64\bin\java.dll
0x00007ffceacf0000 - 0x00007ffcead08000 	c:\Users\frank\.vscode\extensions\redhat.java-1.18.0-win32-x64\jre\17.0.7-win32-x86_64\bin\zip.dll
0x00007ffcf7e70000 - 0x00007ffcf85b4000 	C:\Windows\System32\SHELL32.dll
0x00007ffcf4b30000 - 0x00007ffcf52c3000 	C:\Windows\SYSTEM32\windows.storage.dll
0x00007ffcf7810000 - 0x00007ffcf7b64000 	C:\Windows\System32\combase.dll
0x00007ffcf6350000 - 0x00007ffcf637e000 	C:\Windows\SYSTEM32\Wldp.dll
0x00007ffcf75a0000 - 0x00007ffcf764d000 	C:\Windows\System32\SHCORE.dll
0x00007ffcf8ce0000 - 0x00007ffcf8d35000 	C:\Windows\System32\shlwapi.dll
0x00007ffcf69f0000 - 0x00007ffcf6a0f000 	C:\Windows\SYSTEM32\profapi.dll
0x00007ffceacd0000 - 0x00007ffceace9000 	C:\Users\frank\.vscode\extensions\redhat.java-1.18.0-win32-x64\jre\17.0.7-win32-x86_64\bin\net.dll
0x00007ffcebe00000 - 0x00007ffcebf0a000 	C:\Windows\SYSTEM32\WINHTTP.dll
0x00007ffcf6130000 - 0x00007ffcf619a000 	C:\Windows\system32\mswsock.dll
0x00007ffce8950000 - 0x00007ffce8965000 	C:\Users\frank\.vscode\extensions\redhat.java-1.18.0-win32-x64\jre\17.0.7-win32-x86_64\bin\nio.dll
0x00007ffcf6690000 - 0x00007ffcf66a8000 	C:\Windows\SYSTEM32\CRYPTSP.dll
0x00007ffcf5a70000 - 0x00007ffcf5aa4000 	C:\Windows\system32\rsaenh.dll
0x00007ffcf7390000 - 0x00007ffcf73b7000 	C:\Windows\System32\bcrypt.dll
0x00007ffcf6970000 - 0x00007ffcf699e000 	C:\Windows\SYSTEM32\USERENV.dll
0x00007ffcf62c0000 - 0x00007ffcf62cc000 	C:\Windows\SYSTEM32\CRYPTBASE.dll
0x00007ffcf5e40000 - 0x00007ffcf5e7c000 	C:\Windows\SYSTEM32\IPHLPAPI.DLL
0x00007ffcf7b70000 - 0x00007ffcf7b78000 	C:\Windows\System32\NSI.dll
0x00007ffcec7b0000 - 0x00007ffcec7c7000 	C:\Windows\SYSTEM32\dhcpcsvc6.DLL
0x00007ffcec510000 - 0x00007ffcec52d000 	C:\Windows\SYSTEM32\dhcpcsvc.DLL
0x00007ffcf5e80000 - 0x00007ffcf5f4b000 	C:\Windows\SYSTEM32\DNSAPI.dll
0x00007ffcf23c0000 - 0x00007ffcf23c9000 	C:\Users\frank\.vscode\extensions\redhat.java-1.18.0-win32-x64\jre\17.0.7-win32-x86_64\bin\management.dll
0x00007ffcf2380000 - 0x00007ffcf238b000 	C:\Users\frank\.vscode\extensions\redhat.java-1.18.0-win32-x64\jre\17.0.7-win32-x86_64\bin\management_ext.dll
0x00007ffcf8d40000 - 0x00007ffcf8d48000 	C:\Windows\System32\PSAPI.DLL

dbghelp: loaded successfully - version: 4.0.5 - missing functions: none
symbol engine: initialized successfully - sym options: 0x614 - pdb path: .;c:\Users\frank\.vscode\extensions\redhat.java-1.18.0-win32-x64\jre\17.0.7-win32-x86_64\bin;C:\Windows\SYSTEM32;C:\Windows\WinSxS\amd64_microsoft.windows.common-controls_6595b64144ccf1df_6.0.19041.1110_none_60b5254171f9507e;c:\Users\frank\.vscode\extensions\redhat.java-1.18.0-win32-x64\jre\17.0.7-win32-x86_64\bin\server

VM Arguments:
jvm_args: -XX:+HeapDumpOnOutOfMemoryError -Xmx1024m -Dsts.lsp.client=vscode -Dsts.log.file=/dev/null -XX:TieredStopAtLevel=1 -Xlog:jni+resolve=off -Dspring.config.location=file:c:\Users\frank\.vscode\extensions\vmware.vscode-spring-boot-1.46.0\language-server\BOOT-INF\classes\application.properties 
java_command: org.springframework.ide.vscode.boot.app.BootLanguageServerBootApp
java_class_path (initial): c:\Users\frank\.vscode\extensions\vmware.vscode-spring-boot-1.46.0\language-server\BOOT-INF\classes;c:\Users\frank\.vscode\extensions\vmware.vscode-spring-boot-1.46.0\language-server\BOOT-INF\lib\annotations-24.0.1.jar;c:\Users\frank\.vscode\extensions\vmware.vscode-spring-boot-1.46.0\language-server\BOOT-INF\lib\antlr-runtime-3.5.3.jar;c:\Users\frank\.vscode\extensions\vmware.vscode-spring-boot-1.46.0\language-server\BOOT-INF\lib\antlr4-4.11.1.jar;c:\Users\frank\.vscode\extensions\vmware.vscode-spring-boot-1.46.0\language-server\BOOT-INF\lib\antlr4-runtime-4.11.1.jar;c:\Users\frank\.vscode\extensions\vmware.vscode-spring-boot-1.46.0\language-server\BOOT-INF\lib\asm-9.5.jar;c:\Users\frank\.vscode\extensions\vmware.vscode-spring-boot-1.46.0\language-server\BOOT-INF\lib\asm-analysis-9.5.jar;c:\Users\frank\.vscode\extensions\vmware.vscode-spring-boot-1.46.0\language-server\BOOT-INF\lib\asm-tree-9.5.jar;c:\Users\frank\.vscode\extensions\vmware.vscode-spring-boot-1.46.0\language-server\BOOT-INF\lib\asm-util-9.5.jar;c:\Users\frank\.vscode\extensions\vmware.vscode-spring-boot-1.46.0\language-server\BOOT-INF\lib\caffeine-3.1.2.jar;c:\Users\frank\.vscode\extensions\vmware.vscode-spring-boot-1.46.0\language-server\BOOT-INF\lib\checker-qual-3.12.0.jar;c:\Users\frank\.vscode\extensions\vmware.vscode-spring-boot-1.46.0\language-server\BOOT-INF\lib\classgraph-4.8.149.jar;c:\Users\frank\.vscode\extensions\vmware.vscode-spring-boot-1.46.0\language-server\BOOT-INF\lib\commons-codec-1.15.jar;c:\Users\frank\.vscode\extensions\vmware.vscode-spring-boot-1.46.0\language-server\BOOT-INF\lib\commons-compress-1.23.0.jar;c:\Users\frank\.vscode\extensions\vmware.vscode-spring-boot-1.46.0\language-server\BOOT-INF\lib\commons-io-2.4.jar;c:\Users\frank\.vscode\extensions\vmware.vscode-spring-boot-1.46.0\language-server\BOOT-INF\lib\commons-java-1.46.0-SNAPSHOT.jar;c:\Users\frank\.vscode\extensions\vmware.vscode-spring-boot-1.46.0\language-server\BOOT-INF\lib\commons-
Launcher Type: SUN_STANDARD

[Global flags]
     intx CICompilerCount                          = 3                                         {product} {ergonomic}
     uint ConcGCThreads                            = 1                                         {product} {ergonomic}
     uint G1ConcRefinementThreads                  = 4                                         {product} {ergonomic}
   size_t G1HeapRegionSize                         = 1048576                                   {product} {ergonomic}
    uintx GCDrainStackTargetSize                   = 64                                        {product} {ergonomic}
     bool HeapDumpOnOutOfMemoryError               = true                                   {manageable} {command line}
   size_t InitialHeapSize                          = 60817408                                  {product} {ergonomic}
   size_t MarkStackSize                            = 4194304                                   {product} {ergonomic}
   size_t MaxHeapSize                              = 1073741824                                {product} {command line}
   size_t MaxNewSize                               = 643825664                                 {product} {ergonomic}
   size_t MinHeapDeltaBytes                        = 1048576                                   {product} {ergonomic}
   size_t MinHeapSize                              = 8388608                                   {product} {ergonomic}
    uintx NonProfiledCodeHeapSize                  = 0                                      {pd product} {ergonomic}
     bool ProfileInterpreter                       = false                                  {pd product} {command line}
    uintx ProfiledCodeHeapSize                     = 0                                      {pd product} {ergonomic}
   size_t SoftMaxHeapSize                          = 1073741824                             {manageable} {ergonomic}
     intx TieredStopAtLevel                        = 1                                         {product} {command line}
     bool UseCompressedClassPointers               = true                           {product lp64_product} {ergonomic}
     bool UseCompressedOops                        = true                           {product lp64_product} {ergonomic}
     bool UseG1GC                                  = true                                      {product} {ergonomic}
     bool UseLargePagesIndividualAllocation        = false                                  {pd product} {ergonomic}

Logging:
Log output configuration:
 #0: stdout all=warning,jni+resolve=off uptime,level,tags
 #1: stderr all=off uptime,level,tags

Environment Variables:
JAVA_HOME=C:\Program Files\Java\jdk-19
PATH=C:\Program Files\Common Files\Oracle\Java\javapath;C:\Program Files (x86)\Common Files\Oracle\Java\javapath;C:\app\frank\product\21c\dbhomeXE\bin;C:\Windows\system32;C:\Windows;C:\Windows\System32\Wbem;C:\Windows\System32\WindowsPowerShell\v1.0\;C:\Windows\System32\OpenSSH\;C:\xampp\php;C:\composer;C:\Program Files\wureset;C:\Users\frank\AppData\Local\Android\Sdk\platform-tools;C:\ProgramData\chocolatey\bin;C:\Program Files (x86)\Microchip\MPLAB C32 Suite\bin;C:\Program Files\Maven\apache-maven-3.9.1\bin;C:\Program Files\Java\jdk-19\bin;C:\Program Files\nodejs\;C:\Program Files\Git\cmd;C:\Program Files\Docker\Docker\resources\bin;C:\Users\frank\AppData\Local\Microsoft\WindowsApps;C:\Users\frank\AppData\Local\Programs\Microsoft VS Code\bin;C:\Users\frank\AppData\Roaming\Composer\vendor\bin;C:\Users\frank\AppData\Roaming\npm;
USERNAME=frank
OS=Windows_NT
PROCESSOR_IDENTIFIER=Intel64 Family 6 Model 58 Stepping 9, GenuineIntel
TMP=C:\Users\frank\AppData\Local\Temp
TEMP=C:\Users\frank\AppData\Local\Temp



---------------  S Y S T E M  ---------------

OS:
 Windows 10 , 64 bit Build 19041 (10.0.19041.2913)
OS uptime: 0 days 4:31 hours
Hyper-V role detected

CPU: total 4 (initial active 4) (2 cores per cpu, 2 threads per core) family 6 model 58 stepping 9 microcode 0x21, cx8, cmov, fxsr, ht, mmx, sse, sse2, sse3, ssse3, sse4.1, sse4.2, popcnt, tsc, tscinvbit, avx, erms, clmul, vzeroupper, clflush, hv

Memory: 4k page, system-wide physical 3659M (111M free)
TotalPageFile size 11851M (AvailPageFile size 4M)
current process WorkingSet (physical memory assigned to process): 36M, peak: 124M
current process commit charge ("private bytes"): 157M, peak: 163M

vm_info: OpenJDK 64-Bit Server VM (17.0.7+7) for windows-amd64 JRE (17.0.7+7), built on Apr 18 2023 22:10:42 by "temurin" with MS VC++ 16.7 (VS2019)

END.
