#
# There is insufficient memory for the Java Runtime Environment to continue.
# Native memory allocation (mmap) failed to map 65536 bytes for Failed to commit metaspace.
# Possible reasons:
#   The system is out of physical RAM or swap space
#   The process is running with CompressedOops enabled, and the Java Heap may be blocking the growth of the native heap
# Possible solutions:
#   Reduce memory load on the system
#   Increase physical memory or swap space
#   Check if swap backing store is full
#   Decrease Java heap size (-Xmx/-Xms)
#   Decrease number of Java threads
#   Decrease Java thread stack sizes (-Xss)
#   Set larger code cache with -XX:ReservedCodeCacheSize=
#   JVM is running with Unscaled Compressed Oops mode in which the Java heap is
#     placed in the first 4GB address space. The Java Heap base address is the
#     maximum limit for the native heap growth. Please use -XX:HeapBaseMinAddress
#     to set the Java Heap base and to place the Java Heap above 4GB virtual address.
# This output file may be truncated or incomplete.
#
#  Out of Memory Error (virtualSpaceNode.cpp:110), pid=3904, tid=13028
#
# JRE version: Java(TM) SE Runtime Environment (19.0+36) (build 19+36-2238)
# Java VM: Java HotSpot(TM) 64-Bit Server VM (19+36-2238, mixed mode, sharing, tiered, compressed oops, compressed class ptrs, g1 gc, windows-amd64)
# No core dump will be written. Minidumps are not enabled by default on client versions of Windows
#

---------------  S U M M A R Y ------------

Command Line: -Dclassworlds.conf=C:\Program Files\Maven\apache-maven-3.9.1\bin\m2.conf -Dmaven.home=C:\Program Files\Maven\apache-maven-3.9.1 -Dlibrary.jansi.path=C:\Program Files\Maven\apache-maven-3.9.1\lib\jansi-native -Dmaven.multiModuleProjectDirectory=D:\microservicios_2023_1\gateway-server org.codehaus.plexus.classworlds.launcher.Launcher spring-boot:run

Host: Intel(R) Core(TM) i5-3230M CPU @ 2.60GHz, 4 cores, 3G,  Windows 10 , 64 bit Build 19041 (10.0.19041.2913)
Time: Sat May 13 09:27:21 2023 Hora est. Pacífico, Sudamérica elapsed time: 2.491720 seconds (0d 0h 0m 2s)

---------------  T H R E A D  ---------------

Current thread (0x00000154d4afa3a0):  JavaThread "main" [_thread_in_vm, id=13028, stack(0x0000001487200000,0x0000001487300000)]

Stack: [0x0000001487200000,0x0000001487300000]
Native frames: (J=compiled Java code, j=interpreted, Vv=VM code, C=native code)
V  [jvm.dll+0x6ee8fa]
V  [jvm.dll+0x857a1e]
V  [jvm.dll+0x85940e]
V  [jvm.dll+0x859ac3]
V  [jvm.dll+0x28291f]
V  [jvm.dll+0x85369b]
V  [jvm.dll+0x693276]
V  [jvm.dll+0x1f29b7]
V  [jvm.dll+0x695cb2]
V  [jvm.dll+0x695a9e]
V  [jvm.dll+0x693c9e]
V  [jvm.dll+0x26f4e1]
V  [jvm.dll+0x21e927]
V  [jvm.dll+0x214571]
V  [jvm.dll+0x5aa2d6]
V  [jvm.dll+0x7cd793]
V  [jvm.dll+0x7cd874]
V  [jvm.dll+0x46b0b4]
V  [jvm.dll+0x4706bf]
C  [java.dll+0x17ec]

Java frames: (J=compiled Java code, j=interpreted, Vv=VM code)
J 1076  java.lang.ClassLoader.defineClass1(Ljava/lang/ClassLoader;Ljava/lang/String;[BIILjava/security/ProtectionDomain;Ljava/lang/String;)Ljava/lang/Class; java.base@19 (0 bytes) @ 0x00000154e457b203 [0x00000154e457b140+0x00000000000000c3]
J 872 c1 java.lang.ClassLoader.defineClass(Ljava/lang/String;[BIILjava/security/ProtectionDomain;)Ljava/lang/Class; java.base@19 (43 bytes) @ 0x00000154dcc08b54 [0x00000154dcc08800+0x0000000000000354]
J 879 c1 java.security.SecureClassLoader.defineClass(Ljava/lang/String;[BIILjava/security/CodeSource;)Ljava/lang/Class; java.base@19 (16 bytes) @ 0x00000154dcc0d38c [0x00000154dcc0d2c0+0x00000000000000cc]
J 801 c1 java.net.URLClassLoader.defineClass(Ljava/lang/String;Ljdk/internal/loader/Resource;)Ljava/lang/Class; java.base@19 (224 bytes) @ 0x00000154dcbe7c1c [0x00000154dcbe6920+0x00000000000012fc]
J 799 c1 java.net.URLClassLoader$1.run()Ljava/lang/Class; java.base@19 (81 bytes) @ 0x00000154dcbea6fc [0x00000154dcbe9ac0+0x0000000000000c3c]
J 798 c1 java.net.URLClassLoader$1.run()Ljava/lang/Object; java.base@19 (5 bytes) @ 0x00000154dcbe95c4 [0x00000154dcbe9540+0x0000000000000084]
J 705 c1 java.security.AccessController.doPrivileged(Ljava/security/PrivilegedExceptionAction;Ljava/security/AccessControlContext;)Ljava/lang/Object; java.base@19 (26 bytes) @ 0x00000154dcbb017c [0x00000154dcbaffa0+0x00000000000001dc]
J 796 c1 java.net.URLClassLoader.findClass(Ljava/lang/String;)Ljava/lang/Class; java.base@19 (47 bytes) @ 0x00000154dcbe5e3c [0x00000154dcbe5ca0+0x000000000000019c]
J 805 c1 org.codehaus.plexus.classworlds.realm.ClassRealm.loadClassFromSelf(Ljava/lang/String;)Ljava/lang/Class; (40 bytes) @ 0x00000154dcbec3c4 [0x00000154dcbec180+0x0000000000000244]
J 738 c1 org.codehaus.plexus.classworlds.strategy.SelfFirstStrategy.loadClass(Ljava/lang/String;)Ljava/lang/Class; (50 bytes) @ 0x00000154dcbc2794 [0x00000154dcbc2540+0x0000000000000254]
J 518 c1 org.codehaus.plexus.classworlds.realm.ClassRealm.loadClass(Ljava/lang/String;Z)Ljava/lang/Class; (33 bytes) @ 0x00000154dcb3254c [0x00000154dcb323e0+0x000000000000016c]
J 517 c1 org.codehaus.plexus.classworlds.realm.ClassRealm.loadClass(Ljava/lang/String;)Ljava/lang/Class; (7 bytes) @ 0x00000154dcb320cc [0x00000154dcb32040+0x000000000000008c]
v  ~StubRoutines::call_stub 0x00000154e3f9100e
j  java.lang.Class.getDeclaredMethods0(Z)[Ljava/lang/reflect/Method;+0 java.base@19
J 1287 c1 java.lang.Class.privateGetDeclaredMethods(Z)[Ljava/lang/reflect/Method; java.base@19 (64 bytes) @ 0x00000154dccc2e54 [0x00000154dccc2cc0+0x0000000000000194]
J 1474 c1 java.lang.Class.getDeclaredMethods()[Ljava/lang/reflect/Method; java.base@19 (27 bytes) @ 0x00000154dcd04384 [0x00000154dcd04260+0x0000000000000124]
J 1733 c1 com.google.inject.internal.DeclaredMembers.getDeclaredMethods(Ljava/lang/Class;)[Ljava/lang/reflect/Method; (76 bytes) @ 0x00000154dcd91854 [0x00000154dcd91800+0x0000000000000054]
J 1673 c1 com.google.inject.spi.InjectionPoint.getInjectionPoints(Lcom/google/inject/TypeLiteral;ZLcom/google/inject/internal/Errors;)Ljava/util/Set; (491 bytes) @ 0x00000154dcd6c8ac [0x00000154dcd6bbe0+0x0000000000000ccc]
J 1722 c1 com.google.inject.spi.InjectionPoint.forInstanceMethodsAndFields(Lcom/google/inject/TypeLiteral;)Ljava/util/Set; (40 bytes) @ 0x00000154dcd8d1f4 [0x00000154dcd8d040+0x00000000000001b4]
J 1849 c1 org.eclipse.sisu.wire.DependencyAnalyzer.analyzeImplementation(Lcom/google/inject/TypeLiteral;Z)Ljava/lang/Boolean; (133 bytes) @ 0x00000154dcdcfda4 [0x00000154dcdcf400+0x00000000000009a4]
j  org.eclipse.sisu.wire.DependencyAnalyzer.visit(Lcom/google/inject/spi/UntargettedBinding;)Ljava/lang/Boolean;+11
j  org.eclipse.sisu.wire.DependencyAnalyzer.visit(Lcom/google/inject/spi/UntargettedBinding;)Ljava/lang/Object;+5
j  com.google.inject.internal.UntargettedBindingImpl.acceptTargetVisitor(Lcom/google/inject/spi/BindingTargetVisitor;)Ljava/lang/Object;+2
J 1844 c1 org.eclipse.sisu.wire.ElementAnalyzer.visit(Lcom/google/inject/Binding;)Ljava/lang/Void; (140 bytes) @ 0x00000154dcdcd4ec [0x00000154dcdcd000+0x00000000000004ec]
J 1843 c1 org.eclipse.sisu.wire.ElementAnalyzer.visit(Lcom/google/inject/Binding;)Ljava/lang/Object; (9 bytes) @ 0x00000154dcdccbbc [0x00000154dcdcca40+0x000000000000017c]
J 1842 c1 com.google.inject.internal.BindingImpl.acceptVisitor(Lcom/google/inject/spi/ElementVisitor;)Ljava/lang/Object; (8 bytes) @ 0x00000154dcdcc6cc [0x00000154dcdcc5c0+0x000000000000010c]
j  org.eclipse.sisu.wire.WireModule.configure(Lcom/google/inject/Binder;)V+39
j  com.google.inject.spi.Elements$RecordingBinder.install(Lcom/google/inject/Module;)V+209
j  com.google.inject.spi.Elements.getElements(Lcom/google/inject/Stage;Ljava/lang/Iterable;)Ljava/util/List;+40
j  com.google.inject.internal.InjectorShell$Builder.build(Lcom/google/inject/internal/Initializer;Lcom/google/inject/internal/ProcessedBindingData;Lcom/google/inject/internal/util/ContinuousStopwatch;Lcom/google/inject/internal/Errors;)Ljava/util/List;+163
j  com.google.inject.internal.InternalInjectorCreator.build()Lcom/google/inject/Injector;+48
j  com.google.inject.Guice.createInjector(Lcom/google/inject/Stage;Ljava/lang/Iterable;)Lcom/google/inject/Injector;+15
j  com.google.inject.Guice.createInjector(Ljava/lang/Iterable;)Lcom/google/inject/Injector;+4
j  com.google.inject.Guice.createInjector([Lcom/google/inject/Module;)Lcom/google/inject/Injector;+4
j  org.codehaus.plexus.DefaultPlexusContainer.addPlexusInjector(Ljava/util/List;[Lcom/google/inject/Module;)Lcom/google/inject/Injector;+88
j  org.codehaus.plexus.DefaultPlexusContainer.<init>(Lorg/codehaus/plexus/ContainerConfiguration;[Lcom/google/inject/Module;)V+396
j  org.apache.maven.cli.MavenCli.container(Lorg/apache/maven/cli/CliRequest;)Lorg/codehaus/plexus/PlexusContainer;+279
j  org.apache.maven.cli.MavenCli.doMain(Lorg/apache/maven/cli/CliRequest;)I+34
j  org.apache.maven.cli.MavenCli.main([Ljava/lang/String;Lorg/codehaus/plexus/classworlds/ClassWorld;)I+24
j  java.lang.invoke.DirectMethodHandle$Holder.invokeStatic(Ljava/lang/Object;Ljava/lang/Object;Ljava/lang/Object;)I+11 java.base@19
j  java.lang.invoke.LambdaForm$MH+0x0000000801008800.invoke(Ljava/lang/Object;Ljava/lang/Object;Ljava/lang/Object;Ljava/lang/Object;)Ljava/lang/Object;+54 java.base@19
j  java.lang.invoke.LambdaForm$MH+0x0000000801008c00.invokeExact_MT(Ljava/lang/Object;Ljava/lang/Object;Ljava/lang/Object;Ljava/lang/Object;Ljava/lang/Object;)Ljava/lang/Object;+22 java.base@19
j  jdk.internal.reflect.DirectMethodHandleAccessor.invokeImpl(Ljava/lang/Object;[Ljava/lang/Object;)Ljava/lang/Object;+72 java.base@19
j  jdk.internal.reflect.DirectMethodHandleAccessor.invoke(Ljava/lang/Object;[Ljava/lang/Object;)Ljava/lang/Object;+23 java.base@19
j  java.lang.reflect.Method.invoke(Ljava/lang/Object;[Ljava/lang/Object;)Ljava/lang/Object;+102 java.base@19
j  org.codehaus.plexus.classworlds.launcher.Launcher.launchEnhanced([Ljava/lang/String;)V+45
j  org.codehaus.plexus.classworlds.launcher.Launcher.launch([Ljava/lang/String;)V+2
j  org.codehaus.plexus.classworlds.launcher.Launcher.mainWithExitCode([Ljava/lang/String;)I+101
j  org.codehaus.plexus.classworlds.launcher.Launcher.main([Ljava/lang/String;)V+1
v  ~StubRoutines::call_stub 0x00000154e3f9100e

Compiled method (n/a)    2554 1076     n 0       java.lang.ClassLoader::defineClass1 (native)
 total in heap  [0x00000154e457af90,0x00000154e457b5e8] = 1624
 relocation     [0x00000154e457b0f0,0x00000154e457b128] = 56
 main code      [0x00000154e457b140,0x00000154e457b5e2] = 1186
 stub code      [0x00000154e457b5e2,0x00000154e457b5e8] = 6

[Constant Pool (empty)]

[MachCode]
[Entry Point]
  # {method} {0x00000008004352d8} 'defineClass1' '(Ljava/lang/ClassLoader;Ljava/lang/String;[BIILjava/security/ProtectionDomain;Ljava/lang/String;)Ljava/lang/Class;' in 'java/lang/ClassLoader'
  # parm0:    rdx:rdx   = 'java/lang/ClassLoader'
  # parm1:    r8:r8     = 'java/lang/String'
  # parm2:    r9:r9     = '[B'
  # parm3:    rdi       = int
  # parm4:    rsi       = int
  # parm5:    rcx:rcx   = 'java/security/ProtectionDomain'
  # parm6:    [sp+0xa0]   = 'java/lang/String'  (sp of caller)
  0x00000154e457b140: 448b 5208 | 49bb 0000 | 0000 0800 | 0000 4d03 | d349 3bc2 | 0f84 0600 

  0x00000154e457b158: ;   {runtime_call ic_miss_stub}
  0x00000154e457b158: 0000 e921 | 66a7 ff90 
[Verified Entry Point]
  0x00000154e457b160: 8984 2400 | 90ff ff55 | 488b ec48 | 81ec 9000 | 0000 4881 | 7d10 0000 | 0000 488d | 4510 480f 
  0x00000154e457b180: 4445 1048 | 8944 2440 | 4889 4c24 | 7048 83f9 | 0048 8d44 | 2470 480f | 4444 2470 | 4889 4424 
  0x00000154e457b1a0: 3848 8974 | 2430 4889 | 7c24 284c | 894c 2458 | 4983 f900 | 488d 4424 | 5848 0f44 | 4424 5848 
  0x00000154e457b1c0: 8944 2420 | 4c89 4424 | 5049 83f8 | 004c 8d4c | 2450 4c0f | 444c 2450 | 4889 5424 | 4848 83fa 
  0x00000154e457b1e0: 004c 8d44 | 2448 4c0f | 4444 2448 

  0x00000154e457b1ec: ;   {oop(a 'java/lang/Class'{0x00000000c6d74488} = 'java/lang/ClassLoader')}
  0x00000154e457b1ec: 49be 8844 | d7c6 0000 | 0000 4c89 | 7424 784c | 8d74 2478 | 498b d6c5 

  0x00000154e457b204: ;   {internal_word}
  0x00000154e457b204: f877 49ba | 03b2 57e4 | 5401 0000 | 4d89 97c8 | 0200 0049 | 89a7 c002 

  0x00000154e457b21c: ;   {external_word}
  0x00000154e457b21c: 0000 49ba | d984 e4aa | ff7f 0000 | 4180 3a00 | 0f84 5000 | 0000 5241 

  0x00000154e457b234: ;   {metadata({method} {0x00000008004352d8} 'defineClass1' '(Ljava/lang/ClassLoader;Ljava/lang/String;[BIILjava/security/ProtectionDomain;Ljava/lang/String;)Ljava/lang/Class;' in 'java/lang/ClassLoader')}
  0x00000154e457b234: 5041 5148 | bad0 5243 | 0008 0000 | 0049 8bcf | 4883 ec20 | 40f6 c40f | 0f84 1a00 | 0000 4883 
  0x00000154e457b254: ;   {runtime_call}
  0x00000154e457b254: ec08 49ba | 902b 9caa | ff7f 0000 | 41ff d248 | 83c4 08e9 | 0d00 0000 

  0x00000154e457b26c: ;   {runtime_call}
  0x00000154e457b26c: 49ba 902b | 9caa ff7f | 0000 41ff | d248 83c4 | 2041 5941 | 585a 498d | 8fe0 0200 | 0041 c787 
  0x00000154e457b28c: 7403 0000 | 0400 0000 

  0x00000154e457b294: ;   {runtime_call}
  0x00000154e457b294: 49ba ac16 | 8bd0 ff7f | 0000 41ff | d2c5 f877 | 41c7 8774 | 0300 0005 | 0000 00f0 | 8344 24c0 
  0x00000154e457b2b4: 0049 3baf | 7803 0000 | 0f87 1100 | 0000 4181 | bf70 0300 | 0000 0000 | 000f 842c | 0000 00c5 
  0x00000154e457b2d4: f877 4889 | 45f8 498b | cf4c 8be4 | 4883 ec20 | 4883 e4f0 

  0x00000154e457b2e8: ;   {runtime_call}
  0x00000154e457b2e8: 49ba a018 | a7aa ff7f | 0000 41ff | d249 8be4 | 4d33 e448 | 8b45 f841 | c787 7403 | 0000 0800 
  0x00000154e457b308: 0000 4181 | bfe8 0300 | 0002 0000 | 000f 8499 

  0x00000154e457b318: ;   {external_word}
  0x00000154e457b318: 0200 0049 | bad9 84e4 | aaff 7f00 | 0041 803a | 000f 844e | 0000 0048 

  0x00000154e457b330: ;   {metadata({method} {0x00000008004352d8} 'defineClass1' '(Ljava/lang/ClassLoader;Ljava/lang/String;[BIILjava/security/ProtectionDomain;Ljava/lang/String;)Ljava/lang/Class;' in 'java/lang/ClassLoader')}
  0x00000154e457b330: 8945 f848 | bad0 5243 | 0008 0000 | 0049 8bcf | 4883 ec20 | 40f6 c40f | 0f84 1a00 | 0000 4883 
  0x00000154e457b350: ;   {runtime_call}
  0x00000154e457b350: ec08 49ba | 902b 9caa | ff7f 0000 | 41ff d248 | 83c4 08e9 | 0d00 0000 

  0x00000154e457b368: ;   {runtime_call}
  0x00000154e457b368: 49ba 902b | 9caa ff7f | 0000 41ff | d248 83c4 | 2048 8b45 | f849 c787 | c002 0000 | 0000 0000 
  0x00000154e457b388: 49c7 87c8 | 0200 0000 | 0000 00c5 | f877 4885 | c00f 84ef | 0100 00a8 | 010f 84e4 | 0100 0048 
  0x00000154e457b3a8: 8b40 ff41 | 807f 4000 | 0f84 d001 | 0000 4883 | f800 0f84 | c601 0000 | 498b 4f28 | 4883 f900 
  0x00000154e457b3c8: 0f84 1400 | 0000 4883 | e908 4989 | 4f28 4903 | 4f38 4889 | 01e9 a401 | 0000 4881 | ecd0 0000 
  0x00000154e457b3e8: 0048 8904 | 2448 894c | 2408 4889 | 5424 1048 | 8974 2418 | 4889 7c24 | 204c 8944 | 2428 4c89 
  0x00000154e457b408: 4c24 304c | 8954 2438 | 4c89 5c24 | 40c5 fb11 | 4424 50c5 | fb11 4c24 | 58c5 fb11 | 5424 60c5 
  0x00000154e457b428: fb11 5c24 | 68c5 fb11 | 6424 70c5 | fb11 6c24 | 78c5 fb11 | b424 8000 | 0000 c5fb | 11bc 2488 
  0x00000154e457b448: 0000 00c5 | 7b11 8424 | 9000 0000 | c57b 118c | 2498 0000 | 00c5 7b11 | 9424 a000 | 0000 c57b 
  0x00000154e457b468: 119c 24a8 | 0000 00c5 | 7b11 a424 | b000 0000 | c57b 11ac | 24b8 0000 | 00c5 7b11 | b424 c000 
  0x00000154e457b488: 0000 c57b | 11bc 24c8 | 0000 0049 | 8bd7 488b | c848 83ec | 2040 f6c4 | 0f0f 841a | 0000 0048 
  0x00000154e457b4a8: ;   {runtime_call}
  0x00000154e457b4a8: 83ec 0849 | bab0 1b59 | aaff 7f00 | 0041 ffd2 | 4883 c408 | e90d 0000 

  0x00000154e457b4c0: ;   {runtime_call}
  0x00000154e457b4c0: 0049 bab0 | 1b59 aaff | 7f00 0041 | ffd2 4883 | c420 c57b | 10bc 24c8 | 0000 00c5 | 7b10 b424 
  0x00000154e457b4e0: c000 0000 | c57b 10ac | 24b8 0000 | 00c5 7b10 | a424 b000 | 0000 c57b | 109c 24a8 | 0000 00c5 
  0x00000154e457b500: 7b10 9424 | a000 0000 | c57b 108c | 2498 0000 | 00c5 7b10 | 8424 9000 | 0000 c5fb | 10bc 2488 
  0x00000154e457b520: 0000 00c5 | fb10 b424 | 8000 0000 | c5fb 106c | 2478 c5fb | 1064 2470 | c5fb 105c | 2468 c5fb 
  0x00000154e457b540: 1054 2460 | c5fb 104c | 2458 c5fb | 1044 2450 | 4c8b 5c24 | 404c 8b54 | 2438 4c8b | 4c24 304c 
  0x00000154e457b560: 8b44 2428 | 488b 7c24 | 2048 8b74 | 2418 488b | 5424 1048 | 8b4c 2408 | 488b 0424 | 4881 c4d0 
  0x00000154e457b580: 0000 00c5 | f877 e903 | 0000 0048 | 8b00 498b | 8f50 0300 | 00c7 8100 | 0100 0000 | 0000 00c9 
  0x00000154e457b5a0: 4981 7f08 | 0000 0000 | 0f85 0100 

  0x00000154e457b5ac: ;   {runtime_call StubRoutines (1)}
  0x00000154e457b5ac: 0000 c3e9 | 4c59 a1ff | c5f8 7748 | 8945 f84c | 8be4 4883 | ec20 4883 

  0x00000154e457b5c4: ;   {runtime_call}
  0x00000154e457b5c4: e4f0 49ba | d05f 9caa | ff7f 0000 | 41ff d249 | 8be4 4d33 | e448 8b45 | f8e9 39fd | ffff f4f4 
  0x00000154e457b5e4: f4f4 f4f4 
[/MachCode]


Compiled method (c1)    2578  872       3       java.lang.ClassLoader::defineClass (43 bytes)
 total in heap  [0x00000154dcc08610,0x00000154dcc08f48] = 2360
 relocation     [0x00000154dcc08770,0x00000154dcc08800] = 144
 main code      [0x00000154dcc08800,0x00000154dcc08ca0] = 1184
 stub code      [0x00000154dcc08ca0,0x00000154dcc08d18] = 120
 metadata       [0x00000154dcc08d18,0x00000154dcc08d48] = 48
 scopes data    [0x00000154dcc08d48,0x00000154dcc08e38] = 240
 scopes pcs     [0x00000154dcc08e38,0x00000154dcc08f18] = 224
 dependencies   [0x00000154dcc08f18,0x00000154dcc08f20] = 8
 nul chk table  [0x00000154dcc08f20,0x00000154dcc08f48] = 40

[Constant Pool (empty)]

[MachCode]
[Entry Point]
  # {method} {0x0000000800435600} 'defineClass' '(Ljava/lang/String;[BIILjava/security/ProtectionDomain;)Ljava/lang/Class;' in 'java/lang/ClassLoader'
  # this:     rdx:rdx   = 'java/lang/ClassLoader'
  # parm0:    r8:r8     = 'java/lang/String'
  # parm1:    r9:r9     = '[B'
  # parm2:    rdi       = int
  # parm3:    rsi       = int
  # parm4:    rcx:rcx   = 'java/security/ProtectionDomain'
  #           [sp+0xc0]  (sp of caller)
  0x00000154dcc08800: 448b 5208 | 49bb 0000 | 0000 0800 | 0000 4d03 | d34c 3bd0 

  0x00000154dcc08814: ;   {runtime_call ic_miss_stub}
  0x00000154dcc08814: 0f85 668f | 3e07 660f | 1f44 0000 
[Verified Entry Point]
  0x00000154dcc08820: 8984 2400 | 90ff ff55 | 4881 ecb0 | 0000 0048 | 8954 2478 

  0x00000154dcc08834: ;   {metadata(method data for {method} {0x0000000800435600} 'defineClass' '(Ljava/lang/String;[BIILjava/security/ProtectionDomain;)Ljava/lang/Class;' in 'java/lang/ClassLoader')}
  0x00000154dcc08834: 48bb d8aa | 56f0 5401 | 0000 8b83 | cc00 0000 | 83c0 0289 | 83cc 0000 | 0025 fe07 | 0000 83f8 
  0x00000154dcc08854: 000f 844f | 0300 0089 | b424 9400 | 0000 89bc | 2490 0000 | 004c 898c | 2488 0000 | 0048 8bda 
  0x00000154dcc08874: ;   {metadata(method data for {method} {0x0000000800435600} 'defineClass' '(Ljava/lang/String;[BIILjava/security/ProtectionDomain;)Ljava/lang/Class;' in 'java/lang/ClassLoader')}
  0x00000154dcc08874: 48b8 d8aa | 56f0 5401 | 0000 4883 | 8010 0100 | 0001 498b | d84c 8bc3 | 4c8b c948 | 8bca 488b 
  0x00000154dcc08894: d148 899c | 2480 0000 

  0x00000154dcc0889c: ;   {optimized virtual_call}
  0x00000154dcc0889c: 0066 90e8 

  0x00000154dcc088a0: ; ImmutableOopMap {[120]=Oop [128]=Oop [136]=Oop }
                      ;*invokevirtual preDefineClass {reexecute=0 rethrow=0 return_oop=0}
                      ; - java.lang.ClassLoader::defineClass@4 (line 1011)
  0x00000154dcc088a0: 5c57 fdff | 4889 8424 | 9800 0000 | 488b 5424 

  0x00000154dcc088b0: ;   {metadata(method data for {method} {0x0000000800435600} 'defineClass' '(Ljava/lang/String;[BIILjava/security/ProtectionDomain;)Ljava/lang/Class;' in 'java/lang/ClassLoader')}
  0x00000154dcc088b0: 7849 b8d8 | aa56 f054 | 0100 0049 | 8380 4801 

  0x00000154dcc088c0: ;   {metadata(method data for {method} {0x0000000800435340} 'defineClassSourceLocation' '(Ljava/security/ProtectionDomain;)Ljava/lang/String;' in 'java/lang/ClassLoader')}
  0x00000154dcc088c0: 0000 0149 | b820 9856 | f054 0100 | 0041 8b90 | cc00 0000 | 83c2 0241 | 8990 cc00 | 0000 81e2 
  0x00000154dcc088e0: feff 1f00 | 83fa 000f | 84de 0200 | 0048 3b00 

  0x00000154dcc088f0: ;   {metadata(method data for {method} {0x0000000800435340} 'defineClassSourceLocation' '(Ljava/security/ProtectionDomain;)Ljava/lang/String;' in 'java/lang/ClassLoader')}
  0x00000154dcc088f0: 4c8b c048 | ba20 9856 | f054 0100 | 0048 8382 | 1001 0000 | 0144 8b40 | 1049 83f8 

  0x00000154dcc0890c: ;   {metadata(method data for {method} {0x0000000800435340} 'defineClassSourceLocation' '(Ljava/security/ProtectionDomain;)Ljava/lang/String;' in 'java/lang/ClassLoader')}
  0x00000154dcc0890c: 0048 ba20 | 9856 f054 | 0100 0048 | be58 0100 | 0000 0000 | 000f 850a | 0000 0048 | be48 0100 
  0x00000154dcc0892c: 0000 0000 | 0048 8b3c | 3248 8d7f | 0148 893c | 320f 850f 

  0x00000154dcc08940: ;   {oop(NULL)}
  0x00000154dcc08940: 0000 0048 | bb00 0000 | 0000 0000 | 00e9 ad01 | 0000 493b | 0049 8bd0 

  0x00000154dcc08958: ;   {metadata(method data for {method} {0x0000000800435340} 'defineClassSourceLocation' '(Ljava/security/ProtectionDomain;)Ljava/lang/String;' in 'java/lang/ClassLoader')}
  0x00000154dcc08958: 48be 2098 | 56f0 5401 | 0000 4883 | 8668 0100 | 0001 418b | 500c 4883 

  0x00000154dcc08970: ;   {metadata(method data for {method} {0x0000000800435340} 'defineClassSourceLocation' '(Ljava/security/ProtectionDomain;)Ljava/lang/String;' in 'java/lang/ClassLoader')}
  0x00000154dcc08970: fa00 48be | 2098 56f0 | 5401 0000 | 48bf b001 | 0000 0000 | 0000 0f85 | 0a00 0000 | 48bf a001 
  0x00000154dcc08990: 0000 0000 | 0000 488b | 1c3e 488d | 5b01 4889 | 1c3e 0f85 | 0f00 0000 

  0x00000154dcc089a8: ;   {oop(NULL)}
  0x00000154dcc089a8: 48bb 0000 | 0000 0000 | 0000 e948 

  0x00000154dcc089b4: ;   {metadata(method data for {method} {0x0000000800435340} 'defineClassSourceLocation' '(Ljava/security/ProtectionDomain;)Ljava/lang/String;' in 'java/lang/ClassLoader')}
  0x00000154dcc089b4: 0100 0048 | be20 9856 | f054 0100 | 0048 8386 | c001 0000 | 0148 3b02 

  0x00000154dcc089cc: ;   {metadata(method data for {method} {0x0000000800435340} 'defineClassSourceLocation' '(Ljava/security/ProtectionDomain;)Ljava/lang/String;' in 'java/lang/ClassLoader')}
  0x00000154dcc089cc: 4c8b c248 | be20 9856 | f054 0100 | 0048 8386 | f801 0000 

  0x00000154dcc089e0: ;   {metadata(method data for {method} {0x0000000800068558} 'toString' '()Ljava/lang/String;' in 'java/net/URL')}
  0x00000154dcc089e0: 0149 b850 | e551 f054 | 0100 0041 | 8bb0 cc00 | 0000 83c6 | 0241 89b0 | cc00 0000 | 81e6 feff 
  0x00000154dcc08a00: 1f00 83fe | 000f 84f0 | 0100 004c 

  0x00000154dcc08a0c: ;   {metadata(method data for {method} {0x0000000800068558} 'toString' '()Ljava/lang/String;' in 'java/net/URL')}
  0x00000154dcc08a0c: 8bc2 48be | 50e5 51f0 | 5401 0000 | 4883 8610 | 0100 0001 

  0x00000154dcc08a20: ;   {metadata(method data for {method} {0x0000000800068df0} 'toExternalForm' '()Ljava/lang/String;' in 'java/net/URL')}
  0x00000154dcc08a20: 49b8 10b2 | 4ef0 5401 | 0000 418b | b0cc 0000 | 0083 c602 | 4189 b0cc | 0000 0081 | e6fe ff1f 
  0x00000154dcc08a40: 0083 fe00 | 0f84 d201 | 0000 8b72 | 3848 3b06 

  0x00000154dcc08a50: ;   {metadata(method data for {method} {0x0000000800068df0} 'toExternalForm' '()Ljava/lang/String;' in 'java/net/URL')}
  0x00000154dcc08a50: 4c8b c648 | bf10 b24e | f054 0100 | 0045 8b40 | 0849 ba00 | 0000 0008 | 0000 004d | 03c2 4c3b 
  0x00000154dcc08a70: 8720 0100 | 0075 0d48 | 8387 2801 | 0000 01e9 | 6600 0000 | 4c3b 8730 | 0100 0075 | 0d48 8387 
  0x00000154dcc08a90: 3801 0000 | 01e9 5000 | 0000 4881 | bf20 0100 | 0000 0000 | 0075 174c | 8987 2001 | 0000 48c7 
  0x00000154dcc08ab0: 8728 0100 | 0001 0000 | 00e9 2c00 | 0000 4881 | bf30 0100 | 0000 0000 | 0075 174c | 8987 3001 
  0x00000154dcc08ad0: 0000 48c7 | 8738 0100 | 0001 0000 | 00e9 0800 | 0000 4883 | 8710 0100 | 0001 4c8b | c248 8bd6 
  0x00000154dcc08af0: 0f1f 8000 

  0x00000154dcc08af4: ;   {optimized virtual_call}
  0x00000154dcc08af4: 0000 00e8 

  0x00000154dcc08af8: ; ImmutableOopMap {[120]=Oop [128]=Oop [136]=Oop [152]=Oop }
                      ;*invokevirtual toExternalForm {reexecute=0 rethrow=0 return_oop=0}
                      ; - java.net.URL::toExternalForm@5 (line 1040)
                      ; - java.net.URL::toString@1 (line 1026)
                      ; - java.lang.ClassLoader::defineClassSourceLocation@22 (line 913)
                      ; - java.lang.ClassLoader::defineClass@12 (line 1012)
  0x00000154dcc08af8: 84a5 f2ff | 488b d848 | 8b84 2498 | 0000 008b | b424 9400 | 0000 8bbc | 2490 0000 | 004c 8b8c 
  0x00000154dcc08b18: 2488 0000 | 004c 8b84 | 2480 0000 | 0048 8b54 

  0x00000154dcc08b28: ;   {metadata(method data for {method} {0x0000000800435600} 'defineClass' '(Ljava/lang/String;[BIILjava/security/ProtectionDomain;)Ljava/lang/Class;' in 'java/lang/ClassLoader')}
  0x00000154dcc08b28: 2478 48b9 | d8aa 56f0 | 5401 0000 | 4883 8180 | 0100 0001 | 4c8b da49 | 8bd3 488b | c848 891c 
  0x00000154dcc08b48: 2466 0f1f 

  0x00000154dcc08b4c: ;   {static_call}
  0x00000154dcc08b4c: 4400 00e8 

  0x00000154dcc08b50: ; ImmutableOopMap {[120]=Oop [152]=Oop }
                      ;*invokestatic defineClass1 {reexecute=0 rethrow=0 return_oop=0}
                      ; - java.lang.ClassLoader::defineClass@27 (line 1013)
  0x00000154dcc08b50: 0c26 9707 | 488b 5424 

  0x00000154dcc08b58: ;   {metadata(method data for {method} {0x0000000800435600} 'defineClass' '(Ljava/lang/String;[BIILjava/security/ProtectionDomain;)Ljava/lang/Class;' in 'java/lang/ClassLoader')}
  0x00000154dcc08b58: 7849 b8d8 | aa56 f054 | 0100 0049 | 8380 9001 | 0000 014c | 8bc0 4c8b | 8c24 9800 | 0000 488b 
  0x00000154dcc08b78: 5424 7848 | 8984 24a0 | 0000 000f 

  0x00000154dcc08b84: ;   {optimized virtual_call}
  0x00000154dcc08b84: 1f40 00e8 

  0x00000154dcc08b88: ; ImmutableOopMap {[160]=Oop }
                      ;*invokevirtual postDefineClass {reexecute=0 rethrow=0 return_oop=0}
                      ; - java.lang.ClassLoader::defineClass@37 (line 1014)
  0x00000154dcc08b88: 94ba ffff | 488b 8424 | a000 0000 | 4881 c4b0 | 0000 005d 

  0x00000154dcc08b9c: ;   {poll_return}
  0x00000154dcc08b9c: 493b a778 | 0300 000f | 8799 0000 

  0x00000154dcc08ba8: ;   {metadata({method} {0x0000000800435600} 'defineClass' '(Ljava/lang/String;[BIILjava/security/ProtectionDomain;)Ljava/lang/Class;' in 'java/lang/ClassLoader')}
  0x00000154dcc08ba8: 00c3 49ba | f855 4300 | 0800 0000 | 4c89 5424 | 0848 c704 | 24ff ffff 

  0x00000154dcc08bc0: ;   {runtime_call counter_overflow Runtime1 stub}
  0x00000154dcc08bc0: ffe8 3a83 

  0x00000154dcc08bc4: ; ImmutableOopMap {rdx=Oop r8=Oop r9=Oop rcx=Oop [120]=Oop }
                      ;*synchronization entry
                      ; - java.lang.ClassLoader::defineClass@-1 (line 1011)
  0x00000154dcc08bc4: 4907 e990 

  0x00000154dcc08bc8: ;   {metadata({method} {0x0000000800435340} 'defineClassSourceLocation' '(Ljava/security/ProtectionDomain;)Ljava/lang/String;' in 'java/lang/ClassLoader')}
  0x00000154dcc08bc8: fcff ff49 | ba38 5343 | 0008 0000 | 004c 8954 | 2408 48c7 | 0424 ffff 

  0x00000154dcc08be0: ;   {runtime_call counter_overflow Runtime1 stub}
  0x00000154dcc08be0: ffff e819 

  0x00000154dcc08be4: ; ImmutableOopMap {rax=Oop [120]=Oop [128]=Oop [136]=Oop [152]=Oop }
                      ;*synchronization entry
                      ; - java.lang.ClassLoader::defineClassSourceLocation@-1 (line 910)
                      ; - java.lang.ClassLoader::defineClass@12 (line 1012)
  0x00000154dcc08be4: 8349 07e9 | 01fd ffff 

  0x00000154dcc08bec: ;   {runtime_call throw_null_pointer_exception Runtime1 stub}
  0x00000154dcc08bec: e82f 1149 

  0x00000154dcc08bf0: ; ImmutableOopMap {rax=Oop [120]=Oop [128]=Oop [136]=Oop [152]=Oop }
                      ;*invokevirtual getCodeSource {reexecute=0 rethrow=0 return_oop=0}
                      ; - java.lang.ClassLoader::defineClassSourceLocation@1 (line 910)
                      ; - java.lang.ClassLoader::defineClass@12 (line 1012)
                      ;   {runtime_call throw_null_pointer_exception Runtime1 stub}
  0x00000154dcc08bf0: 07e8 2a11 

  0x00000154dcc08bf4: ; ImmutableOopMap {rax=Oop r8=Oop [120]=Oop [128]=Oop [136]=Oop [152]=Oop }
                      ;*invokevirtual getLocation {reexecute=0 rethrow=0 return_oop=0}
                      ; - java.lang.ClassLoader::defineClassSourceLocation@12 (line 912)
                      ; - java.lang.ClassLoader::defineClass@12 (line 1012)
                      ;   {runtime_call throw_null_pointer_exception Runtime1 stub}
  0x00000154dcc08bf4: 4907 e825 

  0x00000154dcc08bf8: ; ImmutableOopMap {rdx=Oop [120]=Oop [128]=Oop [136]=Oop [152]=Oop }
                      ;*invokevirtual toString {reexecute=0 rethrow=0 return_oop=0}
                      ; - java.lang.ClassLoader::defineClassSourceLocation@22 (line 913)
                      ; - java.lang.ClassLoader::defineClass@12 (line 1012)
                      ;   {metadata({method} {0x0000000800068558} 'toString' '()Ljava/lang/String;' in 'java/net/URL')}
  0x00000154dcc08bf8: 1149 0749 | ba50 8506 | 0008 0000 | 004c 8954 | 2408 48c7 | 0424 ffff 

  0x00000154dcc08c10: ;   {runtime_call counter_overflow Runtime1 stub}
  0x00000154dcc08c10: ffff e8e9 

  0x00000154dcc08c14: ; ImmutableOopMap {rdx=Oop [120]=Oop [128]=Oop [136]=Oop [152]=Oop }
                      ;*synchronization entry
                      ; - java.net.URL::toString@-1 (line 1026)
                      ; - java.lang.ClassLoader::defineClassSourceLocation@22 (line 913)
                      ; - java.lang.ClassLoader::defineClass@12 (line 1012)
  0x00000154dcc08c14: 8249 07e9 | effd ffff 

  0x00000154dcc08c1c: ;   {metadata({method} {0x0000000800068df0} 'toExternalForm' '()Ljava/lang/String;' in 'java/net/URL')}
  0x00000154dcc08c1c: 49ba e88d | 0600 0800 | 0000 4c89 | 5424 0848 | c704 24ff 

  0x00000154dcc08c30: ;   {runtime_call counter_overflow Runtime1 stub}
  0x00000154dcc08c30: ffff ffe8 

  0x00000154dcc08c34: ; ImmutableOopMap {rdx=Oop [120]=Oop [128]=Oop [136]=Oop [152]=Oop }
                      ;*synchronization entry
                      ; - java.net.URL::toExternalForm@-1 (line 1040)
                      ; - java.net.URL::toString@1 (line 1026)
                      ; - java.lang.ClassLoader::defineClassSourceLocation@22 (line 913)
                      ; - java.lang.ClassLoader::defineClass@12 (line 1012)
  0x00000154dcc08c34: c882 4907 | e90d feff 

  0x00000154dcc08c3c: ;   {runtime_call throw_null_pointer_exception Runtime1 stub}
  0x00000154dcc08c3c: ffe8 de10 

  0x00000154dcc08c40: ; ImmutableOopMap {rdx=Oop rsi=Oop [120]=Oop [128]=Oop [136]=Oop [152]=Oop }
                      ;*invokevirtual toExternalForm {reexecute=0 rethrow=0 return_oop=0}
                      ; - java.net.URL::toExternalForm@5 (line 1040)
                      ; - java.net.URL::toString@1 (line 1026)
                      ; - java.lang.ClassLoader::defineClassSourceLocation@22 (line 913)
                      ; - java.lang.ClassLoader::defineClass@12 (line 1012)
                      ;   {internal_word}
  0x00000154dcc08c40: 4907 49ba | 9c8b c0dc | 5401 0000 | 4d89 9790 

  0x00000154dcc08c50: ;   {runtime_call SafepointBlob}
  0x00000154dcc08c50: 0300 00e9 | a8f1 3e07 | 498b 8720 | 0400 0049 | c787 2004 | 0000 0000 | 0000 49c7 | 8728 0400 
  0x00000154dcc08c70: 0000 0000 | 0048 81c4 | b000 0000 

  0x00000154dcc08c7c: ;   {runtime_call unwind_exception Runtime1 stub}
  0x00000154dcc08c7c: 5de9 7efe | 4807 f4f4 | f4f4 f4f4 | f4f4 f4f4 | f4f4 f4f4 | f4f4 f4f4 | f4f4 f4f4 | f4f4 f4f4 
  0x00000154dcc08c9c: f4f4 f4f4 
[Stub Code]
  0x00000154dcc08ca0: ;   {no_reloc}
  0x00000154dcc08ca0: 0f1f 4400 

  0x00000154dcc08ca4: ;   {static_stub}
  0x00000154dcc08ca4: 0048 bb00 | 0000 0000 

  0x00000154dcc08cac: ;   {runtime_call}
  0x00000154dcc08cac: 0000 00e9 | fbff ffff 

  0x00000154dcc08cb4: ;   {static_stub}
  0x00000154dcc08cb4: 9048 bb00 | 0000 0000 

  0x00000154dcc08cbc: ;   {runtime_call}
  0x00000154dcc08cbc: 0000 00e9 | fbff ffff 

  0x00000154dcc08cc4: ;   {static_stub}
  0x00000154dcc08cc4: 9048 bbd0 | 5243 0008 

  0x00000154dcc08ccc: ;   {runtime_call I2C/C2I adapters}
  0x00000154dcc08ccc: 0000 00e9 | 2408 3e07 

  0x00000154dcc08cd4: ;   {static_stub}
  0x00000154dcc08cd4: 9048 bb00 | 0000 0000 

  0x00000154dcc08cdc: ;   {runtime_call}
  0x00000154dcc08cdc: 0000 00e9 | fbff ffff 
[Exception Handler]
  0x00000154dcc08ce4: ;   {runtime_call handle_exception_from_callee Runtime1 stub}
  0x00000154dcc08ce4: e817 4049 

  0x00000154dcc08ce8: ;   {external_word}
  0x00000154dcc08ce8: 0748 b938 | 49bd aaff | 7f00 0048 

  0x00000154dcc08cf4: ;   {runtime_call}
  0x00000154dcc08cf4: 83e4 f049 | ba00 fe88 | aaff 7f00 | 0041 ffd2 

  0x00000154dcc08d04: ;   {section_word}
  0x00000154dcc08d04: f449 ba05 | 8dc0 dc54 | 0100 0041 

  0x00000154dcc08d10: ;   {runtime_call DeoptimizationBlob}
  0x00000154dcc08d10: 52e9 8ae3 | 3e07 f4f4 
[/MachCode]


Compiled method (c1)    2610  879       3       java.security.SecureClassLoader::defineClass (16 bytes)
 total in heap  [0x00000154dcc0d110,0x00000154dcc0d500] = 1008
 relocation     [0x00000154dcc0d270,0x00000154dcc0d2b8] = 72
 main code      [0x00000154dcc0d2c0,0x00000154dcc0d400] = 320
 stub code      [0x00000154dcc0d400,0x00000154dcc0d458] = 88
 metadata       [0x00000154dcc0d458,0x00000154dcc0d460] = 8
 scopes data    [0x00000154dcc0d460,0x00000154dcc0d4a8] = 72
 scopes pcs     [0x00000154dcc0d4a8,0x00000154dcc0d4f8] = 80
 dependencies   [0x00000154dcc0d4f8,0x00000154dcc0d500] = 8

[Constant Pool (empty)]

[MachCode]
[Entry Point]
  # {method} {0x0000000800066a48} 'defineClass' '(Ljava/lang/String;[BIILjava/security/CodeSource;)Ljava/lang/Class;' in 'java/security/SecureClassLoader'
  # this:     rdx:rdx   = 'java/security/SecureClassLoader'
  # parm0:    r8:r8     = 'java/lang/String'
  # parm1:    r9:r9     = '[B'
  # parm2:    rdi       = int
  # parm3:    rsi       = int
  # parm4:    rcx:rcx   = 'java/security/CodeSource'
  #           [sp+0x80]  (sp of caller)
  0x00000154dcc0d2c0: 448b 5208 | 49bb 0000 | 0000 0800 | 0000 4d03 | d34c 3bd0 

  0x00000154dcc0d2d4: ;   {runtime_call ic_miss_stub}
  0x00000154dcc0d2d4: 0f85 a644 | 3e07 660f | 1f44 0000 
[Verified Entry Point]
  0x00000154dcc0d2e0: 8984 2400 | 90ff ff55 | 4883 ec70 

  0x00000154dcc0d2ec: ;   {metadata(method data for {method} {0x0000000800066a48} 'defineClass' '(Ljava/lang/String;[BIILjava/security/CodeSource;)Ljava/lang/Class;' in 'java/security/SecureClassLoader')}
  0x00000154dcc0d2ec: 48bb d0c7 | 53f0 5401 | 0000 8b83 | cc00 0000 | 83c0 0289 | 83cc 0000 | 0025 fe07 | 0000 83f8 
  0x00000154dcc0d30c: 000f 848c | 0000 0089 | 7424 5c89 | 7c24 584c | 894c 2450 | 4c89 4424 | 4848 8bda 

  0x00000154dcc0d328: ;   {metadata(method data for {method} {0x0000000800066a48} 'defineClass' '(Ljava/lang/String;[BIILjava/security/CodeSource;)Ljava/lang/Class;' in 'java/security/SecureClassLoader')}
  0x00000154dcc0d328: 48b8 d0c7 | 53f0 5401 | 0000 4883 | 8010 0100 | 0001 4c8b | c148 8bc2 | 488b d048 | 8944 2440 
  0x00000154dcc0d348: 0f1f 8000 

  0x00000154dcc0d34c: ;   {optimized virtual_call}
  0x00000154dcc0d34c: 0000 00e8 

  0x00000154dcc0d350: ; ImmutableOopMap {[64]=Oop [72]=Oop [80]=Oop }
                      ;*invokevirtual getProtectionDomain {reexecute=0 rethrow=0 return_oop=0}
                      ; - java.security.SecureClassLoader::defineClass@9 (line 150)
  0x00000154dcc0d350: 4cea fcff | 488b 5424 

  0x00000154dcc0d358: ;   {metadata(method data for {method} {0x0000000800066a48} 'defineClass' '(Ljava/lang/String;[BIILjava/security/CodeSource;)Ljava/lang/Class;' in 'java/security/SecureClassLoader')}
  0x00000154dcc0d358: 4049 b8d0 | c753 f054 | 0100 0049 | 8380 4801 | 0000 014c | 8b44 2448 | 4c8b 4c24 | 508b 7c24 
  0x00000154dcc0d378: 588b 7424 | 5c48 8bc8 | 488b 5424 

  0x00000154dcc0d384: ;   {optimized virtual_call}
  0x00000154dcc0d384: 4066 90e8 

  0x00000154dcc0d388: ; ImmutableOopMap {}
                      ;*invokevirtual defineClass {reexecute=0 rethrow=0 return_oop=0}
                      ; - java.security.SecureClassLoader::defineClass@12 (line 150)
  0x00000154dcc0d388: 94b4 ffff | 4883 c470 

  0x00000154dcc0d390: ;   {poll_return}
  0x00000154dcc0d390: 5d49 3ba7 | 7803 0000 | 0f87 2200 

  0x00000154dcc0d39c: ;   {metadata({method} {0x0000000800066a48} 'defineClass' '(Ljava/lang/String;[BIILjava/security/CodeSource;)Ljava/lang/Class;' in 'java/security/SecureClassLoader')}
  0x00000154dcc0d39c: 0000 c349 | ba40 6a06 | 0008 0000 | 004c 8954 | 2408 48c7 | 0424 ffff 

  0x00000154dcc0d3b4: ;   {runtime_call counter_overflow Runtime1 stub}
  0x00000154dcc0d3b4: ffff e845 

  0x00000154dcc0d3b8: ; ImmutableOopMap {rdx=Oop r8=Oop r9=Oop rcx=Oop }
                      ;*synchronization entry
                      ; - java.security.SecureClassLoader::defineClass@-1 (line 150)
  0x00000154dcc0d3b8: 3b49 07e9 | 53ff ffff 

  0x00000154dcc0d3c0: ;   {internal_word}
  0x00000154dcc0d3c0: 49ba 91d3 | c0dc 5401 | 0000 4d89 | 9790 0300 

  0x00000154dcc0d3d0: ;   {runtime_call SafepointBlob}
  0x00000154dcc0d3d0: 00e9 2aaa | 3e07 498b | 8720 0400 | 0049 c787 | 2004 0000 | 0000 0000 | 49c7 8728 | 0400 0000 
  0x00000154dcc0d3f0: 0000 0048 | 83c4 705d 

  0x00000154dcc0d3f8: ;   {runtime_call unwind_exception Runtime1 stub}
  0x00000154dcc0d3f8: e903 b748 | 07f4 f4f4 
[Stub Code]
  0x00000154dcc0d400: ;   {no_reloc}
  0x00000154dcc0d400: 0f1f 4400 

  0x00000154dcc0d404: ;   {static_stub}
  0x00000154dcc0d404: 0048 bb00 | 0000 0000 

  0x00000154dcc0d40c: ;   {runtime_call}
  0x00000154dcc0d40c: 0000 00e9 | fbff ffff 

  0x00000154dcc0d414: ;   {static_stub}
  0x00000154dcc0d414: 9048 bb00 | 0000 0000 

  0x00000154dcc0d41c: ;   {runtime_call}
  0x00000154dcc0d41c: 0000 00e9 | fbff ffff 
[Exception Handler]
  0x00000154dcc0d424: ;   {runtime_call handle_exception_from_callee Runtime1 stub}
  0x00000154dcc0d424: e8d7 f848 

  0x00000154dcc0d428: ;   {external_word}
  0x00000154dcc0d428: 0748 b938 | 49bd aaff | 7f00 0048 

  0x00000154dcc0d434: ;   {runtime_call}
  0x00000154dcc0d434: 83e4 f049 | ba00 fe88 | aaff 7f00 | 0041 ffd2 

  0x00000154dcc0d444: ;   {section_word}
  0x00000154dcc0d444: f449 ba45 | d4c0 dc54 | 0100 0041 

  0x00000154dcc0d450: ;   {runtime_call DeoptimizationBlob}
  0x00000154dcc0d450: 52e9 4a9c | 3e07 f4f4 
[/MachCode]


---------------  P R O C E S S  ---------------

Threads class SMR info:
_java_thread_list=0x00000154f4e7b930, length=13, elements={
0x00000154d4afa3a0, 0x00000154f0002780, 0x00000154f0004580, 0x00000154f0006d80,
0x00000154f00088c0, 0x00000154f000b200, 0x00000154f000bc70, 0x00000154f0017750,
0x00000154f001bef0, 0x00000154f0027060, 0x00000154f44703a0, 0x00000154f4472380,
0x00000154f4e15a70
}

Java Threads: ( => current thread )
=>0x00000154d4afa3a0 JavaThread "main" [_thread_in_vm, id=13028, stack(0x0000001487200000,0x0000001487300000)]
  0x00000154f0002780 JavaThread "Reference Handler" daemon [_thread_blocked, id=9140, stack(0x0000001487900000,0x0000001487a00000)]
  0x00000154f0004580 JavaThread "Finalizer" daemon [_thread_blocked, id=10544, stack(0x0000001487a00000,0x0000001487b00000)]
  0x00000154f0006d80 JavaThread "Signal Dispatcher" daemon [_thread_blocked, id=9444, stack(0x0000001487b00000,0x0000001487c00000)]
  0x00000154f00088c0 JavaThread "Attach Listener" daemon [_thread_blocked, id=17156, stack(0x0000001487c00000,0x0000001487d00000)]
  0x00000154f000b200 JavaThread "Service Thread" daemon [_thread_blocked, id=2736, stack(0x0000001487d00000,0x0000001487e00000)]
  0x00000154f000bc70 JavaThread "Monitor Deflation Thread" daemon [_thread_blocked, id=4828, stack(0x0000001487e00000,0x0000001487f00000)]
  0x00000154f0017750 JavaThread "C2 CompilerThread0" daemon [_thread_blocked, id=8924, stack(0x0000001487f00000,0x0000001488000000)]
  0x00000154f001bef0 JavaThread "C1 CompilerThread0" daemon [_thread_blocked, id=10092, stack(0x0000001488000000,0x0000001488100000)]
  0x00000154f0027060 JavaThread "Sweeper thread" daemon [_thread_blocked, id=948, stack(0x0000001488100000,0x0000001488200000)]
  0x00000154f44703a0 JavaThread "Notification Thread" daemon [_thread_blocked, id=12876, stack(0x0000001488200000,0x0000001488300000)]
  0x00000154f4472380 JavaThread "Common-Cleaner" daemon [_thread_blocked, id=1792, stack(0x0000001488400000,0x0000001488500000)]
  0x00000154f4e15a70 JavaThread "C2 CompilerThread1" daemon [_thread_blocked, id=7208, stack(0x0000001488800000,0x0000001488900000)]

Other Threads:
  0x00000154d4bbd360 VMThread "VM Thread" [stack: 0x0000001487800000,0x0000001487900000] [id=9432]
  0x00000154f4477650 WatcherThread "VM Periodic Task Thread" [stack: 0x0000001488300000,0x0000001488400000] [id=8840]
  0x00000154d4b3a440 WorkerThread "GC Thread#0" [stack: 0x0000001487300000,0x0000001487400000] [id=7156]
  0x00000154f4a86300 WorkerThread "GC Thread#1" [stack: 0x0000001488500000,0x0000001488600000] [id=17184]
  0x00000154f4a75ff0 WorkerThread "GC Thread#2" [stack: 0x0000001488600000,0x0000001488700000] [id=5660]
  0x00000154f4e4a560 WorkerThread "GC Thread#3" [stack: 0x0000001488700000,0x0000001488800000] [id=5960]
  0x00000154d4b436e0 ConcurrentGCThread "G1 Main Marker" [stack: 0x0000001487400000,0x0000001487500000] [id=13288]
  0x00000154d4b44020 WorkerThread "G1 Conc#0" [stack: 0x0000001487500000,0x0000001487600000] [id=4144]
  0x00000154d4b9d590 ConcurrentGCThread "G1 Refine#0" [stack: 0x0000001487600000,0x0000001487700000] [id=16444]
  0x00000154d4b9dfe0 ConcurrentGCThread "G1 Service" [stack: 0x0000001487700000,0x0000001487800000] [id=3524]

Threads with active compile tasks:

VM state: not at safepoint (normal execution)

VM Mutex/Monitor currently owned by a thread:  ([mutex/lock_event])
[0x00000154d28e9f60] Metaspace_lock - owner thread: 0x00000154d4afa3a0

Heap address: 0x00000000c6c00000, size: 916 MB, Compressed Oops mode: 32-bit

CDS archive(s) mapped at: [0x0000000800000000-0x0000000800c40000-0x0000000800c40000), size 12845056, SharedBaseAddress: 0x0000000800000000, ArchiveRelocationMode: 0.
Compressed class space mapped at: 0x0000000801000000-0x0000000841000000, reserved size: 1073741824
Narrow klass base: 0x0000000800000000, Narrow klass shift: 0, Narrow klass range: 0x100000000

GC Precious Log:
 CardTable entry size: 512
 Card Set container configuration: InlinePtr #cards 5 size 8 Array Of Cards #cards 12 size 40 Howl #buckets 4 coarsen threshold 1843 Howl Bitmap #cards 512 size 80 coarsen threshold 460 Card regions per heap region 1 cards per card region 2048
 CPUs: 4 total, 4 available
 Memory: 3659M
 Large Page Support: Disabled
 NUMA Support: Disabled
 Compressed Oops: Enabled (32-bit)
 Heap Region Size: 1M
 Heap Min Capacity: 8M
 Heap Initial Capacity: 58M
 Heap Max Capacity: 916M
 Pre-touch: Disabled
 Parallel Workers: 4
 Concurrent Workers: 1
 Concurrent Refinement Workers: 4
 Periodic GC: Disabled

Heap:
 garbage-first heap   total 59392K, used 27599K [0x00000000c6c00000, 0x0000000100000000)
  region size 1024K, 25 young (25600K), 1 survivors (1024K)
 Metaspace       used 9658K, committed 9792K, reserved 1114112K
  class space    used 1134K, committed 1216K, reserved 1048576K

Heap Regions: E=young(eden), S=young(survivor), O=old, HS=humongous(starts), HC=humongous(continues), CS=collection set, F=free, OA=open archive, CA=closed archive, TAMS=top-at-mark-start (previous, next)
|   0|0x00000000c6c00000, 0x00000000c6d00000, 0x00000000c6d00000|100%| O|  |TAMS 0x00000000c6c00000, 0x00000000c6c00000| Untracked 
|   1|0x00000000c6d00000, 0x00000000c6e00000, 0x00000000c6e00000|100%| O|  |TAMS 0x00000000c6d00000, 0x00000000c6d00000| Untracked 
|   2|0x00000000c6e00000, 0x00000000c6f00000, 0x00000000c6f00000|100%| O|  |TAMS 0x00000000c6e00000, 0x00000000c6e00000| Untracked 
|   3|0x00000000c6f00000, 0x00000000c6f30200, 0x00000000c7000000| 18%| O|  |TAMS 0x00000000c6f00000, 0x00000000c6f00000| Untracked 
|   4|0x00000000c7000000, 0x00000000c7000000, 0x00000000c7100000|  0%| F|  |TAMS 0x00000000c7000000, 0x00000000c7000000| Untracked 
|   5|0x00000000c7100000, 0x00000000c7100000, 0x00000000c7200000|  0%| F|  |TAMS 0x00000000c7100000, 0x00000000c7100000| Untracked 
|   6|0x00000000c7200000, 0x00000000c7200000, 0x00000000c7300000|  0%| F|  |TAMS 0x00000000c7200000, 0x00000000c7200000| Untracked 
|   7|0x00000000c7300000, 0x00000000c7300000, 0x00000000c7400000|  0%| F|  |TAMS 0x00000000c7300000, 0x00000000c7300000| Untracked 
|   8|0x00000000c7400000, 0x00000000c7400000, 0x00000000c7500000|  0%| F|  |TAMS 0x00000000c7400000, 0x00000000c7400000| Untracked 
|   9|0x00000000c7500000, 0x00000000c7500000, 0x00000000c7600000|  0%| F|  |TAMS 0x00000000c7500000, 0x00000000c7500000| Untracked 
|  10|0x00000000c7600000, 0x00000000c7600000, 0x00000000c7700000|  0%| F|  |TAMS 0x00000000c7600000, 0x00000000c7600000| Untracked 
|  11|0x00000000c7700000, 0x00000000c7700000, 0x00000000c7800000|  0%| F|  |TAMS 0x00000000c7700000, 0x00000000c7700000| Untracked 
|  12|0x00000000c7800000, 0x00000000c7800000, 0x00000000c7900000|  0%| F|  |TAMS 0x00000000c7800000, 0x00000000c7800000| Untracked 
|  13|0x00000000c7900000, 0x00000000c7900000, 0x00000000c7a00000|  0%| F|  |TAMS 0x00000000c7900000, 0x00000000c7900000| Untracked 
|  14|0x00000000c7a00000, 0x00000000c7a00000, 0x00000000c7b00000|  0%| F|  |TAMS 0x00000000c7a00000, 0x00000000c7a00000| Untracked 
|  15|0x00000000c7b00000, 0x00000000c7b00000, 0x00000000c7c00000|  0%| F|  |TAMS 0x00000000c7b00000, 0x00000000c7b00000| Untracked 
|  16|0x00000000c7c00000, 0x00000000c7c00000, 0x00000000c7d00000|  0%| F|  |TAMS 0x00000000c7c00000, 0x00000000c7c00000| Untracked 
|  17|0x00000000c7d00000, 0x00000000c7d00000, 0x00000000c7e00000|  0%| F|  |TAMS 0x00000000c7d00000, 0x00000000c7d00000| Untracked 
|  18|0x00000000c7e00000, 0x00000000c7e00000, 0x00000000c7f00000|  0%| F|  |TAMS 0x00000000c7e00000, 0x00000000c7e00000| Untracked 
|  19|0x00000000c7f00000, 0x00000000c7f00000, 0x00000000c8000000|  0%| F|  |TAMS 0x00000000c7f00000, 0x00000000c7f00000| Untracked 
|  20|0x00000000c8000000, 0x00000000c8000000, 0x00000000c8100000|  0%| F|  |TAMS 0x00000000c8000000, 0x00000000c8000000| Untracked 
|  21|0x00000000c8100000, 0x00000000c8100000, 0x00000000c8200000|  0%| F|  |TAMS 0x00000000c8100000, 0x00000000c8100000| Untracked 
|  22|0x00000000c8200000, 0x00000000c8200000, 0x00000000c8300000|  0%| F|  |TAMS 0x00000000c8200000, 0x00000000c8200000| Untracked 
|  23|0x00000000c8300000, 0x00000000c8300000, 0x00000000c8400000|  0%| F|  |TAMS 0x00000000c8300000, 0x00000000c8300000| Untracked 
|  24|0x00000000c8400000, 0x00000000c8400000, 0x00000000c8500000|  0%| F|  |TAMS 0x00000000c8400000, 0x00000000c8400000| Untracked 
|  25|0x00000000c8500000, 0x00000000c8500000, 0x00000000c8600000|  0%| F|  |TAMS 0x00000000c8500000, 0x00000000c8500000| Untracked 
|  26|0x00000000c8600000, 0x00000000c8600000, 0x00000000c8700000|  0%| F|  |TAMS 0x00000000c8600000, 0x00000000c8600000| Untracked 
|  27|0x00000000c8700000, 0x00000000c8700000, 0x00000000c8800000|  0%| F|  |TAMS 0x00000000c8700000, 0x00000000c8700000| Untracked 
|  28|0x00000000c8800000, 0x00000000c8800000, 0x00000000c8900000|  0%| F|  |TAMS 0x00000000c8800000, 0x00000000c8800000| Untracked 
|  29|0x00000000c8900000, 0x00000000c8900000, 0x00000000c8a00000|  0%| F|  |TAMS 0x00000000c8900000, 0x00000000c8900000| Untracked 
|  30|0x00000000c8a00000, 0x00000000c8a00000, 0x00000000c8b00000|  0%| F|  |TAMS 0x00000000c8a00000, 0x00000000c8a00000| Untracked 
|  31|0x00000000c8b00000, 0x00000000c8b00000, 0x00000000c8c00000|  0%| F|  |TAMS 0x00000000c8b00000, 0x00000000c8b00000| Untracked 
|  32|0x00000000c8c00000, 0x00000000c8c00000, 0x00000000c8d00000|  0%| F|  |TAMS 0x00000000c8c00000, 0x00000000c8c00000| Untracked 
|  33|0x00000000c8d00000, 0x00000000c8d46570, 0x00000000c8e00000| 27%| E|  |TAMS 0x00000000c8d00000, 0x00000000c8d00000| Complete 
|  34|0x00000000c8e00000, 0x00000000c8f00000, 0x00000000c8f00000|100%| E|CS|TAMS 0x00000000c8e00000, 0x00000000c8e00000| Complete 
|  35|0x00000000c8f00000, 0x00000000c9000000, 0x00000000c9000000|100%| E|CS|TAMS 0x00000000c8f00000, 0x00000000c8f00000| Complete 
|  36|0x00000000c9000000, 0x00000000c9100000, 0x00000000c9100000|100%| E|CS|TAMS 0x00000000c9000000, 0x00000000c9000000| Complete 
|  37|0x00000000c9100000, 0x00000000c9200000, 0x00000000c9200000|100%| E|CS|TAMS 0x00000000c9100000, 0x00000000c9100000| Complete 
|  38|0x00000000c9200000, 0x00000000c9300000, 0x00000000c9300000|100%| E|CS|TAMS 0x00000000c9200000, 0x00000000c9200000| Complete 
|  39|0x00000000c9300000, 0x00000000c9400000, 0x00000000c9400000|100%| E|CS|TAMS 0x00000000c9300000, 0x00000000c9300000| Complete 
|  40|0x00000000c9400000, 0x00000000c9500000, 0x00000000c9500000|100%| E|CS|TAMS 0x00000000c9400000, 0x00000000c9400000| Complete 
|  41|0x00000000c9500000, 0x00000000c9600000, 0x00000000c9600000|100%| E|CS|TAMS 0x00000000c9500000, 0x00000000c9500000| Complete 
|  42|0x00000000c9600000, 0x00000000c96c3ac8, 0x00000000c9700000| 76%| S|CS|TAMS 0x00000000c9600000, 0x00000000c9600000| Complete 
|  43|0x00000000c9700000, 0x00000000c9800000, 0x00000000c9800000|100%| E|CS|TAMS 0x00000000c9700000, 0x00000000c9700000| Complete 
|  44|0x00000000c9800000, 0x00000000c9900000, 0x00000000c9900000|100%| E|CS|TAMS 0x00000000c9800000, 0x00000000c9800000| Complete 
|  45|0x00000000c9900000, 0x00000000c9a00000, 0x00000000c9a00000|100%| E|CS|TAMS 0x00000000c9900000, 0x00000000c9900000| Complete 
|  46|0x00000000c9a00000, 0x00000000c9b00000, 0x00000000c9b00000|100%| E|CS|TAMS 0x00000000c9a00000, 0x00000000c9a00000| Complete 
|  47|0x00000000c9b00000, 0x00000000c9c00000, 0x00000000c9c00000|100%| E|CS|TAMS 0x00000000c9b00000, 0x00000000c9b00000| Complete 
|  48|0x00000000c9c00000, 0x00000000c9d00000, 0x00000000c9d00000|100%| E|CS|TAMS 0x00000000c9c00000, 0x00000000c9c00000| Complete 
|  49|0x00000000c9d00000, 0x00000000c9e00000, 0x00000000c9e00000|100%| E|CS|TAMS 0x00000000c9d00000, 0x00000000c9d00000| Complete 
|  50|0x00000000c9e00000, 0x00000000c9f00000, 0x00000000c9f00000|100%| E|CS|TAMS 0x00000000c9e00000, 0x00000000c9e00000| Complete 
|  51|0x00000000c9f00000, 0x00000000ca000000, 0x00000000ca000000|100%| E|CS|TAMS 0x00000000c9f00000, 0x00000000c9f00000| Complete 
|  52|0x00000000ca000000, 0x00000000ca100000, 0x00000000ca100000|100%| E|CS|TAMS 0x00000000ca000000, 0x00000000ca000000| Complete 
|  53|0x00000000ca100000, 0x00000000ca200000, 0x00000000ca200000|100%| E|CS|TAMS 0x00000000ca100000, 0x00000000ca100000| Complete 
|  54|0x00000000ca200000, 0x00000000ca300000, 0x00000000ca300000|100%| E|CS|TAMS 0x00000000ca200000, 0x00000000ca200000| Complete 
|  55|0x00000000ca300000, 0x00000000ca400000, 0x00000000ca400000|100%| E|CS|TAMS 0x00000000ca300000, 0x00000000ca300000| Complete 
|  56|0x00000000ca400000, 0x00000000ca500000, 0x00000000ca500000|100%| E|CS|TAMS 0x00000000ca400000, 0x00000000ca400000| Complete 
|  57|0x00000000ca500000, 0x00000000ca600000, 0x00000000ca600000|100%| E|CS|TAMS 0x00000000ca500000, 0x00000000ca500000| Complete 

Card table byte_map: [0x00000154eba60000,0x00000154ebc30000] _byte_map_base: 0x00000154eb42a000

Marking Bits (Prev, Next): (CMBitMap*) 0x00000154d4b3b990, (CMBitMap*) 0x00000154d4b3b9d0
 Prev Bits: [0x00000154ebe00000, 0x00000154ecc50000)
 Next Bits: [0x00000154ecc50000, 0x00000154edaa0000)

Polling page: 0x00000154d2a60000

Metaspace:

Usage:
  Non-class:      8.32 MB used.
      Class:      1.11 MB used.
       Both:      9.43 MB used.

Virtual space:
  Non-class space:       64.00 MB reserved,       8.38 MB ( 13%) committed,  1 nodes.
      Class space:        1.00 GB reserved,       1.19 MB ( <1%) committed,  1 nodes.
             Both:        1.06 GB reserved,       9.56 MB ( <1%) committed. 

Chunk freelists:
   Non-Class:  1.86 MB
       Class:  2.80 MB
        Both:  4.66 MB

MaxMetaspaceSize: unlimited
CompressedClassSpaceSize: 1.00 GB
Initial GC threshold: 21.00 MB
Current GC threshold: 21.00 MB
CDS: on
MetaspaceReclaimPolicy: balanced
 - commit_granule_bytes: 65536.
 - commit_granule_words: 8192.
 - virtual_space_node_default_size: 8388608.
 - enlarge_chunks_in_place: 1.
 - new_chunks_are_fully_committed: 0.
 - uncommit_free_chunks: 1.
 - use_allocation_guard: 0.


Internal statistics:

num_allocs_failed_limit: 0.
num_arena_births: 58.
num_arena_deaths: 0.
num_vsnodes_births: 2.
num_vsnodes_deaths: 0.
num_space_committed: 153.
num_space_uncommitted: 0.
num_chunks_returned_to_freelist: 0.
num_chunks_taken_from_freelist: 365.
num_chunk_merges: 0.
num_chunk_splits: 263.
num_chunks_enlarged: 227.
num_inconsistent_stats: 0.

CodeHeap 'non-profiled nmethods': size=120000Kb used=700Kb max_used=700Kb free=119299Kb
 bounds [0x00000154e4530000, 0x00000154e47a0000, 0x00000154eba60000]
CodeHeap 'profiled nmethods': size=120000Kb used=3537Kb max_used=3537Kb free=116462Kb
 bounds [0x00000154dca60000, 0x00000154dcde0000, 0x00000154e3f90000]
CodeHeap 'non-nmethods': size=5760Kb used=1248Kb max_used=1276Kb free=4511Kb
 bounds [0x00000154e3f90000, 0x00000154e4200000, 0x00000154e4530000]
 total_blobs=2313 nmethods=1856 adapters=367
 compilation: enabled
              stopped_count=0, restarted_count=0
 full_count=0

Compilation events (20 events):
Event: 2.460 Thread 0x00000154f001bef0 1846       3       com.google.inject.spi.Elements$RecordingBinder::withTrustedSource (24 bytes)
Event: 2.460 Thread 0x00000154f001bef0 nmethod 1846 0x00000154dcdce910 code [0x00000154dcdceac0, 0x00000154dcdcece8]
Event: 2.466 Thread 0x00000154f001bef0 1847       1       com.google.inject.internal.LinkedBindingImpl::getLinkedKey (5 bytes)
Event: 2.466 Thread 0x00000154f001bef0 nmethod 1847 0x00000154e45de190 code [0x00000154e45de320, 0x00000154e45de3d8]
Event: 2.469 Thread 0x00000154f001bef0 1848       3       java.lang.reflect.Constructor::hasGenericInformation (13 bytes)
Event: 2.469 Thread 0x00000154f001bef0 nmethod 1848 0x00000154dcdced90 code [0x00000154dcdcef20, 0x00000154dcdcf098]
Event: 2.469 Thread 0x00000154f001bef0 1849   !   3       org.eclipse.sisu.wire.DependencyAnalyzer::analyzeImplementation (133 bytes)
Event: 2.471 Thread 0x00000154f001bef0 nmethod 1849 0x00000154dcdcf110 code [0x00000154dcdcf400, 0x00000154dcdd0438]
Event: 2.471 Thread 0x00000154f001bef0 1851       3       java.util.stream.AbstractPipeline::<init> (91 bytes)
Event: 2.471 Thread 0x00000154f001bef0 nmethod 1851 0x00000154dcdd0a10 code [0x00000154dcdd0c00, 0x00000154dcdd1278]
Event: 2.471 Thread 0x00000154f001bef0 1854       3       com.google.inject.internal.MoreTypes::getRawType (141 bytes)
Event: 2.472 Thread 0x00000154f001bef0 nmethod 1854 0x00000154dcdd1490 code [0x00000154dcdd1820, 0x00000154dcdd31d8]
Event: 2.472 Thread 0x00000154f001bef0 1852       3       java.lang.Class::privateGetDeclaredConstructors (79 bytes)
Event: 2.473 Thread 0x00000154f001bef0 nmethod 1852 0x00000154dcdd3810 code [0x00000154dcdd3a00, 0x00000154dcdd3f48]
Event: 2.473 Thread 0x00000154f001bef0 1850       1       com.google.inject.spi.Dependency::getKey (5 bytes)
Event: 2.473 Thread 0x00000154f001bef0 nmethod 1850 0x00000154e45de490 code [0x00000154e45de620, 0x00000154e45de6d8]
Event: 2.473 Thread 0x00000154f001bef0 1853       1       com.google.inject.Key$NullAnnotationStrategy::hasAttributes (2 bytes)
Event: 2.473 Thread 0x00000154f001bef0 nmethod 1853 0x00000154e45de790 code [0x00000154e45de920, 0x00000154e45de9f8]
Event: 2.479 Thread 0x00000154f001bef0 1856       3       java.lang.Class::isEnum (27 bytes)
Event: 2.479 Thread 0x00000154f001bef0 nmethod 1856 0x00000154dcdd4110 code [0x00000154dcdd42c0, 0x00000154dcdd44c8]

GC Heap History (4 events):
Event: 0.943 GC heap before
{Heap before GC invocations=0 (full 0):
 garbage-first heap   total 59392K, used 13312K [0x00000000c6c00000, 0x0000000100000000)
  region size 1024K, 13 young (13312K), 0 survivors (0K)
 Metaspace       used 3710K, committed 3904K, reserved 1114112K
  class space    used 373K, committed 448K, reserved 1048576K
}
Event: 0.962 GC heap after
{Heap after GC invocations=1 (full 0):
 garbage-first heap   total 59392K, used 3120K [0x00000000c6c00000, 0x0000000100000000)
  region size 1024K, 2 young (2048K), 2 survivors (2048K)
 Metaspace       used 3710K, committed 3904K, reserved 1114112K
  class space    used 373K, committed 448K, reserved 1048576K
}
Event: 1.496 GC heap before
{Heap before GC invocations=1 (full 0):
 garbage-first heap   total 59392K, used 15408K [0x00000000c6c00000, 0x0000000100000000)
  region size 1024K, 15 young (15360K), 2 survivors (2048K)
 Metaspace       used 5662K, committed 5824K, reserved 1114112K
  class space    used 643K, committed 704K, reserved 1048576K
}
Event: 1.508 GC heap after
{Heap after GC invocations=2 (full 0):
 garbage-first heap   total 59392K, used 4047K [0x00000000c6c00000, 0x0000000100000000)
  region size 1024K, 1 young (1024K), 1 survivors (1024K)
 Metaspace       used 5662K, committed 5824K, reserved 1114112K
  class space    used 643K, committed 704K, reserved 1048576K
}

Dll operation events (8 events):
Event: 0.011 Loaded shared library C:\Program Files\Java\jdk-19\bin\java.dll
Event: 0.026 Loaded shared library C:\Program Files\Java\jdk-19\bin\jsvml.dll
Event: 0.093 Loaded shared library C:\Program Files\Java\jdk-19\bin\net.dll
Event: 0.096 Loaded shared library C:\Program Files\Java\jdk-19\bin\nio.dll
Event: 0.102 Loaded shared library C:\Program Files\Java\jdk-19\bin\zip.dll
Event: 0.328 Loaded shared library C:\Program Files\Java\jdk-19\bin\jimage.dll
Event: 0.344 Loaded shared library C:\Program Files\Maven\apache-maven-3.9.1\lib\jansi-native\Windows\x86_64\jansi.dll
Event: 0.376 Loaded shared library C:\Program Files\Java\jdk-19\bin\verify.dll

Deoptimization events (20 events):
Event: 2.361 Thread 0x00000154d4afa3a0 Uncommon trap: trap_request=0xffffffd6 fr.pc=0x00000154e45d9bf0 relative=0x00000000000001d0
Event: 2.361 Thread 0x00000154d4afa3a0 Uncommon trap: reason=array_check action=maybe_recompile pc=0x00000154e45d9bf0 method=java.util.stream.Nodes$FixedNodeBuilder.accept(Ljava/lang/Object;)V @ 28 c2
Event: 2.361 Thread 0x00000154d4afa3a0 DEOPT PACKING pc=0x00000154e45d9bf0 sp=0x00000014872fdce0
Event: 2.361 Thread 0x00000154d4afa3a0 DEOPT UNPACKING pc=0x00000154e3ff6da3 sp=0x00000014872fdc90 mode 2
Event: 2.361 Thread 0x00000154d4afa3a0 Uncommon trap: trap_request=0xffffffd6 fr.pc=0x00000154e45d9bf0 relative=0x00000000000001d0
Event: 2.361 Thread 0x00000154d4afa3a0 Uncommon trap: reason=array_check action=maybe_recompile pc=0x00000154e45d9bf0 method=java.util.stream.Nodes$FixedNodeBuilder.accept(Ljava/lang/Object;)V @ 28 c2
Event: 2.361 Thread 0x00000154d4afa3a0 DEOPT PACKING pc=0x00000154e45d9bf0 sp=0x00000014872fdcc0
Event: 2.361 Thread 0x00000154d4afa3a0 DEOPT UNPACKING pc=0x00000154e3ff6da3 sp=0x00000014872fdc70 mode 2
Event: 2.373 Thread 0x00000154d4afa3a0 Uncommon trap: trap_request=0xffffffc6 fr.pc=0x00000154e45ac41c relative=0x00000000000002bc
Event: 2.373 Thread 0x00000154d4afa3a0 Uncommon trap: reason=bimorphic_or_optimized_type_check action=maybe_recompile pc=0x00000154e45ac41c method=java.util.HashMap.getNode(Ljava/lang/Object;)Ljava/util/HashMap$Node; @ 63 c2
Event: 2.373 Thread 0x00000154d4afa3a0 DEOPT PACKING pc=0x00000154e45ac41c sp=0x00000014872fe2c0
Event: 2.373 Thread 0x00000154d4afa3a0 DEOPT UNPACKING pc=0x00000154e3ff6da3 sp=0x00000014872fe228 mode 2
Event: 2.374 Thread 0x00000154d4afa3a0 Uncommon trap: trap_request=0xffffffc6 fr.pc=0x00000154e45ac438 relative=0x00000000000002d8
Event: 2.374 Thread 0x00000154d4afa3a0 Uncommon trap: reason=bimorphic_or_optimized_type_check action=maybe_recompile pc=0x00000154e45ac438 method=java.util.HashMap.getNode(Ljava/lang/Object;)Ljava/util/HashMap$Node; @ 128 c2
Event: 2.374 Thread 0x00000154d4afa3a0 DEOPT PACKING pc=0x00000154e45ac438 sp=0x00000014872fe160
Event: 2.374 Thread 0x00000154d4afa3a0 DEOPT UNPACKING pc=0x00000154e3ff6da3 sp=0x00000014872fe0c8 mode 2
Event: 2.375 Thread 0x00000154d4afa3a0 Uncommon trap: trap_request=0xffffffc6 fr.pc=0x00000154e45ac438 relative=0x00000000000002d8
Event: 2.375 Thread 0x00000154d4afa3a0 Uncommon trap: reason=bimorphic_or_optimized_type_check action=maybe_recompile pc=0x00000154e45ac438 method=java.util.HashMap.getNode(Ljava/lang/Object;)Ljava/util/HashMap$Node; @ 128 c2
Event: 2.375 Thread 0x00000154d4afa3a0 DEOPT PACKING pc=0x00000154e45ac438 sp=0x00000014872fe160
Event: 2.375 Thread 0x00000154d4afa3a0 DEOPT UNPACKING pc=0x00000154e3ff6da3 sp=0x00000014872fe0c8 mode 2

Classes loaded (20 events):
Event: 2.280 Loading class java/lang/invoke/MethodHandle$1
Event: 2.280 Loading class java/lang/invoke/MethodHandle$1 done
Event: 2.293 Loading class java/security/NoSuchAlgorithmException
Event: 2.293 Loading class java/security/GeneralSecurityException
Event: 2.293 Loading class java/security/GeneralSecurityException done
Event: 2.293 Loading class java/security/NoSuchAlgorithmException done
Event: 2.324 Loading class java/nio/channels/ReadableByteChannel
Event: 2.324 Loading class java/nio/channels/Channel
Event: 2.324 Loading class java/nio/channels/Channel done
Event: 2.324 Loading class java/nio/channels/ReadableByteChannel done
Event: 2.324 Loading class java/nio/channels/WritableByteChannel
Event: 2.324 Loading class java/nio/channels/WritableByteChannel done
Event: 2.368 Loading class java/util/concurrent/CompletionService
Event: 2.368 Loading class java/util/concurrent/CompletionService done
Event: 2.425 Loading class sun/reflect/generics/repository/FieldRepository
Event: 2.425 Loading class sun/reflect/generics/repository/FieldRepository done
Event: 2.447 Loading class java/io/UncheckedIOException
Event: 2.447 Loading class java/io/UncheckedIOException done
Event: 2.459 Loading class java/util/concurrent/atomic/AtomicBoolean
Event: 2.460 Loading class java/util/concurrent/atomic/AtomicBoolean done

Classes unloaded (0 events):
No events

Classes redefined (0 events):
No events

Internal exceptions (20 events):
Event: 0.321 Thread 0x00000154d4afa3a0 Exception <a 'java/lang/NullPointerException'{0x00000000ca1203a8}> (0x00000000ca1203a8) 
thrown [s\open\src\hotspot\share\interpreter\linkResolver.cpp, line 1374]
Event: 0.358 Thread 0x00000154d4afa3a0 Exception <a 'java/lang/NullPointerException'{0x00000000ca15b960}> (0x00000000ca15b960) 
thrown [s\open\src\hotspot\share\interpreter\linkResolver.cpp, line 1374]
Event: 0.358 Thread 0x00000154d4afa3a0 Exception <a 'java/lang/NullPointerException'{0x00000000ca15bc40}> (0x00000000ca15bc40) 
thrown [s\open\src\hotspot\share\interpreter\linkResolver.cpp, line 1374]
Event: 0.358 Thread 0x00000154d4afa3a0 Exception <a 'java/lang/NullPointerException'{0x00000000ca15bf20}> (0x00000000ca15bf20) 
thrown [s\open\src\hotspot\share\interpreter\linkResolver.cpp, line 1374]
Event: 0.360 Thread 0x00000154d4afa3a0 Exception <a 'java/lang/NullPointerException'{0x00000000ca160c68}> (0x00000000ca160c68) 
thrown [s\open\src\hotspot\share\interpreter\linkResolver.cpp, line 1374]
Event: 0.364 Thread 0x00000154d4afa3a0 Exception <a 'java/lang/NullPointerException'{0x00000000ca173d00}> (0x00000000ca173d00) 
thrown [s\open\src\hotspot\share\interpreter\linkResolver.cpp, line 1374]
Event: 0.364 Thread 0x00000154d4afa3a0 Exception <a 'java/lang/NullPointerException'{0x00000000ca173fe0}> (0x00000000ca173fe0) 
thrown [s\open\src\hotspot\share\interpreter\linkResolver.cpp, line 1374]
Event: 0.364 Thread 0x00000154d4afa3a0 Exception <a 'java/lang/NullPointerException'{0x00000000ca1742c0}> (0x00000000ca1742c0) 
thrown [s\open\src\hotspot\share\interpreter\linkResolver.cpp, line 1374]
Event: 0.364 Thread 0x00000154d4afa3a0 Exception <a 'java/lang/NullPointerException'{0x00000000ca1745a0}> (0x00000000ca1745a0) 
thrown [s\open\src\hotspot\share\interpreter\linkResolver.cpp, line 1374]
Event: 0.524 Thread 0x00000154d4afa3a0 Exception <a 'java/lang/NoSuchMethodError'{0x00000000c9fc6a58}: 'java.lang.Object java.lang.invoke.DirectMethodHandle$Holder.invokeSpecialIFC(java.lang.Object, java.lang.Object, java.lang.Object, java.lang.Object)'> (0x00000000c9fc6a58) 
thrown [s\open\src\hotspot\share\interpreter\linkResolver.cpp, line 774]
Event: 0.894 Thread 0x00000154d4afa3a0 Exception <a 'java/lang/NoSuchMethodError'{0x00000000c991b110}: 'void java.lang.invoke.DirectMethodHandle$Holder.invokeSpecial(java.lang.Object, java.lang.Object, java.lang.Object)'> (0x00000000c991b110) 
thrown [s\open\src\hotspot\share\interpreter\linkResolver.cpp, line 774]
Event: 0.976 Thread 0x00000154d4afa3a0 Exception <a 'java/lang/NoSuchMethodError'{0x00000000ca575cf0}: 'java.lang.Object java.lang.invoke.DirectMethodHandle$Holder.invokeInterface(java.lang.Object, java.lang.Object)'> (0x00000000ca575cf0) 
thrown [s\open\src\hotspot\share\interpreter\linkResolver.cpp, line 774]
Event: 0.979 Thread 0x00000154d4afa3a0 Exception <a 'java/lang/NoSuchMethodError'{0x00000000ca57f2a0}: 'int java.lang.invoke.DirectMethodHandle$Holder.invokeSpecial(java.lang.Object, java.lang.Object, java.lang.Object)'> (0x00000000ca57f2a0) 
thrown [s\open\src\hotspot\share\interpreter\linkResolver.cpp, line 774]
Event: 1.006 Thread 0x00000154d4afa3a0 Exception <a 'java/lang/NoSuchMethodError'{0x00000000ca420118}: 'int java.lang.invoke.DirectMethodHandle$Holder.invokeStatic(java.lang.Object, java.lang.Object, java.lang.Object, java.lang.Object)'> (0x00000000ca420118) 
thrown [s\open\src\hotspot\share\interpreter\linkResolver.cpp, line 774]
Event: 1.007 Thread 0x00000154d4afa3a0 Exception <a 'java/lang/NoSuchMethodError'{0x00000000ca423a58}: 'java.lang.Object java.lang.invoke.Invokers$Holder.invokeExact_MT(java.lang.Object, java.lang.Object, java.lang.Object, java.lang.Object, java.lang.Object, java.lang.Object)'> (0x00000000ca423a58) 
thrown [s\open\src\hotspot\share\interpreter\linkResolver.cpp, line 774]
Event: 1.013 Thread 0x00000154d4afa3a0 Exception <a 'java/lang/NoSuchMethodError'{0x00000000ca438680}: 'int java.lang.invoke.DirectMethodHandle$Holder.invokeSpecialIFC(java.lang.Object, java.lang.Object, java.lang.Object, java.lang.Object, java.lang.Object)'> (0x00000000ca438680) 
thrown [s\open\src\hotspot\share\interpreter\linkResolver.cpp, line 774]
Event: 1.096 Thread 0x00000154d4afa3a0 Exception <a 'java/lang/NoSuchMethodError'{0x00000000ca3b06e8}: 'java.lang.Object java.lang.invoke.DirectMethodHandle$Holder.newInvokeSpecial(java.lang.Object, java.lang.Object, java.lang.Object, java.lang.Object, java.lang.Object)'> (0x00000000ca3b06e8) 
thrown [s\open\src\hotspot\share\interpreter\linkResolver.cpp, line 774]
Event: 1.150 Thread 0x00000154d4afa3a0 Exception <a 'java/lang/NoSuchMethodError'{0x00000000ca2a90e0}: 'int java.lang.invoke.DirectMethodHandle$Holder.invokeStaticInit(java.lang.Object, java.lang.Object)'> (0x00000000ca2a90e0) 
thrown [s\open\src\hotspot\share\interpreter\linkResolver.cpp, line 774]
Event: 1.164 Thread 0x00000154d4afa3a0 Exception <a 'java/lang/NoClassDefFoundError'{0x00000000ca2dfd10}: javax/enterprise/inject/Typed> (0x00000000ca2dfd10) 
thrown [s\open\src\hotspot\share\classfile\systemDictionary.cpp, line 244]
Event: 1.594 Thread 0x00000154d4afa3a0 Exception <a 'java/lang/NoSuchMethodError'{0x00000000ca4aa6c8}: 'java.lang.Object java.lang.invoke.DirectMethodHandle$Holder.invokeStaticInit(java.lang.Object)'> (0x00000000ca4aa6c8) 
thrown [s\open\src\hotspot\share\interpreter\linkResolver.cpp, line 774]

VM Operations (20 events):
Event: 0.103 Executing VM operation: HandshakeAllThreads
Event: 0.103 Executing VM operation: HandshakeAllThreads done
Event: 0.319 Executing VM operation: HandshakeAllThreads
Event: 0.319 Executing VM operation: HandshakeAllThreads done
Event: 0.333 Executing VM operation: HandshakeAllThreads
Event: 0.333 Executing VM operation: HandshakeAllThreads done
Event: 0.556 Executing VM operation: HandshakeAllThreads
Event: 0.556 Executing VM operation: HandshakeAllThreads done
Event: 0.943 Executing VM operation: G1CollectForAllocation
Event: 0.962 Executing VM operation: G1CollectForAllocation done
Event: 0.962 Executing VM operation: HandshakeAllThreads
Event: 0.962 Executing VM operation: HandshakeAllThreads done
Event: 1.495 Executing VM operation: G1CollectForAllocation
Event: 1.509 Executing VM operation: G1CollectForAllocation done
Event: 1.990 Executing VM operation: HandshakeAllThreads
Event: 1.990 Executing VM operation: HandshakeAllThreads done
Event: 2.129 Executing VM operation: HandshakeAllThreads
Event: 2.129 Executing VM operation: HandshakeAllThreads done
Event: 2.365 Executing VM operation: ICBufferFull
Event: 2.365 Executing VM operation: ICBufferFull done

Events (13 events):
Event: 0.027 Thread 0x00000154d4afa3a0 Thread added: 0x00000154d4afa3a0
Event: 0.049 Thread 0x00000154f0002780 Thread added: 0x00000154f0002780
Event: 0.049 Thread 0x00000154f0004580 Thread added: 0x00000154f0004580
Event: 0.050 Thread 0x00000154f0006d80 Thread added: 0x00000154f0006d80
Event: 0.050 Thread 0x00000154f00088c0 Thread added: 0x00000154f00088c0
Event: 0.050 Thread 0x00000154f000b200 Thread added: 0x00000154f000b200
Event: 0.050 Thread 0x00000154f000bc70 Thread added: 0x00000154f000bc70
Event: 0.050 Thread 0x00000154f0017750 Thread added: 0x00000154f0017750
Event: 0.051 Thread 0x00000154f001bef0 Thread added: 0x00000154f001bef0
Event: 0.051 Thread 0x00000154f0027060 Thread added: 0x00000154f0027060
Event: 0.081 Thread 0x00000154f44703a0 Thread added: 0x00000154f44703a0
Event: 0.087 Thread 0x00000154f4472380 Thread added: 0x00000154f4472380
Event: 1.196 Thread 0x00000154f4e15a70 Thread added: 0x00000154f4e15a70


Dynamic libraries:
0x00007ff725e20000 - 0x00007ff725e30000 	C:\Program Files\Java\jdk-19\bin\java.exe
0x00007fffed710000 - 0x00007fffed908000 	C:\Windows\SYSTEM32\ntdll.dll
0x00007fffec130000 - 0x00007fffec1ef000 	C:\Windows\System32\KERNEL32.DLL
0x00007fffeaef0000 - 0x00007fffeb1e6000 	C:\Windows\System32\KERNELBASE.dll
0x00007fffeadf0000 - 0x00007fffeaef0000 	C:\Windows\System32\ucrtbase.dll
0x00007fffdd6a0000 - 0x00007fffdd6bb000 	C:\Program Files\Java\jdk-19\bin\VCRUNTIME140.dll
0x00007fffddaf0000 - 0x00007fffddb08000 	C:\Program Files\Java\jdk-19\bin\jli.dll
0x00007fffebbe0000 - 0x00007fffebc8f000 	C:\Windows\System32\ADVAPI32.dll
0x00007fffec5c0000 - 0x00007fffec65e000 	C:\Windows\System32\msvcrt.dll
0x00007fffed510000 - 0x00007fffed5ac000 	C:\Windows\System32\sechost.dll
0x00007fffeb780000 - 0x00007fffeb8a6000 	C:\Windows\System32\RPCRT4.dll
0x00007fffebe20000 - 0x00007fffebfbd000 	C:\Windows\System32\USER32.dll
0x00007fffd8ae0000 - 0x00007fffd8d7a000 	C:\Windows\WinSxS\amd64_microsoft.windows.common-controls_6595b64144ccf1df_6.0.19041.1110_none_60b5254171f9507e\COMCTL32.dll
0x00007fffeb530000 - 0x00007fffeb552000 	C:\Windows\System32\win32u.dll
0x00007fffebdf0000 - 0x00007fffebe1c000 	C:\Windows\System32\GDI32.dll
0x00007fffeb330000 - 0x00007fffeb445000 	C:\Windows\System32\gdi32full.dll
0x00007fffeb220000 - 0x00007fffeb2bd000 	C:\Windows\System32\msvcp_win.dll
0x00007fffdad00000 - 0x00007fffdad0a000 	C:\Windows\SYSTEM32\VERSION.dll
0x00007fffebdc0000 - 0x00007fffebdf0000 	C:\Windows\System32\IMM32.DLL
0x00007fffdd690000 - 0x00007fffdd69c000 	C:\Program Files\Java\jdk-19\bin\vcruntime140_1.dll
0x00007fffb6810000 - 0x00007fffb689e000 	C:\Program Files\Java\jdk-19\bin\msvcp140.dll
0x00007fffaa270000 - 0x00007fffaaf30000 	C:\Program Files\Java\jdk-19\bin\server\jvm.dll
0x00007fffd4790000 - 0x00007fffd4799000 	C:\Windows\SYSTEM32\WSOCK32.dll
0x00007fffd4e50000 - 0x00007fffd4e77000 	C:\Windows\SYSTEM32\WINMM.dll
0x00007fffebd50000 - 0x00007fffebdbb000 	C:\Windows\System32\WS2_32.dll
0x00007fffe9600000 - 0x00007fffe9612000 	C:\Windows\SYSTEM32\kernel.appcore.dll
0x00007fffd2190000 - 0x00007fffd219a000 	C:\Program Files\Java\jdk-19\bin\jimage.dll
0x00007fffe1c10000 - 0x00007fffe1df4000 	C:\Windows\SYSTEM32\DBGHELP.DLL
0x00007fffe1ba0000 - 0x00007fffe1bd4000 	C:\Windows\SYSTEM32\dbgcore.DLL
0x00007fffeb450000 - 0x00007fffeb4d2000 	C:\Windows\System32\bcryptPrimitives.dll
0x00007fffd08b0000 - 0x00007fffd08d6000 	C:\Program Files\Java\jdk-19\bin\java.dll
0x00007fffaa190000 - 0x00007fffaa267000 	C:\Program Files\Java\jdk-19\bin\jsvml.dll
0x00007fffec660000 - 0x00007fffecda4000 	C:\Windows\System32\SHELL32.dll
0x00007fffe8ca0000 - 0x00007fffe9433000 	C:\Windows\SYSTEM32\windows.storage.dll
0x00007fffec260000 - 0x00007fffec5b4000 	C:\Windows\System32\combase.dll
0x00007fffea690000 - 0x00007fffea6be000 	C:\Windows\SYSTEM32\Wldp.dll
0x00007fffeb8b0000 - 0x00007fffeb95d000 	C:\Windows\System32\SHCORE.dll
0x00007fffec1f0000 - 0x00007fffec245000 	C:\Windows\System32\shlwapi.dll
0x00007fffead30000 - 0x00007fffead4f000 	C:\Windows\SYSTEM32\profapi.dll
0x00007fffd0890000 - 0x00007fffd08a3000 	C:\Program Files\Java\jdk-19\bin\net.dll
0x00007fffdf250000 - 0x00007fffdf35a000 	C:\Windows\SYSTEM32\WINHTTP.dll
0x00007fffea470000 - 0x00007fffea4da000 	C:\Windows\system32\mswsock.dll
0x00007fffc2720000 - 0x00007fffc2736000 	C:\Program Files\Java\jdk-19\bin\nio.dll
0x00007fffc2650000 - 0x00007fffc2668000 	C:\Program Files\Java\jdk-19\bin\zip.dll
0x0000000069ac0000 - 0x0000000069ae4000 	C:\Program Files\Maven\apache-maven-3.9.1\lib\jansi-native\Windows\x86_64\jansi.dll
0x00007fffd06f0000 - 0x00007fffd0700000 	C:\Program Files\Java\jdk-19\bin\verify.dll

dbghelp: loaded successfully - version: 4.0.5 - missing functions: none
symbol engine: initialized successfully - sym options: 0x614 - pdb path: .;C:\Program Files\Java\jdk-19\bin;C:\Windows\SYSTEM32;C:\Windows\WinSxS\amd64_microsoft.windows.common-controls_6595b64144ccf1df_6.0.19041.1110_none_60b5254171f9507e;C:\Program Files\Java\jdk-19\bin\server;C:\Program Files\Maven\apache-maven-3.9.1\lib\jansi-native\Windows\x86_64

VM Arguments:
jvm_args: -Dclassworlds.conf=C:\Program Files\Maven\apache-maven-3.9.1\bin\m2.conf -Dmaven.home=C:\Program Files\Maven\apache-maven-3.9.1 -Dlibrary.jansi.path=C:\Program Files\Maven\apache-maven-3.9.1\lib\jansi-native -Dmaven.multiModuleProjectDirectory=D:\microservicios_2023_1\gateway-server 
java_command: org.codehaus.plexus.classworlds.launcher.Launcher spring-boot:run
java_class_path (initial): C:\Program Files\Maven\apache-maven-3.9.1\boot\plexus-classworlds-2.6.0.jar
Launcher Type: SUN_STANDARD

[Global flags]
     intx CICompilerCount                          = 3                                         {product} {ergonomic}
     uint ConcGCThreads                            = 1                                         {product} {ergonomic}
     uint G1ConcRefinementThreads                  = 4                                         {product} {ergonomic}
   size_t G1HeapRegionSize                         = 1048576                                   {product} {ergonomic}
    uintx GCDrainStackTargetSize                   = 64                                        {product} {ergonomic}
   size_t InitialHeapSize                          = 60817408                                  {product} {ergonomic}
   size_t MarkStackSize                            = 4194304                                   {product} {ergonomic}
   size_t MaxHeapSize                              = 960495616                                 {product} {ergonomic}
   size_t MaxNewSize                               = 575668224                                 {product} {ergonomic}
   size_t MinHeapDeltaBytes                        = 1048576                                   {product} {ergonomic}
   size_t MinHeapSize                              = 8388608                                   {product} {ergonomic}
    uintx NonNMethodCodeHeapSize                   = 5832780                                {pd product} {ergonomic}
    uintx NonProfiledCodeHeapSize                  = 122912730                              {pd product} {ergonomic}
    uintx ProfiledCodeHeapSize                     = 122912730                              {pd product} {ergonomic}
    uintx ReservedCodeCacheSize                    = 251658240                              {pd product} {ergonomic}
     bool SegmentedCodeCache                       = true                                      {product} {ergonomic}
   size_t SoftMaxHeapSize                          = 960495616                              {manageable} {ergonomic}
     bool UseCompressedClassPointers               = true                           {product lp64_product} {ergonomic}
     bool UseCompressedOops                        = true                           {product lp64_product} {ergonomic}
     bool UseG1GC                                  = true                                      {product} {ergonomic}
     bool UseLargePagesIndividualAllocation        = false                                  {pd product} {ergonomic}

Logging:
Log output configuration:
 #0: stdout all=warning uptime,level,tags foldmultilines=false
 #1: stderr all=off uptime,level,tags foldmultilines=false

Environment Variables:
JAVA_HOME=C:\Program Files\Java\jdk-19
PATH=C:\Program Files\Common Files\Oracle\Java\javapath;C:\Program Files (x86)\Common Files\Oracle\Java\javapath;C:\app\frank\product\21c\dbhomeXE\bin;C:\Windows\system32;C:\Windows;C:\Windows\System32\Wbem;C:\Windows\System32\WindowsPowerShell\v1.0\;C:\Windows\System32\OpenSSH\;C:\xampp\php;C:\composer;C:\Program Files\wureset;C:\Users\frank\AppData\Local\Android\Sdk\platform-tools;C:\ProgramData\chocolatey\bin;C:\Program Files (x86)\Microchip\MPLAB C32 Suite\bin;C:\Program Files\Maven\apache-maven-3.9.1\bin;C:\Program Files\Java\jdk-19\bin;C:\Program Files\nodejs\;C:\Program Files\Git\cmd;C:\Program Files\Docker\Docker\resources\bin;C:\Users\frank\AppData\Local\Microsoft\WindowsApps;C:\Users\frank\AppData\Local\Programs\Microsoft VS Code\bin;C:\Users\frank\AppData\Roaming\Composer\vendor\bin;C:\Users\frank\AppData\Roaming\npm;
USERNAME=frank
OS=Windows_NT
PROCESSOR_IDENTIFIER=Intel64 Family 6 Model 58 Stepping 9, GenuineIntel
TMP=C:\Users\frank\AppData\Local\Temp
TEMP=C:\Users\frank\AppData\Local\Temp



---------------  S Y S T E M  ---------------

OS:
 Windows 10 , 64 bit Build 19041 (10.0.19041.2913)
OS uptime: 3 days 10:07 hours
Hyper-V role detected

CPU: total 4 (initial active 4) (2 cores per cpu, 2 threads per core) family 6 model 58 stepping 9 microcode 0x21, cx8, cmov, fxsr, ht, mmx, sse, sse2, sse3, ssse3, sse4.1, sse4.2, popcnt, tsc, tscinvbit, avx, erms, clmul, vzeroupper, clflush, hv, rdtscp

Memory: 4k page, system-wide physical 3659M (583M free)
TotalPageFile size 11851M (AvailPageFile size 2M)
current process WorkingSet (physical memory assigned to process): 89M, peak: 89M
current process commit charge ("private bytes"): 155M, peak: 156M

vm_info: Java HotSpot(TM) 64-Bit Server VM (19+36-2238) for windows-amd64 JRE (19+36-2238), built on 2022-08-12T20:29:01Z by "mach5one" with MS VC++ 17.1 (VS2022)

END.
